[11.495s] Invoking command in '/home/f1tenth/f1tenth_ws/src/f1tenth_system/teleop_tools/key_teleop': PYTHONPATH=/home/f1tenth/f1tenth_ws/build/key_teleop/prefix_override:/home/f1tenth/f1tenth_ws/install/key_teleop/lib/python3.8/site-packages:${PYTHONPATH} /usr/bin/python3 setup.py egg_info --egg-base ../../../../build/key_teleop build --build-base /home/f1tenth/f1tenth_ws/build/key_teleop/build install --record /home/f1tenth/f1tenth_ws/build/key_teleop/install.log --install-scripts $base/lib/key_teleop --single-version-externally-managed
[12.108s] /usr/local/lib/python3.8/dist-packages/setuptools/dist.py:771: UserWarning: Usage of dash-separated 'script-dir' will not be supported in future versions. Please use the underscore name 'script_dir' instead
[12.108s]   warnings.warn(
[12.301s] running egg_info
[12.331s] writing ../../../../build/key_teleop/key_teleop.egg-info/PKG-INFO
[12.332s] writing dependency_links to ../../../../build/key_teleop/key_teleop.egg-info/dependency_links.txt
[12.332s] writing entry points to ../../../../build/key_teleop/key_teleop.egg-info/entry_points.txt
[12.333s] writing requirements to ../../../../build/key_teleop/key_teleop.egg-info/requires.txt
[12.334s] writing top-level names to ../../../../build/key_teleop/key_teleop.egg-info/top_level.txt
[12.395s] reading manifest file '../../../../build/key_teleop/key_teleop.egg-info/SOURCES.txt'
[12.396s] adding license file 'LICENSE'
[12.397s] writing manifest file '../../../../build/key_teleop/key_teleop.egg-info/SOURCES.txt'
[12.399s] running build
[12.399s] running build_py
[12.399s] running install
[12.399s] /usr/local/lib/python3.8/dist-packages/setuptools/command/install.py:34: SetuptoolsDeprecationWarning: setup.py install is deprecated. Use build and pip and other standards-based tools.
[12.399s]   warnings.warn(
[12.410s] running install_lib
[12.441s] running install_data
[12.471s] running install_egg_info
[12.533s] removing '/home/f1tenth/f1tenth_ws/install/key_teleop/lib/python3.8/site-packages/key_teleop-0.3.0-py3.8.egg-info' (and everything under it)
[12.534s] Copying ../../../../build/key_teleop/key_teleop.egg-info to /home/f1tenth/f1tenth_ws/install/key_teleop/lib/python3.8/site-packages/key_teleop-0.3.0-py3.8.egg-info
[12.535s] running install_scripts
[12.660s] Installing key_teleop script to /home/f1tenth/f1tenth_ws/install/key_teleop/lib/key_teleop
[12.661s] writing list of installed files to '/home/f1tenth/f1tenth_ws/build/key_teleop/install.log'
[15.130s] Invoked command in '/home/f1tenth/f1tenth_ws/src/f1tenth_system/teleop_tools/key_teleop' returned '0': PYTHONPATH=/home/f1tenth/f1tenth_ws/build/key_teleop/prefix_override:/home/f1tenth/f1tenth_ws/install/key_teleop/lib/python3.8/site-packages:${PYTHONPATH} /usr/bin/python3 setup.py egg_info --egg-base ../../../../build/key_teleop build --build-base /home/f1tenth/f1tenth_ws/build/key_teleop/build install --record /home/f1tenth/f1tenth_ws/build/key_teleop/install.log --install-scripts $base/lib/key_teleop --single-version-externally-managed
