[3.805s] Invoking command in '/home/f1tenth/lab_ws25/src/stanley_avoidance': PYTHONPATH=/home/f1tenth/lab_ws25/build/stanley_avoidance/prefix_override:/usr/lib/python3/dist-packages/colcon_core/task/python/colcon_distutils_commands:/home/f1tenth/lab_ws25/install/stanley_avoidance/lib/python3.8/site-packages:${PYTHONPATH} /usr/bin/python3 -W ignore:setup.py install is deprecated -W ignore:easy_install command is deprecated setup.py egg_info --egg-base ../../build/stanley_avoidance build --build-base /home/f1tenth/lab_ws25/build/stanley_avoidance/build install --record /home/f1tenth/lab_ws25/build/stanley_avoidance/install.log --install-scripts $base/lib/stanley_avoidance --single-version-externally-managed install_data
[4.559s] /usr/local/lib/python3.8/dist-packages/setuptools/dist.py:771: UserWarning: Usage of dash-separated 'script-dir' will not be supported in future versions. Please use the underscore name 'script_dir' instead
[4.560s]   warnings.warn(
[4.836s] running egg_info
[4.837s] creating ../../build/stanley_avoidance/stanley_avoidance.egg-info
[4.903s] writing ../../build/stanley_avoidance/stanley_avoidance.egg-info/PKG-INFO
[4.903s] writing dependency_links to ../../build/stanley_avoidance/stanley_avoidance.egg-info/dependency_links.txt
[4.904s] writing entry points to ../../build/stanley_avoidance/stanley_avoidance.egg-info/entry_points.txt
[4.904s] writing requirements to ../../build/stanley_avoidance/stanley_avoidance.egg-info/requires.txt
[4.904s] writing top-level names to ../../build/stanley_avoidance/stanley_avoidance.egg-info/top_level.txt
[4.907s] writing manifest file '../../build/stanley_avoidance/stanley_avoidance.egg-info/SOURCES.txt'
[4.986s] reading manifest file '../../build/stanley_avoidance/stanley_avoidance.egg-info/SOURCES.txt'
[4.987s] adding license file 'LICENSE'
[4.988s] writing manifest file '../../build/stanley_avoidance/stanley_avoidance.egg-info/SOURCES.txt'
[4.988s] running build
[4.989s] running build_py
[4.989s] creating /home/f1tenth/lab_ws25/build/stanley_avoidance/build
[4.989s] creating /home/f1tenth/lab_ws25/build/stanley_avoidance/build/lib
[4.990s] creating /home/f1tenth/lab_ws25/build/stanley_avoidance/build/lib/stanley_avoidance
[4.990s] copying stanley_avoidance/__init__.py -> /home/f1tenth/lab_ws25/build/stanley_avoidance/build/lib/stanley_avoidance
[4.990s] copying stanley_avoidance/stanley_avoidance.py -> /home/f1tenth/lab_ws25/build/stanley_avoidance/build/lib/stanley_avoidance
[4.990s] running install
[5.002s] running install_lib
[5.041s] creating /home/f1tenth/lab_ws25/install/stanley_avoidance/lib/python3.8/site-packages/stanley_avoidance
[5.041s] copying /home/f1tenth/lab_ws25/build/stanley_avoidance/build/lib/stanley_avoidance/__init__.py -> /home/f1tenth/lab_ws25/install/stanley_avoidance/lib/python3.8/site-packages/stanley_avoidance
[5.042s] copying /home/f1tenth/lab_ws25/build/stanley_avoidance/build/lib/stanley_avoidance/stanley_avoidance.py -> /home/f1tenth/lab_ws25/install/stanley_avoidance/lib/python3.8/site-packages/stanley_avoidance
[5.044s] byte-compiling /home/f1tenth/lab_ws25/install/stanley_avoidance/lib/python3.8/site-packages/stanley_avoidance/__init__.py to __init__.cpython-38.pyc
[5.044s] byte-compiling /home/f1tenth/lab_ws25/install/stanley_avoidance/lib/python3.8/site-packages/stanley_avoidance/stanley_avoidance.py to stanley_avoidance.cpython-38.pyc
[5.053s] running install_data
[5.054s] creating /home/f1tenth/lab_ws25/install/stanley_avoidance/share/ament_index
[5.054s] creating /home/f1tenth/lab_ws25/install/stanley_avoidance/share/ament_index/resource_index
[5.054s] creating /home/f1tenth/lab_ws25/install/stanley_avoidance/share/ament_index/resource_index/packages
[5.054s] copying resource/stanley_avoidance -> /home/f1tenth/lab_ws25/install/stanley_avoidance/share/ament_index/resource_index/packages
[5.054s] copying package.xml -> /home/f1tenth/lab_ws25/install/stanley_avoidance/share/stanley_avoidance
[5.055s] creating /home/f1tenth/lab_ws25/install/stanley_avoidance/share/stanley_avoidance/racelines
[5.055s] copying racelines/traj_race.csv -> /home/f1tenth/lab_ws25/install/stanley_avoidance/share/stanley_avoidance/racelines
[5.055s] copying racelines/traj_race_cl-2023-12-13_mintime_right.csv -> /home/f1tenth/lab_ws25/install/stanley_avoidance/share/stanley_avoidance/racelines
[5.056s] copying racelines/shortest_path.csv -> /home/f1tenth/lab_ws25/install/stanley_avoidance/share/stanley_avoidance/racelines
[5.056s] copying racelines/e7_floor5.csv -> /home/f1tenth/lab_ws25/install/stanley_avoidance/share/stanley_avoidance/racelines
[5.056s] copying racelines/traj_race_cl-2023-12-13_shortest_path_right.csv -> /home/f1tenth/lab_ws25/install/stanley_avoidance/share/stanley_avoidance/racelines
[5.057s] copying racelines/traj_race_cl-2023-12-13_shortest_path_left.csv -> /home/f1tenth/lab_ws25/install/stanley_avoidance/share/stanley_avoidance/racelines
[5.057s] copying racelines/traj_race_cl-2023-12-13_mincurv_right.csv -> /home/f1tenth/lab_ws25/install/stanley_avoidance/share/stanley_avoidance/racelines
[5.058s] copying racelines/FTMHalle_Mincurve.csv -> /home/f1tenth/lab_ws25/install/stanley_avoidance/share/stanley_avoidance/racelines
[5.059s] copying racelines/traj_race_cl-2023-12-05_mincurv.csv -> /home/f1tenth/lab_ws25/install/stanley_avoidance/share/stanley_avoidance/racelines
[5.059s] copying racelines/FTMHalle_Mincurve_new.csv -> /home/f1tenth/lab_ws25/install/stanley_avoidance/share/stanley_avoidance/racelines
[5.059s] copying racelines/traj_race_cl-2023-12-13_mincurv_iqp_right.csv -> /home/f1tenth/lab_ws25/install/stanley_avoidance/share/stanley_avoidance/racelines
[5.060s] creating /home/f1tenth/lab_ws25/install/stanley_avoidance/share/stanley_avoidance/launch
[5.060s] copying launch/sim_multi_agent_stanley_avoidance_launch.py -> /home/f1tenth/lab_ws25/install/stanley_avoidance/share/stanley_avoidance/launch
[5.061s] copying launch/stanley_avoidance.rviz -> /home/f1tenth/lab_ws25/install/stanley_avoidance/share/stanley_avoidance/launch
[5.061s] copying launch/stanley_avoidance_launch.py -> /home/f1tenth/lab_ws25/install/stanley_avoidance/share/stanley_avoidance/launch
[5.062s] copying launch/sim_stanley_avoidance_launch.py -> /home/f1tenth/lab_ws25/install/stanley_avoidance/share/stanley_avoidance/launch
[5.062s] creating /home/f1tenth/lab_ws25/install/stanley_avoidance/share/stanley_avoidance/config
[5.062s] copying config/config.yaml -> /home/f1tenth/lab_ws25/install/stanley_avoidance/share/stanley_avoidance/config
[5.063s] copying config/sim_config.yaml -> /home/f1tenth/lab_ws25/install/stanley_avoidance/share/stanley_avoidance/config
[5.063s] running install_egg_info
[5.103s] Copying ../../build/stanley_avoidance/stanley_avoidance.egg-info to /home/f1tenth/lab_ws25/install/stanley_avoidance/lib/python3.8/site-packages/stanley_avoidance-0.0.0-py3.8.egg-info
[5.105s] running install_scripts
[5.253s] Installing stanley_avoidance script to /home/f1tenth/lab_ws25/install/stanley_avoidance/lib/stanley_avoidance
[5.254s] writing list of installed files to '/home/f1tenth/lab_ws25/build/stanley_avoidance/install.log'
[5.372s] Invoked command in '/home/f1tenth/lab_ws25/src/stanley_avoidance' returned '0': PYTHONPATH=/home/f1tenth/lab_ws25/build/stanley_avoidance/prefix_override:/usr/lib/python3/dist-packages/colcon_core/task/python/colcon_distutils_commands:/home/f1tenth/lab_ws25/install/stanley_avoidance/lib/python3.8/site-packages:${PYTHONPATH} /usr/bin/python3 -W ignore:setup.py install is deprecated -W ignore:easy_install command is deprecated setup.py egg_info --egg-base ../../build/stanley_avoidance build --build-base /home/f1tenth/lab_ws25/build/stanley_avoidance/build install --record /home/f1tenth/lab_ws25/build/stanley_avoidance/install.log --install-scripts $base/lib/stanley_avoidance --single-version-externally-managed install_data
