[6.731s] Invoking command in '/home/f1tenth/f1tenth_ws/src/f1tenth_system/teleop_tools/key_teleop': PYTHONPATH=/home/f1tenth/f1tenth_ws/build/key_teleop/prefix_override:/home/f1tenth/f1tenth_ws/install/key_teleop/lib/python3.8/site-packages:${PYTHONPATH} /usr/bin/python3 setup.py egg_info --egg-base ../../../../build/key_teleop build --build-base /home/f1tenth/f1tenth_ws/build/key_teleop/build install --record /home/f1tenth/f1tenth_ws/build/key_teleop/install.log --install-scripts $base/lib/key_teleop --single-version-externally-managed
[7.971s] /usr/local/lib/python3.8/dist-packages/setuptools/dist.py:771: UserWarning: Usage of dash-separated 'script-dir' will not be supported in future versions. Please use the underscore name 'script_dir' instead
[7.972s]   warnings.warn(
[8.387s] running egg_info
[8.389s] creating ../../../../build/key_teleop/key_teleop.egg-info
[8.450s] writing ../../../../build/key_teleop/key_teleop.egg-info/PKG-INFO
[8.451s] writing dependency_links to ../../../../build/key_teleop/key_teleop.egg-info/dependency_links.txt
[8.452s] writing entry points to ../../../../build/key_teleop/key_teleop.egg-info/entry_points.txt
[8.453s] writing requirements to ../../../../build/key_teleop/key_teleop.egg-info/requires.txt
[8.453s] writing top-level names to ../../../../build/key_teleop/key_teleop.egg-info/top_level.txt
[8.456s] writing manifest file '../../../../build/key_teleop/key_teleop.egg-info/SOURCES.txt'
[8.606s] reading manifest file '../../../../build/key_teleop/key_teleop.egg-info/SOURCES.txt'
[8.607s] adding license file 'LICENSE'
[8.611s] writing manifest file '../../../../build/key_teleop/key_teleop.egg-info/SOURCES.txt'
[8.614s] running build
[8.614s] running build_py
[8.620s] creating /home/f1tenth/f1tenth_ws/build/key_teleop/build
[8.621s] creating /home/f1tenth/f1tenth_ws/build/key_teleop/build/lib
[8.622s] creating /home/f1tenth/f1tenth_ws/build/key_teleop/build/lib/key_teleop
[8.622s] copying key_teleop/key_teleop.py -> /home/f1tenth/f1tenth_ws/build/key_teleop/build/lib/key_teleop
[8.623s] copying key_teleop/__init__.py -> /home/f1tenth/f1tenth_ws/build/key_teleop/build/lib/key_teleop
[8.624s] running install
[8.625s] /usr/local/lib/python3.8/dist-packages/setuptools/command/install.py:34: SetuptoolsDeprecationWarning: setup.py install is deprecated. Use build and pip and other standards-based tools.
[8.625s]   warnings.warn(
[8.654s] running install_lib
[8.721s] creating /home/f1tenth/f1tenth_ws/install/key_teleop/lib/python3.8/site-packages/key_teleop
[8.722s] copying /home/f1tenth/f1tenth_ws/build/key_teleop/build/lib/key_teleop/key_teleop.py -> /home/f1tenth/f1tenth_ws/install/key_teleop/lib/python3.8/site-packages/key_teleop
[8.722s] copying /home/f1tenth/f1tenth_ws/build/key_teleop/build/lib/key_teleop/__init__.py -> /home/f1tenth/f1tenth_ws/install/key_teleop/lib/python3.8/site-packages/key_teleop
[8.724s] byte-compiling /home/f1tenth/f1tenth_ws/install/key_teleop/lib/python3.8/site-packages/key_teleop/key_teleop.py to key_teleop.cpython-38.pyc
[8.730s] byte-compiling /home/f1tenth/f1tenth_ws/install/key_teleop/lib/python3.8/site-packages/key_teleop/__init__.py to __init__.cpython-38.pyc
[8.738s] running install_data
[8.802s] copying package.xml -> /home/f1tenth/f1tenth_ws/install/key_teleop/share/key_teleop
[8.803s] creating /home/f1tenth/f1tenth_ws/install/key_teleop/share/key_teleop/config
[8.804s] copying config/key_teleop.yaml -> /home/f1tenth/f1tenth_ws/install/key_teleop/share/key_teleop/config
[8.805s] creating /home/f1tenth/f1tenth_ws/install/key_teleop/share/ament_index
[8.806s] creating /home/f1tenth/f1tenth_ws/install/key_teleop/share/ament_index/resource_index
[8.806s] creating /home/f1tenth/f1tenth_ws/install/key_teleop/share/ament_index/resource_index/packages
[8.806s] copying resource/key_teleop -> /home/f1tenth/f1tenth_ws/install/key_teleop/share/ament_index/resource_index/packages
[8.810s] running install_egg_info
[8.995s] Copying ../../../../build/key_teleop/key_teleop.egg-info to /home/f1tenth/f1tenth_ws/install/key_teleop/lib/python3.8/site-packages/key_teleop-0.3.0-py3.8.egg-info
[9.002s] running install_scripts
[9.315s] Installing key_teleop script to /home/f1tenth/f1tenth_ws/install/key_teleop/lib/key_teleop
[9.315s] writing list of installed files to '/home/f1tenth/f1tenth_ws/build/key_teleop/install.log'
[9.795s] Invoked command in '/home/f1tenth/f1tenth_ws/src/f1tenth_system/teleop_tools/key_teleop' returned '0': PYTHONPATH=/home/f1tenth/f1tenth_ws/build/key_teleop/prefix_override:/home/f1tenth/f1tenth_ws/install/key_teleop/lib/python3.8/site-packages:${PYTHONPATH} /usr/bin/python3 setup.py egg_info --egg-base ../../../../build/key_teleop build --build-base /home/f1tenth/f1tenth_ws/build/key_teleop/build install --record /home/f1tenth/f1tenth_ws/build/key_teleop/install.log --install-scripts $base/lib/key_teleop --single-version-externally-managed
