[0.755s] DEBUG:colcon:Command line arguments: ['/usr/bin/colcon', 'build', '--packages-select', 'slam_toolbox']
[0.755s] DEBUG:colcon:Parsed command line arguments: Namespace(allow_overriding=[], ament_cmake_args=None, base_paths=['.'], build_base='build', catkin_cmake_args=None, catkin_skip_building_tests=False, cmake_args=None, cmake_clean_cache=False, cmake_clean_first=False, cmake_force_configure=False, cmake_target=None, cmake_target_skip_unavailable=False, continue_on_error=False, event_handlers=None, executor='parallel', ignore_user_meta=False, install_base='install', log_base=None, log_level=None, main=<bound method BuildVerb.main of <colcon_core.verb.build.BuildVerb object at 0xffffaff1b7f0>>, merge_install=False, metas=['./colcon.meta'], mixin=None, mixin_files=None, mixin_verb=('build',), packages_above=None, packages_above_and_dependencies=None, packages_above_depth=None, packages_end=None, packages_ignore=None, packages_ignore_regex=None, packages_select=['slam_toolbox'], packages_select_build_failed=False, packages_select_by_dep=None, packages_select_regex=None, packages_select_test_failures=False, packages_skip=None, packages_skip_build_finished=False, packages_skip_by_dep=None, packages_skip_regex=None, packages_skip_test_passed=False, packages_skip_up_to=None, packages_start=None, packages_up_to=None, packages_up_to_regex=None, parallel_workers=6, paths=None, symlink_install=False, test_result_base=None, verb_extension=<colcon_core.verb.build.BuildVerb object at 0xffffaff1b7f0>, verb_name='build', verb_parser=<colcon_mixin.mixin.mixin_argument.MixinArgumentDecorator object at 0xffffaff1be50>)
[1.493s] Level 1:colcon.colcon_core.package_discovery:discover_packages(colcon_meta) check parameters
[1.493s] Level 1:colcon.colcon_core.package_discovery:discover_packages(recursive) check parameters
[1.493s] Level 1:colcon.colcon_core.package_discovery:discover_packages(ignore) check parameters
[1.493s] Level 1:colcon.colcon_core.package_discovery:discover_packages(path) check parameters
[1.494s] Level 1:colcon.colcon_core.package_discovery:discover_packages(colcon_meta) discover
[1.494s] Level 1:colcon.colcon_core.package_discovery:discover_packages(recursive) discover
[1.494s] INFO:colcon.colcon_core.package_discovery:Crawling recursively for packages in '/home/f1tenth/lab_ws25'
[1.494s] Level 1:colcon.colcon_core.package_identification:_identify(.) by extensions ['ignore', 'ignore_ament_install']
[1.494s] Level 1:colcon.colcon_core.package_identification:_identify(.) by extension 'ignore'
[1.494s] Level 1:colcon.colcon_core.package_identification:_identify(.) by extension 'ignore_ament_install'
[1.495s] Level 1:colcon.colcon_core.package_identification:_identify(.) by extensions ['colcon_pkg']
[1.495s] Level 1:colcon.colcon_core.package_identification:_identify(.) by extension 'colcon_pkg'
[1.495s] Level 1:colcon.colcon_core.package_identification:_identify(.) by extensions ['colcon_meta']
[1.495s] Level 1:colcon.colcon_core.package_identification:_identify(.) by extension 'colcon_meta'
[1.495s] Level 1:colcon.colcon_core.package_identification:_identify(.) by extensions ['ros']
[1.495s] Level 1:colcon.colcon_core.package_identification:_identify(.) by extension 'ros'
[1.527s] Level 1:colcon.colcon_core.package_identification:_identify(.) by extensions ['cmake', 'python']
[1.528s] Level 1:colcon.colcon_core.package_identification:_identify(.) by extension 'cmake'
[1.528s] Level 1:colcon.colcon_core.package_identification:_identify(.) by extension 'python'
[1.528s] Level 1:colcon.colcon_core.package_identification:_identify(.) by extensions ['python_setup_py']
[1.528s] Level 1:colcon.colcon_core.package_identification:_identify(.) by extension 'python_setup_py'
[1.528s] Level 1:colcon.colcon_core.package_identification:_identify(build) by extensions ['ignore', 'ignore_ament_install']
[1.528s] Level 1:colcon.colcon_core.package_identification:_identify(build) by extension 'ignore'
[1.528s] Level 1:colcon.colcon_core.package_identification:_identify(build) ignored
[1.529s] Level 1:colcon.colcon_core.package_identification:_identify(install) by extensions ['ignore', 'ignore_ament_install']
[1.529s] Level 1:colcon.colcon_core.package_identification:_identify(install) by extension 'ignore'
[1.529s] Level 1:colcon.colcon_core.package_identification:_identify(install) ignored
[1.529s] Level 1:colcon.colcon_core.package_identification:_identify(log) by extensions ['ignore', 'ignore_ament_install']
[1.530s] Level 1:colcon.colcon_core.package_identification:_identify(log) by extension 'ignore'
[1.530s] Level 1:colcon.colcon_core.package_identification:_identify(log) ignored
[1.530s] Level 1:colcon.colcon_core.package_identification:_identify(src) by extensions ['ignore', 'ignore_ament_install']
[1.530s] Level 1:colcon.colcon_core.package_identification:_identify(src) by extension 'ignore'
[1.530s] Level 1:colcon.colcon_core.package_identification:_identify(src) by extension 'ignore_ament_install'
[1.530s] Level 1:colcon.colcon_core.package_identification:_identify(src) by extensions ['colcon_pkg']
[1.530s] Level 1:colcon.colcon_core.package_identification:_identify(src) by extension 'colcon_pkg'
[1.530s] Level 1:colcon.colcon_core.package_identification:_identify(src) by extensions ['colcon_meta']
[1.531s] Level 1:colcon.colcon_core.package_identification:_identify(src) by extension 'colcon_meta'
[1.531s] Level 1:colcon.colcon_core.package_identification:_identify(src) by extensions ['ros']
[1.531s] Level 1:colcon.colcon_core.package_identification:_identify(src) by extension 'ros'
[1.531s] Level 1:colcon.colcon_core.package_identification:_identify(src) by extensions ['cmake', 'python']
[1.531s] Level 1:colcon.colcon_core.package_identification:_identify(src) by extension 'cmake'
[1.531s] Level 1:colcon.colcon_core.package_identification:_identify(src) by extension 'python'
[1.531s] Level 1:colcon.colcon_core.package_identification:_identify(src) by extensions ['python_setup_py']
[1.531s] Level 1:colcon.colcon_core.package_identification:_identify(src) by extension 'python_setup_py'
[1.532s] Level 1:colcon.colcon_core.package_identification:_identify(src/follow_the_gap_wrapper) by extensions ['ignore', 'ignore_ament_install']
[1.532s] Level 1:colcon.colcon_core.package_identification:_identify(src/follow_the_gap_wrapper) by extension 'ignore'
[1.532s] Level 1:colcon.colcon_core.package_identification:_identify(src/follow_the_gap_wrapper) by extension 'ignore_ament_install'
[1.532s] Level 1:colcon.colcon_core.package_identification:_identify(src/follow_the_gap_wrapper) by extensions ['colcon_pkg']
[1.532s] Level 1:colcon.colcon_core.package_identification:_identify(src/follow_the_gap_wrapper) by extension 'colcon_pkg'
[1.532s] Level 1:colcon.colcon_core.package_identification:_identify(src/follow_the_gap_wrapper) by extensions ['colcon_meta']
[1.532s] Level 1:colcon.colcon_core.package_identification:_identify(src/follow_the_gap_wrapper) by extension 'colcon_meta'
[1.532s] Level 1:colcon.colcon_core.package_identification:_identify(src/follow_the_gap_wrapper) by extensions ['ros']
[1.532s] Level 1:colcon.colcon_core.package_identification:_identify(src/follow_the_gap_wrapper) by extension 'ros'
[1.533s] Level 1:colcon.colcon_core.package_identification:_identify(src/follow_the_gap_wrapper) by extensions ['cmake', 'python']
[1.533s] Level 1:colcon.colcon_core.package_identification:_identify(src/follow_the_gap_wrapper) by extension 'cmake'
[1.533s] Level 1:colcon.colcon_core.package_identification:_identify(src/follow_the_gap_wrapper) by extension 'python'
[1.533s] Level 1:colcon.colcon_core.package_identification:_identify(src/follow_the_gap_wrapper) by extensions ['python_setup_py']
[1.533s] Level 1:colcon.colcon_core.package_identification:_identify(src/follow_the_gap_wrapper) by extension 'python_setup_py'
[1.533s] Level 1:colcon.colcon_core.package_identification:_identify(src/follow_the_gap_wrapper/follow_the_gap) by extensions ['ignore', 'ignore_ament_install']
[1.533s] Level 1:colcon.colcon_core.package_identification:_identify(src/follow_the_gap_wrapper/follow_the_gap) by extension 'ignore'
[1.534s] Level 1:colcon.colcon_core.package_identification:_identify(src/follow_the_gap_wrapper/follow_the_gap) by extension 'ignore_ament_install'
[1.534s] Level 1:colcon.colcon_core.package_identification:_identify(src/follow_the_gap_wrapper/follow_the_gap) by extensions ['colcon_pkg']
[1.534s] Level 1:colcon.colcon_core.package_identification:_identify(src/follow_the_gap_wrapper/follow_the_gap) by extension 'colcon_pkg'
[1.534s] Level 1:colcon.colcon_core.package_identification:_identify(src/follow_the_gap_wrapper/follow_the_gap) by extensions ['colcon_meta']
[1.534s] Level 1:colcon.colcon_core.package_identification:_identify(src/follow_the_gap_wrapper/follow_the_gap) by extension 'colcon_meta'
[1.534s] Level 1:colcon.colcon_core.package_identification:_identify(src/follow_the_gap_wrapper/follow_the_gap) by extensions ['ros']
[1.534s] Level 1:colcon.colcon_core.package_identification:_identify(src/follow_the_gap_wrapper/follow_the_gap) by extension 'ros'
[1.534s] Level 1:colcon.colcon_core.package_identification:_identify(src/follow_the_gap_wrapper/follow_the_gap) by extensions ['cmake', 'python']
[1.534s] Level 1:colcon.colcon_core.package_identification:_identify(src/follow_the_gap_wrapper/follow_the_gap) by extension 'cmake'
[1.534s] Level 1:colcon.colcon_core.package_identification:_identify(src/follow_the_gap_wrapper/follow_the_gap) by extension 'python'
[1.535s] Level 1:colcon.colcon_core.package_identification:_identify(src/follow_the_gap_wrapper/follow_the_gap) by extensions ['python_setup_py']
[1.535s] Level 1:colcon.colcon_core.package_identification:_identify(src/follow_the_gap_wrapper/follow_the_gap) by extension 'python_setup_py'
[1.535s] Level 1:colcon.colcon_core.package_identification:_identify(src/follow_the_gap_wrapper/follow_the_gap/__MACOSX) by extensions ['ignore', 'ignore_ament_install']
[1.535s] Level 1:colcon.colcon_core.package_identification:_identify(src/follow_the_gap_wrapper/follow_the_gap/__MACOSX) by extension 'ignore'
[1.535s] Level 1:colcon.colcon_core.package_identification:_identify(src/follow_the_gap_wrapper/follow_the_gap/__MACOSX) by extension 'ignore_ament_install'
[1.535s] Level 1:colcon.colcon_core.package_identification:_identify(src/follow_the_gap_wrapper/follow_the_gap/__MACOSX) by extensions ['colcon_pkg']
[1.536s] Level 1:colcon.colcon_core.package_identification:_identify(src/follow_the_gap_wrapper/follow_the_gap/__MACOSX) by extension 'colcon_pkg'
[1.536s] Level 1:colcon.colcon_core.package_identification:_identify(src/follow_the_gap_wrapper/follow_the_gap/__MACOSX) by extensions ['colcon_meta']
[1.536s] Level 1:colcon.colcon_core.package_identification:_identify(src/follow_the_gap_wrapper/follow_the_gap/__MACOSX) by extension 'colcon_meta'
[1.536s] Level 1:colcon.colcon_core.package_identification:_identify(src/follow_the_gap_wrapper/follow_the_gap/__MACOSX) by extensions ['ros']
[1.536s] Level 1:colcon.colcon_core.package_identification:_identify(src/follow_the_gap_wrapper/follow_the_gap/__MACOSX) by extension 'ros'
[1.536s] Level 1:colcon.colcon_core.package_identification:_identify(src/follow_the_gap_wrapper/follow_the_gap/__MACOSX) by extensions ['cmake', 'python']
[1.536s] Level 1:colcon.colcon_core.package_identification:_identify(src/follow_the_gap_wrapper/follow_the_gap/__MACOSX) by extension 'cmake'
[1.536s] Level 1:colcon.colcon_core.package_identification:_identify(src/follow_the_gap_wrapper/follow_the_gap/__MACOSX) by extension 'python'
[1.536s] Level 1:colcon.colcon_core.package_identification:_identify(src/follow_the_gap_wrapper/follow_the_gap/__MACOSX) by extensions ['python_setup_py']
[1.536s] Level 1:colcon.colcon_core.package_identification:_identify(src/follow_the_gap_wrapper/follow_the_gap/__MACOSX) by extension 'python_setup_py'
[1.537s] Level 1:colcon.colcon_core.package_identification:_identify(src/follow_the_gap_wrapper/follow_the_gap/__MACOSX/follow_the_gap) by extensions ['ignore', 'ignore_ament_install']
[1.537s] Level 1:colcon.colcon_core.package_identification:_identify(src/follow_the_gap_wrapper/follow_the_gap/__MACOSX/follow_the_gap) by extension 'ignore'
[1.537s] Level 1:colcon.colcon_core.package_identification:_identify(src/follow_the_gap_wrapper/follow_the_gap/__MACOSX/follow_the_gap) by extension 'ignore_ament_install'
[1.537s] Level 1:colcon.colcon_core.package_identification:_identify(src/follow_the_gap_wrapper/follow_the_gap/__MACOSX/follow_the_gap) by extensions ['colcon_pkg']
[1.537s] Level 1:colcon.colcon_core.package_identification:_identify(src/follow_the_gap_wrapper/follow_the_gap/__MACOSX/follow_the_gap) by extension 'colcon_pkg'
[1.538s] Level 1:colcon.colcon_core.package_identification:_identify(src/follow_the_gap_wrapper/follow_the_gap/__MACOSX/follow_the_gap) by extensions ['colcon_meta']
[1.538s] Level 1:colcon.colcon_core.package_identification:_identify(src/follow_the_gap_wrapper/follow_the_gap/__MACOSX/follow_the_gap) by extension 'colcon_meta'
[1.538s] Level 1:colcon.colcon_core.package_identification:_identify(src/follow_the_gap_wrapper/follow_the_gap/__MACOSX/follow_the_gap) by extensions ['ros']
[1.538s] Level 1:colcon.colcon_core.package_identification:_identify(src/follow_the_gap_wrapper/follow_the_gap/__MACOSX/follow_the_gap) by extension 'ros'
[1.538s] Level 1:colcon.colcon_core.package_identification:_identify(src/follow_the_gap_wrapper/follow_the_gap/__MACOSX/follow_the_gap) by extensions ['cmake', 'python']
[1.538s] Level 1:colcon.colcon_core.package_identification:_identify(src/follow_the_gap_wrapper/follow_the_gap/__MACOSX/follow_the_gap) by extension 'cmake'
[1.538s] Level 1:colcon.colcon_core.package_identification:_identify(src/follow_the_gap_wrapper/follow_the_gap/__MACOSX/follow_the_gap) by extension 'python'
[1.538s] Level 1:colcon.colcon_core.package_identification:_identify(src/follow_the_gap_wrapper/follow_the_gap/__MACOSX/follow_the_gap) by extensions ['python_setup_py']
[1.538s] Level 1:colcon.colcon_core.package_identification:_identify(src/follow_the_gap_wrapper/follow_the_gap/__MACOSX/follow_the_gap) by extension 'python_setup_py'
[1.539s] Level 1:colcon.colcon_core.package_identification:_identify(src/follow_the_gap_wrapper/follow_the_gap/__MACOSX/follow_the_gap/follow_the_gap) by extensions ['ignore', 'ignore_ament_install']
[1.539s] Level 1:colcon.colcon_core.package_identification:_identify(src/follow_the_gap_wrapper/follow_the_gap/__MACOSX/follow_the_gap/follow_the_gap) by extension 'ignore'
[1.539s] Level 1:colcon.colcon_core.package_identification:_identify(src/follow_the_gap_wrapper/follow_the_gap/__MACOSX/follow_the_gap/follow_the_gap) by extension 'ignore_ament_install'
[1.540s] Level 1:colcon.colcon_core.package_identification:_identify(src/follow_the_gap_wrapper/follow_the_gap/__MACOSX/follow_the_gap/follow_the_gap) by extensions ['colcon_pkg']
[1.540s] Level 1:colcon.colcon_core.package_identification:_identify(src/follow_the_gap_wrapper/follow_the_gap/__MACOSX/follow_the_gap/follow_the_gap) by extension 'colcon_pkg'
[1.540s] Level 1:colcon.colcon_core.package_identification:_identify(src/follow_the_gap_wrapper/follow_the_gap/__MACOSX/follow_the_gap/follow_the_gap) by extensions ['colcon_meta']
[1.540s] Level 1:colcon.colcon_core.package_identification:_identify(src/follow_the_gap_wrapper/follow_the_gap/__MACOSX/follow_the_gap/follow_the_gap) by extension 'colcon_meta'
[1.540s] Level 1:colcon.colcon_core.package_identification:_identify(src/follow_the_gap_wrapper/follow_the_gap/__MACOSX/follow_the_gap/follow_the_gap) by extensions ['ros']
[1.540s] Level 1:colcon.colcon_core.package_identification:_identify(src/follow_the_gap_wrapper/follow_the_gap/__MACOSX/follow_the_gap/follow_the_gap) by extension 'ros'
[1.540s] Level 1:colcon.colcon_core.package_identification:_identify(src/follow_the_gap_wrapper/follow_the_gap/__MACOSX/follow_the_gap/follow_the_gap) by extensions ['cmake', 'python']
[1.540s] Level 1:colcon.colcon_core.package_identification:_identify(src/follow_the_gap_wrapper/follow_the_gap/__MACOSX/follow_the_gap/follow_the_gap) by extension 'cmake'
[1.540s] Level 1:colcon.colcon_core.package_identification:_identify(src/follow_the_gap_wrapper/follow_the_gap/__MACOSX/follow_the_gap/follow_the_gap) by extension 'python'
[1.540s] Level 1:colcon.colcon_core.package_identification:_identify(src/follow_the_gap_wrapper/follow_the_gap/__MACOSX/follow_the_gap/follow_the_gap) by extensions ['python_setup_py']
[1.540s] Level 1:colcon.colcon_core.package_identification:_identify(src/follow_the_gap_wrapper/follow_the_gap/__MACOSX/follow_the_gap/follow_the_gap) by extension 'python_setup_py'
[1.541s] Level 1:colcon.colcon_core.package_identification:_identify(src/follow_the_gap_wrapper/follow_the_gap/__MACOSX/follow_the_gap/follow_the_gap/__pycache__) by extensions ['ignore', 'ignore_ament_install']
[1.541s] Level 1:colcon.colcon_core.package_identification:_identify(src/follow_the_gap_wrapper/follow_the_gap/__MACOSX/follow_the_gap/follow_the_gap/__pycache__) by extension 'ignore'
[1.541s] Level 1:colcon.colcon_core.package_identification:_identify(src/follow_the_gap_wrapper/follow_the_gap/__MACOSX/follow_the_gap/follow_the_gap/__pycache__) by extension 'ignore_ament_install'
[1.541s] Level 1:colcon.colcon_core.package_identification:_identify(src/follow_the_gap_wrapper/follow_the_gap/__MACOSX/follow_the_gap/follow_the_gap/__pycache__) by extensions ['colcon_pkg']
[1.541s] Level 1:colcon.colcon_core.package_identification:_identify(src/follow_the_gap_wrapper/follow_the_gap/__MACOSX/follow_the_gap/follow_the_gap/__pycache__) by extension 'colcon_pkg'
[1.541s] Level 1:colcon.colcon_core.package_identification:_identify(src/follow_the_gap_wrapper/follow_the_gap/__MACOSX/follow_the_gap/follow_the_gap/__pycache__) by extensions ['colcon_meta']
[1.542s] Level 1:colcon.colcon_core.package_identification:_identify(src/follow_the_gap_wrapper/follow_the_gap/__MACOSX/follow_the_gap/follow_the_gap/__pycache__) by extension 'colcon_meta'
[1.542s] Level 1:colcon.colcon_core.package_identification:_identify(src/follow_the_gap_wrapper/follow_the_gap/__MACOSX/follow_the_gap/follow_the_gap/__pycache__) by extensions ['ros']
[1.542s] Level 1:colcon.colcon_core.package_identification:_identify(src/follow_the_gap_wrapper/follow_the_gap/__MACOSX/follow_the_gap/follow_the_gap/__pycache__) by extension 'ros'
[1.542s] Level 1:colcon.colcon_core.package_identification:_identify(src/follow_the_gap_wrapper/follow_the_gap/__MACOSX/follow_the_gap/follow_the_gap/__pycache__) by extensions ['cmake', 'python']
[1.542s] Level 1:colcon.colcon_core.package_identification:_identify(src/follow_the_gap_wrapper/follow_the_gap/__MACOSX/follow_the_gap/follow_the_gap/__pycache__) by extension 'cmake'
[1.542s] Level 1:colcon.colcon_core.package_identification:_identify(src/follow_the_gap_wrapper/follow_the_gap/__MACOSX/follow_the_gap/follow_the_gap/__pycache__) by extension 'python'
[1.542s] Level 1:colcon.colcon_core.package_identification:_identify(src/follow_the_gap_wrapper/follow_the_gap/__MACOSX/follow_the_gap/follow_the_gap/__pycache__) by extensions ['python_setup_py']
[1.542s] Level 1:colcon.colcon_core.package_identification:_identify(src/follow_the_gap_wrapper/follow_the_gap/__MACOSX/follow_the_gap/follow_the_gap/__pycache__) by extension 'python_setup_py'
[1.543s] Level 1:colcon.colcon_core.package_identification:_identify(src/follow_the_gap_wrapper/follow_the_gap/__MACOSX/follow_the_gap/resource) by extensions ['ignore', 'ignore_ament_install']
[1.543s] Level 1:colcon.colcon_core.package_identification:_identify(src/follow_the_gap_wrapper/follow_the_gap/__MACOSX/follow_the_gap/resource) by extension 'ignore'
[1.543s] Level 1:colcon.colcon_core.package_identification:_identify(src/follow_the_gap_wrapper/follow_the_gap/__MACOSX/follow_the_gap/resource) by extension 'ignore_ament_install'
[1.543s] Level 1:colcon.colcon_core.package_identification:_identify(src/follow_the_gap_wrapper/follow_the_gap/__MACOSX/follow_the_gap/resource) by extensions ['colcon_pkg']
[1.544s] Level 1:colcon.colcon_core.package_identification:_identify(src/follow_the_gap_wrapper/follow_the_gap/__MACOSX/follow_the_gap/resource) by extension 'colcon_pkg'
[1.544s] Level 1:colcon.colcon_core.package_identification:_identify(src/follow_the_gap_wrapper/follow_the_gap/__MACOSX/follow_the_gap/resource) by extensions ['colcon_meta']
[1.544s] Level 1:colcon.colcon_core.package_identification:_identify(src/follow_the_gap_wrapper/follow_the_gap/__MACOSX/follow_the_gap/resource) by extension 'colcon_meta'
[1.544s] Level 1:colcon.colcon_core.package_identification:_identify(src/follow_the_gap_wrapper/follow_the_gap/__MACOSX/follow_the_gap/resource) by extensions ['ros']
[1.544s] Level 1:colcon.colcon_core.package_identification:_identify(src/follow_the_gap_wrapper/follow_the_gap/__MACOSX/follow_the_gap/resource) by extension 'ros'
[1.544s] Level 1:colcon.colcon_core.package_identification:_identify(src/follow_the_gap_wrapper/follow_the_gap/__MACOSX/follow_the_gap/resource) by extensions ['cmake', 'python']
[1.544s] Level 1:colcon.colcon_core.package_identification:_identify(src/follow_the_gap_wrapper/follow_the_gap/__MACOSX/follow_the_gap/resource) by extension 'cmake'
[1.544s] Level 1:colcon.colcon_core.package_identification:_identify(src/follow_the_gap_wrapper/follow_the_gap/__MACOSX/follow_the_gap/resource) by extension 'python'
[1.544s] Level 1:colcon.colcon_core.package_identification:_identify(src/follow_the_gap_wrapper/follow_the_gap/__MACOSX/follow_the_gap/resource) by extensions ['python_setup_py']
[1.544s] Level 1:colcon.colcon_core.package_identification:_identify(src/follow_the_gap_wrapper/follow_the_gap/__MACOSX/follow_the_gap/resource) by extension 'python_setup_py'
[1.545s] Level 1:colcon.colcon_core.package_identification:_identify(src/follow_the_gap_wrapper/follow_the_gap/__MACOSX/follow_the_gap/test) by extensions ['ignore', 'ignore_ament_install']
[1.545s] Level 1:colcon.colcon_core.package_identification:_identify(src/follow_the_gap_wrapper/follow_the_gap/__MACOSX/follow_the_gap/test) by extension 'ignore'
[1.545s] Level 1:colcon.colcon_core.package_identification:_identify(src/follow_the_gap_wrapper/follow_the_gap/__MACOSX/follow_the_gap/test) by extension 'ignore_ament_install'
[1.545s] Level 1:colcon.colcon_core.package_identification:_identify(src/follow_the_gap_wrapper/follow_the_gap/__MACOSX/follow_the_gap/test) by extensions ['colcon_pkg']
[1.545s] Level 1:colcon.colcon_core.package_identification:_identify(src/follow_the_gap_wrapper/follow_the_gap/__MACOSX/follow_the_gap/test) by extension 'colcon_pkg'
[1.545s] Level 1:colcon.colcon_core.package_identification:_identify(src/follow_the_gap_wrapper/follow_the_gap/__MACOSX/follow_the_gap/test) by extensions ['colcon_meta']
[1.545s] Level 1:colcon.colcon_core.package_identification:_identify(src/follow_the_gap_wrapper/follow_the_gap/__MACOSX/follow_the_gap/test) by extension 'colcon_meta'
[1.546s] Level 1:colcon.colcon_core.package_identification:_identify(src/follow_the_gap_wrapper/follow_the_gap/__MACOSX/follow_the_gap/test) by extensions ['ros']
[1.546s] Level 1:colcon.colcon_core.package_identification:_identify(src/follow_the_gap_wrapper/follow_the_gap/__MACOSX/follow_the_gap/test) by extension 'ros'
[1.546s] Level 1:colcon.colcon_core.package_identification:_identify(src/follow_the_gap_wrapper/follow_the_gap/__MACOSX/follow_the_gap/test) by extensions ['cmake', 'python']
[1.546s] Level 1:colcon.colcon_core.package_identification:_identify(src/follow_the_gap_wrapper/follow_the_gap/__MACOSX/follow_the_gap/test) by extension 'cmake'
[1.546s] Level 1:colcon.colcon_core.package_identification:_identify(src/follow_the_gap_wrapper/follow_the_gap/__MACOSX/follow_the_gap/test) by extension 'python'
[1.546s] Level 1:colcon.colcon_core.package_identification:_identify(src/follow_the_gap_wrapper/follow_the_gap/__MACOSX/follow_the_gap/test) by extensions ['python_setup_py']
[1.546s] Level 1:colcon.colcon_core.package_identification:_identify(src/follow_the_gap_wrapper/follow_the_gap/__MACOSX/follow_the_gap/test) by extension 'python_setup_py'
[1.547s] Level 1:colcon.colcon_core.package_identification:_identify(src/follow_the_gap_wrapper/follow_the_gap/follow_the_gap) by extensions ['ignore', 'ignore_ament_install']
[1.547s] Level 1:colcon.colcon_core.package_identification:_identify(src/follow_the_gap_wrapper/follow_the_gap/follow_the_gap) by extension 'ignore'
[1.547s] Level 1:colcon.colcon_core.package_identification:_identify(src/follow_the_gap_wrapper/follow_the_gap/follow_the_gap) by extension 'ignore_ament_install'
[1.547s] Level 1:colcon.colcon_core.package_identification:_identify(src/follow_the_gap_wrapper/follow_the_gap/follow_the_gap) by extensions ['colcon_pkg']
[1.547s] Level 1:colcon.colcon_core.package_identification:_identify(src/follow_the_gap_wrapper/follow_the_gap/follow_the_gap) by extension 'colcon_pkg'
[1.547s] Level 1:colcon.colcon_core.package_identification:_identify(src/follow_the_gap_wrapper/follow_the_gap/follow_the_gap) by extensions ['colcon_meta']
[1.547s] Level 1:colcon.colcon_core.package_identification:_identify(src/follow_the_gap_wrapper/follow_the_gap/follow_the_gap) by extension 'colcon_meta'
[1.547s] Level 1:colcon.colcon_core.package_identification:_identify(src/follow_the_gap_wrapper/follow_the_gap/follow_the_gap) by extensions ['ros']
[1.547s] Level 1:colcon.colcon_core.package_identification:_identify(src/follow_the_gap_wrapper/follow_the_gap/follow_the_gap) by extension 'ros'
[1.553s] DEBUG:colcon.colcon_core.package_identification:Package 'src/follow_the_gap_wrapper/follow_the_gap/follow_the_gap' with type 'ros.ament_python' and name 'follow_the_gap'
[1.554s] Level 1:colcon.colcon_core.package_identification:_identify(src/safety_node_car_wrapper) by extensions ['ignore', 'ignore_ament_install']
[1.554s] Level 1:colcon.colcon_core.package_identification:_identify(src/safety_node_car_wrapper) by extension 'ignore'
[1.554s] Level 1:colcon.colcon_core.package_identification:_identify(src/safety_node_car_wrapper) by extension 'ignore_ament_install'
[1.554s] Level 1:colcon.colcon_core.package_identification:_identify(src/safety_node_car_wrapper) by extensions ['colcon_pkg']
[1.554s] Level 1:colcon.colcon_core.package_identification:_identify(src/safety_node_car_wrapper) by extension 'colcon_pkg'
[1.554s] Level 1:colcon.colcon_core.package_identification:_identify(src/safety_node_car_wrapper) by extensions ['colcon_meta']
[1.554s] Level 1:colcon.colcon_core.package_identification:_identify(src/safety_node_car_wrapper) by extension 'colcon_meta'
[1.555s] Level 1:colcon.colcon_core.package_identification:_identify(src/safety_node_car_wrapper) by extensions ['ros']
[1.555s] Level 1:colcon.colcon_core.package_identification:_identify(src/safety_node_car_wrapper) by extension 'ros'
[1.555s] Level 1:colcon.colcon_core.package_identification:_identify(src/safety_node_car_wrapper) by extensions ['cmake', 'python']
[1.555s] Level 1:colcon.colcon_core.package_identification:_identify(src/safety_node_car_wrapper) by extension 'cmake'
[1.555s] Level 1:colcon.colcon_core.package_identification:_identify(src/safety_node_car_wrapper) by extension 'python'
[1.555s] Level 1:colcon.colcon_core.package_identification:_identify(src/safety_node_car_wrapper) by extensions ['python_setup_py']
[1.555s] Level 1:colcon.colcon_core.package_identification:_identify(src/safety_node_car_wrapper) by extension 'python_setup_py'
[1.556s] Level 1:colcon.colcon_core.package_identification:_identify(src/safety_node_car_wrapper/__MACOSX) by extensions ['ignore', 'ignore_ament_install']
[1.556s] Level 1:colcon.colcon_core.package_identification:_identify(src/safety_node_car_wrapper/__MACOSX) by extension 'ignore'
[1.556s] Level 1:colcon.colcon_core.package_identification:_identify(src/safety_node_car_wrapper/__MACOSX) by extension 'ignore_ament_install'
[1.556s] Level 1:colcon.colcon_core.package_identification:_identify(src/safety_node_car_wrapper/__MACOSX) by extensions ['colcon_pkg']
[1.556s] Level 1:colcon.colcon_core.package_identification:_identify(src/safety_node_car_wrapper/__MACOSX) by extension 'colcon_pkg'
[1.556s] Level 1:colcon.colcon_core.package_identification:_identify(src/safety_node_car_wrapper/__MACOSX) by extensions ['colcon_meta']
[1.556s] Level 1:colcon.colcon_core.package_identification:_identify(src/safety_node_car_wrapper/__MACOSX) by extension 'colcon_meta'
[1.556s] Level 1:colcon.colcon_core.package_identification:_identify(src/safety_node_car_wrapper/__MACOSX) by extensions ['ros']
[1.556s] Level 1:colcon.colcon_core.package_identification:_identify(src/safety_node_car_wrapper/__MACOSX) by extension 'ros'
[1.557s] Level 1:colcon.colcon_core.package_identification:_identify(src/safety_node_car_wrapper/__MACOSX) by extensions ['cmake', 'python']
[1.557s] Level 1:colcon.colcon_core.package_identification:_identify(src/safety_node_car_wrapper/__MACOSX) by extension 'cmake'
[1.557s] Level 1:colcon.colcon_core.package_identification:_identify(src/safety_node_car_wrapper/__MACOSX) by extension 'python'
[1.557s] Level 1:colcon.colcon_core.package_identification:_identify(src/safety_node_car_wrapper/__MACOSX) by extensions ['python_setup_py']
[1.557s] Level 1:colcon.colcon_core.package_identification:_identify(src/safety_node_car_wrapper/__MACOSX) by extension 'python_setup_py'
[1.558s] Level 1:colcon.colcon_core.package_identification:_identify(src/safety_node_car_wrapper/__MACOSX/safety_node) by extensions ['ignore', 'ignore_ament_install']
[1.558s] Level 1:colcon.colcon_core.package_identification:_identify(src/safety_node_car_wrapper/__MACOSX/safety_node) by extension 'ignore'
[1.558s] Level 1:colcon.colcon_core.package_identification:_identify(src/safety_node_car_wrapper/__MACOSX/safety_node) by extension 'ignore_ament_install'
[1.558s] Level 1:colcon.colcon_core.package_identification:_identify(src/safety_node_car_wrapper/__MACOSX/safety_node) by extensions ['colcon_pkg']
[1.558s] Level 1:colcon.colcon_core.package_identification:_identify(src/safety_node_car_wrapper/__MACOSX/safety_node) by extension 'colcon_pkg'
[1.558s] Level 1:colcon.colcon_core.package_identification:_identify(src/safety_node_car_wrapper/__MACOSX/safety_node) by extensions ['colcon_meta']
[1.558s] Level 1:colcon.colcon_core.package_identification:_identify(src/safety_node_car_wrapper/__MACOSX/safety_node) by extension 'colcon_meta'
[1.559s] Level 1:colcon.colcon_core.package_identification:_identify(src/safety_node_car_wrapper/__MACOSX/safety_node) by extensions ['ros']
[1.559s] Level 1:colcon.colcon_core.package_identification:_identify(src/safety_node_car_wrapper/__MACOSX/safety_node) by extension 'ros'
[1.559s] Level 1:colcon.colcon_core.package_identification:_identify(src/safety_node_car_wrapper/__MACOSX/safety_node) by extensions ['cmake', 'python']
[1.559s] Level 1:colcon.colcon_core.package_identification:_identify(src/safety_node_car_wrapper/__MACOSX/safety_node) by extension 'cmake'
[1.559s] Level 1:colcon.colcon_core.package_identification:_identify(src/safety_node_car_wrapper/__MACOSX/safety_node) by extension 'python'
[1.559s] Level 1:colcon.colcon_core.package_identification:_identify(src/safety_node_car_wrapper/__MACOSX/safety_node) by extensions ['python_setup_py']
[1.559s] Level 1:colcon.colcon_core.package_identification:_identify(src/safety_node_car_wrapper/__MACOSX/safety_node) by extension 'python_setup_py'
[1.560s] Level 1:colcon.colcon_core.package_identification:_identify(src/safety_node_car_wrapper/__MACOSX/safety_node/resource) by extensions ['ignore', 'ignore_ament_install']
[1.560s] Level 1:colcon.colcon_core.package_identification:_identify(src/safety_node_car_wrapper/__MACOSX/safety_node/resource) by extension 'ignore'
[1.560s] Level 1:colcon.colcon_core.package_identification:_identify(src/safety_node_car_wrapper/__MACOSX/safety_node/resource) by extension 'ignore_ament_install'
[1.560s] Level 1:colcon.colcon_core.package_identification:_identify(src/safety_node_car_wrapper/__MACOSX/safety_node/resource) by extensions ['colcon_pkg']
[1.560s] Level 1:colcon.colcon_core.package_identification:_identify(src/safety_node_car_wrapper/__MACOSX/safety_node/resource) by extension 'colcon_pkg'
[1.560s] Level 1:colcon.colcon_core.package_identification:_identify(src/safety_node_car_wrapper/__MACOSX/safety_node/resource) by extensions ['colcon_meta']
[1.560s] Level 1:colcon.colcon_core.package_identification:_identify(src/safety_node_car_wrapper/__MACOSX/safety_node/resource) by extension 'colcon_meta'
[1.561s] Level 1:colcon.colcon_core.package_identification:_identify(src/safety_node_car_wrapper/__MACOSX/safety_node/resource) by extensions ['ros']
[1.561s] Level 1:colcon.colcon_core.package_identification:_identify(src/safety_node_car_wrapper/__MACOSX/safety_node/resource) by extension 'ros'
[1.561s] Level 1:colcon.colcon_core.package_identification:_identify(src/safety_node_car_wrapper/__MACOSX/safety_node/resource) by extensions ['cmake', 'python']
[1.561s] Level 1:colcon.colcon_core.package_identification:_identify(src/safety_node_car_wrapper/__MACOSX/safety_node/resource) by extension 'cmake'
[1.561s] Level 1:colcon.colcon_core.package_identification:_identify(src/safety_node_car_wrapper/__MACOSX/safety_node/resource) by extension 'python'
[1.561s] Level 1:colcon.colcon_core.package_identification:_identify(src/safety_node_car_wrapper/__MACOSX/safety_node/resource) by extensions ['python_setup_py']
[1.561s] Level 1:colcon.colcon_core.package_identification:_identify(src/safety_node_car_wrapper/__MACOSX/safety_node/resource) by extension 'python_setup_py'
[1.562s] Level 1:colcon.colcon_core.package_identification:_identify(src/safety_node_car_wrapper/__MACOSX/safety_node/safety_node) by extensions ['ignore', 'ignore_ament_install']
[1.562s] Level 1:colcon.colcon_core.package_identification:_identify(src/safety_node_car_wrapper/__MACOSX/safety_node/safety_node) by extension 'ignore'
[1.562s] Level 1:colcon.colcon_core.package_identification:_identify(src/safety_node_car_wrapper/__MACOSX/safety_node/safety_node) by extension 'ignore_ament_install'
[1.562s] Level 1:colcon.colcon_core.package_identification:_identify(src/safety_node_car_wrapper/__MACOSX/safety_node/safety_node) by extensions ['colcon_pkg']
[1.562s] Level 1:colcon.colcon_core.package_identification:_identify(src/safety_node_car_wrapper/__MACOSX/safety_node/safety_node) by extension 'colcon_pkg'
[1.562s] Level 1:colcon.colcon_core.package_identification:_identify(src/safety_node_car_wrapper/__MACOSX/safety_node/safety_node) by extensions ['colcon_meta']
[1.562s] Level 1:colcon.colcon_core.package_identification:_identify(src/safety_node_car_wrapper/__MACOSX/safety_node/safety_node) by extension 'colcon_meta'
[1.563s] Level 1:colcon.colcon_core.package_identification:_identify(src/safety_node_car_wrapper/__MACOSX/safety_node/safety_node) by extensions ['ros']
[1.563s] Level 1:colcon.colcon_core.package_identification:_identify(src/safety_node_car_wrapper/__MACOSX/safety_node/safety_node) by extension 'ros'
[1.563s] Level 1:colcon.colcon_core.package_identification:_identify(src/safety_node_car_wrapper/__MACOSX/safety_node/safety_node) by extensions ['cmake', 'python']
[1.563s] Level 1:colcon.colcon_core.package_identification:_identify(src/safety_node_car_wrapper/__MACOSX/safety_node/safety_node) by extension 'cmake'
[1.563s] Level 1:colcon.colcon_core.package_identification:_identify(src/safety_node_car_wrapper/__MACOSX/safety_node/safety_node) by extension 'python'
[1.563s] Level 1:colcon.colcon_core.package_identification:_identify(src/safety_node_car_wrapper/__MACOSX/safety_node/safety_node) by extensions ['python_setup_py']
[1.563s] Level 1:colcon.colcon_core.package_identification:_identify(src/safety_node_car_wrapper/__MACOSX/safety_node/safety_node) by extension 'python_setup_py'
[1.564s] Level 1:colcon.colcon_core.package_identification:_identify(src/safety_node_car_wrapper/__MACOSX/safety_node/test) by extensions ['ignore', 'ignore_ament_install']
[1.565s] Level 1:colcon.colcon_core.package_identification:_identify(src/safety_node_car_wrapper/__MACOSX/safety_node/test) by extension 'ignore'
[1.565s] Level 1:colcon.colcon_core.package_identification:_identify(src/safety_node_car_wrapper/__MACOSX/safety_node/test) by extension 'ignore_ament_install'
[1.565s] Level 1:colcon.colcon_core.package_identification:_identify(src/safety_node_car_wrapper/__MACOSX/safety_node/test) by extensions ['colcon_pkg']
[1.565s] Level 1:colcon.colcon_core.package_identification:_identify(src/safety_node_car_wrapper/__MACOSX/safety_node/test) by extension 'colcon_pkg'
[1.565s] Level 1:colcon.colcon_core.package_identification:_identify(src/safety_node_car_wrapper/__MACOSX/safety_node/test) by extensions ['colcon_meta']
[1.565s] Level 1:colcon.colcon_core.package_identification:_identify(src/safety_node_car_wrapper/__MACOSX/safety_node/test) by extension 'colcon_meta'
[1.566s] Level 1:colcon.colcon_core.package_identification:_identify(src/safety_node_car_wrapper/__MACOSX/safety_node/test) by extensions ['ros']
[1.566s] Level 1:colcon.colcon_core.package_identification:_identify(src/safety_node_car_wrapper/__MACOSX/safety_node/test) by extension 'ros'
[1.566s] Level 1:colcon.colcon_core.package_identification:_identify(src/safety_node_car_wrapper/__MACOSX/safety_node/test) by extensions ['cmake', 'python']
[1.566s] Level 1:colcon.colcon_core.package_identification:_identify(src/safety_node_car_wrapper/__MACOSX/safety_node/test) by extension 'cmake'
[1.566s] Level 1:colcon.colcon_core.package_identification:_identify(src/safety_node_car_wrapper/__MACOSX/safety_node/test) by extension 'python'
[1.566s] Level 1:colcon.colcon_core.package_identification:_identify(src/safety_node_car_wrapper/__MACOSX/safety_node/test) by extensions ['python_setup_py']
[1.566s] Level 1:colcon.colcon_core.package_identification:_identify(src/safety_node_car_wrapper/__MACOSX/safety_node/test) by extension 'python_setup_py'
[1.567s] Level 1:colcon.colcon_core.package_identification:_identify(src/safety_node_car_wrapper/safety_node) by extensions ['ignore', 'ignore_ament_install']
[1.567s] Level 1:colcon.colcon_core.package_identification:_identify(src/safety_node_car_wrapper/safety_node) by extension 'ignore'
[1.567s] Level 1:colcon.colcon_core.package_identification:_identify(src/safety_node_car_wrapper/safety_node) by extension 'ignore_ament_install'
[1.567s] Level 1:colcon.colcon_core.package_identification:_identify(src/safety_node_car_wrapper/safety_node) by extensions ['colcon_pkg']
[1.567s] Level 1:colcon.colcon_core.package_identification:_identify(src/safety_node_car_wrapper/safety_node) by extension 'colcon_pkg'
[1.567s] Level 1:colcon.colcon_core.package_identification:_identify(src/safety_node_car_wrapper/safety_node) by extensions ['colcon_meta']
[1.567s] Level 1:colcon.colcon_core.package_identification:_identify(src/safety_node_car_wrapper/safety_node) by extension 'colcon_meta'
[1.568s] Level 1:colcon.colcon_core.package_identification:_identify(src/safety_node_car_wrapper/safety_node) by extensions ['ros']
[1.568s] Level 1:colcon.colcon_core.package_identification:_identify(src/safety_node_car_wrapper/safety_node) by extension 'ros'
[1.569s] DEBUG:colcon.colcon_core.package_identification:Package 'src/safety_node_car_wrapper/safety_node' with type 'ros.ament_python' and name 'safety_node'
[1.569s] Level 1:colcon.colcon_core.package_identification:_identify(src/slam_toolbox) by extensions ['ignore', 'ignore_ament_install']
[1.570s] Level 1:colcon.colcon_core.package_identification:_identify(src/slam_toolbox) by extension 'ignore'
[1.570s] Level 1:colcon.colcon_core.package_identification:_identify(src/slam_toolbox) by extension 'ignore_ament_install'
[1.570s] Level 1:colcon.colcon_core.package_identification:_identify(src/slam_toolbox) by extensions ['colcon_pkg']
[1.570s] Level 1:colcon.colcon_core.package_identification:_identify(src/slam_toolbox) by extension 'colcon_pkg'
[1.570s] Level 1:colcon.colcon_core.package_identification:_identify(src/slam_toolbox) by extensions ['colcon_meta']
[1.570s] Level 1:colcon.colcon_core.package_identification:_identify(src/slam_toolbox) by extension 'colcon_meta'
[1.570s] Level 1:colcon.colcon_core.package_identification:_identify(src/slam_toolbox) by extensions ['ros']
[1.570s] Level 1:colcon.colcon_core.package_identification:_identify(src/slam_toolbox) by extension 'ros'
[1.576s] DEBUG:colcon.colcon_core.package_identification:Package 'src/slam_toolbox' with type 'ros.ament_cmake' and name 'slam_toolbox'
[1.576s] Level 1:colcon.colcon_core.package_discovery:discover_packages(recursive) using defaults
[1.576s] Level 1:colcon.colcon_core.package_discovery:discover_packages(ignore) discover
[1.576s] Level 1:colcon.colcon_core.package_discovery:discover_packages(ignore) using defaults
[1.576s] Level 1:colcon.colcon_core.package_discovery:discover_packages(path) discover
[1.577s] Level 1:colcon.colcon_core.package_discovery:discover_packages(path) using defaults
[1.624s] INFO:colcon.colcon_core.package_selection:Skipping not selected package 'follow_the_gap' in 'src/follow_the_gap_wrapper/follow_the_gap/follow_the_gap'
[1.624s] INFO:colcon.colcon_core.package_selection:Skipping not selected package 'safety_node' in 'src/safety_node_car_wrapper/safety_node'
[1.625s] Level 1:colcon.colcon_core.package_discovery:discover_packages(prefix_path) check parameters
[1.625s] Level 1:colcon.colcon_core.package_discovery:discover_packages(prefix_path) discover
[1.632s] DEBUG:colcon.colcon_installed_package_information.package_discovery:Found 310 installed packages in /opt/ros/foxy
[1.635s] Level 1:colcon.colcon_core.package_discovery:discover_packages(prefix_path) using defaults
[1.765s] Level 5:colcon.colcon_core.verb:set package 'slam_toolbox' build argument 'cmake_args' from command line to 'None'
[1.766s] Level 5:colcon.colcon_core.verb:set package 'slam_toolbox' build argument 'cmake_target' from command line to 'None'
[1.766s] Level 5:colcon.colcon_core.verb:set package 'slam_toolbox' build argument 'cmake_target_skip_unavailable' from command line to 'False'
[1.766s] Level 5:colcon.colcon_core.verb:set package 'slam_toolbox' build argument 'cmake_clean_cache' from command line to 'False'
[1.766s] Level 5:colcon.colcon_core.verb:set package 'slam_toolbox' build argument 'cmake_clean_first' from command line to 'False'
[1.766s] Level 5:colcon.colcon_core.verb:set package 'slam_toolbox' build argument 'cmake_force_configure' from command line to 'False'
[1.766s] Level 5:colcon.colcon_core.verb:set package 'slam_toolbox' build argument 'ament_cmake_args' from command line to 'None'
[1.766s] Level 5:colcon.colcon_core.verb:set package 'slam_toolbox' build argument 'catkin_cmake_args' from command line to 'None'
[1.766s] Level 5:colcon.colcon_core.verb:set package 'slam_toolbox' build argument 'catkin_skip_building_tests' from command line to 'False'
[1.766s] DEBUG:colcon.colcon_core.verb:Building package 'slam_toolbox' with the following arguments: {'ament_cmake_args': None, 'build_base': '/home/f1tenth/lab_ws25/build/slam_toolbox', 'catkin_cmake_args': None, 'catkin_skip_building_tests': False, 'cmake_args': None, 'cmake_clean_cache': False, 'cmake_clean_first': False, 'cmake_force_configure': False, 'cmake_target': None, 'cmake_target_skip_unavailable': False, 'install_base': '/home/f1tenth/lab_ws25/install/slam_toolbox', 'merge_install': False, 'path': '/home/f1tenth/lab_ws25/src/slam_toolbox', 'symlink_install': False, 'test_result_base': None}
[1.767s] INFO:colcon.colcon_core.executor:Executing jobs using 'parallel' executor
[1.769s] DEBUG:colcon.colcon_parallel_executor.executor.parallel:run_until_complete
[1.769s] INFO:colcon.colcon_ros.task.ament_cmake.build:Building ROS package in '/home/f1tenth/lab_ws25/src/slam_toolbox' with build type 'ament_cmake'
[1.770s] INFO:colcon.colcon_cmake.task.cmake.build:Building CMake package in '/home/f1tenth/lab_ws25/src/slam_toolbox'
[1.777s] INFO:colcon.colcon_core.plugin_system:Skipping extension 'colcon_core.shell.bat': Not used on non-Windows systems
[1.777s] INFO:colcon.colcon_core.shell:Skip shell extension 'powershell' for command environment: Not usable outside of PowerShell
[1.778s] DEBUG:colcon.colcon_core.shell:Skip shell extension 'dsv' for command environment
[1.797s] DEBUG:colcon.colcon_core.event_handler.log_command:Invoking command in '/home/f1tenth/lab_ws25/build/slam_toolbox': CMAKE_PREFIX_PATH=/opt/ros/foxy /usr/bin/cmake /home/f1tenth/lab_ws25/src/slam_toolbox -DCMAKE_INSTALL_PREFIX=/home/f1tenth/lab_ws25/install/slam_toolbox
[13.271s] DEBUG:colcon.colcon_core.event_handler.log_command:Invoked command in '/home/f1tenth/lab_ws25/build/slam_toolbox' returned '0': CMAKE_PREFIX_PATH=/opt/ros/foxy /usr/bin/cmake /home/f1tenth/lab_ws25/src/slam_toolbox -DCMAKE_INSTALL_PREFIX=/home/f1tenth/lab_ws25/install/slam_toolbox
[13.281s] DEBUG:colcon.colcon_core.event_handler.log_command:Invoking command in '/home/f1tenth/lab_ws25/build/slam_toolbox': CMAKE_PREFIX_PATH=/opt/ros/foxy /usr/bin/cmake --build /home/f1tenth/lab_ws25/build/slam_toolbox -- -j6 -l6
[215.084s] DEBUG:colcon.colcon_core.event_handler.log_command:Invoked command in '/home/f1tenth/lab_ws25/build/slam_toolbox' returned '0': CMAKE_PREFIX_PATH=/opt/ros/foxy /usr/bin/cmake --build /home/f1tenth/lab_ws25/build/slam_toolbox -- -j6 -l6
[215.120s] DEBUG:colcon.colcon_core.event_handler.log_command:Invoking command in '/home/f1tenth/lab_ws25/build/slam_toolbox': CMAKE_PREFIX_PATH=/opt/ros/foxy /usr/bin/cmake --install /home/f1tenth/lab_ws25/build/slam_toolbox
[215.423s] Level 1:colcon.colcon_core.environment:create_environment_scripts_only(slam_toolbox)
[215.425s] DEBUG:colcon.colcon_core.event_handler.log_command:Invoked command in '/home/f1tenth/lab_ws25/build/slam_toolbox' returned '0': CMAKE_PREFIX_PATH=/opt/ros/foxy /usr/bin/cmake --install /home/f1tenth/lab_ws25/build/slam_toolbox
[215.438s] Level 1:colcon.colcon_core.environment:checking '/home/f1tenth/lab_ws25/install/slam_toolbox' for CMake module files
[215.440s] Level 1:colcon.colcon_core.environment:checking '/home/f1tenth/lab_ws25/install/slam_toolbox' for CMake config files
[215.442s] Level 1:colcon.colcon_core.shell:create_environment_hook('slam_toolbox', 'cmake_prefix_path')
[215.442s] INFO:colcon.colcon_core.shell:Creating environment hook '/home/f1tenth/lab_ws25/install/slam_toolbox/share/slam_toolbox/hook/cmake_prefix_path.ps1'
[215.445s] INFO:colcon.colcon_core.shell:Creating environment descriptor '/home/f1tenth/lab_ws25/install/slam_toolbox/share/slam_toolbox/hook/cmake_prefix_path.dsv'
[215.446s] INFO:colcon.colcon_core.shell:Creating environment hook '/home/f1tenth/lab_ws25/install/slam_toolbox/share/slam_toolbox/hook/cmake_prefix_path.sh'
[215.448s] Level 1:colcon.colcon_core.environment:checking '/home/f1tenth/lab_ws25/install/slam_toolbox/lib'
[215.449s] Level 1:colcon.colcon_core.shell:create_environment_hook('slam_toolbox', 'ld_library_path_lib')
[215.449s] INFO:colcon.colcon_core.shell:Creating environment hook '/home/f1tenth/lab_ws25/install/slam_toolbox/share/slam_toolbox/hook/ld_library_path_lib.ps1'
[215.450s] INFO:colcon.colcon_core.shell:Creating environment descriptor '/home/f1tenth/lab_ws25/install/slam_toolbox/share/slam_toolbox/hook/ld_library_path_lib.dsv'
[215.451s] INFO:colcon.colcon_core.shell:Creating environment hook '/home/f1tenth/lab_ws25/install/slam_toolbox/share/slam_toolbox/hook/ld_library_path_lib.sh'
[215.452s] Level 1:colcon.colcon_core.environment:checking '/home/f1tenth/lab_ws25/install/slam_toolbox/bin'
[215.452s] Level 1:colcon.colcon_core.environment:checking '/home/f1tenth/lab_ws25/install/slam_toolbox/lib/pkgconfig/slam_toolbox.pc'
[215.453s] Level 1:colcon.colcon_core.environment:checking '/home/f1tenth/lab_ws25/install/slam_toolbox/lib/python3.8/site-packages'
[215.453s] Level 1:colcon.colcon_core.shell:create_environment_hook('slam_toolbox', 'pythonpath')
[215.454s] INFO:colcon.colcon_core.shell:Creating environment hook '/home/f1tenth/lab_ws25/install/slam_toolbox/share/slam_toolbox/hook/pythonpath.ps1'
[215.455s] INFO:colcon.colcon_core.shell:Creating environment descriptor '/home/f1tenth/lab_ws25/install/slam_toolbox/share/slam_toolbox/hook/pythonpath.dsv'
[215.456s] INFO:colcon.colcon_core.shell:Creating environment hook '/home/f1tenth/lab_ws25/install/slam_toolbox/share/slam_toolbox/hook/pythonpath.sh'
[215.457s] Level 1:colcon.colcon_core.environment:checking '/home/f1tenth/lab_ws25/install/slam_toolbox/bin'
[215.458s] INFO:colcon.colcon_core.shell:Creating package script '/home/f1tenth/lab_ws25/install/slam_toolbox/share/slam_toolbox/package.ps1'
[215.460s] INFO:colcon.colcon_core.shell:Creating package descriptor '/home/f1tenth/lab_ws25/install/slam_toolbox/share/slam_toolbox/package.dsv'
[215.462s] INFO:colcon.colcon_core.shell:Creating package script '/home/f1tenth/lab_ws25/install/slam_toolbox/share/slam_toolbox/package.sh'
[215.464s] INFO:colcon.colcon_core.shell:Creating package script '/home/f1tenth/lab_ws25/install/slam_toolbox/share/slam_toolbox/package.bash'
[215.466s] INFO:colcon.colcon_core.shell:Creating package script '/home/f1tenth/lab_ws25/install/slam_toolbox/share/slam_toolbox/package.zsh'
[215.468s] Level 1:colcon.colcon_core.environment:create_file_with_runtime_dependencies(/home/f1tenth/lab_ws25/install/slam_toolbox/share/colcon-core/packages/slam_toolbox)
[215.470s] Level 1:colcon.colcon_core.environment:create_environment_scripts_only(slam_toolbox)
[215.470s] Level 1:colcon.colcon_core.environment:checking '/home/f1tenth/lab_ws25/install/slam_toolbox' for CMake module files
[215.472s] Level 1:colcon.colcon_core.environment:checking '/home/f1tenth/lab_ws25/install/slam_toolbox' for CMake config files
[215.473s] Level 1:colcon.colcon_core.shell:create_environment_hook('slam_toolbox', 'cmake_prefix_path')
[215.474s] INFO:colcon.colcon_core.shell:Creating environment hook '/home/f1tenth/lab_ws25/install/slam_toolbox/share/slam_toolbox/hook/cmake_prefix_path.ps1'
[215.475s] INFO:colcon.colcon_core.shell:Creating environment descriptor '/home/f1tenth/lab_ws25/install/slam_toolbox/share/slam_toolbox/hook/cmake_prefix_path.dsv'
[215.475s] INFO:colcon.colcon_core.shell:Creating environment hook '/home/f1tenth/lab_ws25/install/slam_toolbox/share/slam_toolbox/hook/cmake_prefix_path.sh'
[215.477s] Level 1:colcon.colcon_core.environment:checking '/home/f1tenth/lab_ws25/install/slam_toolbox/lib'
[215.477s] Level 1:colcon.colcon_core.shell:create_environment_hook('slam_toolbox', 'ld_library_path_lib')
[215.477s] INFO:colcon.colcon_core.shell:Creating environment hook '/home/f1tenth/lab_ws25/install/slam_toolbox/share/slam_toolbox/hook/ld_library_path_lib.ps1'
[215.478s] INFO:colcon.colcon_core.shell:Creating environment descriptor '/home/f1tenth/lab_ws25/install/slam_toolbox/share/slam_toolbox/hook/ld_library_path_lib.dsv'
[215.479s] INFO:colcon.colcon_core.shell:Creating environment hook '/home/f1tenth/lab_ws25/install/slam_toolbox/share/slam_toolbox/hook/ld_library_path_lib.sh'
[215.480s] Level 1:colcon.colcon_core.environment:checking '/home/f1tenth/lab_ws25/install/slam_toolbox/bin'
[215.480s] Level 1:colcon.colcon_core.environment:checking '/home/f1tenth/lab_ws25/install/slam_toolbox/lib/pkgconfig/slam_toolbox.pc'
[215.480s] Level 1:colcon.colcon_core.environment:checking '/home/f1tenth/lab_ws25/install/slam_toolbox/lib/python3.8/site-packages'
[215.480s] Level 1:colcon.colcon_core.shell:create_environment_hook('slam_toolbox', 'pythonpath')
[215.481s] INFO:colcon.colcon_core.shell:Creating environment hook '/home/f1tenth/lab_ws25/install/slam_toolbox/share/slam_toolbox/hook/pythonpath.ps1'
[215.482s] INFO:colcon.colcon_core.shell:Creating environment descriptor '/home/f1tenth/lab_ws25/install/slam_toolbox/share/slam_toolbox/hook/pythonpath.dsv'
[215.483s] INFO:colcon.colcon_core.shell:Creating environment hook '/home/f1tenth/lab_ws25/install/slam_toolbox/share/slam_toolbox/hook/pythonpath.sh'
[215.483s] Level 1:colcon.colcon_core.environment:checking '/home/f1tenth/lab_ws25/install/slam_toolbox/bin'
[215.484s] INFO:colcon.colcon_core.shell:Creating package script '/home/f1tenth/lab_ws25/install/slam_toolbox/share/slam_toolbox/package.ps1'
[215.485s] INFO:colcon.colcon_core.shell:Creating package descriptor '/home/f1tenth/lab_ws25/install/slam_toolbox/share/slam_toolbox/package.dsv'
[215.486s] INFO:colcon.colcon_core.shell:Creating package script '/home/f1tenth/lab_ws25/install/slam_toolbox/share/slam_toolbox/package.sh'
[215.487s] INFO:colcon.colcon_core.shell:Creating package script '/home/f1tenth/lab_ws25/install/slam_toolbox/share/slam_toolbox/package.bash'
[215.488s] INFO:colcon.colcon_core.shell:Creating package script '/home/f1tenth/lab_ws25/install/slam_toolbox/share/slam_toolbox/package.zsh'
[215.489s] Level 1:colcon.colcon_core.environment:create_file_with_runtime_dependencies(/home/f1tenth/lab_ws25/install/slam_toolbox/share/colcon-core/packages/slam_toolbox)
[215.490s] DEBUG:colcon.colcon_parallel_executor.executor.parallel:closing loop
[215.490s] DEBUG:colcon.colcon_parallel_executor.executor.parallel:loop closed
[215.491s] DEBUG:colcon.colcon_parallel_executor.executor.parallel:run_until_complete finished with '0'
[215.491s] DEBUG:colcon.colcon_core.event_reactor:joining thread
[215.511s] INFO:colcon.colcon_core.plugin_system:Skipping extension 'colcon_notification.desktop_notification.terminal_notifier': Not used on non-Darwin systems
[215.512s] INFO:colcon.colcon_core.plugin_system:Skipping extension 'colcon_notification.desktop_notification.win32': Not used on non-Windows systems
[215.512s] INFO:colcon.colcon_notification.desktop_notification:Sending desktop notification using 'notify2'
[215.602s] DEBUG:colcon.colcon_core.event_reactor:joined thread
[215.603s] INFO:colcon.colcon_core.shell:Creating prefix script '/home/f1tenth/lab_ws25/install/local_setup.ps1'
[215.607s] INFO:colcon.colcon_core.shell:Creating prefix util module '/home/f1tenth/lab_ws25/install/_local_setup_util_ps1.py'
[215.610s] INFO:colcon.colcon_core.shell:Creating prefix chain script '/home/f1tenth/lab_ws25/install/setup.ps1'
[215.612s] INFO:colcon.colcon_core.shell:Creating prefix script '/home/f1tenth/lab_ws25/install/local_setup.sh'
[215.614s] INFO:colcon.colcon_core.shell:Creating prefix util module '/home/f1tenth/lab_ws25/install/_local_setup_util_sh.py'
[215.616s] INFO:colcon.colcon_core.shell:Creating prefix chain script '/home/f1tenth/lab_ws25/install/setup.sh'
[215.618s] INFO:colcon.colcon_core.shell:Creating prefix script '/home/f1tenth/lab_ws25/install/local_setup.bash'
[215.619s] INFO:colcon.colcon_core.shell:Creating prefix chain script '/home/f1tenth/lab_ws25/install/setup.bash'
[215.621s] INFO:colcon.colcon_core.shell:Creating prefix script '/home/f1tenth/lab_ws25/install/local_setup.zsh'
[215.623s] INFO:colcon.colcon_core.shell:Creating prefix chain script '/home/f1tenth/lab_ws25/install/setup.zsh'
