[4.656s] Invoking command in '/home/f1tenth/lab_ws25/src/follow_the_gap_wrapper/follow_the_gap/follow_the_gap': PYTHONPATH=/home/f1tenth/lab_ws25/build/follow_the_gap/prefix_override:/usr/lib/python3/dist-packages/colcon_core/task/python/colcon_distutils_commands:/home/f1tenth/lab_ws25/install/follow_the_gap/lib/python3.8/site-packages:${PYTHONPATH} /usr/bin/python3 -W ignore:setup.py install is deprecated -W ignore:easy_install command is deprecated setup.py egg_info --egg-base ../../../../build/follow_the_gap build --build-base /home/f1tenth/lab_ws25/build/follow_the_gap/build install --record /home/f1tenth/lab_ws25/build/follow_the_gap/install.log --install-scripts $base/lib/follow_the_gap --single-version-externally-managed install_data
[5.335s] /usr/local/lib/python3.8/dist-packages/setuptools/dist.py:771: UserWarning: Usage of dash-separated 'script-dir' will not be supported in future versions. Please use the underscore name 'script_dir' instead
[5.335s]   warnings.warn(
[5.611s] running egg_info
[5.651s] writing ../../../../build/follow_the_gap/follow_the_gap.egg-info/PKG-INFO
[5.652s] writing dependency_links to ../../../../build/follow_the_gap/follow_the_gap.egg-info/dependency_links.txt
[5.652s] writing entry points to ../../../../build/follow_the_gap/follow_the_gap.egg-info/entry_points.txt
[5.653s] writing requirements to ../../../../build/follow_the_gap/follow_the_gap.egg-info/requires.txt
[5.653s] writing top-level names to ../../../../build/follow_the_gap/follow_the_gap.egg-info/top_level.txt
[5.765s] reading manifest file '../../../../build/follow_the_gap/follow_the_gap.egg-info/SOURCES.txt'
[5.766s] writing manifest file '../../../../build/follow_the_gap/follow_the_gap.egg-info/SOURCES.txt'
[5.767s] running build
[5.767s] running build_py
[5.768s] running install
[5.780s] running install_lib
[5.820s] running install_data
[5.820s] running install_egg_info
[5.861s] removing '/home/f1tenth/lab_ws25/install/follow_the_gap/lib/python3.8/site-packages/follow_the_gap-0.0.0-py3.8.egg-info' (and everything under it)
[5.862s] Copying ../../../../build/follow_the_gap/follow_the_gap.egg-info to /home/f1tenth/lab_ws25/install/follow_the_gap/lib/python3.8/site-packages/follow_the_gap-0.0.0-py3.8.egg-info
[5.864s] running install_scripts
[6.017s] Installing follow_the_gap script to /home/f1tenth/lab_ws25/install/follow_the_gap/lib/follow_the_gap
[6.018s] writing list of installed files to '/home/f1tenth/lab_ws25/build/follow_the_gap/install.log'
[6.174s] Invoked command in '/home/f1tenth/lab_ws25/src/follow_the_gap_wrapper/follow_the_gap/follow_the_gap' returned '0': PYTHONPATH=/home/f1tenth/lab_ws25/build/follow_the_gap/prefix_override:/usr/lib/python3/dist-packages/colcon_core/task/python/colcon_distutils_commands:/home/f1tenth/lab_ws25/install/follow_the_gap/lib/python3.8/site-packages:${PYTHONPATH} /usr/bin/python3 -W ignore:setup.py install is deprecated -W ignore:easy_install command is deprecated setup.py egg_info --egg-base ../../../../build/follow_the_gap build --build-base /home/f1tenth/lab_ws25/build/follow_the_gap/build install --record /home/f1tenth/lab_ws25/build/follow_the_gap/install.log --install-scripts $base/lib/follow_the_gap --single-version-externally-managed install_data
