[11.490s] Invoking command in '/home/f1tenth/f1tenth_ws/src/f1tenth_system/teleop_tools/key_teleop': PYTHONPATH=/home/f1tenth/f1tenth_ws/build/key_teleop/prefix_override:/home/f1tenth/f1tenth_ws/install/key_teleop/lib/python3.8/site-packages:${PYTHONPATH} /usr/bin/python3 setup.py egg_info --egg-base ../../../../build/key_teleop build --build-base /home/f1tenth/f1tenth_ws/build/key_teleop/build install --record /home/f1tenth/f1tenth_ws/build/key_teleop/install.log --install-scripts $base/lib/key_teleop --single-version-externally-managed
[12.116s] /usr/local/lib/python3.8/dist-packages/setuptools/dist.py:771: UserWarning: Usage of dash-separated 'script-dir' will not be supported in future versions. Please use the underscore name 'script_dir' instead
[12.118s]   warnings.warn(
[12.312s] running egg_info
[12.342s] writing ../../../../build/key_teleop/key_teleop.egg-info/PKG-INFO
[12.344s] writing dependency_links to ../../../../build/key_teleop/key_teleop.egg-info/dependency_links.txt
[12.344s] writing entry points to ../../../../build/key_teleop/key_teleop.egg-info/entry_points.txt
[12.345s] writing requirements to ../../../../build/key_teleop/key_teleop.egg-info/requires.txt
[12.345s] writing top-level names to ../../../../build/key_teleop/key_teleop.egg-info/top_level.txt
[12.412s] reading manifest file '../../../../build/key_teleop/key_teleop.egg-info/SOURCES.txt'
[12.412s] adding license file 'LICENSE'
[12.418s] writing manifest file '../../../../build/key_teleop/key_teleop.egg-info/SOURCES.txt'
[12.418s] running build
[12.418s] running build_py
[12.418s] running install
[12.418s] /usr/local/lib/python3.8/dist-packages/setuptools/command/install.py:34: SetuptoolsDeprecationWarning: setup.py install is deprecated. Use build and pip and other standards-based tools.
[12.419s]   warnings.warn(
[12.423s] running install_lib
[12.454s] running install_data
[12.491s] running install_egg_info
[12.549s] removing '/home/f1tenth/f1tenth_ws/install/key_teleop/lib/python3.8/site-packages/key_teleop-0.3.0-py3.8.egg-info' (and everything under it)
[12.550s] Copying ../../../../build/key_teleop/key_teleop.egg-info to /home/f1tenth/f1tenth_ws/install/key_teleop/lib/python3.8/site-packages/key_teleop-0.3.0-py3.8.egg-info
[12.553s] running install_scripts
[12.680s] Installing key_teleop script to /home/f1tenth/f1tenth_ws/install/key_teleop/lib/key_teleop
[12.681s] writing list of installed files to '/home/f1tenth/f1tenth_ws/build/key_teleop/install.log'
[16.479s] Invoked command in '/home/f1tenth/f1tenth_ws/src/f1tenth_system/teleop_tools/key_teleop' returned '0': PYTHONPATH=/home/f1tenth/f1tenth_ws/build/key_teleop/prefix_override:/home/f1tenth/f1tenth_ws/install/key_teleop/lib/python3.8/site-packages:${PYTHONPATH} /usr/bin/python3 setup.py egg_info --egg-base ../../../../build/key_teleop build --build-base /home/f1tenth/f1tenth_ws/build/key_teleop/build install --record /home/f1tenth/f1tenth_ws/build/key_teleop/install.log --install-scripts $base/lib/key_teleop --single-version-externally-managed
