[4.575s] Invoking command in '/home/f1tenth/f1tenth_ws/build/key_teleop': PYTHONPATH=/home/f1tenth/f1tenth_ws/build/key_teleop/prefix_override:/usr/lib/python3/dist-packages/colcon_core/task/python/colcon_distutils_commands:/home/f1tenth/f1tenth_ws/install/key_teleop/lib/python3.8/site-packages:${PYTHONPATH} /usr/bin/python3 -W ignore:setup.py install is deprecated -W ignore:easy_install command is deprecated setup.py develop --uninstall --editable --build-directory /home/f1tenth/f1tenth_ws/build/key_teleop/build
[5.778s] /usr/local/lib/python3.8/dist-packages/setuptools/dist.py:771: UserWarning: Usage of dash-separated 'script-dir' will not be supported in future versions. Please use the underscore name 'script_dir' instead
[5.778s]   warnings.warn(
[5.998s] running develop
[6.675s] Removing /home/f1tenth/f1tenth_ws/install/key_teleop/lib/python3.8/site-packages/key-teleop.egg-link (link to .)
[6.926s] Invoked command in '/home/f1tenth/f1tenth_ws/build/key_teleop' returned '0': PYTHONPATH=/home/f1tenth/f1tenth_ws/build/key_teleop/prefix_override:/usr/lib/python3/dist-packages/colcon_core/task/python/colcon_distutils_commands:/home/f1tenth/f1tenth_ws/install/key_teleop/lib/python3.8/site-packages:${PYTHONPATH} /usr/bin/python3 -W ignore:setup.py install is deprecated -W ignore:easy_install command is deprecated setup.py develop --uninstall --editable --build-directory /home/f1tenth/f1tenth_ws/build/key_teleop/build
[6.934s] Invoking command in '/home/f1tenth/f1tenth_ws/src/f1tenth_system/teleop_tools/key_teleop': PYTHONPATH=/home/f1tenth/f1tenth_ws/build/key_teleop/prefix_override:/usr/lib/python3/dist-packages/colcon_core/task/python/colcon_distutils_commands:/home/f1tenth/f1tenth_ws/install/key_teleop/lib/python3.8/site-packages:${PYTHONPATH} /usr/bin/python3 -W ignore:setup.py install is deprecated -W ignore:easy_install command is deprecated setup.py egg_info --egg-base ../../../../build/key_teleop build --build-base /home/f1tenth/f1tenth_ws/build/key_teleop/build install --record /home/f1tenth/f1tenth_ws/build/key_teleop/install.log --install-scripts $base/lib/key_teleop --single-version-externally-managed install_data --force
[7.947s] /usr/local/lib/python3.8/dist-packages/setuptools/dist.py:771: UserWarning: Usage of dash-separated 'script-dir' will not be supported in future versions. Please use the underscore name 'script_dir' instead
[7.948s]   warnings.warn(
[8.372s] running egg_info
[8.453s] writing ../../../../build/key_teleop/key_teleop.egg-info/PKG-INFO
[8.464s] writing dependency_links to ../../../../build/key_teleop/key_teleop.egg-info/dependency_links.txt
[8.464s] writing entry points to ../../../../build/key_teleop/key_teleop.egg-info/entry_points.txt
[8.465s] writing requirements to ../../../../build/key_teleop/key_teleop.egg-info/requires.txt
[8.465s] writing top-level names to ../../../../build/key_teleop/key_teleop.egg-info/top_level.txt
[8.673s] reading manifest file '../../../../build/key_teleop/key_teleop.egg-info/SOURCES.txt'
[8.679s] adding license file 'LICENSE'
[8.682s] writing manifest file '../../../../build/key_teleop/key_teleop.egg-info/SOURCES.txt'
[8.683s] running build
[8.683s] running build_py
[8.686s] running install
[8.699s] running install_lib
[8.772s] creating /home/f1tenth/f1tenth_ws/install/key_teleop/lib/python3.8/site-packages/key_teleop
[8.776s] copying /home/f1tenth/f1tenth_ws/build/key_teleop/build/lib/key_teleop/key_teleop.py -> /home/f1tenth/f1tenth_ws/install/key_teleop/lib/python3.8/site-packages/key_teleop
[8.779s] copying /home/f1tenth/f1tenth_ws/build/key_teleop/build/lib/key_teleop/__init__.py -> /home/f1tenth/f1tenth_ws/install/key_teleop/lib/python3.8/site-packages/key_teleop
[8.780s] byte-compiling /home/f1tenth/f1tenth_ws/install/key_teleop/lib/python3.8/site-packages/key_teleop/key_teleop.py to key_teleop.cpython-38.pyc
[8.792s] byte-compiling /home/f1tenth/f1tenth_ws/install/key_teleop/lib/python3.8/site-packages/key_teleop/__init__.py to __init__.cpython-38.pyc
[8.792s] running install_data
[8.792s] copying package.xml -> /home/f1tenth/f1tenth_ws/install/key_teleop/share/key_teleop
[8.793s] copying config/key_teleop.yaml -> /home/f1tenth/f1tenth_ws/install/key_teleop/share/key_teleop/config
[8.794s] copying resource/key_teleop -> /home/f1tenth/f1tenth_ws/install/key_teleop/share/ament_index/resource_index/packages
[8.794s] running install_egg_info
[8.859s] Copying ../../../../build/key_teleop/key_teleop.egg-info to /home/f1tenth/f1tenth_ws/install/key_teleop/lib/python3.8/site-packages/key_teleop-0.3.0-py3.8.egg-info
[8.867s] running install_scripts
[9.100s] Installing key_teleop script to /home/f1tenth/f1tenth_ws/install/key_teleop/lib/key_teleop
[9.102s] writing list of installed files to '/home/f1tenth/f1tenth_ws/build/key_teleop/install.log'
[9.279s] Invoked command in '/home/f1tenth/f1tenth_ws/src/f1tenth_system/teleop_tools/key_teleop' returned '0': PYTHONPATH=/home/f1tenth/f1tenth_ws/build/key_teleop/prefix_override:/usr/lib/python3/dist-packages/colcon_core/task/python/colcon_distutils_commands:/home/f1tenth/f1tenth_ws/install/key_teleop/lib/python3.8/site-packages:${PYTHONPATH} /usr/bin/python3 -W ignore:setup.py install is deprecated -W ignore:easy_install command is deprecated setup.py egg_info --egg-base ../../../../build/key_teleop build --build-base /home/f1tenth/f1tenth_ws/build/key_teleop/build install --record /home/f1tenth/f1tenth_ws/build/key_teleop/install.log --install-scripts $base/lib/key_teleop --single-version-externally-managed install_data --force
