[0.089s] Invoking command in '/home/f1tenth/lab_ws25/build/slam_toolbox': CMAKE_PREFIX_PATH=/home/f1tenth/lab_ws25/install/waypoint_visualizer:/home/f1tenth/lab_ws25/install/slam_toolbox:/home/f1tenth/lab_ws25/install/stanley_avoidance:/home/f1tenth/lab_ws25/install/safety_node:/home/f1tenth/lab_ws25/install/rrt:/home/f1tenth/lab_ws25/install/particle_filter:/home/f1tenth/lab_ws25/install/follow_the_gap:/opt/ros/foxy:/home/f1tenth/lab_ws25/install/ros_deep_learning:/home/f1tenth/lab_ws25/install/pure_pursuit /usr/bin/cmake --build /home/f1tenth/lab_ws25/build/slam_toolbox -- -j6 -l6
[0.595s] [  1%] Built target slam_toolbox__cpp
[0.634s] [ 10%] Built target slam_toolbox__rosidl_generator_c
[0.650s] [ 12%] Built target kartoSlamToolbox
[0.796s] [ 21%] Built target slam_toolbox__rosidl_typesupport_cpp
[0.803s] [ 30%] Built target slam_toolbox__rosidl_typesupport_introspection_cpp
[0.825s] [ 39%] Built target slam_toolbox__rosidl_typesupport_introspection_c
[0.827s] [ 48%] Built target slam_toolbox__rosidl_typesupport_fastrtps_cpp
[0.856s] [ 57%] Built target slam_toolbox__rosidl_typesupport_c
[0.925s] [ 58%] [32m[1mLinking CXX shared library libslam_toolbox__rosidl_typesupport_fastrtps_c.so[0m
[1.236s] [ 66%] Built target slam_toolbox__rosidl_typesupport_fastrtps_c
[1.310s] [ 66%] Built target slam_toolbox
[1.492s] [ 67%] Built target slam_toolbox__py
[1.525s] [ 68%] [32m[1mLinking CXX shared library libtoolbox_common.so[0m
[1.582s] [ 69%] [32m[1mLinking CXX shared library libceres_solver_plugin.so[0m
[1.669s] [ 69%] [32m[1mLinking CXX shared library libSlamToolboxPlugin.so[0m
[1.696s] [ 77%] Built target slam_toolbox__python
[1.885s] [ 78%] [32m[1mLinking CXX shared library rosidl_generator_py/slam_toolbox/slam_toolbox_s__rosidl_typesupport_fastrtps_c.cpython-38-aarch64-linux-gnu.so[0m
[1.940s] [ 79%] Built target slam_toolbox__rosidl_typesupport_introspection_c__pyext
[1.958s] [ 80%] Built target slam_toolbox__rosidl_typesupport_c__pyext
[2.490s] [ 80%] Built target slam_toolbox__rosidl_typesupport_fastrtps_c__pyext
[4.804s] [ 81%] Built target ceres_solver_plugin
[5.751s] [ 85%] Built target toolbox_common
[6.037s] [ 86%] [32m[1mLinking CXX shared library liblifelong_slam_toolbox.so[0m
[6.061s] [ 87%] [32m[1mLinking CXX shared library libasync_slam_toolbox.so[0m
[6.086s] [ 88%] [32m[1mLinking CXX shared library libsync_slam_toolbox.so[0m
[6.119s] [ 88%] [32m[1mLinking CXX executable merge_maps_kinematic[0m
[6.119s] [ 88%] [32m[1mLinking CXX shared library liblocalization_slam_toolbox.so[0m
[8.648s] [ 90%] Built target SlamToolboxPlugin
[8.653s] [ 91%] Built target async_slam_toolbox
[8.875s] [ 92%] Built target lifelong_slam_toolbox
[8.883s] [ 93%] Built target sync_slam_toolbox
[8.899s] [ 93%] [32m[1mLinking CXX executable async_slam_toolbox_node[0m
[8.978s] [ 94%] [32m[1mLinking CXX executable sync_slam_toolbox_node[0m
[9.023s] [ 95%] [32m[1mLinking CXX executable lifelong_slam_toolbox_node[0m
[9.091s] [ 96%] Built target localization_slam_toolbox
[9.256s] [ 97%] [32m[1mLinking CXX executable localization_slam_toolbox_node[0m
[9.635s] [ 98%] Built target merge_maps_kinematic
[10.721s] [ 98%] Built target lifelong_slam_toolbox_node
[10.801s] [ 99%] Built target async_slam_toolbox_node
[10.902s] [ 99%] Built target sync_slam_toolbox_node
[11.082s] [100%] Built target localization_slam_toolbox_node
