[3.379s] Invoking command in '/home/f1tenth/lab_ws25/build/follow_the_gap': PYTHONPATH=/home/f1tenth/lab_ws25/build/follow_the_gap/prefix_override:/usr/lib/python3/dist-packages/colcon_core/task/python/colcon_distutils_commands:/home/f1tenth/lab_ws25/install/follow_the_gap/lib/python3.8/site-packages:${PYTHONPATH} /usr/bin/python3 -W ignore:setup.py install is deprecated -W ignore:easy_install command is deprecated setup.py develop --editable --build-directory /home/f1tenth/lab_ws25/build/follow_the_gap/build --no-deps symlink_data
[4.106s] /usr/local/lib/python3.8/dist-packages/setuptools/dist.py:771: UserWarning: Usage of dash-separated 'script-dir' will not be supported in future versions. Please use the underscore name 'script_dir' instead
[4.106s]   warnings.warn(
[4.370s] running develop
[4.937s] running egg_info
[4.937s] creating follow_the_gap.egg-info
[4.973s] writing follow_the_gap.egg-info/PKG-INFO
[4.974s] writing dependency_links to follow_the_gap.egg-info/dependency_links.txt
[4.974s] writing entry points to follow_the_gap.egg-info/entry_points.txt
[4.975s] writing requirements to follow_the_gap.egg-info/requires.txt
[4.975s] writing top-level names to follow_the_gap.egg-info/top_level.txt
[4.977s] writing manifest file 'follow_the_gap.egg-info/SOURCES.txt'
[5.051s] reading manifest file 'follow_the_gap.egg-info/SOURCES.txt'
[5.053s] writing manifest file 'follow_the_gap.egg-info/SOURCES.txt'
[5.181s] running build_ext
[5.182s] Creating /home/f1tenth/lab_ws25/install/follow_the_gap/lib/python3.8/site-packages/follow-the-gap.egg-link (link to .)
[5.183s] Installing follow_the_gap script to /home/f1tenth/lab_ws25/install/follow_the_gap/lib/follow_the_gap
[5.184s] 
[5.184s] Installed /home/f1tenth/lab_ws25/build/follow_the_gap
[5.184s] running symlink_data
[5.185s] creating /home/f1tenth/lab_ws25/install/follow_the_gap/share/ament_index
[5.185s] creating /home/f1tenth/lab_ws25/install/follow_the_gap/share/ament_index/resource_index
[5.185s] creating /home/f1tenth/lab_ws25/install/follow_the_gap/share/ament_index/resource_index/packages
[5.185s] symbolically linking /home/f1tenth/lab_ws25/build/follow_the_gap/resource/follow_the_gap -> /home/f1tenth/lab_ws25/install/follow_the_gap/share/ament_index/resource_index/packages
[5.185s] symbolically linking /home/f1tenth/lab_ws25/build/follow_the_gap/package.xml -> /home/f1tenth/lab_ws25/install/follow_the_gap/share/follow_the_gap
[5.366s] Invoked command in '/home/f1tenth/lab_ws25/build/follow_the_gap' returned '0': PYTHONPATH=/home/f1tenth/lab_ws25/build/follow_the_gap/prefix_override:/usr/lib/python3/dist-packages/colcon_core/task/python/colcon_distutils_commands:/home/f1tenth/lab_ws25/install/follow_the_gap/lib/python3.8/site-packages:${PYTHONPATH} /usr/bin/python3 -W ignore:setup.py install is deprecated -W ignore:easy_install command is deprecated setup.py develop --editable --build-directory /home/f1tenth/lab_ws25/build/follow_the_gap/build --no-deps symlink_data
