running egg_info
writing ../../../build/safety_node/safety_node.egg-info/PKG-INFO
writing dependency_links to ../../../build/safety_node/safety_node.egg-info/dependency_links.txt
writing entry points to ../../../build/safety_node/safety_node.egg-info/entry_points.txt
writing requirements to ../../../build/safety_node/safety_node.egg-info/requires.txt
writing top-level names to ../../../build/safety_node/safety_node.egg-info/top_level.txt
reading manifest file '../../../build/safety_node/safety_node.egg-info/SOURCES.txt'
writing manifest file '../../../build/safety_node/safety_node.egg-info/SOURCES.txt'
running build
running build_py
copying safety_node/safety_node.py -> /home/f1tenth/lab_ws25/build/safety_node/build/lib/safety_node
running install
running install_lib
copying /home/f1tenth/lab_ws25/build/safety_node/build/lib/safety_node/safety_node.py -> /home/f1tenth/lab_ws25/install/safety_node/lib/python3.8/site-packages/safety_node
byte-compiling /home/f1tenth/lab_ws25/install/safety_node/lib/python3.8/site-packages/safety_node/safety_node.py to safety_node.cpython-38.pyc
running install_data
running install_egg_info
removing '/home/f1tenth/lab_ws25/install/safety_node/lib/python3.8/site-packages/safety_node-0.0.0-py3.8.egg-info' (and everything under it)
Copying ../../../build/safety_node/safety_node.egg-info to /home/f1tenth/lab_ws25/install/safety_node/lib/python3.8/site-packages/safety_node-0.0.0-py3.8.egg-info
running install_scripts
Installing safety_node script to /home/f1tenth/lab_ws25/install/safety_node/lib/safety_node
writing list of installed files to '/home/f1tenth/lab_ws25/build/safety_node/install.log'
