[2.673s] Invoking command in '/home/f1tenth/lab_ws25/src/safety_node_car_wrapper/safety_node': PYTHONPATH=/home/f1tenth/lab_ws25/build/safety_node/prefix_override:/usr/lib/python3/dist-packages/colcon_core/task/python/colcon_distutils_commands:/home/f1tenth/lab_ws25/install/safety_node/lib/python3.8/site-packages:${PYTHONPATH} /usr/bin/python3 -W ignore:setup.py install is deprecated -W ignore:easy_install command is deprecated setup.py egg_info --egg-base ../../../build/safety_node build --build-base /home/f1tenth/lab_ws25/build/safety_node/build install --record /home/f1tenth/lab_ws25/build/safety_node/install.log --install-scripts $base/lib/safety_node --single-version-externally-managed install_data
[3.333s] /usr/local/lib/python3.8/dist-packages/setuptools/dist.py:771: UserWarning: Usage of dash-separated 'script-dir' will not be supported in future versions. Please use the underscore name 'script_dir' instead
[3.333s]   warnings.warn(
[3.598s] running egg_info
[3.636s] writing ../../../build/safety_node/safety_node.egg-info/PKG-INFO
[3.637s] writing dependency_links to ../../../build/safety_node/safety_node.egg-info/dependency_links.txt
[3.638s] writing entry points to ../../../build/safety_node/safety_node.egg-info/entry_points.txt
[3.638s] writing requirements to ../../../build/safety_node/safety_node.egg-info/requires.txt
[3.638s] writing top-level names to ../../../build/safety_node/safety_node.egg-info/top_level.txt
[3.743s] reading manifest file '../../../build/safety_node/safety_node.egg-info/SOURCES.txt'
[3.745s] writing manifest file '../../../build/safety_node/safety_node.egg-info/SOURCES.txt'
[3.745s] running build
[3.746s] running build_py
[3.746s] copying safety_node/safety_node.py -> /home/f1tenth/lab_ws25/build/safety_node/build/lib/safety_node
[3.746s] running install
[3.758s] running install_lib
[3.795s] copying /home/f1tenth/lab_ws25/build/safety_node/build/lib/safety_node/safety_node.py -> /home/f1tenth/lab_ws25/install/safety_node/lib/python3.8/site-packages/safety_node
[3.796s] byte-compiling /home/f1tenth/lab_ws25/install/safety_node/lib/python3.8/site-packages/safety_node/safety_node.py to safety_node.cpython-38.pyc
[3.798s] running install_data
[3.798s] running install_egg_info
[3.838s] removing '/home/f1tenth/lab_ws25/install/safety_node/lib/python3.8/site-packages/safety_node-0.0.0-py3.8.egg-info' (and everything under it)
[3.839s] Copying ../../../build/safety_node/safety_node.egg-info to /home/f1tenth/lab_ws25/install/safety_node/lib/python3.8/site-packages/safety_node-0.0.0-py3.8.egg-info
[3.840s] running install_scripts
[3.984s] Installing safety_node script to /home/f1tenth/lab_ws25/install/safety_node/lib/safety_node
[3.985s] writing list of installed files to '/home/f1tenth/lab_ws25/build/safety_node/install.log'
[4.104s] Invoked command in '/home/f1tenth/lab_ws25/src/safety_node_car_wrapper/safety_node' returned '0': PYTHONPATH=/home/f1tenth/lab_ws25/build/safety_node/prefix_override:/usr/lib/python3/dist-packages/colcon_core/task/python/colcon_distutils_commands:/home/f1tenth/lab_ws25/install/safety_node/lib/python3.8/site-packages:${PYTHONPATH} /usr/bin/python3 -W ignore:setup.py install is deprecated -W ignore:easy_install command is deprecated setup.py egg_info --egg-base ../../../build/safety_node build --build-base /home/f1tenth/lab_ws25/build/safety_node/build install --record /home/f1tenth/lab_ws25/build/safety_node/install.log --install-scripts $base/lib/safety_node --single-version-externally-managed install_data
