[3.515s] Invoking command in '/home/f1tenth/lab_ws25/build/stanley_avoidance': PYTHONPATH=/home/f1tenth/lab_ws25/build/stanley_avoidance/prefix_override:/usr/lib/python3/dist-packages/colcon_core/task/python/colcon_distutils_commands:/home/f1tenth/lab_ws25/install/stanley_avoidance/lib/python3.8/site-packages:${PYTHONPATH} /usr/bin/python3 -W ignore:setup.py install is deprecated -W ignore:easy_install command is deprecated setup.py develop --editable --build-directory /home/f1tenth/lab_ws25/build/stanley_avoidance/build --no-deps symlink_data --force
[4.306s] /usr/local/lib/python3.8/dist-packages/setuptools/dist.py:771: UserWarning: Usage of dash-separated 'script-dir' will not be supported in future versions. Please use the underscore name 'script_dir' instead
[4.306s]   warnings.warn(
[4.582s] running develop
[5.154s] running egg_info
[5.189s] writing stanley_avoidance.egg-info/PKG-INFO
[5.189s] writing dependency_links to stanley_avoidance.egg-info/dependency_links.txt
[5.190s] writing entry points to stanley_avoidance.egg-info/entry_points.txt
[5.190s] writing requirements to stanley_avoidance.egg-info/requires.txt
[5.191s] writing top-level names to stanley_avoidance.egg-info/top_level.txt
[5.269s] reading manifest file 'stanley_avoidance.egg-info/SOURCES.txt'
[5.271s] writing manifest file 'stanley_avoidance.egg-info/SOURCES.txt'
[5.402s] running build_ext
[5.402s] Creating /home/f1tenth/lab_ws25/install/stanley_avoidance/lib/python3.8/site-packages/stanley-avoidance.egg-link (link to .)
[5.404s] Installing stanley_avoidance script to /home/f1tenth/lab_ws25/install/stanley_avoidance/lib/stanley_avoidance
[5.404s] 
[5.405s] Installed /home/f1tenth/lab_ws25/build/stanley_avoidance
[5.405s] running symlink_data
[5.405s] symbolically linking /home/f1tenth/lab_ws25/build/stanley_avoidance/resource/stanley_avoidance -> /home/f1tenth/lab_ws25/install/stanley_avoidance/share/ament_index/resource_index/packages
[5.406s] symbolically linking /home/f1tenth/lab_ws25/build/stanley_avoidance/package.xml -> /home/f1tenth/lab_ws25/install/stanley_avoidance/share/stanley_avoidance
[5.406s] symbolically linking /home/f1tenth/lab_ws25/build/stanley_avoidance/racelines/traj_race.csv -> /home/f1tenth/lab_ws25/install/stanley_avoidance/share/stanley_avoidance/racelines
[5.406s] symbolically linking /home/f1tenth/lab_ws25/build/stanley_avoidance/racelines/traj_race_cl-2023-12-13_mintime_right.csv -> /home/f1tenth/lab_ws25/install/stanley_avoidance/share/stanley_avoidance/racelines
[5.406s] symbolically linking /home/f1tenth/lab_ws25/build/stanley_avoidance/racelines/shortest_path.csv -> /home/f1tenth/lab_ws25/install/stanley_avoidance/share/stanley_avoidance/racelines
[5.407s] symbolically linking /home/f1tenth/lab_ws25/build/stanley_avoidance/racelines/e7_floor5.csv -> /home/f1tenth/lab_ws25/install/stanley_avoidance/share/stanley_avoidance/racelines
[5.407s] symbolically linking /home/f1tenth/lab_ws25/build/stanley_avoidance/racelines/traj_race_cl-2023-12-13_shortest_path_right.csv -> /home/f1tenth/lab_ws25/install/stanley_avoidance/share/stanley_avoidance/racelines
[5.407s] symbolically linking /home/f1tenth/lab_ws25/build/stanley_avoidance/racelines/traj_race_cl-2023-12-13_shortest_path_left.csv -> /home/f1tenth/lab_ws25/install/stanley_avoidance/share/stanley_avoidance/racelines
[5.407s] symbolically linking /home/f1tenth/lab_ws25/build/stanley_avoidance/racelines/traj_race_cl-2023-12-13_mincurv_right.csv -> /home/f1tenth/lab_ws25/install/stanley_avoidance/share/stanley_avoidance/racelines
[5.407s] symbolically linking /home/f1tenth/lab_ws25/build/stanley_avoidance/racelines/FTMHalle_Mincurve.csv -> /home/f1tenth/lab_ws25/install/stanley_avoidance/share/stanley_avoidance/racelines
[5.408s] symbolically linking /home/f1tenth/lab_ws25/build/stanley_avoidance/racelines/traj_race_cl-2023-12-05_mincurv.csv -> /home/f1tenth/lab_ws25/install/stanley_avoidance/share/stanley_avoidance/racelines
[5.408s] symbolically linking /home/f1tenth/lab_ws25/build/stanley_avoidance/racelines/FTMHalle_Mincurve_new.csv -> /home/f1tenth/lab_ws25/install/stanley_avoidance/share/stanley_avoidance/racelines
[5.408s] symbolically linking /home/f1tenth/lab_ws25/build/stanley_avoidance/racelines/traj_race_cl-2023-12-13_mincurv_iqp_right.csv -> /home/f1tenth/lab_ws25/install/stanley_avoidance/share/stanley_avoidance/racelines
[5.408s] symbolically linking /home/f1tenth/lab_ws25/build/stanley_avoidance/launch/sim_multi_agent_stanley_avoidance_launch.py -> /home/f1tenth/lab_ws25/install/stanley_avoidance/share/stanley_avoidance/launch
[5.408s] symbolically linking /home/f1tenth/lab_ws25/build/stanley_avoidance/launch/stanley_avoidance.rviz -> /home/f1tenth/lab_ws25/install/stanley_avoidance/share/stanley_avoidance/launch
[5.409s] symbolically linking /home/f1tenth/lab_ws25/build/stanley_avoidance/launch/stanley_avoidance_launch.py -> /home/f1tenth/lab_ws25/install/stanley_avoidance/share/stanley_avoidance/launch
[5.409s] symbolically linking /home/f1tenth/lab_ws25/build/stanley_avoidance/launch/sim_stanley_avoidance_launch.py -> /home/f1tenth/lab_ws25/install/stanley_avoidance/share/stanley_avoidance/launch
[5.409s] symbolically linking /home/f1tenth/lab_ws25/build/stanley_avoidance/config/config.yaml -> /home/f1tenth/lab_ws25/install/stanley_avoidance/share/stanley_avoidance/config
[5.409s] symbolically linking /home/f1tenth/lab_ws25/build/stanley_avoidance/config/sim_config.yaml -> /home/f1tenth/lab_ws25/install/stanley_avoidance/share/stanley_avoidance/config
