[4.075s] Invoking command in '/home/f1tenth/f1tenth_ws/src/safety_node': PYTHONPATH=/home/f1tenth/f1tenth_ws/build/safety_node/prefix_override:/home/f1tenth/f1tenth_ws/install/safety_node/lib/python3.8/site-packages:${PYTHONPATH} /usr/bin/python3 setup.py egg_info --egg-base ../../build/safety_node build --build-base /home/f1tenth/f1tenth_ws/build/safety_node/build install --record /home/f1tenth/f1tenth_ws/build/safety_node/install.log --install-scripts $base/lib/safety_node --single-version-externally-managed
[4.660s] /usr/local/lib/python3.8/dist-packages/setuptools/dist.py:771: UserWarning: Usage of dash-separated 'script-dir' will not be supported in future versions. Please use the underscore name 'script_dir' instead
[4.661s]   warnings.warn(
[4.845s] running egg_info
[4.874s] writing ../../build/safety_node/safety_node.egg-info/PKG-INFO
[4.875s] writing dependency_links to ../../build/safety_node/safety_node.egg-info/dependency_links.txt
[4.875s] writing entry points to ../../build/safety_node/safety_node.egg-info/entry_points.txt
[4.875s] writing requirements to ../../build/safety_node/safety_node.egg-info/requires.txt
[4.876s] writing top-level names to ../../build/safety_node/safety_node.egg-info/top_level.txt
[4.935s] reading manifest file '../../build/safety_node/safety_node.egg-info/SOURCES.txt'
[4.937s] writing manifest file '../../build/safety_node/safety_node.egg-info/SOURCES.txt'
[4.938s] running build
[4.938s] running build_py
[4.938s] copying safety_node/safety_node.py -> /home/f1tenth/f1tenth_ws/build/safety_node/build/lib/safety_node
[4.939s] running install
[4.939s] /usr/local/lib/python3.8/dist-packages/setuptools/command/install.py:34: SetuptoolsDeprecationWarning: setup.py install is deprecated. Use build and pip and other standards-based tools.
[4.939s]   warnings.warn(
[4.950s] running install_lib
[4.978s] copying /home/f1tenth/f1tenth_ws/build/safety_node/build/lib/safety_node/safety_node.py -> /home/f1tenth/f1tenth_ws/install/safety_node/lib/python3.8/site-packages/safety_node
[4.979s] byte-compiling /home/f1tenth/f1tenth_ws/install/safety_node/lib/python3.8/site-packages/safety_node/safety_node.py to safety_node.cpython-38.pyc
[4.981s] running install_data
[5.009s] running install_egg_info
[5.064s] removing '/home/f1tenth/f1tenth_ws/install/safety_node/lib/python3.8/site-packages/safety_node-0.0.0-py3.8.egg-info' (and everything under it)
[5.065s] Copying ../../build/safety_node/safety_node.egg-info to /home/f1tenth/f1tenth_ws/install/safety_node/lib/python3.8/site-packages/safety_node-0.0.0-py3.8.egg-info
[5.067s] running install_scripts
[5.185s] Installing safety_node script to /home/f1tenth/f1tenth_ws/install/safety_node/lib/safety_node
[5.186s] writing list of installed files to '/home/f1tenth/f1tenth_ws/build/safety_node/install.log'
[5.292s] Invoked command in '/home/f1tenth/f1tenth_ws/src/safety_node' returned '0': PYTHONPATH=/home/f1tenth/f1tenth_ws/build/safety_node/prefix_override:/home/f1tenth/f1tenth_ws/install/safety_node/lib/python3.8/site-packages:${PYTHONPATH} /usr/bin/python3 setup.py egg_info --egg-base ../../build/safety_node build --build-base /home/f1tenth/f1tenth_ws/build/safety_node/build install --record /home/f1tenth/f1tenth_ws/build/safety_node/install.log --install-scripts $base/lib/safety_node --single-version-externally-managed
