[0.513s] DEBUG:colcon:Command line arguments: ['/usr/bin/colcon', 'build']
[0.514s] DEBUG:colcon:Parsed command line arguments: Namespace(allow_overriding=[], ament_cmake_args=None, base_paths=['.'], build_base='build', catkin_cmake_args=None, catkin_skip_building_tests=False, cmake_args=None, cmake_clean_cache=False, cmake_clean_first=False, cmake_force_configure=False, cmake_target=None, cmake_target_skip_unavailable=False, continue_on_error=False, event_handlers=None, executor='parallel', ignore_user_meta=False, install_base='install', log_base=None, log_level=None, main=<bound method BuildVerb.main of <colcon_core.verb.build.BuildVerb object at 0xffffa493d880>>, merge_install=False, metas=['./colcon.meta'], mixin=None, mixin_files=None, mixin_verb=('build',), packages_above=None, packages_above_and_dependencies=None, packages_above_depth=None, packages_end=None, packages_ignore=None, packages_ignore_regex=None, packages_select=None, packages_select_build_failed=False, packages_select_by_dep=None, packages_select_regex=None, packages_select_test_failures=False, packages_skip=None, packages_skip_build_finished=False, packages_skip_by_dep=None, packages_skip_regex=None, packages_skip_test_passed=False, packages_skip_up_to=None, packages_start=None, packages_up_to=None, packages_up_to_regex=None, parallel_workers=6, paths=None, symlink_install=False, test_result_base=None, verb_extension=<colcon_core.verb.build.BuildVerb object at 0xffffa493d880>, verb_name='build', verb_parser=<colcon_mixin.mixin.mixin_argument.MixinArgumentDecorator object at 0xffffa493dee0>)
[1.090s] Level 1:colcon.colcon_core.package_discovery:discover_packages(colcon_meta) check parameters
[1.090s] Level 1:colcon.colcon_core.package_discovery:discover_packages(recursive) check parameters
[1.091s] Level 1:colcon.colcon_core.package_discovery:discover_packages(ignore) check parameters
[1.091s] Level 1:colcon.colcon_core.package_discovery:discover_packages(path) check parameters
[1.091s] Level 1:colcon.colcon_core.package_discovery:discover_packages(colcon_meta) discover
[1.091s] Level 1:colcon.colcon_core.package_discovery:discover_packages(recursive) discover
[1.091s] INFO:colcon.colcon_core.package_discovery:Crawling recursively for packages in '/home/f1tenth/lab_ws25'
[1.091s] Level 1:colcon.colcon_core.package_identification:_identify(.) by extensions ['ignore', 'ignore_ament_install']
[1.091s] Level 1:colcon.colcon_core.package_identification:_identify(.) by extension 'ignore'
[1.092s] Level 1:colcon.colcon_core.package_identification:_identify(.) by extension 'ignore_ament_install'
[1.092s] Level 1:colcon.colcon_core.package_identification:_identify(.) by extensions ['colcon_pkg']
[1.092s] Level 1:colcon.colcon_core.package_identification:_identify(.) by extension 'colcon_pkg'
[1.092s] Level 1:colcon.colcon_core.package_identification:_identify(.) by extensions ['colcon_meta']
[1.092s] Level 1:colcon.colcon_core.package_identification:_identify(.) by extension 'colcon_meta'
[1.092s] Level 1:colcon.colcon_core.package_identification:_identify(.) by extensions ['ros']
[1.092s] Level 1:colcon.colcon_core.package_identification:_identify(.) by extension 'ros'
[1.119s] Level 1:colcon.colcon_core.package_identification:_identify(.) by extensions ['cmake', 'python']
[1.119s] Level 1:colcon.colcon_core.package_identification:_identify(.) by extension 'cmake'
[1.119s] Level 1:colcon.colcon_core.package_identification:_identify(.) by extension 'python'
[1.120s] Level 1:colcon.colcon_core.package_identification:_identify(.) by extensions ['python_setup_py']
[1.120s] Level 1:colcon.colcon_core.package_identification:_identify(.) by extension 'python_setup_py'
[1.120s] Level 1:colcon.colcon_core.package_identification:_identify(build) by extensions ['ignore', 'ignore_ament_install']
[1.120s] Level 1:colcon.colcon_core.package_identification:_identify(build) by extension 'ignore'
[1.120s] Level 1:colcon.colcon_core.package_identification:_identify(build) ignored
[1.121s] Level 1:colcon.colcon_core.package_identification:_identify(install) by extensions ['ignore', 'ignore_ament_install']
[1.121s] Level 1:colcon.colcon_core.package_identification:_identify(install) by extension 'ignore'
[1.121s] Level 1:colcon.colcon_core.package_identification:_identify(install) ignored
[1.121s] Level 1:colcon.colcon_core.package_identification:_identify(log) by extensions ['ignore', 'ignore_ament_install']
[1.121s] Level 1:colcon.colcon_core.package_identification:_identify(log) by extension 'ignore'
[1.122s] Level 1:colcon.colcon_core.package_identification:_identify(log) ignored
[1.122s] Level 1:colcon.colcon_core.package_identification:_identify(src) by extensions ['ignore', 'ignore_ament_install']
[1.122s] Level 1:colcon.colcon_core.package_identification:_identify(src) by extension 'ignore'
[1.122s] Level 1:colcon.colcon_core.package_identification:_identify(src) by extension 'ignore_ament_install'
[1.122s] Level 1:colcon.colcon_core.package_identification:_identify(src) by extensions ['colcon_pkg']
[1.122s] Level 1:colcon.colcon_core.package_identification:_identify(src) by extension 'colcon_pkg'
[1.122s] Level 1:colcon.colcon_core.package_identification:_identify(src) by extensions ['colcon_meta']
[1.122s] Level 1:colcon.colcon_core.package_identification:_identify(src) by extension 'colcon_meta'
[1.122s] Level 1:colcon.colcon_core.package_identification:_identify(src) by extensions ['ros']
[1.123s] Level 1:colcon.colcon_core.package_identification:_identify(src) by extension 'ros'
[1.123s] Level 1:colcon.colcon_core.package_identification:_identify(src) by extensions ['cmake', 'python']
[1.123s] Level 1:colcon.colcon_core.package_identification:_identify(src) by extension 'cmake'
[1.123s] Level 1:colcon.colcon_core.package_identification:_identify(src) by extension 'python'
[1.123s] Level 1:colcon.colcon_core.package_identification:_identify(src) by extensions ['python_setup_py']
[1.123s] Level 1:colcon.colcon_core.package_identification:_identify(src) by extension 'python_setup_py'
[1.123s] Level 1:colcon.colcon_core.package_identification:_identify(src/follow_the_gap_wrapper) by extensions ['ignore', 'ignore_ament_install']
[1.123s] Level 1:colcon.colcon_core.package_identification:_identify(src/follow_the_gap_wrapper) by extension 'ignore'
[1.123s] Level 1:colcon.colcon_core.package_identification:_identify(src/follow_the_gap_wrapper) by extension 'ignore_ament_install'
[1.124s] Level 1:colcon.colcon_core.package_identification:_identify(src/follow_the_gap_wrapper) by extensions ['colcon_pkg']
[1.124s] Level 1:colcon.colcon_core.package_identification:_identify(src/follow_the_gap_wrapper) by extension 'colcon_pkg'
[1.124s] Level 1:colcon.colcon_core.package_identification:_identify(src/follow_the_gap_wrapper) by extensions ['colcon_meta']
[1.124s] Level 1:colcon.colcon_core.package_identification:_identify(src/follow_the_gap_wrapper) by extension 'colcon_meta'
[1.124s] Level 1:colcon.colcon_core.package_identification:_identify(src/follow_the_gap_wrapper) by extensions ['ros']
[1.124s] Level 1:colcon.colcon_core.package_identification:_identify(src/follow_the_gap_wrapper) by extension 'ros'
[1.124s] Level 1:colcon.colcon_core.package_identification:_identify(src/follow_the_gap_wrapper) by extensions ['cmake', 'python']
[1.124s] Level 1:colcon.colcon_core.package_identification:_identify(src/follow_the_gap_wrapper) by extension 'cmake'
[1.124s] Level 1:colcon.colcon_core.package_identification:_identify(src/follow_the_gap_wrapper) by extension 'python'
[1.124s] Level 1:colcon.colcon_core.package_identification:_identify(src/follow_the_gap_wrapper) by extensions ['python_setup_py']
[1.124s] Level 1:colcon.colcon_core.package_identification:_identify(src/follow_the_gap_wrapper) by extension 'python_setup_py'
[1.125s] Level 1:colcon.colcon_core.package_identification:_identify(src/follow_the_gap_wrapper/follow_the_gap) by extensions ['ignore', 'ignore_ament_install']
[1.125s] Level 1:colcon.colcon_core.package_identification:_identify(src/follow_the_gap_wrapper/follow_the_gap) by extension 'ignore'
[1.125s] Level 1:colcon.colcon_core.package_identification:_identify(src/follow_the_gap_wrapper/follow_the_gap) by extension 'ignore_ament_install'
[1.125s] Level 1:colcon.colcon_core.package_identification:_identify(src/follow_the_gap_wrapper/follow_the_gap) by extensions ['colcon_pkg']
[1.125s] Level 1:colcon.colcon_core.package_identification:_identify(src/follow_the_gap_wrapper/follow_the_gap) by extension 'colcon_pkg'
[1.125s] Level 1:colcon.colcon_core.package_identification:_identify(src/follow_the_gap_wrapper/follow_the_gap) by extensions ['colcon_meta']
[1.125s] Level 1:colcon.colcon_core.package_identification:_identify(src/follow_the_gap_wrapper/follow_the_gap) by extension 'colcon_meta'
[1.125s] Level 1:colcon.colcon_core.package_identification:_identify(src/follow_the_gap_wrapper/follow_the_gap) by extensions ['ros']
[1.125s] Level 1:colcon.colcon_core.package_identification:_identify(src/follow_the_gap_wrapper/follow_the_gap) by extension 'ros'
[1.126s] Level 1:colcon.colcon_core.package_identification:_identify(src/follow_the_gap_wrapper/follow_the_gap) by extensions ['cmake', 'python']
[1.126s] Level 1:colcon.colcon_core.package_identification:_identify(src/follow_the_gap_wrapper/follow_the_gap) by extension 'cmake'
[1.126s] Level 1:colcon.colcon_core.package_identification:_identify(src/follow_the_gap_wrapper/follow_the_gap) by extension 'python'
[1.126s] Level 1:colcon.colcon_core.package_identification:_identify(src/follow_the_gap_wrapper/follow_the_gap) by extensions ['python_setup_py']
[1.126s] Level 1:colcon.colcon_core.package_identification:_identify(src/follow_the_gap_wrapper/follow_the_gap) by extension 'python_setup_py'
[1.126s] Level 1:colcon.colcon_core.package_identification:_identify(src/follow_the_gap_wrapper/follow_the_gap/__MACOSX) by extensions ['ignore', 'ignore_ament_install']
[1.126s] Level 1:colcon.colcon_core.package_identification:_identify(src/follow_the_gap_wrapper/follow_the_gap/__MACOSX) by extension 'ignore'
[1.126s] Level 1:colcon.colcon_core.package_identification:_identify(src/follow_the_gap_wrapper/follow_the_gap/__MACOSX) by extension 'ignore_ament_install'
[1.127s] Level 1:colcon.colcon_core.package_identification:_identify(src/follow_the_gap_wrapper/follow_the_gap/__MACOSX) by extensions ['colcon_pkg']
[1.127s] Level 1:colcon.colcon_core.package_identification:_identify(src/follow_the_gap_wrapper/follow_the_gap/__MACOSX) by extension 'colcon_pkg'
[1.127s] Level 1:colcon.colcon_core.package_identification:_identify(src/follow_the_gap_wrapper/follow_the_gap/__MACOSX) by extensions ['colcon_meta']
[1.127s] Level 1:colcon.colcon_core.package_identification:_identify(src/follow_the_gap_wrapper/follow_the_gap/__MACOSX) by extension 'colcon_meta'
[1.127s] Level 1:colcon.colcon_core.package_identification:_identify(src/follow_the_gap_wrapper/follow_the_gap/__MACOSX) by extensions ['ros']
[1.127s] Level 1:colcon.colcon_core.package_identification:_identify(src/follow_the_gap_wrapper/follow_the_gap/__MACOSX) by extension 'ros'
[1.127s] Level 1:colcon.colcon_core.package_identification:_identify(src/follow_the_gap_wrapper/follow_the_gap/__MACOSX) by extensions ['cmake', 'python']
[1.127s] Level 1:colcon.colcon_core.package_identification:_identify(src/follow_the_gap_wrapper/follow_the_gap/__MACOSX) by extension 'cmake'
[1.127s] Level 1:colcon.colcon_core.package_identification:_identify(src/follow_the_gap_wrapper/follow_the_gap/__MACOSX) by extension 'python'
[1.127s] Level 1:colcon.colcon_core.package_identification:_identify(src/follow_the_gap_wrapper/follow_the_gap/__MACOSX) by extensions ['python_setup_py']
[1.127s] Level 1:colcon.colcon_core.package_identification:_identify(src/follow_the_gap_wrapper/follow_the_gap/__MACOSX) by extension 'python_setup_py'
[1.128s] Level 1:colcon.colcon_core.package_identification:_identify(src/follow_the_gap_wrapper/follow_the_gap/__MACOSX/follow_the_gap) by extensions ['ignore', 'ignore_ament_install']
[1.128s] Level 1:colcon.colcon_core.package_identification:_identify(src/follow_the_gap_wrapper/follow_the_gap/__MACOSX/follow_the_gap) by extension 'ignore'
[1.128s] Level 1:colcon.colcon_core.package_identification:_identify(src/follow_the_gap_wrapper/follow_the_gap/__MACOSX/follow_the_gap) by extension 'ignore_ament_install'
[1.128s] Level 1:colcon.colcon_core.package_identification:_identify(src/follow_the_gap_wrapper/follow_the_gap/__MACOSX/follow_the_gap) by extensions ['colcon_pkg']
[1.128s] Level 1:colcon.colcon_core.package_identification:_identify(src/follow_the_gap_wrapper/follow_the_gap/__MACOSX/follow_the_gap) by extension 'colcon_pkg'
[1.128s] Level 1:colcon.colcon_core.package_identification:_identify(src/follow_the_gap_wrapper/follow_the_gap/__MACOSX/follow_the_gap) by extensions ['colcon_meta']
[1.128s] Level 1:colcon.colcon_core.package_identification:_identify(src/follow_the_gap_wrapper/follow_the_gap/__MACOSX/follow_the_gap) by extension 'colcon_meta'
[1.128s] Level 1:colcon.colcon_core.package_identification:_identify(src/follow_the_gap_wrapper/follow_the_gap/__MACOSX/follow_the_gap) by extensions ['ros']
[1.129s] Level 1:colcon.colcon_core.package_identification:_identify(src/follow_the_gap_wrapper/follow_the_gap/__MACOSX/follow_the_gap) by extension 'ros'
[1.129s] Level 1:colcon.colcon_core.package_identification:_identify(src/follow_the_gap_wrapper/follow_the_gap/__MACOSX/follow_the_gap) by extensions ['cmake', 'python']
[1.129s] Level 1:colcon.colcon_core.package_identification:_identify(src/follow_the_gap_wrapper/follow_the_gap/__MACOSX/follow_the_gap) by extension 'cmake'
[1.129s] Level 1:colcon.colcon_core.package_identification:_identify(src/follow_the_gap_wrapper/follow_the_gap/__MACOSX/follow_the_gap) by extension 'python'
[1.129s] Level 1:colcon.colcon_core.package_identification:_identify(src/follow_the_gap_wrapper/follow_the_gap/__MACOSX/follow_the_gap) by extensions ['python_setup_py']
[1.129s] Level 1:colcon.colcon_core.package_identification:_identify(src/follow_the_gap_wrapper/follow_the_gap/__MACOSX/follow_the_gap) by extension 'python_setup_py'
[1.129s] Level 1:colcon.colcon_core.package_identification:_identify(src/follow_the_gap_wrapper/follow_the_gap/__MACOSX/follow_the_gap/follow_the_gap) by extensions ['ignore', 'ignore_ament_install']
[1.129s] Level 1:colcon.colcon_core.package_identification:_identify(src/follow_the_gap_wrapper/follow_the_gap/__MACOSX/follow_the_gap/follow_the_gap) by extension 'ignore'
[1.129s] Level 1:colcon.colcon_core.package_identification:_identify(src/follow_the_gap_wrapper/follow_the_gap/__MACOSX/follow_the_gap/follow_the_gap) by extension 'ignore_ament_install'
[1.130s] Level 1:colcon.colcon_core.package_identification:_identify(src/follow_the_gap_wrapper/follow_the_gap/__MACOSX/follow_the_gap/follow_the_gap) by extensions ['colcon_pkg']
[1.130s] Level 1:colcon.colcon_core.package_identification:_identify(src/follow_the_gap_wrapper/follow_the_gap/__MACOSX/follow_the_gap/follow_the_gap) by extension 'colcon_pkg'
[1.130s] Level 1:colcon.colcon_core.package_identification:_identify(src/follow_the_gap_wrapper/follow_the_gap/__MACOSX/follow_the_gap/follow_the_gap) by extensions ['colcon_meta']
[1.130s] Level 1:colcon.colcon_core.package_identification:_identify(src/follow_the_gap_wrapper/follow_the_gap/__MACOSX/follow_the_gap/follow_the_gap) by extension 'colcon_meta'
[1.130s] Level 1:colcon.colcon_core.package_identification:_identify(src/follow_the_gap_wrapper/follow_the_gap/__MACOSX/follow_the_gap/follow_the_gap) by extensions ['ros']
[1.130s] Level 1:colcon.colcon_core.package_identification:_identify(src/follow_the_gap_wrapper/follow_the_gap/__MACOSX/follow_the_gap/follow_the_gap) by extension 'ros'
[1.130s] Level 1:colcon.colcon_core.package_identification:_identify(src/follow_the_gap_wrapper/follow_the_gap/__MACOSX/follow_the_gap/follow_the_gap) by extensions ['cmake', 'python']
[1.130s] Level 1:colcon.colcon_core.package_identification:_identify(src/follow_the_gap_wrapper/follow_the_gap/__MACOSX/follow_the_gap/follow_the_gap) by extension 'cmake'
[1.130s] Level 1:colcon.colcon_core.package_identification:_identify(src/follow_the_gap_wrapper/follow_the_gap/__MACOSX/follow_the_gap/follow_the_gap) by extension 'python'
[1.130s] Level 1:colcon.colcon_core.package_identification:_identify(src/follow_the_gap_wrapper/follow_the_gap/__MACOSX/follow_the_gap/follow_the_gap) by extensions ['python_setup_py']
[1.130s] Level 1:colcon.colcon_core.package_identification:_identify(src/follow_the_gap_wrapper/follow_the_gap/__MACOSX/follow_the_gap/follow_the_gap) by extension 'python_setup_py'
[1.131s] Level 1:colcon.colcon_core.package_identification:_identify(src/follow_the_gap_wrapper/follow_the_gap/__MACOSX/follow_the_gap/follow_the_gap/__pycache__) by extensions ['ignore', 'ignore_ament_install']
[1.131s] Level 1:colcon.colcon_core.package_identification:_identify(src/follow_the_gap_wrapper/follow_the_gap/__MACOSX/follow_the_gap/follow_the_gap/__pycache__) by extension 'ignore'
[1.131s] Level 1:colcon.colcon_core.package_identification:_identify(src/follow_the_gap_wrapper/follow_the_gap/__MACOSX/follow_the_gap/follow_the_gap/__pycache__) by extension 'ignore_ament_install'
[1.131s] Level 1:colcon.colcon_core.package_identification:_identify(src/follow_the_gap_wrapper/follow_the_gap/__MACOSX/follow_the_gap/follow_the_gap/__pycache__) by extensions ['colcon_pkg']
[1.131s] Level 1:colcon.colcon_core.package_identification:_identify(src/follow_the_gap_wrapper/follow_the_gap/__MACOSX/follow_the_gap/follow_the_gap/__pycache__) by extension 'colcon_pkg'
[1.131s] Level 1:colcon.colcon_core.package_identification:_identify(src/follow_the_gap_wrapper/follow_the_gap/__MACOSX/follow_the_gap/follow_the_gap/__pycache__) by extensions ['colcon_meta']
[1.131s] Level 1:colcon.colcon_core.package_identification:_identify(src/follow_the_gap_wrapper/follow_the_gap/__MACOSX/follow_the_gap/follow_the_gap/__pycache__) by extension 'colcon_meta'
[1.131s] Level 1:colcon.colcon_core.package_identification:_identify(src/follow_the_gap_wrapper/follow_the_gap/__MACOSX/follow_the_gap/follow_the_gap/__pycache__) by extensions ['ros']
[1.132s] Level 1:colcon.colcon_core.package_identification:_identify(src/follow_the_gap_wrapper/follow_the_gap/__MACOSX/follow_the_gap/follow_the_gap/__pycache__) by extension 'ros'
[1.132s] Level 1:colcon.colcon_core.package_identification:_identify(src/follow_the_gap_wrapper/follow_the_gap/__MACOSX/follow_the_gap/follow_the_gap/__pycache__) by extensions ['cmake', 'python']
[1.132s] Level 1:colcon.colcon_core.package_identification:_identify(src/follow_the_gap_wrapper/follow_the_gap/__MACOSX/follow_the_gap/follow_the_gap/__pycache__) by extension 'cmake'
[1.132s] Level 1:colcon.colcon_core.package_identification:_identify(src/follow_the_gap_wrapper/follow_the_gap/__MACOSX/follow_the_gap/follow_the_gap/__pycache__) by extension 'python'
[1.132s] Level 1:colcon.colcon_core.package_identification:_identify(src/follow_the_gap_wrapper/follow_the_gap/__MACOSX/follow_the_gap/follow_the_gap/__pycache__) by extensions ['python_setup_py']
[1.132s] Level 1:colcon.colcon_core.package_identification:_identify(src/follow_the_gap_wrapper/follow_the_gap/__MACOSX/follow_the_gap/follow_the_gap/__pycache__) by extension 'python_setup_py'
[1.132s] Level 1:colcon.colcon_core.package_identification:_identify(src/follow_the_gap_wrapper/follow_the_gap/__MACOSX/follow_the_gap/resource) by extensions ['ignore', 'ignore_ament_install']
[1.132s] Level 1:colcon.colcon_core.package_identification:_identify(src/follow_the_gap_wrapper/follow_the_gap/__MACOSX/follow_the_gap/resource) by extension 'ignore'
[1.133s] Level 1:colcon.colcon_core.package_identification:_identify(src/follow_the_gap_wrapper/follow_the_gap/__MACOSX/follow_the_gap/resource) by extension 'ignore_ament_install'
[1.133s] Level 1:colcon.colcon_core.package_identification:_identify(src/follow_the_gap_wrapper/follow_the_gap/__MACOSX/follow_the_gap/resource) by extensions ['colcon_pkg']
[1.133s] Level 1:colcon.colcon_core.package_identification:_identify(src/follow_the_gap_wrapper/follow_the_gap/__MACOSX/follow_the_gap/resource) by extension 'colcon_pkg'
[1.133s] Level 1:colcon.colcon_core.package_identification:_identify(src/follow_the_gap_wrapper/follow_the_gap/__MACOSX/follow_the_gap/resource) by extensions ['colcon_meta']
[1.133s] Level 1:colcon.colcon_core.package_identification:_identify(src/follow_the_gap_wrapper/follow_the_gap/__MACOSX/follow_the_gap/resource) by extension 'colcon_meta'
[1.133s] Level 1:colcon.colcon_core.package_identification:_identify(src/follow_the_gap_wrapper/follow_the_gap/__MACOSX/follow_the_gap/resource) by extensions ['ros']
[1.133s] Level 1:colcon.colcon_core.package_identification:_identify(src/follow_the_gap_wrapper/follow_the_gap/__MACOSX/follow_the_gap/resource) by extension 'ros'
[1.133s] Level 1:colcon.colcon_core.package_identification:_identify(src/follow_the_gap_wrapper/follow_the_gap/__MACOSX/follow_the_gap/resource) by extensions ['cmake', 'python']
[1.133s] Level 1:colcon.colcon_core.package_identification:_identify(src/follow_the_gap_wrapper/follow_the_gap/__MACOSX/follow_the_gap/resource) by extension 'cmake'
[1.133s] Level 1:colcon.colcon_core.package_identification:_identify(src/follow_the_gap_wrapper/follow_the_gap/__MACOSX/follow_the_gap/resource) by extension 'python'
[1.133s] Level 1:colcon.colcon_core.package_identification:_identify(src/follow_the_gap_wrapper/follow_the_gap/__MACOSX/follow_the_gap/resource) by extensions ['python_setup_py']
[1.134s] Level 1:colcon.colcon_core.package_identification:_identify(src/follow_the_gap_wrapper/follow_the_gap/__MACOSX/follow_the_gap/resource) by extension 'python_setup_py'
[1.134s] Level 1:colcon.colcon_core.package_identification:_identify(src/follow_the_gap_wrapper/follow_the_gap/__MACOSX/follow_the_gap/test) by extensions ['ignore', 'ignore_ament_install']
[1.134s] Level 1:colcon.colcon_core.package_identification:_identify(src/follow_the_gap_wrapper/follow_the_gap/__MACOSX/follow_the_gap/test) by extension 'ignore'
[1.134s] Level 1:colcon.colcon_core.package_identification:_identify(src/follow_the_gap_wrapper/follow_the_gap/__MACOSX/follow_the_gap/test) by extension 'ignore_ament_install'
[1.134s] Level 1:colcon.colcon_core.package_identification:_identify(src/follow_the_gap_wrapper/follow_the_gap/__MACOSX/follow_the_gap/test) by extensions ['colcon_pkg']
[1.134s] Level 1:colcon.colcon_core.package_identification:_identify(src/follow_the_gap_wrapper/follow_the_gap/__MACOSX/follow_the_gap/test) by extension 'colcon_pkg'
[1.134s] Level 1:colcon.colcon_core.package_identification:_identify(src/follow_the_gap_wrapper/follow_the_gap/__MACOSX/follow_the_gap/test) by extensions ['colcon_meta']
[1.134s] Level 1:colcon.colcon_core.package_identification:_identify(src/follow_the_gap_wrapper/follow_the_gap/__MACOSX/follow_the_gap/test) by extension 'colcon_meta'
[1.134s] Level 1:colcon.colcon_core.package_identification:_identify(src/follow_the_gap_wrapper/follow_the_gap/__MACOSX/follow_the_gap/test) by extensions ['ros']
[1.135s] Level 1:colcon.colcon_core.package_identification:_identify(src/follow_the_gap_wrapper/follow_the_gap/__MACOSX/follow_the_gap/test) by extension 'ros'
[1.135s] Level 1:colcon.colcon_core.package_identification:_identify(src/follow_the_gap_wrapper/follow_the_gap/__MACOSX/follow_the_gap/test) by extensions ['cmake', 'python']
[1.135s] Level 1:colcon.colcon_core.package_identification:_identify(src/follow_the_gap_wrapper/follow_the_gap/__MACOSX/follow_the_gap/test) by extension 'cmake'
[1.135s] Level 1:colcon.colcon_core.package_identification:_identify(src/follow_the_gap_wrapper/follow_the_gap/__MACOSX/follow_the_gap/test) by extension 'python'
[1.135s] Level 1:colcon.colcon_core.package_identification:_identify(src/follow_the_gap_wrapper/follow_the_gap/__MACOSX/follow_the_gap/test) by extensions ['python_setup_py']
[1.135s] Level 1:colcon.colcon_core.package_identification:_identify(src/follow_the_gap_wrapper/follow_the_gap/__MACOSX/follow_the_gap/test) by extension 'python_setup_py'
[1.135s] Level 1:colcon.colcon_core.package_identification:_identify(src/follow_the_gap_wrapper/follow_the_gap/follow_the_gap) by extensions ['ignore', 'ignore_ament_install']
[1.135s] Level 1:colcon.colcon_core.package_identification:_identify(src/follow_the_gap_wrapper/follow_the_gap/follow_the_gap) by extension 'ignore'
[1.136s] Level 1:colcon.colcon_core.package_identification:_identify(src/follow_the_gap_wrapper/follow_the_gap/follow_the_gap) by extension 'ignore_ament_install'
[1.136s] Level 1:colcon.colcon_core.package_identification:_identify(src/follow_the_gap_wrapper/follow_the_gap/follow_the_gap) by extensions ['colcon_pkg']
[1.136s] Level 1:colcon.colcon_core.package_identification:_identify(src/follow_the_gap_wrapper/follow_the_gap/follow_the_gap) by extension 'colcon_pkg'
[1.136s] Level 1:colcon.colcon_core.package_identification:_identify(src/follow_the_gap_wrapper/follow_the_gap/follow_the_gap) by extensions ['colcon_meta']
[1.136s] Level 1:colcon.colcon_core.package_identification:_identify(src/follow_the_gap_wrapper/follow_the_gap/follow_the_gap) by extension 'colcon_meta'
[1.136s] Level 1:colcon.colcon_core.package_identification:_identify(src/follow_the_gap_wrapper/follow_the_gap/follow_the_gap) by extensions ['ros']
[1.136s] Level 1:colcon.colcon_core.package_identification:_identify(src/follow_the_gap_wrapper/follow_the_gap/follow_the_gap) by extension 'ros'
[1.141s] DEBUG:colcon.colcon_core.package_identification:Package 'src/follow_the_gap_wrapper/follow_the_gap/follow_the_gap' with type 'ros.ament_python' and name 'follow_the_gap'
[1.142s] Level 1:colcon.colcon_core.package_identification:_identify(src/particle_filter) by extensions ['ignore', 'ignore_ament_install']
[1.142s] Level 1:colcon.colcon_core.package_identification:_identify(src/particle_filter) by extension 'ignore'
[1.142s] Level 1:colcon.colcon_core.package_identification:_identify(src/particle_filter) by extension 'ignore_ament_install'
[1.142s] Level 1:colcon.colcon_core.package_identification:_identify(src/particle_filter) by extensions ['colcon_pkg']
[1.142s] Level 1:colcon.colcon_core.package_identification:_identify(src/particle_filter) by extension 'colcon_pkg'
[1.142s] Level 1:colcon.colcon_core.package_identification:_identify(src/particle_filter) by extensions ['colcon_meta']
[1.142s] Level 1:colcon.colcon_core.package_identification:_identify(src/particle_filter) by extension 'colcon_meta'
[1.143s] Level 1:colcon.colcon_core.package_identification:_identify(src/particle_filter) by extensions ['ros']
[1.143s] Level 1:colcon.colcon_core.package_identification:_identify(src/particle_filter) by extension 'ros'
[1.145s] DEBUG:colcon.colcon_core.package_identification:Package 'src/particle_filter' with type 'ros.ament_python' and name 'particle_filter'
[1.145s] Level 1:colcon.colcon_core.package_identification:_identify(src/ros_deep_learning) by extensions ['ignore', 'ignore_ament_install']
[1.145s] Level 1:colcon.colcon_core.package_identification:_identify(src/ros_deep_learning) by extension 'ignore'
[1.145s] Level 1:colcon.colcon_core.package_identification:_identify(src/ros_deep_learning) by extension 'ignore_ament_install'
[1.146s] Level 1:colcon.colcon_core.package_identification:_identify(src/ros_deep_learning) by extensions ['colcon_pkg']
[1.146s] Level 1:colcon.colcon_core.package_identification:_identify(src/ros_deep_learning) by extension 'colcon_pkg'
[1.146s] Level 1:colcon.colcon_core.package_identification:_identify(src/ros_deep_learning) by extensions ['colcon_meta']
[1.146s] Level 1:colcon.colcon_core.package_identification:_identify(src/ros_deep_learning) by extension 'colcon_meta'
[1.146s] Level 1:colcon.colcon_core.package_identification:_identify(src/ros_deep_learning) by extensions ['ros']
[1.146s] Level 1:colcon.colcon_core.package_identification:_identify(src/ros_deep_learning) by extension 'ros'
[1.150s] DEBUG:colcon.colcon_core.package_identification:Package 'src/ros_deep_learning' with type 'ros.ament_cmake' and name 'ros_deep_learning'
[1.150s] Level 1:colcon.colcon_core.package_identification:_identify(src/safety_node_car_wrapper) by extensions ['ignore', 'ignore_ament_install']
[1.150s] Level 1:colcon.colcon_core.package_identification:_identify(src/safety_node_car_wrapper) by extension 'ignore'
[1.150s] Level 1:colcon.colcon_core.package_identification:_identify(src/safety_node_car_wrapper) by extension 'ignore_ament_install'
[1.150s] Level 1:colcon.colcon_core.package_identification:_identify(src/safety_node_car_wrapper) by extensions ['colcon_pkg']
[1.151s] Level 1:colcon.colcon_core.package_identification:_identify(src/safety_node_car_wrapper) by extension 'colcon_pkg'
[1.151s] Level 1:colcon.colcon_core.package_identification:_identify(src/safety_node_car_wrapper) by extensions ['colcon_meta']
[1.151s] Level 1:colcon.colcon_core.package_identification:_identify(src/safety_node_car_wrapper) by extension 'colcon_meta'
[1.151s] Level 1:colcon.colcon_core.package_identification:_identify(src/safety_node_car_wrapper) by extensions ['ros']
[1.151s] Level 1:colcon.colcon_core.package_identification:_identify(src/safety_node_car_wrapper) by extension 'ros'
[1.151s] Level 1:colcon.colcon_core.package_identification:_identify(src/safety_node_car_wrapper) by extensions ['cmake', 'python']
[1.151s] Level 1:colcon.colcon_core.package_identification:_identify(src/safety_node_car_wrapper) by extension 'cmake'
[1.151s] Level 1:colcon.colcon_core.package_identification:_identify(src/safety_node_car_wrapper) by extension 'python'
[1.151s] Level 1:colcon.colcon_core.package_identification:_identify(src/safety_node_car_wrapper) by extensions ['python_setup_py']
[1.151s] Level 1:colcon.colcon_core.package_identification:_identify(src/safety_node_car_wrapper) by extension 'python_setup_py'
[1.152s] Level 1:colcon.colcon_core.package_identification:_identify(src/safety_node_car_wrapper/__MACOSX) by extensions ['ignore', 'ignore_ament_install']
[1.152s] Level 1:colcon.colcon_core.package_identification:_identify(src/safety_node_car_wrapper/__MACOSX) by extension 'ignore'
[1.152s] Level 1:colcon.colcon_core.package_identification:_identify(src/safety_node_car_wrapper/__MACOSX) by extension 'ignore_ament_install'
[1.152s] Level 1:colcon.colcon_core.package_identification:_identify(src/safety_node_car_wrapper/__MACOSX) by extensions ['colcon_pkg']
[1.152s] Level 1:colcon.colcon_core.package_identification:_identify(src/safety_node_car_wrapper/__MACOSX) by extension 'colcon_pkg'
[1.152s] Level 1:colcon.colcon_core.package_identification:_identify(src/safety_node_car_wrapper/__MACOSX) by extensions ['colcon_meta']
[1.152s] Level 1:colcon.colcon_core.package_identification:_identify(src/safety_node_car_wrapper/__MACOSX) by extension 'colcon_meta'
[1.152s] Level 1:colcon.colcon_core.package_identification:_identify(src/safety_node_car_wrapper/__MACOSX) by extensions ['ros']
[1.153s] Level 1:colcon.colcon_core.package_identification:_identify(src/safety_node_car_wrapper/__MACOSX) by extension 'ros'
[1.153s] Level 1:colcon.colcon_core.package_identification:_identify(src/safety_node_car_wrapper/__MACOSX) by extensions ['cmake', 'python']
[1.153s] Level 1:colcon.colcon_core.package_identification:_identify(src/safety_node_car_wrapper/__MACOSX) by extension 'cmake'
[1.153s] Level 1:colcon.colcon_core.package_identification:_identify(src/safety_node_car_wrapper/__MACOSX) by extension 'python'
[1.153s] Level 1:colcon.colcon_core.package_identification:_identify(src/safety_node_car_wrapper/__MACOSX) by extensions ['python_setup_py']
[1.153s] Level 1:colcon.colcon_core.package_identification:_identify(src/safety_node_car_wrapper/__MACOSX) by extension 'python_setup_py'
[1.153s] Level 1:colcon.colcon_core.package_identification:_identify(src/safety_node_car_wrapper/__MACOSX/safety_node) by extensions ['ignore', 'ignore_ament_install']
[1.153s] Level 1:colcon.colcon_core.package_identification:_identify(src/safety_node_car_wrapper/__MACOSX/safety_node) by extension 'ignore'
[1.154s] Level 1:colcon.colcon_core.package_identification:_identify(src/safety_node_car_wrapper/__MACOSX/safety_node) by extension 'ignore_ament_install'
[1.154s] Level 1:colcon.colcon_core.package_identification:_identify(src/safety_node_car_wrapper/__MACOSX/safety_node) by extensions ['colcon_pkg']
[1.154s] Level 1:colcon.colcon_core.package_identification:_identify(src/safety_node_car_wrapper/__MACOSX/safety_node) by extension 'colcon_pkg'
[1.154s] Level 1:colcon.colcon_core.package_identification:_identify(src/safety_node_car_wrapper/__MACOSX/safety_node) by extensions ['colcon_meta']
[1.154s] Level 1:colcon.colcon_core.package_identification:_identify(src/safety_node_car_wrapper/__MACOSX/safety_node) by extension 'colcon_meta'
[1.154s] Level 1:colcon.colcon_core.package_identification:_identify(src/safety_node_car_wrapper/__MACOSX/safety_node) by extensions ['ros']
[1.154s] Level 1:colcon.colcon_core.package_identification:_identify(src/safety_node_car_wrapper/__MACOSX/safety_node) by extension 'ros'
[1.154s] Level 1:colcon.colcon_core.package_identification:_identify(src/safety_node_car_wrapper/__MACOSX/safety_node) by extensions ['cmake', 'python']
[1.154s] Level 1:colcon.colcon_core.package_identification:_identify(src/safety_node_car_wrapper/__MACOSX/safety_node) by extension 'cmake'
[1.154s] Level 1:colcon.colcon_core.package_identification:_identify(src/safety_node_car_wrapper/__MACOSX/safety_node) by extension 'python'
[1.154s] Level 1:colcon.colcon_core.package_identification:_identify(src/safety_node_car_wrapper/__MACOSX/safety_node) by extensions ['python_setup_py']
[1.155s] Level 1:colcon.colcon_core.package_identification:_identify(src/safety_node_car_wrapper/__MACOSX/safety_node) by extension 'python_setup_py'
[1.155s] Level 1:colcon.colcon_core.package_identification:_identify(src/safety_node_car_wrapper/__MACOSX/safety_node/resource) by extensions ['ignore', 'ignore_ament_install']
[1.155s] Level 1:colcon.colcon_core.package_identification:_identify(src/safety_node_car_wrapper/__MACOSX/safety_node/resource) by extension 'ignore'
[1.155s] Level 1:colcon.colcon_core.package_identification:_identify(src/safety_node_car_wrapper/__MACOSX/safety_node/resource) by extension 'ignore_ament_install'
[1.155s] Level 1:colcon.colcon_core.package_identification:_identify(src/safety_node_car_wrapper/__MACOSX/safety_node/resource) by extensions ['colcon_pkg']
[1.155s] Level 1:colcon.colcon_core.package_identification:_identify(src/safety_node_car_wrapper/__MACOSX/safety_node/resource) by extension 'colcon_pkg'
[1.155s] Level 1:colcon.colcon_core.package_identification:_identify(src/safety_node_car_wrapper/__MACOSX/safety_node/resource) by extensions ['colcon_meta']
[1.155s] Level 1:colcon.colcon_core.package_identification:_identify(src/safety_node_car_wrapper/__MACOSX/safety_node/resource) by extension 'colcon_meta'
[1.155s] Level 1:colcon.colcon_core.package_identification:_identify(src/safety_node_car_wrapper/__MACOSX/safety_node/resource) by extensions ['ros']
[1.156s] Level 1:colcon.colcon_core.package_identification:_identify(src/safety_node_car_wrapper/__MACOSX/safety_node/resource) by extension 'ros'
[1.156s] Level 1:colcon.colcon_core.package_identification:_identify(src/safety_node_car_wrapper/__MACOSX/safety_node/resource) by extensions ['cmake', 'python']
[1.156s] Level 1:colcon.colcon_core.package_identification:_identify(src/safety_node_car_wrapper/__MACOSX/safety_node/resource) by extension 'cmake'
[1.156s] Level 1:colcon.colcon_core.package_identification:_identify(src/safety_node_car_wrapper/__MACOSX/safety_node/resource) by extension 'python'
[1.156s] Level 1:colcon.colcon_core.package_identification:_identify(src/safety_node_car_wrapper/__MACOSX/safety_node/resource) by extensions ['python_setup_py']
[1.156s] Level 1:colcon.colcon_core.package_identification:_identify(src/safety_node_car_wrapper/__MACOSX/safety_node/resource) by extension 'python_setup_py'
[1.156s] Level 1:colcon.colcon_core.package_identification:_identify(src/safety_node_car_wrapper/__MACOSX/safety_node/safety_node) by extensions ['ignore', 'ignore_ament_install']
[1.156s] Level 1:colcon.colcon_core.package_identification:_identify(src/safety_node_car_wrapper/__MACOSX/safety_node/safety_node) by extension 'ignore'
[1.157s] Level 1:colcon.colcon_core.package_identification:_identify(src/safety_node_car_wrapper/__MACOSX/safety_node/safety_node) by extension 'ignore_ament_install'
[1.157s] Level 1:colcon.colcon_core.package_identification:_identify(src/safety_node_car_wrapper/__MACOSX/safety_node/safety_node) by extensions ['colcon_pkg']
[1.157s] Level 1:colcon.colcon_core.package_identification:_identify(src/safety_node_car_wrapper/__MACOSX/safety_node/safety_node) by extension 'colcon_pkg'
[1.157s] Level 1:colcon.colcon_core.package_identification:_identify(src/safety_node_car_wrapper/__MACOSX/safety_node/safety_node) by extensions ['colcon_meta']
[1.157s] Level 1:colcon.colcon_core.package_identification:_identify(src/safety_node_car_wrapper/__MACOSX/safety_node/safety_node) by extension 'colcon_meta'
[1.157s] Level 1:colcon.colcon_core.package_identification:_identify(src/safety_node_car_wrapper/__MACOSX/safety_node/safety_node) by extensions ['ros']
[1.157s] Level 1:colcon.colcon_core.package_identification:_identify(src/safety_node_car_wrapper/__MACOSX/safety_node/safety_node) by extension 'ros'
[1.157s] Level 1:colcon.colcon_core.package_identification:_identify(src/safety_node_car_wrapper/__MACOSX/safety_node/safety_node) by extensions ['cmake', 'python']
[1.157s] Level 1:colcon.colcon_core.package_identification:_identify(src/safety_node_car_wrapper/__MACOSX/safety_node/safety_node) by extension 'cmake'
[1.157s] Level 1:colcon.colcon_core.package_identification:_identify(src/safety_node_car_wrapper/__MACOSX/safety_node/safety_node) by extension 'python'
[1.158s] Level 1:colcon.colcon_core.package_identification:_identify(src/safety_node_car_wrapper/__MACOSX/safety_node/safety_node) by extensions ['python_setup_py']
[1.158s] Level 1:colcon.colcon_core.package_identification:_identify(src/safety_node_car_wrapper/__MACOSX/safety_node/safety_node) by extension 'python_setup_py'
[1.158s] Level 1:colcon.colcon_core.package_identification:_identify(src/safety_node_car_wrapper/__MACOSX/safety_node/test) by extensions ['ignore', 'ignore_ament_install']
[1.158s] Level 1:colcon.colcon_core.package_identification:_identify(src/safety_node_car_wrapper/__MACOSX/safety_node/test) by extension 'ignore'
[1.158s] Level 1:colcon.colcon_core.package_identification:_identify(src/safety_node_car_wrapper/__MACOSX/safety_node/test) by extension 'ignore_ament_install'
[1.158s] Level 1:colcon.colcon_core.package_identification:_identify(src/safety_node_car_wrapper/__MACOSX/safety_node/test) by extensions ['colcon_pkg']
[1.158s] Level 1:colcon.colcon_core.package_identification:_identify(src/safety_node_car_wrapper/__MACOSX/safety_node/test) by extension 'colcon_pkg'
[1.158s] Level 1:colcon.colcon_core.package_identification:_identify(src/safety_node_car_wrapper/__MACOSX/safety_node/test) by extensions ['colcon_meta']
[1.158s] Level 1:colcon.colcon_core.package_identification:_identify(src/safety_node_car_wrapper/__MACOSX/safety_node/test) by extension 'colcon_meta'
[1.159s] Level 1:colcon.colcon_core.package_identification:_identify(src/safety_node_car_wrapper/__MACOSX/safety_node/test) by extensions ['ros']
[1.159s] Level 1:colcon.colcon_core.package_identification:_identify(src/safety_node_car_wrapper/__MACOSX/safety_node/test) by extension 'ros'
[1.159s] Level 1:colcon.colcon_core.package_identification:_identify(src/safety_node_car_wrapper/__MACOSX/safety_node/test) by extensions ['cmake', 'python']
[1.159s] Level 1:colcon.colcon_core.package_identification:_identify(src/safety_node_car_wrapper/__MACOSX/safety_node/test) by extension 'cmake'
[1.159s] Level 1:colcon.colcon_core.package_identification:_identify(src/safety_node_car_wrapper/__MACOSX/safety_node/test) by extension 'python'
[1.159s] Level 1:colcon.colcon_core.package_identification:_identify(src/safety_node_car_wrapper/__MACOSX/safety_node/test) by extensions ['python_setup_py']
[1.159s] Level 1:colcon.colcon_core.package_identification:_identify(src/safety_node_car_wrapper/__MACOSX/safety_node/test) by extension 'python_setup_py'
[1.159s] Level 1:colcon.colcon_core.package_identification:_identify(src/safety_node_car_wrapper/safety_node) by extensions ['ignore', 'ignore_ament_install']
[1.159s] Level 1:colcon.colcon_core.package_identification:_identify(src/safety_node_car_wrapper/safety_node) by extension 'ignore'
[1.160s] Level 1:colcon.colcon_core.package_identification:_identify(src/safety_node_car_wrapper/safety_node) by extension 'ignore_ament_install'
[1.160s] Level 1:colcon.colcon_core.package_identification:_identify(src/safety_node_car_wrapper/safety_node) by extensions ['colcon_pkg']
[1.160s] Level 1:colcon.colcon_core.package_identification:_identify(src/safety_node_car_wrapper/safety_node) by extension 'colcon_pkg'
[1.160s] Level 1:colcon.colcon_core.package_identification:_identify(src/safety_node_car_wrapper/safety_node) by extensions ['colcon_meta']
[1.160s] Level 1:colcon.colcon_core.package_identification:_identify(src/safety_node_car_wrapper/safety_node) by extension 'colcon_meta'
[1.160s] Level 1:colcon.colcon_core.package_identification:_identify(src/safety_node_car_wrapper/safety_node) by extensions ['ros']
[1.160s] Level 1:colcon.colcon_core.package_identification:_identify(src/safety_node_car_wrapper/safety_node) by extension 'ros'
[1.161s] DEBUG:colcon.colcon_core.package_identification:Package 'src/safety_node_car_wrapper/safety_node' with type 'ros.ament_python' and name 'safety_node'
[1.162s] Level 1:colcon.colcon_core.package_identification:_identify(src/slam_toolbox) by extensions ['ignore', 'ignore_ament_install']
[1.162s] Level 1:colcon.colcon_core.package_identification:_identify(src/slam_toolbox) by extension 'ignore'
[1.162s] Level 1:colcon.colcon_core.package_identification:_identify(src/slam_toolbox) by extension 'ignore_ament_install'
[1.162s] Level 1:colcon.colcon_core.package_identification:_identify(src/slam_toolbox) by extensions ['colcon_pkg']
[1.162s] Level 1:colcon.colcon_core.package_identification:_identify(src/slam_toolbox) by extension 'colcon_pkg'
[1.162s] Level 1:colcon.colcon_core.package_identification:_identify(src/slam_toolbox) by extensions ['colcon_meta']
[1.162s] Level 1:colcon.colcon_core.package_identification:_identify(src/slam_toolbox) by extension 'colcon_meta'
[1.162s] Level 1:colcon.colcon_core.package_identification:_identify(src/slam_toolbox) by extensions ['ros']
[1.162s] Level 1:colcon.colcon_core.package_identification:_identify(src/slam_toolbox) by extension 'ros'
[1.166s] DEBUG:colcon.colcon_core.package_identification:Package 'src/slam_toolbox' with type 'ros.ament_cmake' and name 'slam_toolbox'
[1.166s] Level 1:colcon.colcon_core.package_discovery:discover_packages(recursive) using defaults
[1.166s] Level 1:colcon.colcon_core.package_discovery:discover_packages(ignore) discover
[1.166s] Level 1:colcon.colcon_core.package_discovery:discover_packages(ignore) using defaults
[1.166s] Level 1:colcon.colcon_core.package_discovery:discover_packages(path) discover
[1.166s] Level 1:colcon.colcon_core.package_discovery:discover_packages(path) using defaults
[1.207s] Level 1:colcon.colcon_core.package_discovery:discover_packages(prefix_path) check parameters
[1.207s] Level 1:colcon.colcon_core.package_discovery:discover_packages(prefix_path) discover
[1.212s] DEBUG:colcon.colcon_installed_package_information.package_discovery:Found 310 installed packages in /opt/ros/foxy
[1.215s] Level 1:colcon.colcon_core.package_discovery:discover_packages(prefix_path) using defaults
[1.331s] Level 5:colcon.colcon_core.verb:set package 'follow_the_gap' build argument 'cmake_args' from command line to 'None'
[1.331s] Level 5:colcon.colcon_core.verb:set package 'follow_the_gap' build argument 'cmake_target' from command line to 'None'
[1.331s] Level 5:colcon.colcon_core.verb:set package 'follow_the_gap' build argument 'cmake_target_skip_unavailable' from command line to 'False'
[1.331s] Level 5:colcon.colcon_core.verb:set package 'follow_the_gap' build argument 'cmake_clean_cache' from command line to 'False'
[1.331s] Level 5:colcon.colcon_core.verb:set package 'follow_the_gap' build argument 'cmake_clean_first' from command line to 'False'
[1.331s] Level 5:colcon.colcon_core.verb:set package 'follow_the_gap' build argument 'cmake_force_configure' from command line to 'False'
[1.331s] Level 5:colcon.colcon_core.verb:set package 'follow_the_gap' build argument 'ament_cmake_args' from command line to 'None'
[1.331s] Level 5:colcon.colcon_core.verb:set package 'follow_the_gap' build argument 'catkin_cmake_args' from command line to 'None'
[1.331s] Level 5:colcon.colcon_core.verb:set package 'follow_the_gap' build argument 'catkin_skip_building_tests' from command line to 'False'
[1.331s] DEBUG:colcon.colcon_core.verb:Building package 'follow_the_gap' with the following arguments: {'ament_cmake_args': None, 'build_base': '/home/f1tenth/lab_ws25/build/follow_the_gap', 'catkin_cmake_args': None, 'catkin_skip_building_tests': False, 'cmake_args': None, 'cmake_clean_cache': False, 'cmake_clean_first': False, 'cmake_force_configure': False, 'cmake_target': None, 'cmake_target_skip_unavailable': False, 'install_base': '/home/f1tenth/lab_ws25/install/follow_the_gap', 'merge_install': False, 'path': '/home/f1tenth/lab_ws25/src/follow_the_gap_wrapper/follow_the_gap/follow_the_gap', 'symlink_install': False, 'test_result_base': None}
[1.332s] Level 5:colcon.colcon_core.verb:set package 'particle_filter' build argument 'cmake_args' from command line to 'None'
[1.332s] Level 5:colcon.colcon_core.verb:set package 'particle_filter' build argument 'cmake_target' from command line to 'None'
[1.332s] Level 5:colcon.colcon_core.verb:set package 'particle_filter' build argument 'cmake_target_skip_unavailable' from command line to 'False'
[1.332s] Level 5:colcon.colcon_core.verb:set package 'particle_filter' build argument 'cmake_clean_cache' from command line to 'False'
[1.332s] Level 5:colcon.colcon_core.verb:set package 'particle_filter' build argument 'cmake_clean_first' from command line to 'False'
[1.332s] Level 5:colcon.colcon_core.verb:set package 'particle_filter' build argument 'cmake_force_configure' from command line to 'False'
[1.332s] Level 5:colcon.colcon_core.verb:set package 'particle_filter' build argument 'ament_cmake_args' from command line to 'None'
[1.332s] Level 5:colcon.colcon_core.verb:set package 'particle_filter' build argument 'catkin_cmake_args' from command line to 'None'
[1.332s] Level 5:colcon.colcon_core.verb:set package 'particle_filter' build argument 'catkin_skip_building_tests' from command line to 'False'
[1.333s] DEBUG:colcon.colcon_core.verb:Building package 'particle_filter' with the following arguments: {'ament_cmake_args': None, 'build_base': '/home/f1tenth/lab_ws25/build/particle_filter', 'catkin_cmake_args': None, 'catkin_skip_building_tests': False, 'cmake_args': None, 'cmake_clean_cache': False, 'cmake_clean_first': False, 'cmake_force_configure': False, 'cmake_target': None, 'cmake_target_skip_unavailable': False, 'install_base': '/home/f1tenth/lab_ws25/install/particle_filter', 'merge_install': False, 'path': '/home/f1tenth/lab_ws25/src/particle_filter', 'symlink_install': False, 'test_result_base': None}
[1.333s] Level 5:colcon.colcon_core.verb:set package 'ros_deep_learning' build argument 'cmake_args' from command line to 'None'
[1.333s] Level 5:colcon.colcon_core.verb:set package 'ros_deep_learning' build argument 'cmake_target' from command line to 'None'
[1.333s] Level 5:colcon.colcon_core.verb:set package 'ros_deep_learning' build argument 'cmake_target_skip_unavailable' from command line to 'False'
[1.333s] Level 5:colcon.colcon_core.verb:set package 'ros_deep_learning' build argument 'cmake_clean_cache' from command line to 'False'
[1.333s] Level 5:colcon.colcon_core.verb:set package 'ros_deep_learning' build argument 'cmake_clean_first' from command line to 'False'
[1.333s] Level 5:colcon.colcon_core.verb:set package 'ros_deep_learning' build argument 'cmake_force_configure' from command line to 'False'
[1.333s] Level 5:colcon.colcon_core.verb:set package 'ros_deep_learning' build argument 'ament_cmake_args' from command line to 'None'
[1.334s] Level 5:colcon.colcon_core.verb:set package 'ros_deep_learning' build argument 'catkin_cmake_args' from command line to 'None'
[1.334s] Level 5:colcon.colcon_core.verb:set package 'ros_deep_learning' build argument 'catkin_skip_building_tests' from command line to 'False'
[1.334s] DEBUG:colcon.colcon_core.verb:Building package 'ros_deep_learning' with the following arguments: {'ament_cmake_args': None, 'build_base': '/home/f1tenth/lab_ws25/build/ros_deep_learning', 'catkin_cmake_args': None, 'catkin_skip_building_tests': False, 'cmake_args': None, 'cmake_clean_cache': False, 'cmake_clean_first': False, 'cmake_force_configure': False, 'cmake_target': None, 'cmake_target_skip_unavailable': False, 'install_base': '/home/f1tenth/lab_ws25/install/ros_deep_learning', 'merge_install': False, 'path': '/home/f1tenth/lab_ws25/src/ros_deep_learning', 'symlink_install': False, 'test_result_base': None}
[1.334s] Level 5:colcon.colcon_core.verb:set package 'safety_node' build argument 'cmake_args' from command line to 'None'
[1.334s] Level 5:colcon.colcon_core.verb:set package 'safety_node' build argument 'cmake_target' from command line to 'None'
[1.334s] Level 5:colcon.colcon_core.verb:set package 'safety_node' build argument 'cmake_target_skip_unavailable' from command line to 'False'
[1.335s] Level 5:colcon.colcon_core.verb:set package 'safety_node' build argument 'cmake_clean_cache' from command line to 'False'
[1.335s] Level 5:colcon.colcon_core.verb:set package 'safety_node' build argument 'cmake_clean_first' from command line to 'False'
[1.335s] Level 5:colcon.colcon_core.verb:set package 'safety_node' build argument 'cmake_force_configure' from command line to 'False'
[1.335s] Level 5:colcon.colcon_core.verb:set package 'safety_node' build argument 'ament_cmake_args' from command line to 'None'
[1.335s] Level 5:colcon.colcon_core.verb:set package 'safety_node' build argument 'catkin_cmake_args' from command line to 'None'
[1.335s] Level 5:colcon.colcon_core.verb:set package 'safety_node' build argument 'catkin_skip_building_tests' from command line to 'False'
[1.335s] DEBUG:colcon.colcon_core.verb:Building package 'safety_node' with the following arguments: {'ament_cmake_args': None, 'build_base': '/home/f1tenth/lab_ws25/build/safety_node', 'catkin_cmake_args': None, 'catkin_skip_building_tests': False, 'cmake_args': None, 'cmake_clean_cache': False, 'cmake_clean_first': False, 'cmake_force_configure': False, 'cmake_target': None, 'cmake_target_skip_unavailable': False, 'install_base': '/home/f1tenth/lab_ws25/install/safety_node', 'merge_install': False, 'path': '/home/f1tenth/lab_ws25/src/safety_node_car_wrapper/safety_node', 'symlink_install': False, 'test_result_base': None}
[1.335s] Level 5:colcon.colcon_core.verb:set package 'slam_toolbox' build argument 'cmake_args' from command line to 'None'
[1.336s] Level 5:colcon.colcon_core.verb:set package 'slam_toolbox' build argument 'cmake_target' from command line to 'None'
[1.336s] Level 5:colcon.colcon_core.verb:set package 'slam_toolbox' build argument 'cmake_target_skip_unavailable' from command line to 'False'
[1.336s] Level 5:colcon.colcon_core.verb:set package 'slam_toolbox' build argument 'cmake_clean_cache' from command line to 'False'
[1.336s] Level 5:colcon.colcon_core.verb:set package 'slam_toolbox' build argument 'cmake_clean_first' from command line to 'False'
[1.336s] Level 5:colcon.colcon_core.verb:set package 'slam_toolbox' build argument 'cmake_force_configure' from command line to 'False'
[1.336s] Level 5:colcon.colcon_core.verb:set package 'slam_toolbox' build argument 'ament_cmake_args' from command line to 'None'
[1.336s] Level 5:colcon.colcon_core.verb:set package 'slam_toolbox' build argument 'catkin_cmake_args' from command line to 'None'
[1.336s] Level 5:colcon.colcon_core.verb:set package 'slam_toolbox' build argument 'catkin_skip_building_tests' from command line to 'False'
[1.336s] DEBUG:colcon.colcon_core.verb:Building package 'slam_toolbox' with the following arguments: {'ament_cmake_args': None, 'build_base': '/home/f1tenth/lab_ws25/build/slam_toolbox', 'catkin_cmake_args': None, 'catkin_skip_building_tests': False, 'cmake_args': None, 'cmake_clean_cache': False, 'cmake_clean_first': False, 'cmake_force_configure': False, 'cmake_target': None, 'cmake_target_skip_unavailable': False, 'install_base': '/home/f1tenth/lab_ws25/install/slam_toolbox', 'merge_install': False, 'path': '/home/f1tenth/lab_ws25/src/slam_toolbox', 'symlink_install': False, 'test_result_base': None}
[1.336s] INFO:colcon.colcon_core.executor:Executing jobs using 'parallel' executor
[1.338s] DEBUG:colcon.colcon_parallel_executor.executor.parallel:run_until_complete
[1.339s] INFO:colcon.colcon_ros.task.ament_python.build:Building ROS package in '/home/f1tenth/lab_ws25/src/follow_the_gap_wrapper/follow_the_gap/follow_the_gap' with build type 'ament_python'
[1.339s] Level 1:colcon.colcon_core.shell:create_environment_hook('follow_the_gap', 'ament_prefix_path')
[1.344s] INFO:colcon.colcon_core.plugin_system:Skipping extension 'colcon_core.shell.bat': Not used on non-Windows systems
[1.344s] INFO:colcon.colcon_core.shell:Creating environment hook '/home/f1tenth/lab_ws25/install/follow_the_gap/share/follow_the_gap/hook/ament_prefix_path.ps1'
[1.346s] INFO:colcon.colcon_core.shell:Creating environment descriptor '/home/f1tenth/lab_ws25/install/follow_the_gap/share/follow_the_gap/hook/ament_prefix_path.dsv'
[1.347s] INFO:colcon.colcon_core.shell:Creating environment hook '/home/f1tenth/lab_ws25/install/follow_the_gap/share/follow_the_gap/hook/ament_prefix_path.sh'
[1.348s] INFO:colcon.colcon_core.shell:Skip shell extension 'powershell' for command environment: Not usable outside of PowerShell
[1.348s] DEBUG:colcon.colcon_core.shell:Skip shell extension 'dsv' for command environment
[1.361s] INFO:colcon.colcon_ros.task.ament_python.build:Building ROS package in '/home/f1tenth/lab_ws25/src/particle_filter' with build type 'ament_python'
[1.362s] Level 1:colcon.colcon_core.shell:create_environment_hook('particle_filter', 'ament_prefix_path')
[1.363s] INFO:colcon.colcon_core.shell:Creating environment hook '/home/f1tenth/lab_ws25/install/particle_filter/share/particle_filter/hook/ament_prefix_path.ps1'
[1.364s] INFO:colcon.colcon_core.shell:Creating environment descriptor '/home/f1tenth/lab_ws25/install/particle_filter/share/particle_filter/hook/ament_prefix_path.dsv'
[1.365s] INFO:colcon.colcon_core.shell:Creating environment hook '/home/f1tenth/lab_ws25/install/particle_filter/share/particle_filter/hook/ament_prefix_path.sh'
[1.366s] INFO:colcon.colcon_core.shell:Skip shell extension 'powershell' for command environment: Not usable outside of PowerShell
[1.367s] DEBUG:colcon.colcon_core.shell:Skip shell extension 'dsv' for command environment
[1.378s] INFO:colcon.colcon_ros.task.ament_cmake.build:Building ROS package in '/home/f1tenth/lab_ws25/src/ros_deep_learning' with build type 'ament_cmake'
[1.378s] INFO:colcon.colcon_cmake.task.cmake.build:Building CMake package in '/home/f1tenth/lab_ws25/src/ros_deep_learning'
[1.379s] INFO:colcon.colcon_core.shell:Skip shell extension 'powershell' for command environment: Not usable outside of PowerShell
[1.380s] DEBUG:colcon.colcon_core.shell:Skip shell extension 'dsv' for command environment
[1.390s] INFO:colcon.colcon_ros.task.ament_python.build:Building ROS package in '/home/f1tenth/lab_ws25/src/safety_node_car_wrapper/safety_node' with build type 'ament_python'
[1.390s] Level 1:colcon.colcon_core.shell:create_environment_hook('safety_node', 'ament_prefix_path')
[1.391s] INFO:colcon.colcon_core.shell:Creating environment hook '/home/f1tenth/lab_ws25/install/safety_node/share/safety_node/hook/ament_prefix_path.ps1'
[1.393s] INFO:colcon.colcon_core.shell:Creating environment descriptor '/home/f1tenth/lab_ws25/install/safety_node/share/safety_node/hook/ament_prefix_path.dsv'
[1.394s] INFO:colcon.colcon_core.shell:Creating environment hook '/home/f1tenth/lab_ws25/install/safety_node/share/safety_node/hook/ament_prefix_path.sh'
[1.395s] INFO:colcon.colcon_core.shell:Skip shell extension 'powershell' for command environment: Not usable outside of PowerShell
[1.395s] DEBUG:colcon.colcon_core.shell:Skip shell extension 'dsv' for command environment
[1.405s] INFO:colcon.colcon_ros.task.ament_cmake.build:Building ROS package in '/home/f1tenth/lab_ws25/src/slam_toolbox' with build type 'ament_cmake'
[1.406s] INFO:colcon.colcon_cmake.task.cmake.build:Building CMake package in '/home/f1tenth/lab_ws25/src/slam_toolbox'
[1.407s] INFO:colcon.colcon_core.shell:Skip shell extension 'powershell' for command environment: Not usable outside of PowerShell
[1.407s] DEBUG:colcon.colcon_core.shell:Skip shell extension 'dsv' for command environment
[2.263s] INFO:colcon.colcon_core.task.python.build:Building Python package in '/home/f1tenth/lab_ws25/src/follow_the_gap_wrapper/follow_the_gap/follow_the_gap'
[2.264s] INFO:colcon.colcon_core.shell:Skip shell extension 'powershell' for command environment: Not usable outside of PowerShell
[2.264s] DEBUG:colcon.colcon_core.shell:Skip shell extension 'dsv' for command environment
[3.135s] INFO:colcon.colcon_core.task.python.build:Building Python package in '/home/f1tenth/lab_ws25/src/particle_filter'
[3.136s] INFO:colcon.colcon_core.shell:Skip shell extension 'powershell' for command environment: Not usable outside of PowerShell
[3.136s] DEBUG:colcon.colcon_core.shell:Skip shell extension 'dsv' for command environment
[3.163s] DEBUG:colcon.colcon_core.event_handler.log_command:Invoking command in '/home/f1tenth/lab_ws25/build/ros_deep_learning': CMAKE_PREFIX_PATH=/opt/ros/foxy /usr/bin/cmake /home/f1tenth/lab_ws25/src/ros_deep_learning -DCMAKE_INSTALL_PREFIX=/home/f1tenth/lab_ws25/install/ros_deep_learning
[4.019s] INFO:colcon.colcon_core.task.python.build:Building Python package in '/home/f1tenth/lab_ws25/src/safety_node_car_wrapper/safety_node'
[4.020s] INFO:colcon.colcon_core.shell:Skip shell extension 'powershell' for command environment: Not usable outside of PowerShell
[4.020s] DEBUG:colcon.colcon_core.shell:Skip shell extension 'dsv' for command environment
[4.046s] DEBUG:colcon.colcon_core.event_handler.log_command:Invoking command in '/home/f1tenth/lab_ws25/build/slam_toolbox': CMAKE_PREFIX_PATH=/opt/ros/foxy /usr/bin/cmake --build /home/f1tenth/lab_ws25/build/slam_toolbox -- -j6 -l6
[5.223s] DEBUG:colcon.colcon_core.event_handler.log_command:Invoked command in '/home/f1tenth/lab_ws25/build/slam_toolbox' returned '0': CMAKE_PREFIX_PATH=/opt/ros/foxy /usr/bin/cmake --build /home/f1tenth/lab_ws25/build/slam_toolbox -- -j6 -l6
[5.259s] DEBUG:colcon.colcon_core.event_handler.log_command:Invoking command in '/home/f1tenth/lab_ws25/build/slam_toolbox': CMAKE_PREFIX_PATH=/opt/ros/foxy /usr/bin/cmake --install /home/f1tenth/lab_ws25/build/slam_toolbox
[5.349s] DEBUG:colcon.colcon_core.event_handler.log_command:Invoked command in '/home/f1tenth/lab_ws25/build/ros_deep_learning' returned '0': CMAKE_PREFIX_PATH=/opt/ros/foxy /usr/bin/cmake /home/f1tenth/lab_ws25/src/ros_deep_learning -DCMAKE_INSTALL_PREFIX=/home/f1tenth/lab_ws25/install/ros_deep_learning
[5.351s] DEBUG:colcon.colcon_core.event_handler.log_command:Invoking command in '/home/f1tenth/lab_ws25/build/ros_deep_learning': CMAKE_PREFIX_PATH=/opt/ros/foxy /usr/bin/cmake --build /home/f1tenth/lab_ws25/build/ros_deep_learning -- -j6 -l6
[5.508s] Level 1:colcon.colcon_core.environment:create_environment_scripts_only(slam_toolbox)
[5.513s] DEBUG:colcon.colcon_core.event_handler.log_command:Invoked command in '/home/f1tenth/lab_ws25/build/slam_toolbox' returned '0': CMAKE_PREFIX_PATH=/opt/ros/foxy /usr/bin/cmake --install /home/f1tenth/lab_ws25/build/slam_toolbox
[5.516s] Level 1:colcon.colcon_core.environment:checking '/home/f1tenth/lab_ws25/install/slam_toolbox' for CMake module files
[5.517s] Level 1:colcon.colcon_core.environment:checking '/home/f1tenth/lab_ws25/install/slam_toolbox' for CMake config files
[5.519s] Level 1:colcon.colcon_core.shell:create_environment_hook('slam_toolbox', 'cmake_prefix_path')
[5.519s] INFO:colcon.colcon_core.shell:Creating environment hook '/home/f1tenth/lab_ws25/install/slam_toolbox/share/slam_toolbox/hook/cmake_prefix_path.ps1'
[5.521s] INFO:colcon.colcon_core.shell:Creating environment descriptor '/home/f1tenth/lab_ws25/install/slam_toolbox/share/slam_toolbox/hook/cmake_prefix_path.dsv'
[5.522s] INFO:colcon.colcon_core.shell:Creating environment hook '/home/f1tenth/lab_ws25/install/slam_toolbox/share/slam_toolbox/hook/cmake_prefix_path.sh'
[5.524s] Level 1:colcon.colcon_core.environment:checking '/home/f1tenth/lab_ws25/install/slam_toolbox/lib'
[5.524s] Level 1:colcon.colcon_core.shell:create_environment_hook('slam_toolbox', 'ld_library_path_lib')
[5.525s] INFO:colcon.colcon_core.shell:Creating environment hook '/home/f1tenth/lab_ws25/install/slam_toolbox/share/slam_toolbox/hook/ld_library_path_lib.ps1'
[5.526s] INFO:colcon.colcon_core.shell:Creating environment descriptor '/home/f1tenth/lab_ws25/install/slam_toolbox/share/slam_toolbox/hook/ld_library_path_lib.dsv'
[5.527s] INFO:colcon.colcon_core.shell:Creating environment hook '/home/f1tenth/lab_ws25/install/slam_toolbox/share/slam_toolbox/hook/ld_library_path_lib.sh'
[5.528s] Level 1:colcon.colcon_core.environment:checking '/home/f1tenth/lab_ws25/install/slam_toolbox/bin'
[5.528s] Level 1:colcon.colcon_core.environment:checking '/home/f1tenth/lab_ws25/install/slam_toolbox/lib/pkgconfig/slam_toolbox.pc'
[5.528s] Level 1:colcon.colcon_core.environment:checking '/home/f1tenth/lab_ws25/install/slam_toolbox/lib/python3.8/site-packages'
[5.529s] Level 1:colcon.colcon_core.shell:create_environment_hook('slam_toolbox', 'pythonpath')
[5.529s] INFO:colcon.colcon_core.shell:Creating environment hook '/home/f1tenth/lab_ws25/install/slam_toolbox/share/slam_toolbox/hook/pythonpath.ps1'
[5.530s] INFO:colcon.colcon_core.shell:Creating environment descriptor '/home/f1tenth/lab_ws25/install/slam_toolbox/share/slam_toolbox/hook/pythonpath.dsv'
[5.531s] INFO:colcon.colcon_core.shell:Creating environment hook '/home/f1tenth/lab_ws25/install/slam_toolbox/share/slam_toolbox/hook/pythonpath.sh'
[5.532s] Level 1:colcon.colcon_core.environment:checking '/home/f1tenth/lab_ws25/install/slam_toolbox/bin'
[5.533s] INFO:colcon.colcon_core.shell:Creating package script '/home/f1tenth/lab_ws25/install/slam_toolbox/share/slam_toolbox/package.ps1'
[5.535s] INFO:colcon.colcon_core.shell:Creating package descriptor '/home/f1tenth/lab_ws25/install/slam_toolbox/share/slam_toolbox/package.dsv'
[5.536s] INFO:colcon.colcon_core.shell:Creating package script '/home/f1tenth/lab_ws25/install/slam_toolbox/share/slam_toolbox/package.sh'
[5.539s] INFO:colcon.colcon_core.shell:Creating package script '/home/f1tenth/lab_ws25/install/slam_toolbox/share/slam_toolbox/package.bash'
[5.540s] INFO:colcon.colcon_core.shell:Creating package script '/home/f1tenth/lab_ws25/install/slam_toolbox/share/slam_toolbox/package.zsh'
[5.542s] Level 1:colcon.colcon_core.environment:create_file_with_runtime_dependencies(/home/f1tenth/lab_ws25/install/slam_toolbox/share/colcon-core/packages/slam_toolbox)
[5.543s] Level 1:colcon.colcon_core.environment:create_environment_scripts_only(slam_toolbox)
[5.544s] Level 1:colcon.colcon_core.environment:checking '/home/f1tenth/lab_ws25/install/slam_toolbox' for CMake module files
[5.545s] Level 1:colcon.colcon_core.environment:checking '/home/f1tenth/lab_ws25/install/slam_toolbox' for CMake config files
[5.547s] Level 1:colcon.colcon_core.shell:create_environment_hook('slam_toolbox', 'cmake_prefix_path')
[5.547s] INFO:colcon.colcon_core.shell:Creating environment hook '/home/f1tenth/lab_ws25/install/slam_toolbox/share/slam_toolbox/hook/cmake_prefix_path.ps1'
[5.549s] INFO:colcon.colcon_core.shell:Creating environment descriptor '/home/f1tenth/lab_ws25/install/slam_toolbox/share/slam_toolbox/hook/cmake_prefix_path.dsv'
[5.549s] INFO:colcon.colcon_core.shell:Creating environment hook '/home/f1tenth/lab_ws25/install/slam_toolbox/share/slam_toolbox/hook/cmake_prefix_path.sh'
[5.551s] Level 1:colcon.colcon_core.environment:checking '/home/f1tenth/lab_ws25/install/slam_toolbox/lib'
[5.551s] Level 1:colcon.colcon_core.shell:create_environment_hook('slam_toolbox', 'ld_library_path_lib')
[5.551s] INFO:colcon.colcon_core.shell:Creating environment hook '/home/f1tenth/lab_ws25/install/slam_toolbox/share/slam_toolbox/hook/ld_library_path_lib.ps1'
[5.552s] INFO:colcon.colcon_core.shell:Creating environment descriptor '/home/f1tenth/lab_ws25/install/slam_toolbox/share/slam_toolbox/hook/ld_library_path_lib.dsv'
[5.553s] INFO:colcon.colcon_core.shell:Creating environment hook '/home/f1tenth/lab_ws25/install/slam_toolbox/share/slam_toolbox/hook/ld_library_path_lib.sh'
[5.554s] Level 1:colcon.colcon_core.environment:checking '/home/f1tenth/lab_ws25/install/slam_toolbox/bin'
[5.554s] Level 1:colcon.colcon_core.environment:checking '/home/f1tenth/lab_ws25/install/slam_toolbox/lib/pkgconfig/slam_toolbox.pc'
[5.555s] Level 1:colcon.colcon_core.environment:checking '/home/f1tenth/lab_ws25/install/slam_toolbox/lib/python3.8/site-packages'
[5.555s] Level 1:colcon.colcon_core.shell:create_environment_hook('slam_toolbox', 'pythonpath')
[5.555s] INFO:colcon.colcon_core.shell:Creating environment hook '/home/f1tenth/lab_ws25/install/slam_toolbox/share/slam_toolbox/hook/pythonpath.ps1'
[5.556s] INFO:colcon.colcon_core.shell:Creating environment descriptor '/home/f1tenth/lab_ws25/install/slam_toolbox/share/slam_toolbox/hook/pythonpath.dsv'
[5.557s] INFO:colcon.colcon_core.shell:Creating environment hook '/home/f1tenth/lab_ws25/install/slam_toolbox/share/slam_toolbox/hook/pythonpath.sh'
[5.558s] Level 1:colcon.colcon_core.environment:checking '/home/f1tenth/lab_ws25/install/slam_toolbox/bin'
[5.559s] INFO:colcon.colcon_core.shell:Creating package script '/home/f1tenth/lab_ws25/install/slam_toolbox/share/slam_toolbox/package.ps1'
[5.561s] INFO:colcon.colcon_core.shell:Creating package descriptor '/home/f1tenth/lab_ws25/install/slam_toolbox/share/slam_toolbox/package.dsv'
[5.562s] INFO:colcon.colcon_core.shell:Creating package script '/home/f1tenth/lab_ws25/install/slam_toolbox/share/slam_toolbox/package.sh'
[5.563s] INFO:colcon.colcon_core.shell:Creating package script '/home/f1tenth/lab_ws25/install/slam_toolbox/share/slam_toolbox/package.bash'
[5.564s] INFO:colcon.colcon_core.shell:Creating package script '/home/f1tenth/lab_ws25/install/slam_toolbox/share/slam_toolbox/package.zsh'
[5.565s] Level 1:colcon.colcon_core.environment:create_file_with_runtime_dependencies(/home/f1tenth/lab_ws25/install/slam_toolbox/share/colcon-core/packages/slam_toolbox)
[5.663s] DEBUG:colcon.colcon_core.event_handler.log_command:Invoked command in '/home/f1tenth/lab_ws25/build/ros_deep_learning' returned '0': CMAKE_PREFIX_PATH=/opt/ros/foxy /usr/bin/cmake --build /home/f1tenth/lab_ws25/build/ros_deep_learning -- -j6 -l6
[5.670s] DEBUG:colcon.colcon_core.event_handler.log_command:Invoking command in '/home/f1tenth/lab_ws25/build/ros_deep_learning': CMAKE_PREFIX_PATH=/opt/ros/foxy /usr/bin/cmake --install /home/f1tenth/lab_ws25/build/ros_deep_learning
[5.711s] Level 1:colcon.colcon_core.environment:create_environment_scripts_only(ros_deep_learning)
[5.712s] Level 1:colcon.colcon_core.environment:checking '/home/f1tenth/lab_ws25/install/ros_deep_learning' for CMake module files
[5.713s] DEBUG:colcon.colcon_core.event_handler.log_command:Invoked command in '/home/f1tenth/lab_ws25/build/ros_deep_learning' returned '0': CMAKE_PREFIX_PATH=/opt/ros/foxy /usr/bin/cmake --install /home/f1tenth/lab_ws25/build/ros_deep_learning
[5.714s] Level 1:colcon.colcon_core.environment:checking '/home/f1tenth/lab_ws25/install/ros_deep_learning' for CMake config files
[5.715s] Level 1:colcon.colcon_core.shell:create_environment_hook('ros_deep_learning', 'cmake_prefix_path')
[5.716s] INFO:colcon.colcon_core.shell:Creating environment hook '/home/f1tenth/lab_ws25/install/ros_deep_learning/share/ros_deep_learning/hook/cmake_prefix_path.ps1'
[5.718s] INFO:colcon.colcon_core.shell:Creating environment descriptor '/home/f1tenth/lab_ws25/install/ros_deep_learning/share/ros_deep_learning/hook/cmake_prefix_path.dsv'
[5.719s] INFO:colcon.colcon_core.shell:Creating environment hook '/home/f1tenth/lab_ws25/install/ros_deep_learning/share/ros_deep_learning/hook/cmake_prefix_path.sh'
[5.720s] Level 1:colcon.colcon_core.environment:checking '/home/f1tenth/lab_ws25/install/ros_deep_learning/lib'
[5.720s] Level 1:colcon.colcon_core.environment:checking '/home/f1tenth/lab_ws25/install/ros_deep_learning/bin'
[5.721s] Level 1:colcon.colcon_core.environment:checking '/home/f1tenth/lab_ws25/install/ros_deep_learning/lib/pkgconfig/ros_deep_learning.pc'
[5.721s] Level 1:colcon.colcon_core.environment:checking '/home/f1tenth/lab_ws25/install/ros_deep_learning/lib/python3.8/site-packages'
[5.721s] Level 1:colcon.colcon_core.environment:checking '/home/f1tenth/lab_ws25/install/ros_deep_learning/bin'
[5.722s] INFO:colcon.colcon_core.shell:Creating package script '/home/f1tenth/lab_ws25/install/ros_deep_learning/share/ros_deep_learning/package.ps1'
[5.723s] INFO:colcon.colcon_core.shell:Creating package descriptor '/home/f1tenth/lab_ws25/install/ros_deep_learning/share/ros_deep_learning/package.dsv'
[5.724s] INFO:colcon.colcon_core.shell:Creating package script '/home/f1tenth/lab_ws25/install/ros_deep_learning/share/ros_deep_learning/package.sh'
[5.725s] INFO:colcon.colcon_core.shell:Creating package script '/home/f1tenth/lab_ws25/install/ros_deep_learning/share/ros_deep_learning/package.bash'
[5.726s] INFO:colcon.colcon_core.shell:Creating package script '/home/f1tenth/lab_ws25/install/ros_deep_learning/share/ros_deep_learning/package.zsh'
[5.727s] Level 1:colcon.colcon_core.environment:create_file_with_runtime_dependencies(/home/f1tenth/lab_ws25/install/ros_deep_learning/share/colcon-core/packages/ros_deep_learning)
[5.728s] Level 1:colcon.colcon_core.environment:create_environment_scripts_only(ros_deep_learning)
[5.729s] Level 1:colcon.colcon_core.environment:checking '/home/f1tenth/lab_ws25/install/ros_deep_learning' for CMake module files
[5.730s] Level 1:colcon.colcon_core.environment:checking '/home/f1tenth/lab_ws25/install/ros_deep_learning' for CMake config files
[5.730s] Level 1:colcon.colcon_core.shell:create_environment_hook('ros_deep_learning', 'cmake_prefix_path')
[5.731s] INFO:colcon.colcon_core.shell:Creating environment hook '/home/f1tenth/lab_ws25/install/ros_deep_learning/share/ros_deep_learning/hook/cmake_prefix_path.ps1'
[5.732s] INFO:colcon.colcon_core.shell:Creating environment descriptor '/home/f1tenth/lab_ws25/install/ros_deep_learning/share/ros_deep_learning/hook/cmake_prefix_path.dsv'
[5.733s] INFO:colcon.colcon_core.shell:Creating environment hook '/home/f1tenth/lab_ws25/install/ros_deep_learning/share/ros_deep_learning/hook/cmake_prefix_path.sh'
[5.734s] Level 1:colcon.colcon_core.environment:checking '/home/f1tenth/lab_ws25/install/ros_deep_learning/lib'
[5.734s] Level 1:colcon.colcon_core.environment:checking '/home/f1tenth/lab_ws25/install/ros_deep_learning/bin'
[5.734s] Level 1:colcon.colcon_core.environment:checking '/home/f1tenth/lab_ws25/install/ros_deep_learning/lib/pkgconfig/ros_deep_learning.pc'
[5.735s] Level 1:colcon.colcon_core.environment:checking '/home/f1tenth/lab_ws25/install/ros_deep_learning/lib/python3.8/site-packages'
[5.735s] Level 1:colcon.colcon_core.environment:checking '/home/f1tenth/lab_ws25/install/ros_deep_learning/bin'
[5.735s] INFO:colcon.colcon_core.shell:Creating package script '/home/f1tenth/lab_ws25/install/ros_deep_learning/share/ros_deep_learning/package.ps1'
[5.737s] INFO:colcon.colcon_core.shell:Creating package descriptor '/home/f1tenth/lab_ws25/install/ros_deep_learning/share/ros_deep_learning/package.dsv'
[5.738s] INFO:colcon.colcon_core.shell:Creating package script '/home/f1tenth/lab_ws25/install/ros_deep_learning/share/ros_deep_learning/package.sh'
[5.739s] INFO:colcon.colcon_core.shell:Creating package script '/home/f1tenth/lab_ws25/install/ros_deep_learning/share/ros_deep_learning/package.bash'
[5.740s] INFO:colcon.colcon_core.shell:Creating package script '/home/f1tenth/lab_ws25/install/ros_deep_learning/share/ros_deep_learning/package.zsh'
[5.740s] Level 1:colcon.colcon_core.environment:create_file_with_runtime_dependencies(/home/f1tenth/lab_ws25/install/ros_deep_learning/share/colcon-core/packages/ros_deep_learning)
[5.956s] DEBUG:colcon.colcon_core.event_handler.log_command:Invoking command in '/home/f1tenth/lab_ws25/src/particle_filter': PYTHONPATH=/home/f1tenth/lab_ws25/build/particle_filter/prefix_override:/usr/lib/python3/dist-packages/colcon_core/task/python/colcon_distutils_commands:/home/f1tenth/lab_ws25/install/particle_filter/lib/python3.8/site-packages:${PYTHONPATH} /usr/bin/python3 -W ignore:setup.py install is deprecated -W ignore:easy_install command is deprecated setup.py egg_info --egg-base ../../build/particle_filter build --build-base /home/f1tenth/lab_ws25/build/particle_filter/build install --record /home/f1tenth/lab_ws25/build/particle_filter/install.log --install-scripts $base/lib/particle_filter --single-version-externally-managed install_data
[5.983s] DEBUG:colcon.colcon_core.event_handler.log_command:Invoking command in '/home/f1tenth/lab_ws25/src/safety_node_car_wrapper/safety_node': PYTHONPATH=/home/f1tenth/lab_ws25/build/safety_node/prefix_override:/usr/lib/python3/dist-packages/colcon_core/task/python/colcon_distutils_commands:/home/f1tenth/lab_ws25/install/safety_node/lib/python3.8/site-packages:${PYTHONPATH} /usr/bin/python3 -W ignore:setup.py install is deprecated -W ignore:easy_install command is deprecated setup.py egg_info --egg-base ../../../build/safety_node build --build-base /home/f1tenth/lab_ws25/build/safety_node/build install --record /home/f1tenth/lab_ws25/build/safety_node/install.log --install-scripts $base/lib/safety_node --single-version-externally-managed install_data
[5.997s] DEBUG:colcon.colcon_core.event_handler.log_command:Invoking command in '/home/f1tenth/lab_ws25/src/follow_the_gap_wrapper/follow_the_gap/follow_the_gap': PYTHONPATH=/home/f1tenth/lab_ws25/build/follow_the_gap/prefix_override:/usr/lib/python3/dist-packages/colcon_core/task/python/colcon_distutils_commands:/home/f1tenth/lab_ws25/install/follow_the_gap/lib/python3.8/site-packages:${PYTHONPATH} /usr/bin/python3 -W ignore:setup.py install is deprecated -W ignore:easy_install command is deprecated setup.py egg_info --egg-base ../../../../build/follow_the_gap build --build-base /home/f1tenth/lab_ws25/build/follow_the_gap/build install --record /home/f1tenth/lab_ws25/build/follow_the_gap/install.log --install-scripts $base/lib/follow_the_gap --single-version-externally-managed install_data
[7.459s] Level 1:colcon.colcon_core.environment:checking '/home/f1tenth/lab_ws25/install/particle_filter' for CMake module files
[7.461s] DEBUG:colcon.colcon_core.event_handler.log_command:Invoked command in '/home/f1tenth/lab_ws25/src/particle_filter' returned '0': PYTHONPATH=/home/f1tenth/lab_ws25/build/particle_filter/prefix_override:/usr/lib/python3/dist-packages/colcon_core/task/python/colcon_distutils_commands:/home/f1tenth/lab_ws25/install/particle_filter/lib/python3.8/site-packages:${PYTHONPATH} /usr/bin/python3 -W ignore:setup.py install is deprecated -W ignore:easy_install command is deprecated setup.py egg_info --egg-base ../../build/particle_filter build --build-base /home/f1tenth/lab_ws25/build/particle_filter/build install --record /home/f1tenth/lab_ws25/build/particle_filter/install.log --install-scripts $base/lib/particle_filter --single-version-externally-managed install_data
[7.462s] Level 1:colcon.colcon_core.environment:checking '/home/f1tenth/lab_ws25/install/particle_filter' for CMake config files
[7.463s] Level 1:colcon.colcon_core.environment:checking '/home/f1tenth/lab_ws25/install/particle_filter/lib'
[7.463s] Level 1:colcon.colcon_core.environment:checking '/home/f1tenth/lab_ws25/install/particle_filter/bin'
[7.463s] Level 1:colcon.colcon_core.environment:checking '/home/f1tenth/lab_ws25/install/particle_filter/lib/pkgconfig/particle_filter.pc'
[7.464s] Level 1:colcon.colcon_core.environment:checking '/home/f1tenth/lab_ws25/install/particle_filter/lib/python3.8/site-packages'
[7.464s] Level 1:colcon.colcon_core.shell:create_environment_hook('particle_filter', 'pythonpath')
[7.465s] INFO:colcon.colcon_core.shell:Creating environment hook '/home/f1tenth/lab_ws25/install/particle_filter/share/particle_filter/hook/pythonpath.ps1'
[7.467s] INFO:colcon.colcon_core.shell:Creating environment descriptor '/home/f1tenth/lab_ws25/install/particle_filter/share/particle_filter/hook/pythonpath.dsv'
[7.468s] INFO:colcon.colcon_core.shell:Creating environment hook '/home/f1tenth/lab_ws25/install/particle_filter/share/particle_filter/hook/pythonpath.sh'
[7.469s] Level 1:colcon.colcon_core.environment:checking '/home/f1tenth/lab_ws25/install/particle_filter/bin'
[7.470s] Level 1:colcon.colcon_core.environment:create_environment_scripts_only(particle_filter)
[7.470s] INFO:colcon.colcon_core.shell:Creating package script '/home/f1tenth/lab_ws25/install/particle_filter/share/particle_filter/package.ps1'
[7.472s] INFO:colcon.colcon_core.shell:Creating package descriptor '/home/f1tenth/lab_ws25/install/particle_filter/share/particle_filter/package.dsv'
[7.473s] INFO:colcon.colcon_core.shell:Creating package script '/home/f1tenth/lab_ws25/install/particle_filter/share/particle_filter/package.sh'
[7.474s] INFO:colcon.colcon_core.shell:Creating package script '/home/f1tenth/lab_ws25/install/particle_filter/share/particle_filter/package.bash'
[7.475s] INFO:colcon.colcon_core.shell:Creating package script '/home/f1tenth/lab_ws25/install/particle_filter/share/particle_filter/package.zsh'
[7.476s] Level 1:colcon.colcon_core.environment:create_file_with_runtime_dependencies(/home/f1tenth/lab_ws25/install/particle_filter/share/colcon-core/packages/particle_filter)
[7.479s] Level 1:colcon.colcon_core.environment:checking '/home/f1tenth/lab_ws25/install/safety_node' for CMake module files
[7.480s] DEBUG:colcon.colcon_core.event_handler.log_command:Invoked command in '/home/f1tenth/lab_ws25/src/safety_node_car_wrapper/safety_node' returned '0': PYTHONPATH=/home/f1tenth/lab_ws25/build/safety_node/prefix_override:/usr/lib/python3/dist-packages/colcon_core/task/python/colcon_distutils_commands:/home/f1tenth/lab_ws25/install/safety_node/lib/python3.8/site-packages:${PYTHONPATH} /usr/bin/python3 -W ignore:setup.py install is deprecated -W ignore:easy_install command is deprecated setup.py egg_info --egg-base ../../../build/safety_node build --build-base /home/f1tenth/lab_ws25/build/safety_node/build install --record /home/f1tenth/lab_ws25/build/safety_node/install.log --install-scripts $base/lib/safety_node --single-version-externally-managed install_data
[7.481s] Level 1:colcon.colcon_core.environment:checking '/home/f1tenth/lab_ws25/install/safety_node' for CMake config files
[7.482s] Level 1:colcon.colcon_core.environment:checking '/home/f1tenth/lab_ws25/install/safety_node/lib'
[7.482s] Level 1:colcon.colcon_core.environment:checking '/home/f1tenth/lab_ws25/install/safety_node/bin'
[7.482s] Level 1:colcon.colcon_core.environment:checking '/home/f1tenth/lab_ws25/install/safety_node/lib/pkgconfig/safety_node.pc'
[7.483s] Level 1:colcon.colcon_core.environment:checking '/home/f1tenth/lab_ws25/install/safety_node/lib/python3.8/site-packages'
[7.483s] Level 1:colcon.colcon_core.shell:create_environment_hook('safety_node', 'pythonpath')
[7.483s] INFO:colcon.colcon_core.shell:Creating environment hook '/home/f1tenth/lab_ws25/install/safety_node/share/safety_node/hook/pythonpath.ps1'
[7.484s] INFO:colcon.colcon_core.shell:Creating environment descriptor '/home/f1tenth/lab_ws25/install/safety_node/share/safety_node/hook/pythonpath.dsv'
[7.485s] INFO:colcon.colcon_core.shell:Creating environment hook '/home/f1tenth/lab_ws25/install/safety_node/share/safety_node/hook/pythonpath.sh'
[7.486s] Level 1:colcon.colcon_core.environment:checking '/home/f1tenth/lab_ws25/install/safety_node/bin'
[7.487s] Level 1:colcon.colcon_core.environment:create_environment_scripts_only(safety_node)
[7.487s] INFO:colcon.colcon_core.shell:Creating package script '/home/f1tenth/lab_ws25/install/safety_node/share/safety_node/package.ps1'
[7.488s] INFO:colcon.colcon_core.shell:Creating package descriptor '/home/f1tenth/lab_ws25/install/safety_node/share/safety_node/package.dsv'
[7.489s] INFO:colcon.colcon_core.shell:Creating package script '/home/f1tenth/lab_ws25/install/safety_node/share/safety_node/package.sh'
[7.490s] INFO:colcon.colcon_core.shell:Creating package script '/home/f1tenth/lab_ws25/install/safety_node/share/safety_node/package.bash'
[7.491s] INFO:colcon.colcon_core.shell:Creating package script '/home/f1tenth/lab_ws25/install/safety_node/share/safety_node/package.zsh'
[7.492s] Level 1:colcon.colcon_core.environment:create_file_with_runtime_dependencies(/home/f1tenth/lab_ws25/install/safety_node/share/colcon-core/packages/safety_node)
[7.513s] Level 1:colcon.colcon_core.environment:checking '/home/f1tenth/lab_ws25/install/follow_the_gap' for CMake module files
[7.514s] DEBUG:colcon.colcon_core.event_handler.log_command:Invoked command in '/home/f1tenth/lab_ws25/src/follow_the_gap_wrapper/follow_the_gap/follow_the_gap' returned '0': PYTHONPATH=/home/f1tenth/lab_ws25/build/follow_the_gap/prefix_override:/usr/lib/python3/dist-packages/colcon_core/task/python/colcon_distutils_commands:/home/f1tenth/lab_ws25/install/follow_the_gap/lib/python3.8/site-packages:${PYTHONPATH} /usr/bin/python3 -W ignore:setup.py install is deprecated -W ignore:easy_install command is deprecated setup.py egg_info --egg-base ../../../../build/follow_the_gap build --build-base /home/f1tenth/lab_ws25/build/follow_the_gap/build install --record /home/f1tenth/lab_ws25/build/follow_the_gap/install.log --install-scripts $base/lib/follow_the_gap --single-version-externally-managed install_data
[7.515s] Level 1:colcon.colcon_core.environment:checking '/home/f1tenth/lab_ws25/install/follow_the_gap' for CMake config files
[7.517s] Level 1:colcon.colcon_core.environment:checking '/home/f1tenth/lab_ws25/install/follow_the_gap/lib'
[7.517s] Level 1:colcon.colcon_core.environment:checking '/home/f1tenth/lab_ws25/install/follow_the_gap/bin'
[7.517s] Level 1:colcon.colcon_core.environment:checking '/home/f1tenth/lab_ws25/install/follow_the_gap/lib/pkgconfig/follow_the_gap.pc'
[7.517s] Level 1:colcon.colcon_core.environment:checking '/home/f1tenth/lab_ws25/install/follow_the_gap/lib/python3.8/site-packages'
[7.518s] Level 1:colcon.colcon_core.shell:create_environment_hook('follow_the_gap', 'pythonpath')
[7.518s] INFO:colcon.colcon_core.shell:Creating environment hook '/home/f1tenth/lab_ws25/install/follow_the_gap/share/follow_the_gap/hook/pythonpath.ps1'
[7.519s] INFO:colcon.colcon_core.shell:Creating environment descriptor '/home/f1tenth/lab_ws25/install/follow_the_gap/share/follow_the_gap/hook/pythonpath.dsv'
[7.520s] INFO:colcon.colcon_core.shell:Creating environment hook '/home/f1tenth/lab_ws25/install/follow_the_gap/share/follow_the_gap/hook/pythonpath.sh'
[7.522s] Level 1:colcon.colcon_core.environment:checking '/home/f1tenth/lab_ws25/install/follow_the_gap/bin'
[7.522s] Level 1:colcon.colcon_core.environment:create_environment_scripts_only(follow_the_gap)
[7.522s] INFO:colcon.colcon_core.shell:Creating package script '/home/f1tenth/lab_ws25/install/follow_the_gap/share/follow_the_gap/package.ps1'
[7.524s] INFO:colcon.colcon_core.shell:Creating package descriptor '/home/f1tenth/lab_ws25/install/follow_the_gap/share/follow_the_gap/package.dsv'
[7.525s] INFO:colcon.colcon_core.shell:Creating package script '/home/f1tenth/lab_ws25/install/follow_the_gap/share/follow_the_gap/package.sh'
[7.525s] INFO:colcon.colcon_core.shell:Creating package script '/home/f1tenth/lab_ws25/install/follow_the_gap/share/follow_the_gap/package.bash'
[7.526s] INFO:colcon.colcon_core.shell:Creating package script '/home/f1tenth/lab_ws25/install/follow_the_gap/share/follow_the_gap/package.zsh'
[7.527s] Level 1:colcon.colcon_core.environment:create_file_with_runtime_dependencies(/home/f1tenth/lab_ws25/install/follow_the_gap/share/colcon-core/packages/follow_the_gap)
[7.528s] DEBUG:colcon.colcon_parallel_executor.executor.parallel:closing loop
[7.528s] DEBUG:colcon.colcon_parallel_executor.executor.parallel:loop closed
[7.529s] DEBUG:colcon.colcon_parallel_executor.executor.parallel:run_until_complete finished with '0'
[7.529s] DEBUG:colcon.colcon_core.event_reactor:joining thread
[7.547s] INFO:colcon.colcon_core.plugin_system:Skipping extension 'colcon_notification.desktop_notification.terminal_notifier': Not used on non-Darwin systems
[7.547s] INFO:colcon.colcon_core.plugin_system:Skipping extension 'colcon_notification.desktop_notification.win32': Not used on non-Windows systems
[7.547s] INFO:colcon.colcon_notification.desktop_notification:Sending desktop notification using 'notify2'
[7.591s] DEBUG:colcon.colcon_core.event_reactor:joined thread
[7.592s] INFO:colcon.colcon_core.shell:Creating prefix script '/home/f1tenth/lab_ws25/install/local_setup.ps1'
[7.595s] INFO:colcon.colcon_core.shell:Creating prefix util module '/home/f1tenth/lab_ws25/install/_local_setup_util_ps1.py'
[7.598s] INFO:colcon.colcon_core.shell:Creating prefix chain script '/home/f1tenth/lab_ws25/install/setup.ps1'
[7.600s] INFO:colcon.colcon_core.shell:Creating prefix script '/home/f1tenth/lab_ws25/install/local_setup.sh'
[7.601s] INFO:colcon.colcon_core.shell:Creating prefix util module '/home/f1tenth/lab_ws25/install/_local_setup_util_sh.py'
[7.602s] INFO:colcon.colcon_core.shell:Creating prefix chain script '/home/f1tenth/lab_ws25/install/setup.sh'
[7.604s] INFO:colcon.colcon_core.shell:Creating prefix script '/home/f1tenth/lab_ws25/install/local_setup.bash'
[7.605s] INFO:colcon.colcon_core.shell:Creating prefix chain script '/home/f1tenth/lab_ws25/install/setup.bash'
[7.607s] INFO:colcon.colcon_core.shell:Creating prefix script '/home/f1tenth/lab_ws25/install/local_setup.zsh'
[7.608s] INFO:colcon.colcon_core.shell:Creating prefix chain script '/home/f1tenth/lab_ws25/install/setup.zsh'
