[10.332s] Invoking command in '/home/f1tenth/f1tenth_ws/src/f1tenth_system/teleop_tools/joy_teleop': AMENT_PREFIX_PATH=/home/f1tenth/f1tenth_ws/install/teleop_tools_msgs:${AMENT_PREFIX_PATH} CMAKE_PREFIX_PATH=/home/f1tenth/f1tenth_ws/install/teleop_tools_msgs:${CMAKE_PREFIX_PATH} LD_LIBRARY_PATH=/home/f1tenth/f1tenth_ws/install/teleop_tools_msgs/lib:/home/f1tenth/f1tenth_TUM_practical_course/install/zed_components/lib:/home/f1tenth/f1tenth_TUM_practical_course/install/zed_interfaces/lib:/home/f1tenth/f1tenth_TUM_practical_course/install/slam_toolbox/lib:/opt/ros/foxy/opt/yaml_cpp_vendor/lib:/opt/ros/foxy/opt/rviz_ogre_vendor/lib:/opt/ros/foxy/lib/aarch64-linux-gnu:/opt/ros/foxy/lib:/usr/local/cuda-11.4/lib64 PYTHONPATH=/home/f1tenth/f1tenth_ws/build/joy_teleop/prefix_override:/home/f1tenth/f1tenth_ws/install/joy_teleop/lib/python3.8/site-packages:/home/f1tenth/f1tenth_ws/install/teleop_tools_msgs/lib/python3.8/site-packages:${PYTHONPATH} /usr/bin/python3 setup.py egg_info --egg-base ../../../../build/joy_teleop build --build-base /home/f1tenth/f1tenth_ws/build/joy_teleop/build install --record /home/f1tenth/f1tenth_ws/build/joy_teleop/install.log --install-scripts $base/lib/joy_teleop --single-version-externally-managed
[10.969s] /usr/local/lib/python3.8/dist-packages/setuptools/dist.py:771: UserWarning: Usage of dash-separated 'script-dir' will not be supported in future versions. Please use the underscore name 'script_dir' instead
[10.969s]   warnings.warn(
[11.172s] running egg_info
[11.205s] writing ../../../../build/joy_teleop/joy_teleop.egg-info/PKG-INFO
[11.210s] writing dependency_links to ../../../../build/joy_teleop/joy_teleop.egg-info/dependency_links.txt
[11.211s] writing entry points to ../../../../build/joy_teleop/joy_teleop.egg-info/entry_points.txt
[11.216s] writing requirements to ../../../../build/joy_teleop/joy_teleop.egg-info/requires.txt
[11.218s] writing top-level names to ../../../../build/joy_teleop/joy_teleop.egg-info/top_level.txt
[11.275s] reading manifest file '../../../../build/joy_teleop/joy_teleop.egg-info/SOURCES.txt'
[11.281s] writing manifest file '../../../../build/joy_teleop/joy_teleop.egg-info/SOURCES.txt'
[11.281s] running build
[11.282s] running build_py
[11.283s] running install
[11.283s] /usr/local/lib/python3.8/dist-packages/setuptools/command/install.py:34: SetuptoolsDeprecationWarning: setup.py install is deprecated. Use build and pip and other standards-based tools.
[11.283s]   warnings.warn(
[11.290s] running install_lib
[11.326s] running install_data
[11.356s] running install_egg_info
[11.416s] removing '/home/f1tenth/f1tenth_ws/install/joy_teleop/lib/python3.8/site-packages/joy_teleop-0.3.0-py3.8.egg-info' (and everything under it)
[11.417s] Copying ../../../../build/joy_teleop/joy_teleop.egg-info to /home/f1tenth/f1tenth_ws/install/joy_teleop/lib/python3.8/site-packages/joy_teleop-0.3.0-py3.8.egg-info
[11.422s] running install_scripts
[11.557s] Installing incrementer_server script to /home/f1tenth/f1tenth_ws/install/joy_teleop/lib/joy_teleop
[11.559s] Installing joy_teleop script to /home/f1tenth/f1tenth_ws/install/joy_teleop/lib/joy_teleop
[11.559s] writing list of installed files to '/home/f1tenth/f1tenth_ws/build/joy_teleop/install.log'
[12.339s] Invoked command in '/home/f1tenth/f1tenth_ws/src/f1tenth_system/teleop_tools/joy_teleop' returned '0': AMENT_PREFIX_PATH=/home/f1tenth/f1tenth_ws/install/teleop_tools_msgs:${AMENT_PREFIX_PATH} CMAKE_PREFIX_PATH=/home/f1tenth/f1tenth_ws/install/teleop_tools_msgs:${CMAKE_PREFIX_PATH} LD_LIBRARY_PATH=/home/f1tenth/f1tenth_ws/install/teleop_tools_msgs/lib:/home/f1tenth/f1tenth_TUM_practical_course/install/zed_components/lib:/home/f1tenth/f1tenth_TUM_practical_course/install/zed_interfaces/lib:/home/f1tenth/f1tenth_TUM_practical_course/install/slam_toolbox/lib:/opt/ros/foxy/opt/yaml_cpp_vendor/lib:/opt/ros/foxy/opt/rviz_ogre_vendor/lib:/opt/ros/foxy/lib/aarch64-linux-gnu:/opt/ros/foxy/lib:/usr/local/cuda-11.4/lib64 PYTHONPATH=/home/f1tenth/f1tenth_ws/build/joy_teleop/prefix_override:/home/f1tenth/f1tenth_ws/install/joy_teleop/lib/python3.8/site-packages:/home/f1tenth/f1tenth_ws/install/teleop_tools_msgs/lib/python3.8/site-packages:${PYTHONPATH} /usr/bin/python3 setup.py egg_info --egg-base ../../../../build/joy_teleop build --build-base /home/f1tenth/f1tenth_ws/build/joy_teleop/build install --record /home/f1tenth/f1tenth_ws/build/joy_teleop/install.log --install-scripts $base/lib/joy_teleop --single-version-externally-managed
