[11.460s] Invoking command in '/home/f1tenth/f1tenth_ws/src/f1tenth_system/teleop_tools/mouse_teleop': PYTHONPATH=/home/f1tenth/f1tenth_ws/build/mouse_teleop/prefix_override:/home/f1tenth/f1tenth_ws/install/mouse_teleop/lib/python3.8/site-packages:${PYTHONPATH} /usr/bin/python3 setup.py egg_info --egg-base ../../../../build/mouse_teleop build --build-base /home/f1tenth/f1tenth_ws/build/mouse_teleop/build install --record /home/f1tenth/f1tenth_ws/build/mouse_teleop/install.log --install-scripts $base/lib/mouse_teleop --single-version-externally-managed
[12.062s] /usr/local/lib/python3.8/dist-packages/setuptools/dist.py:771: UserWarning: Usage of dash-separated 'script-dir' will not be supported in future versions. Please use the underscore name 'script_dir' instead
[12.063s]   warnings.warn(
[12.253s] running egg_info
[12.285s] writing ../../../../build/mouse_teleop/mouse_teleop.egg-info/PKG-INFO
[12.285s] writing dependency_links to ../../../../build/mouse_teleop/mouse_teleop.egg-info/dependency_links.txt
[12.287s] writing entry points to ../../../../build/mouse_teleop/mouse_teleop.egg-info/entry_points.txt
[12.289s] writing requirements to ../../../../build/mouse_teleop/mouse_teleop.egg-info/requires.txt
[12.289s] writing top-level names to ../../../../build/mouse_teleop/mouse_teleop.egg-info/top_level.txt
[12.354s] reading manifest file '../../../../build/mouse_teleop/mouse_teleop.egg-info/SOURCES.txt'
[12.355s] adding license file 'LICENSE'
[12.355s] writing manifest file '../../../../build/mouse_teleop/mouse_teleop.egg-info/SOURCES.txt'
[12.355s] running build
[12.355s] running build_py
[12.357s] running install
[12.357s] /usr/local/lib/python3.8/dist-packages/setuptools/command/install.py:34: SetuptoolsDeprecationWarning: setup.py install is deprecated. Use build and pip and other standards-based tools.
[12.357s]   warnings.warn(
[12.370s] running install_lib
[12.401s] running install_data
[12.432s] running install_egg_info
[12.497s] removing '/home/f1tenth/f1tenth_ws/install/mouse_teleop/lib/python3.8/site-packages/mouse_teleop-0.3.0-py3.8.egg-info' (and everything under it)
[12.499s] Copying ../../../../build/mouse_teleop/mouse_teleop.egg-info to /home/f1tenth/f1tenth_ws/install/mouse_teleop/lib/python3.8/site-packages/mouse_teleop-0.3.0-py3.8.egg-info
[12.499s] running install_scripts
[12.632s] Installing mouse_teleop script to /home/f1tenth/f1tenth_ws/install/mouse_teleop/lib/mouse_teleop
[12.632s] writing list of installed files to '/home/f1tenth/f1tenth_ws/build/mouse_teleop/install.log'
[17.037s] Invoked command in '/home/f1tenth/f1tenth_ws/src/f1tenth_system/teleop_tools/mouse_teleop' returned '0': PYTHONPATH=/home/f1tenth/f1tenth_ws/build/mouse_teleop/prefix_override:/home/f1tenth/f1tenth_ws/install/mouse_teleop/lib/python3.8/site-packages:${PYTHONPATH} /usr/bin/python3 setup.py egg_info --egg-base ../../../../build/mouse_teleop build --build-base /home/f1tenth/f1tenth_ws/build/mouse_teleop/build install --record /home/f1tenth/f1tenth_ws/build/mouse_teleop/install.log --install-scripts $base/lib/mouse_teleop --single-version-externally-managed
