[10.816s] Invoking command in '/home/f1tenth/lab_ws25/src/safety_node_car_wrapper/safety_node': PYTHONPATH=/home/f1tenth/lab_ws25/build/safety_node/prefix_override:/usr/lib/python3/dist-packages/colcon_core/task/python/colcon_distutils_commands:/home/f1tenth/lab_ws25/install/safety_node/lib/python3.8/site-packages:${PYTHONPATH} /usr/bin/python3 -W ignore:setup.py install is deprecated -W ignore:easy_install command is deprecated setup.py egg_info --egg-base ../../../build/safety_node build --build-base /home/f1tenth/lab_ws25/build/safety_node/build install --record /home/f1tenth/lab_ws25/build/safety_node/install.log --install-scripts $base/lib/safety_node --single-version-externally-managed install_data
[12.753s] /usr/local/lib/python3.8/dist-packages/setuptools/dist.py:771: UserWarning: Usage of dash-separated 'script-dir' will not be supported in future versions. Please use the underscore name 'script_dir' instead
[12.753s]   warnings.warn(
[13.151s] running egg_info
[13.198s] writing ../../../build/safety_node/safety_node.egg-info/PKG-INFO
[13.198s] writing dependency_links to ../../../build/safety_node/safety_node.egg-info/dependency_links.txt
[13.199s] writing entry points to ../../../build/safety_node/safety_node.egg-info/entry_points.txt
[13.199s] writing requirements to ../../../build/safety_node/safety_node.egg-info/requires.txt
[13.200s] writing top-level names to ../../../build/safety_node/safety_node.egg-info/top_level.txt
[13.322s] reading manifest file '../../../build/safety_node/safety_node.egg-info/SOURCES.txt'
[13.324s] writing manifest file '../../../build/safety_node/safety_node.egg-info/SOURCES.txt'
[13.324s] running build
[13.325s] running build_py
[13.325s] running install
[13.338s] running install_lib
[13.383s] running install_data
[13.383s] running install_egg_info
[13.427s] removing '/home/f1tenth/lab_ws25/install/safety_node/lib/python3.8/site-packages/safety_node-0.0.0-py3.8.egg-info' (and everything under it)
[13.428s] Copying ../../../build/safety_node/safety_node.egg-info to /home/f1tenth/lab_ws25/install/safety_node/lib/python3.8/site-packages/safety_node-0.0.0-py3.8.egg-info
[13.430s] running install_scripts
[13.703s] Installing safety_node script to /home/f1tenth/lab_ws25/install/safety_node/lib/safety_node
[13.704s] writing list of installed files to '/home/f1tenth/lab_ws25/build/safety_node/install.log'
[13.977s] Invoked command in '/home/f1tenth/lab_ws25/src/safety_node_car_wrapper/safety_node' returned '0': PYTHONPATH=/home/f1tenth/lab_ws25/build/safety_node/prefix_override:/usr/lib/python3/dist-packages/colcon_core/task/python/colcon_distutils_commands:/home/f1tenth/lab_ws25/install/safety_node/lib/python3.8/site-packages:${PYTHONPATH} /usr/bin/python3 -W ignore:setup.py install is deprecated -W ignore:easy_install command is deprecated setup.py egg_info --egg-base ../../../build/safety_node build --build-base /home/f1tenth/lab_ws25/build/safety_node/build install --record /home/f1tenth/lab_ws25/build/safety_node/install.log --install-scripts $base/lib/safety_node --single-version-externally-managed install_data
