[5.800s] Invoking command in '/home/f1tenth/lab_ws25/src/safety_node_car_wrapper/safety_node': PYTHONPATH=/home/f1tenth/lab_ws25/build/safety_node/prefix_override:/usr/lib/python3/dist-packages/colcon_core/task/python/colcon_distutils_commands:/home/f1tenth/lab_ws25/install/safety_node/lib/python3.8/site-packages:${PYTHONPATH} /usr/bin/python3 -W ignore:setup.py install is deprecated -W ignore:easy_install command is deprecated setup.py egg_info --egg-base ../../../build/safety_node build --build-base /home/f1tenth/lab_ws25/build/safety_node/build install --record /home/f1tenth/lab_ws25/build/safety_node/install.log --install-scripts $base/lib/safety_node --single-version-externally-managed install_data
[6.484s] /usr/local/lib/python3.8/dist-packages/setuptools/dist.py:771: UserWarning: Usage of dash-separated 'script-dir' will not be supported in future versions. Please use the underscore name 'script_dir' instead
[6.485s]   warnings.warn(
[6.785s] running egg_info
[6.828s] writing ../../../build/safety_node/safety_node.egg-info/PKG-INFO
[6.829s] writing dependency_links to ../../../build/safety_node/safety_node.egg-info/dependency_links.txt
[6.830s] writing entry points to ../../../build/safety_node/safety_node.egg-info/entry_points.txt
[6.830s] writing requirements to ../../../build/safety_node/safety_node.egg-info/requires.txt
[6.830s] writing top-level names to ../../../build/safety_node/safety_node.egg-info/top_level.txt
[6.952s] reading manifest file '../../../build/safety_node/safety_node.egg-info/SOURCES.txt'
[6.954s] writing manifest file '../../../build/safety_node/safety_node.egg-info/SOURCES.txt'
[6.955s] running build
[6.955s] running build_py
[6.962s] running install
[6.972s] running install_lib
[7.013s] running install_data
[7.013s] running install_egg_info
[7.056s] removing '/home/f1tenth/lab_ws25/install/safety_node/lib/python3.8/site-packages/safety_node-0.0.0-py3.8.egg-info' (and everything under it)
[7.057s] Copying ../../../build/safety_node/safety_node.egg-info to /home/f1tenth/lab_ws25/install/safety_node/lib/python3.8/site-packages/safety_node-0.0.0-py3.8.egg-info
[7.059s] running install_scripts
[7.232s] Installing safety_node script to /home/f1tenth/lab_ws25/install/safety_node/lib/safety_node
[7.233s] writing list of installed files to '/home/f1tenth/lab_ws25/build/safety_node/install.log'
[7.401s] Invoked command in '/home/f1tenth/lab_ws25/src/safety_node_car_wrapper/safety_node' returned '0': PYTHONPATH=/home/f1tenth/lab_ws25/build/safety_node/prefix_override:/usr/lib/python3/dist-packages/colcon_core/task/python/colcon_distutils_commands:/home/f1tenth/lab_ws25/install/safety_node/lib/python3.8/site-packages:${PYTHONPATH} /usr/bin/python3 -W ignore:setup.py install is deprecated -W ignore:easy_install command is deprecated setup.py egg_info --egg-base ../../../build/safety_node build --build-base /home/f1tenth/lab_ws25/build/safety_node/build install --record /home/f1tenth/lab_ws25/build/safety_node/install.log --install-scripts $base/lib/safety_node --single-version-externally-managed install_data
