[5.994s] Invoking command in '/home/f1tenth/lab_ws25/src/rrt': PYTHONPATH=/home/f1tenth/lab_ws25/build/rrt/prefix_override:/usr/lib/python3/dist-packages/colcon_core/task/python/colcon_distutils_commands:/home/f1tenth/lab_ws25/install/rrt/lib/python3.8/site-packages:${PYTHONPATH} /usr/bin/python3 -W ignore:setup.py install is deprecated -W ignore:easy_install command is deprecated setup.py egg_info --egg-base ../../build/rrt build --build-base /home/f1tenth/lab_ws25/build/rrt/build install --record /home/f1tenth/lab_ws25/build/rrt/install.log --install-scripts $base/lib/rrt --single-version-externally-managed install_data
[6.744s] /usr/local/lib/python3.8/dist-packages/setuptools/dist.py:771: UserWarning: Usage of dash-separated 'script-dir' will not be supported in future versions. Please use the underscore name 'script_dir' instead
[6.744s]   warnings.warn(
[7.026s] running egg_info
[7.062s] writing ../../build/rrt/rrt.egg-info/PKG-INFO
[7.065s] writing dependency_links to ../../build/rrt/rrt.egg-info/dependency_links.txt
[7.065s] writing entry points to ../../build/rrt/rrt.egg-info/entry_points.txt
[7.066s] writing requirements to ../../build/rrt/rrt.egg-info/requires.txt
[7.066s] writing top-level names to ../../build/rrt/rrt.egg-info/top_level.txt
[7.197s] reading manifest file '../../build/rrt/rrt.egg-info/SOURCES.txt'
[7.198s] adding license file 'LICENSE'
[7.200s] writing manifest file '../../build/rrt/rrt.egg-info/SOURCES.txt'
[7.201s] running build
[7.201s] running build_py
[7.202s] copying rrt/rrt.py -> /home/f1tenth/lab_ws25/build/rrt/build/lib/rrt
[7.203s] running install
[7.216s] running install_lib
[7.253s] copying /home/f1tenth/lab_ws25/build/rrt/build/lib/rrt/rrt.py -> /home/f1tenth/lab_ws25/install/rrt/lib/python3.8/site-packages/rrt
[7.256s] byte-compiling /home/f1tenth/lab_ws25/install/rrt/lib/python3.8/site-packages/rrt/rrt.py to rrt.cpython-38.pyc
[7.267s] running install_data
[7.268s] copying racelines/traj_race_cl-2025-12-03 15:22:21.628154.csv -> /home/f1tenth/lab_ws25/install/rrt/share/rrt/racelines
[7.269s] running install_egg_info
[7.312s] removing '/home/f1tenth/lab_ws25/install/rrt/lib/python3.8/site-packages/rrt-0.0.0-py3.8.egg-info' (and everything under it)
[7.312s] Copying ../../build/rrt/rrt.egg-info to /home/f1tenth/lab_ws25/install/rrt/lib/python3.8/site-packages/rrt-0.0.0-py3.8.egg-info
[7.314s] running install_scripts
[7.469s] Installing rrt script to /home/f1tenth/lab_ws25/install/rrt/lib/rrt
[7.470s] writing list of installed files to '/home/f1tenth/lab_ws25/build/rrt/install.log'
[7.604s] Invoked command in '/home/f1tenth/lab_ws25/src/rrt' returned '0': PYTHONPATH=/home/f1tenth/lab_ws25/build/rrt/prefix_override:/usr/lib/python3/dist-packages/colcon_core/task/python/colcon_distutils_commands:/home/f1tenth/lab_ws25/install/rrt/lib/python3.8/site-packages:${PYTHONPATH} /usr/bin/python3 -W ignore:setup.py install is deprecated -W ignore:easy_install command is deprecated setup.py egg_info --egg-base ../../build/rrt build --build-base /home/f1tenth/lab_ws25/build/rrt/build install --record /home/f1tenth/lab_ws25/build/rrt/install.log --install-scripts $base/lib/rrt --single-version-externally-managed install_data
