[0.669s] Invoking command in '/home/f1tenth/f1tenth_ws/build/vesc': AMENT_PREFIX_PATH=/home/f1tenth/f1tenth_ws/install/vesc_driver:/home/f1tenth/f1tenth_ws/install/vesc_ackermann:/home/f1tenth/f1tenth_ws/install/vesc_msgs:${AMENT_PREFIX_PATH} CMAKE_PREFIX_PATH=/home/f1tenth/f1tenth_ws/install/vesc_driver:/home/f1tenth/f1tenth_ws/install/vesc_ackermann:/home/f1tenth/f1tenth_ws/install/vesc_msgs:/opt/ros/foxy LD_LIBRARY_PATH=/home/f1tenth/f1tenth_ws/install/vesc_driver/lib:/home/f1tenth/f1tenth_ws/install/vesc_ackermann/lib:/home/f1tenth/f1tenth_ws/install/vesc_msgs/lib:/opt/ros/foxy/opt/yaml_cpp_vendor/lib:/opt/ros/foxy/opt/rviz_ogre_vendor/lib:/opt/ros/foxy/lib/aarch64-linux-gnu:/opt/ros/foxy/lib:/usr/local/cuda-11.4/lib64 PYTHONPATH=/home/f1tenth/f1tenth_ws/install/vesc_msgs/lib/python3.8/site-packages:${PYTHONPATH} /usr/bin/cmake /home/f1tenth/f1tenth_ws/src/f1tenth_system/vesc/vesc -DCMAKE_INSTALL_PREFIX=/home/f1tenth/f1tenth_ws/install/vesc
[0.781s] -- The C compiler identification is GNU 9.4.0
[0.881s] -- The CXX compiler identification is GNU 9.4.0
[0.889s] -- Check for working C compiler: /usr/bin/cc
[1.033s] -- Check for working C compiler: /usr/bin/cc -- works
[1.036s] -- Detecting C compiler ABI info
[1.184s] -- Detecting C compiler ABI info - done
[1.218s] -- Detecting C compile features
[1.218s] -- Detecting C compile features - done
[1.224s] -- Check for working CXX compiler: /usr/bin/c++
[1.384s] -- Check for working CXX compiler: /usr/bin/c++ -- works
[1.387s] -- Detecting CXX compiler ABI info
[1.553s] -- Detecting CXX compiler ABI info - done
[1.572s] -- Detecting CXX compile features
[1.573s] -- Detecting CXX compile features - done
[1.578s] -- Found ament_cmake_auto: 0.9.12 (/opt/ros/foxy/share/ament_cmake_auto/cmake)
[1.632s] -- Found PythonInterp: /usr/bin/python3 (found suitable version "3.8.10", minimum required is "3") 
[1.632s] -- Using PYTHON_EXECUTABLE: /usr/bin/python3
[2.255s] -- Configuring done
[2.259s] -- Generating done
[2.261s] -- Build files have been written to: /home/f1tenth/f1tenth_ws/build/vesc
[2.269s] Invoked command in '/home/f1tenth/f1tenth_ws/build/vesc' returned '0': AMENT_PREFIX_PATH=/home/f1tenth/f1tenth_ws/install/vesc_driver:/home/f1tenth/f1tenth_ws/install/vesc_ackermann:/home/f1tenth/f1tenth_ws/install/vesc_msgs:${AMENT_PREFIX_PATH} CMAKE_PREFIX_PATH=/home/f1tenth/f1tenth_ws/install/vesc_driver:/home/f1tenth/f1tenth_ws/install/vesc_ackermann:/home/f1tenth/f1tenth_ws/install/vesc_msgs:/opt/ros/foxy LD_LIBRARY_PATH=/home/f1tenth/f1tenth_ws/install/vesc_driver/lib:/home/f1tenth/f1tenth_ws/install/vesc_ackermann/lib:/home/f1tenth/f1tenth_ws/install/vesc_msgs/lib:/opt/ros/foxy/opt/yaml_cpp_vendor/lib:/opt/ros/foxy/opt/rviz_ogre_vendor/lib:/opt/ros/foxy/lib/aarch64-linux-gnu:/opt/ros/foxy/lib:/usr/local/cuda-11.4/lib64 PYTHONPATH=/home/f1tenth/f1tenth_ws/install/vesc_msgs/lib/python3.8/site-packages:${PYTHONPATH} /usr/bin/cmake /home/f1tenth/f1tenth_ws/src/f1tenth_system/vesc/vesc -DCMAKE_INSTALL_PREFIX=/home/f1tenth/f1tenth_ws/install/vesc
[2.275s] Invoking command in '/home/f1tenth/f1tenth_ws/build/vesc': AMENT_PREFIX_PATH=/home/f1tenth/f1tenth_ws/install/vesc_driver:/home/f1tenth/f1tenth_ws/install/vesc_ackermann:/home/f1tenth/f1tenth_ws/install/vesc_msgs:${AMENT_PREFIX_PATH} CMAKE_PREFIX_PATH=/home/f1tenth/f1tenth_ws/install/vesc_driver:/home/f1tenth/f1tenth_ws/install/vesc_ackermann:/home/f1tenth/f1tenth_ws/install/vesc_msgs:/opt/ros/foxy LD_LIBRARY_PATH=/home/f1tenth/f1tenth_ws/install/vesc_driver/lib:/home/f1tenth/f1tenth_ws/install/vesc_ackermann/lib:/home/f1tenth/f1tenth_ws/install/vesc_msgs/lib:/opt/ros/foxy/opt/yaml_cpp_vendor/lib:/opt/ros/foxy/opt/rviz_ogre_vendor/lib:/opt/ros/foxy/lib/aarch64-linux-gnu:/opt/ros/foxy/lib:/usr/local/cuda-11.4/lib64 PYTHONPATH=/home/f1tenth/f1tenth_ws/install/vesc_msgs/lib/python3.8/site-packages:${PYTHONPATH} /usr/bin/cmake --build /home/f1tenth/f1tenth_ws/build/vesc -- -j6 -l6
[2.363s] Invoked command in '/home/f1tenth/f1tenth_ws/build/vesc' returned '0': AMENT_PREFIX_PATH=/home/f1tenth/f1tenth_ws/install/vesc_driver:/home/f1tenth/f1tenth_ws/install/vesc_ackermann:/home/f1tenth/f1tenth_ws/install/vesc_msgs:${AMENT_PREFIX_PATH} CMAKE_PREFIX_PATH=/home/f1tenth/f1tenth_ws/install/vesc_driver:/home/f1tenth/f1tenth_ws/install/vesc_ackermann:/home/f1tenth/f1tenth_ws/install/vesc_msgs:/opt/ros/foxy LD_LIBRARY_PATH=/home/f1tenth/f1tenth_ws/install/vesc_driver/lib:/home/f1tenth/f1tenth_ws/install/vesc_ackermann/lib:/home/f1tenth/f1tenth_ws/install/vesc_msgs/lib:/opt/ros/foxy/opt/yaml_cpp_vendor/lib:/opt/ros/foxy/opt/rviz_ogre_vendor/lib:/opt/ros/foxy/lib/aarch64-linux-gnu:/opt/ros/foxy/lib:/usr/local/cuda-11.4/lib64 PYTHONPATH=/home/f1tenth/f1tenth_ws/install/vesc_msgs/lib/python3.8/site-packages:${PYTHONPATH} /usr/bin/cmake --build /home/f1tenth/f1tenth_ws/build/vesc -- -j6 -l6
[2.415s] Invoking command in '/home/f1tenth/f1tenth_ws/build/vesc': AMENT_PREFIX_PATH=/home/f1tenth/f1tenth_ws/install/vesc_driver:/home/f1tenth/f1tenth_ws/install/vesc_ackermann:/home/f1tenth/f1tenth_ws/install/vesc_msgs:${AMENT_PREFIX_PATH} CMAKE_PREFIX_PATH=/home/f1tenth/f1tenth_ws/install/vesc_driver:/home/f1tenth/f1tenth_ws/install/vesc_ackermann:/home/f1tenth/f1tenth_ws/install/vesc_msgs:/opt/ros/foxy LD_LIBRARY_PATH=/home/f1tenth/f1tenth_ws/install/vesc_driver/lib:/home/f1tenth/f1tenth_ws/install/vesc_ackermann/lib:/home/f1tenth/f1tenth_ws/install/vesc_msgs/lib:/opt/ros/foxy/opt/yaml_cpp_vendor/lib:/opt/ros/foxy/opt/rviz_ogre_vendor/lib:/opt/ros/foxy/lib/aarch64-linux-gnu:/opt/ros/foxy/lib:/usr/local/cuda-11.4/lib64 PYTHONPATH=/home/f1tenth/f1tenth_ws/install/vesc_msgs/lib/python3.8/site-packages:${PYTHONPATH} /usr/bin/cmake --install /home/f1tenth/f1tenth_ws/build/vesc
[2.434s] -- Install configuration: ""
[2.435s] -- Installing: /home/f1tenth/f1tenth_ws/install/vesc/share/ament_index/resource_index/package_run_dependencies/vesc
[2.435s] -- Installing: /home/f1tenth/f1tenth_ws/install/vesc/share/ament_index/resource_index/parent_prefix_path/vesc
[2.435s] -- Installing: /home/f1tenth/f1tenth_ws/install/vesc/share/vesc/environment/ament_prefix_path.sh
[2.436s] -- Installing: /home/f1tenth/f1tenth_ws/install/vesc/share/vesc/environment/ament_prefix_path.dsv
[2.436s] -- Installing: /home/f1tenth/f1tenth_ws/install/vesc/share/vesc/environment/path.sh
[2.436s] -- Installing: /home/f1tenth/f1tenth_ws/install/vesc/share/vesc/environment/path.dsv
[2.436s] -- Installing: /home/f1tenth/f1tenth_ws/install/vesc/share/vesc/local_setup.bash
[2.437s] -- Installing: /home/f1tenth/f1tenth_ws/install/vesc/share/vesc/local_setup.sh
[2.437s] -- Installing: /home/f1tenth/f1tenth_ws/install/vesc/share/vesc/local_setup.zsh
[2.437s] -- Installing: /home/f1tenth/f1tenth_ws/install/vesc/share/vesc/local_setup.dsv
[2.437s] -- Installing: /home/f1tenth/f1tenth_ws/install/vesc/share/vesc/package.dsv
[2.438s] -- Installing: /home/f1tenth/f1tenth_ws/install/vesc/share/ament_index/resource_index/packages/vesc
[2.438s] -- Installing: /home/f1tenth/f1tenth_ws/install/vesc/share/vesc/cmake/vescConfig.cmake
[2.438s] -- Installing: /home/f1tenth/f1tenth_ws/install/vesc/share/vesc/cmake/vescConfig-version.cmake
[2.439s] -- Installing: /home/f1tenth/f1tenth_ws/install/vesc/share/vesc/package.xml
[2.443s] Invoked command in '/home/f1tenth/f1tenth_ws/build/vesc' returned '0': AMENT_PREFIX_PATH=/home/f1tenth/f1tenth_ws/install/vesc_driver:/home/f1tenth/f1tenth_ws/install/vesc_ackermann:/home/f1tenth/f1tenth_ws/install/vesc_msgs:${AMENT_PREFIX_PATH} CMAKE_PREFIX_PATH=/home/f1tenth/f1tenth_ws/install/vesc_driver:/home/f1tenth/f1tenth_ws/install/vesc_ackermann:/home/f1tenth/f1tenth_ws/install/vesc_msgs:/opt/ros/foxy LD_LIBRARY_PATH=/home/f1tenth/f1tenth_ws/install/vesc_driver/lib:/home/f1tenth/f1tenth_ws/install/vesc_ackermann/lib:/home/f1tenth/f1tenth_ws/install/vesc_msgs/lib:/opt/ros/foxy/opt/yaml_cpp_vendor/lib:/opt/ros/foxy/opt/rviz_ogre_vendor/lib:/opt/ros/foxy/lib/aarch64-linux-gnu:/opt/ros/foxy/lib:/usr/local/cuda-11.4/lib64 PYTHONPATH=/home/f1tenth/f1tenth_ws/install/vesc_msgs/lib/python3.8/site-packages:${PYTHONPATH} /usr/bin/cmake --install /home/f1tenth/f1tenth_ws/build/vesc
