[5.554s] Invoking command in '/home/f1tenth/lab_ws25/src/safety_node_car_wrapper/safety_node': PYTHONPATH=/home/f1tenth/lab_ws25/build/safety_node/prefix_override:/usr/lib/python3/dist-packages/colcon_core/task/python/colcon_distutils_commands:/home/f1tenth/lab_ws25/install/safety_node/lib/python3.8/site-packages:${PYTHONPATH} /usr/bin/python3 -W ignore:setup.py install is deprecated -W ignore:easy_install command is deprecated setup.py egg_info --egg-base ../../../build/safety_node build --build-base /home/f1tenth/lab_ws25/build/safety_node/build install --record /home/f1tenth/lab_ws25/build/safety_node/install.log --install-scripts $base/lib/safety_node --single-version-externally-managed install_data
[6.245s] /usr/local/lib/python3.8/dist-packages/setuptools/dist.py:771: UserWarning: Usage of dash-separated 'script-dir' will not be supported in future versions. Please use the underscore name 'script_dir' instead
[6.245s]   warnings.warn(
[6.516s] running egg_info
[6.554s] writing ../../../build/safety_node/safety_node.egg-info/PKG-INFO
[6.554s] writing dependency_links to ../../../build/safety_node/safety_node.egg-info/dependency_links.txt
[6.555s] writing entry points to ../../../build/safety_node/safety_node.egg-info/entry_points.txt
[6.555s] writing requirements to ../../../build/safety_node/safety_node.egg-info/requires.txt
[6.555s] writing top-level names to ../../../build/safety_node/safety_node.egg-info/top_level.txt
[6.666s] reading manifest file '../../../build/safety_node/safety_node.egg-info/SOURCES.txt'
[6.668s] writing manifest file '../../../build/safety_node/safety_node.egg-info/SOURCES.txt'
[6.668s] running build
[6.669s] running build_py
[6.669s] running install
[6.681s] running install_lib
[6.721s] running install_data
[6.721s] running install_egg_info
[6.761s] removing '/home/f1tenth/lab_ws25/install/safety_node/lib/python3.8/site-packages/safety_node-0.0.0-py3.8.egg-info' (and everything under it)
[6.761s] Copying ../../../build/safety_node/safety_node.egg-info to /home/f1tenth/lab_ws25/install/safety_node/lib/python3.8/site-packages/safety_node-0.0.0-py3.8.egg-info
[6.763s] running install_scripts
[6.912s] Installing safety_node script to /home/f1tenth/lab_ws25/install/safety_node/lib/safety_node
[6.913s] writing list of installed files to '/home/f1tenth/lab_ws25/build/safety_node/install.log'
[7.078s] Invoked command in '/home/f1tenth/lab_ws25/src/safety_node_car_wrapper/safety_node' returned '0': PYTHONPATH=/home/f1tenth/lab_ws25/build/safety_node/prefix_override:/usr/lib/python3/dist-packages/colcon_core/task/python/colcon_distutils_commands:/home/f1tenth/lab_ws25/install/safety_node/lib/python3.8/site-packages:${PYTHONPATH} /usr/bin/python3 -W ignore:setup.py install is deprecated -W ignore:easy_install command is deprecated setup.py egg_info --egg-base ../../../build/safety_node build --build-base /home/f1tenth/lab_ws25/build/safety_node/build install --record /home/f1tenth/lab_ws25/build/safety_node/install.log --install-scripts $base/lib/safety_node --single-version-externally-managed install_data
