[4.357s] Invoking command in '/home/f1tenth/f1tenth_ws/src/safety_node': PYTHONPATH=/home/f1tenth/f1tenth_ws/build/safety_node/prefix_override:/home/f1tenth/f1tenth_ws/install/safety_node/lib/python3.8/site-packages:${PYTHONPATH} /usr/bin/python3 setup.py egg_info --egg-base ../../build/safety_node build --build-base /home/f1tenth/f1tenth_ws/build/safety_node/build install --record /home/f1tenth/f1tenth_ws/build/safety_node/install.log --install-scripts $base/lib/safety_node --single-version-externally-managed
[4.988s] /usr/local/lib/python3.8/dist-packages/setuptools/dist.py:771: UserWarning: Usage of dash-separated 'script-dir' will not be supported in future versions. Please use the underscore name 'script_dir' instead
[4.988s]   warnings.warn(
[5.173s] running egg_info
[5.202s] writing ../../build/safety_node/safety_node.egg-info/PKG-INFO
[5.202s] writing dependency_links to ../../build/safety_node/safety_node.egg-info/dependency_links.txt
[5.203s] writing entry points to ../../build/safety_node/safety_node.egg-info/entry_points.txt
[5.203s] writing requirements to ../../build/safety_node/safety_node.egg-info/requires.txt
[5.203s] writing top-level names to ../../build/safety_node/safety_node.egg-info/top_level.txt
[5.263s] reading manifest file '../../build/safety_node/safety_node.egg-info/SOURCES.txt'
[5.265s] writing manifest file '../../build/safety_node/safety_node.egg-info/SOURCES.txt'
[5.265s] running build
[5.265s] running build_py
[5.265s] copying safety_node/safety_node.py -> /home/f1tenth/f1tenth_ws/build/safety_node/build/lib/safety_node
[5.266s] running install
[5.266s] /usr/local/lib/python3.8/dist-packages/setuptools/command/install.py:34: SetuptoolsDeprecationWarning: setup.py install is deprecated. Use build and pip and other standards-based tools.
[5.267s]   warnings.warn(
[5.277s] running install_lib
[5.306s] copying /home/f1tenth/f1tenth_ws/build/safety_node/build/lib/safety_node/safety_node.py -> /home/f1tenth/f1tenth_ws/install/safety_node/lib/python3.8/site-packages/safety_node
[5.308s] byte-compiling /home/f1tenth/f1tenth_ws/install/safety_node/lib/python3.8/site-packages/safety_node/safety_node.py to safety_node.cpython-38.pyc
[5.309s] running install_data
[5.338s] running install_egg_info
[5.394s] removing '/home/f1tenth/f1tenth_ws/install/safety_node/lib/python3.8/site-packages/safety_node-0.0.0-py3.8.egg-info' (and everything under it)
[5.394s] Copying ../../build/safety_node/safety_node.egg-info to /home/f1tenth/f1tenth_ws/install/safety_node/lib/python3.8/site-packages/safety_node-0.0.0-py3.8.egg-info
[5.396s] running install_scripts
[5.515s] Installing safety_node script to /home/f1tenth/f1tenth_ws/install/safety_node/lib/safety_node
[5.516s] writing list of installed files to '/home/f1tenth/f1tenth_ws/build/safety_node/install.log'
[5.625s] Invoked command in '/home/f1tenth/f1tenth_ws/src/safety_node' returned '0': PYTHONPATH=/home/f1tenth/f1tenth_ws/build/safety_node/prefix_override:/home/f1tenth/f1tenth_ws/install/safety_node/lib/python3.8/site-packages:${PYTHONPATH} /usr/bin/python3 setup.py egg_info --egg-base ../../build/safety_node build --build-base /home/f1tenth/f1tenth_ws/build/safety_node/build install --record /home/f1tenth/f1tenth_ws/build/safety_node/install.log --install-scripts $base/lib/safety_node --single-version-externally-managed
