[2.588s] Invoking command in '/home/f1tenth/lab_ws25/src/safety_node_car_wrapper/safety_node': PYTHONPATH=/home/f1tenth/lab_ws25/build/safety_node/prefix_override:/usr/lib/python3/dist-packages/colcon_core/task/python/colcon_distutils_commands:/home/f1tenth/lab_ws25/install/safety_node/lib/python3.8/site-packages:${PYTHONPATH} /usr/bin/python3 -W ignore:setup.py install is deprecated -W ignore:easy_install command is deprecated setup.py egg_info --egg-base ../../../build/safety_node build --build-base /home/f1tenth/lab_ws25/build/safety_node/build install --record /home/f1tenth/lab_ws25/build/safety_node/install.log --install-scripts $base/lib/safety_node --single-version-externally-managed install_data
[3.238s] /usr/local/lib/python3.8/dist-packages/setuptools/dist.py:771: UserWarning: Usage of dash-separated 'script-dir' will not be supported in future versions. Please use the underscore name 'script_dir' instead
[3.239s]   warnings.warn(
[3.505s] running egg_info
[3.543s] writing ../../../build/safety_node/safety_node.egg-info/PKG-INFO
[3.544s] writing dependency_links to ../../../build/safety_node/safety_node.egg-info/dependency_links.txt
[3.544s] writing entry points to ../../../build/safety_node/safety_node.egg-info/entry_points.txt
[3.544s] writing requirements to ../../../build/safety_node/safety_node.egg-info/requires.txt
[3.545s] writing top-level names to ../../../build/safety_node/safety_node.egg-info/top_level.txt
[3.650s] reading manifest file '../../../build/safety_node/safety_node.egg-info/SOURCES.txt'
[3.652s] writing manifest file '../../../build/safety_node/safety_node.egg-info/SOURCES.txt'
[3.652s] running build
[3.654s] running build_py
[3.655s] copying safety_node/safety_node.py -> /home/f1tenth/lab_ws25/build/safety_node/build/lib/safety_node
[3.655s] running install
[3.665s] running install_lib
[3.702s] copying /home/f1tenth/lab_ws25/build/safety_node/build/lib/safety_node/safety_node.py -> /home/f1tenth/lab_ws25/install/safety_node/lib/python3.8/site-packages/safety_node
[3.704s] byte-compiling /home/f1tenth/lab_ws25/install/safety_node/lib/python3.8/site-packages/safety_node/safety_node.py to safety_node.cpython-38.pyc
[3.705s] running install_data
[3.705s] running install_egg_info
[3.744s] removing '/home/f1tenth/lab_ws25/install/safety_node/lib/python3.8/site-packages/safety_node-0.0.0-py3.8.egg-info' (and everything under it)
[3.745s] Copying ../../../build/safety_node/safety_node.egg-info to /home/f1tenth/lab_ws25/install/safety_node/lib/python3.8/site-packages/safety_node-0.0.0-py3.8.egg-info
[3.747s] running install_scripts
[3.890s] Installing safety_node script to /home/f1tenth/lab_ws25/install/safety_node/lib/safety_node
[3.891s] writing list of installed files to '/home/f1tenth/lab_ws25/build/safety_node/install.log'
[4.005s] Invoked command in '/home/f1tenth/lab_ws25/src/safety_node_car_wrapper/safety_node' returned '0': PYTHONPATH=/home/f1tenth/lab_ws25/build/safety_node/prefix_override:/usr/lib/python3/dist-packages/colcon_core/task/python/colcon_distutils_commands:/home/f1tenth/lab_ws25/install/safety_node/lib/python3.8/site-packages:${PYTHONPATH} /usr/bin/python3 -W ignore:setup.py install is deprecated -W ignore:easy_install command is deprecated setup.py egg_info --egg-base ../../../build/safety_node build --build-base /home/f1tenth/lab_ws25/build/safety_node/build install --record /home/f1tenth/lab_ws25/build/safety_node/install.log --install-scripts $base/lib/safety_node --single-version-externally-managed install_data
