[3.392s] Invoking command in '/home/f1tenth/f1tenth_ws/build/vesc_ackermann': AMENT_PREFIX_PATH=/home/f1tenth/f1tenth_ws/install/vesc_msgs:${AMENT_PREFIX_PATH} CMAKE_PREFIX_PATH=/home/f1tenth/f1tenth_ws/install/vesc_msgs:/home/f1tenth/f1tenth_TUM_practical_course/install/zed_ros2:/home/f1tenth/f1tenth_TUM_practical_course/install/zed_wrapper:/home/f1tenth/f1tenth_TUM_practical_course/install/zed_components:/home/f1tenth/f1tenth_TUM_practical_course/install/zed_interfaces:/home/f1tenth/f1tenth_TUM_practical_course/install/waypoint_visualizer:/home/f1tenth/f1tenth_TUM_practical_course/install/waypoint_generator:/home/f1tenth/f1tenth_TUM_practical_course/install/wall_follow:/home/f1tenth/f1tenth_TUM_practical_course/install/slam_toolbox:/home/f1tenth/f1tenth_TUM_practical_course/install/ros_deep_learning:/home/f1tenth/f1tenth_TUM_practical_course/install/pure_pursuit:/home/f1tenth/f1tenth_TUM_practical_course/install/stanley_avoidance:/home/f1tenth/f1tenth_TUM_practical_course/install/safety_node:/home/f1tenth/f1tenth_TUM_practical_course/install/rrt:/home/f1tenth/f1tenth_TUM_practical_course/install/particle_filter:/home/f1tenth/f1tenth_TUM_practical_course/install/follow_the_gap:/opt/ros/foxy LD_LIBRARY_PATH=/home/f1tenth/f1tenth_ws/install/vesc_msgs/lib:/home/f1tenth/f1tenth_TUM_practical_course/install/zed_components/lib:/home/f1tenth/f1tenth_TUM_practical_course/install/zed_interfaces/lib:/home/f1tenth/f1tenth_TUM_practical_course/install/slam_toolbox/lib:/opt/ros/foxy/opt/yaml_cpp_vendor/lib:/opt/ros/foxy/opt/rviz_ogre_vendor/lib:/opt/ros/foxy/lib/aarch64-linux-gnu:/opt/ros/foxy/lib:/usr/local/cuda-11.4/lib64 PYTHONPATH=/home/f1tenth/f1tenth_ws/install/vesc_msgs/lib/python3.8/site-packages:${PYTHONPATH} /usr/bin/cmake --build /home/f1tenth/f1tenth_ws/build/vesc_ackermann -- -j6 -l6
[3.538s] [ 57%] Built target vesc_to_odom_node
[3.538s] [ 85%] Built target vesc_ackermann
[3.538s] [100%] Built target ackermann_to_vesc_node
[3.563s] Invoked command in '/home/f1tenth/f1tenth_ws/build/vesc_ackermann' returned '0': AMENT_PREFIX_PATH=/home/f1tenth/f1tenth_ws/install/vesc_msgs:${AMENT_PREFIX_PATH} CMAKE_PREFIX_PATH=/home/f1tenth/f1tenth_ws/install/vesc_msgs:/home/f1tenth/f1tenth_TUM_practical_course/install/zed_ros2:/home/f1tenth/f1tenth_TUM_practical_course/install/zed_wrapper:/home/f1tenth/f1tenth_TUM_practical_course/install/zed_components:/home/f1tenth/f1tenth_TUM_practical_course/install/zed_interfaces:/home/f1tenth/f1tenth_TUM_practical_course/install/waypoint_visualizer:/home/f1tenth/f1tenth_TUM_practical_course/install/waypoint_generator:/home/f1tenth/f1tenth_TUM_practical_course/install/wall_follow:/home/f1tenth/f1tenth_TUM_practical_course/install/slam_toolbox:/home/f1tenth/f1tenth_TUM_practical_course/install/ros_deep_learning:/home/f1tenth/f1tenth_TUM_practical_course/install/pure_pursuit:/home/f1tenth/f1tenth_TUM_practical_course/install/stanley_avoidance:/home/f1tenth/f1tenth_TUM_practical_course/install/safety_node:/home/f1tenth/f1tenth_TUM_practical_course/install/rrt:/home/f1tenth/f1tenth_TUM_practical_course/install/particle_filter:/home/f1tenth/f1tenth_TUM_practical_course/install/follow_the_gap:/opt/ros/foxy LD_LIBRARY_PATH=/home/f1tenth/f1tenth_ws/install/vesc_msgs/lib:/home/f1tenth/f1tenth_TUM_practical_course/install/zed_components/lib:/home/f1tenth/f1tenth_TUM_practical_course/install/zed_interfaces/lib:/home/f1tenth/f1tenth_TUM_practical_course/install/slam_toolbox/lib:/opt/ros/foxy/opt/yaml_cpp_vendor/lib:/opt/ros/foxy/opt/rviz_ogre_vendor/lib:/opt/ros/foxy/lib/aarch64-linux-gnu:/opt/ros/foxy/lib:/usr/local/cuda-11.4/lib64 PYTHONPATH=/home/f1tenth/f1tenth_ws/install/vesc_msgs/lib/python3.8/site-packages:${PYTHONPATH} /usr/bin/cmake --build /home/f1tenth/f1tenth_ws/build/vesc_ackermann -- -j6 -l6
[3.632s] Invoking command in '/home/f1tenth/f1tenth_ws/build/vesc_ackermann': AMENT_PREFIX_PATH=/home/f1tenth/f1tenth_ws/install/vesc_msgs:${AMENT_PREFIX_PATH} CMAKE_PREFIX_PATH=/home/f1tenth/f1tenth_ws/install/vesc_msgs:/home/f1tenth/f1tenth_TUM_practical_course/install/zed_ros2:/home/f1tenth/f1tenth_TUM_practical_course/install/zed_wrapper:/home/f1tenth/f1tenth_TUM_practical_course/install/zed_components:/home/f1tenth/f1tenth_TUM_practical_course/install/zed_interfaces:/home/f1tenth/f1tenth_TUM_practical_course/install/waypoint_visualizer:/home/f1tenth/f1tenth_TUM_practical_course/install/waypoint_generator:/home/f1tenth/f1tenth_TUM_practical_course/install/wall_follow:/home/f1tenth/f1tenth_TUM_practical_course/install/slam_toolbox:/home/f1tenth/f1tenth_TUM_practical_course/install/ros_deep_learning:/home/f1tenth/f1tenth_TUM_practical_course/install/pure_pursuit:/home/f1tenth/f1tenth_TUM_practical_course/install/stanley_avoidance:/home/f1tenth/f1tenth_TUM_practical_course/install/safety_node:/home/f1tenth/f1tenth_TUM_practical_course/install/rrt:/home/f1tenth/f1tenth_TUM_practical_course/install/particle_filter:/home/f1tenth/f1tenth_TUM_practical_course/install/follow_the_gap:/opt/ros/foxy LD_LIBRARY_PATH=/home/f1tenth/f1tenth_ws/install/vesc_msgs/lib:/home/f1tenth/f1tenth_TUM_practical_course/install/zed_components/lib:/home/f1tenth/f1tenth_TUM_practical_course/install/zed_interfaces/lib:/home/f1tenth/f1tenth_TUM_practical_course/install/slam_toolbox/lib:/opt/ros/foxy/opt/yaml_cpp_vendor/lib:/opt/ros/foxy/opt/rviz_ogre_vendor/lib:/opt/ros/foxy/lib/aarch64-linux-gnu:/opt/ros/foxy/lib:/usr/local/cuda-11.4/lib64 PYTHONPATH=/home/f1tenth/f1tenth_ws/install/vesc_msgs/lib/python3.8/site-packages:${PYTHONPATH} /usr/bin/cmake --install /home/f1tenth/f1tenth_ws/build/vesc_ackermann
[3.654s] -- Install configuration: ""
[3.655s] -- Up-to-date: /home/f1tenth/f1tenth_ws/install/vesc_ackermann/lib/vesc_ackermann/ackermann_to_vesc_node
[3.656s] -- Up-to-date: /home/f1tenth/f1tenth_ws/install/vesc_ackermann/lib/vesc_ackermann/vesc_to_odom_node
[3.656s] -- Up-to-date: /home/f1tenth/f1tenth_ws/install/vesc_ackermann/include
[3.657s] -- Up-to-date: /home/f1tenth/f1tenth_ws/install/vesc_ackermann/include/vesc_ackermann
[3.657s] -- Up-to-date: /home/f1tenth/f1tenth_ws/install/vesc_ackermann/include/vesc_ackermann/ackermann_to_vesc.hpp
[3.657s] -- Up-to-date: /home/f1tenth/f1tenth_ws/install/vesc_ackermann/include/vesc_ackermann/vesc_to_odom.hpp
[3.657s] -- Up-to-date: /home/f1tenth/f1tenth_ws/install/vesc_ackermann/share/vesc_ackermann/environment/library_path.sh
[3.658s] -- Up-to-date: /home/f1tenth/f1tenth_ws/install/vesc_ackermann/share/vesc_ackermann/environment/library_path.dsv
[3.658s] -- Up-to-date: /home/f1tenth/f1tenth_ws/install/vesc_ackermann/lib/libvesc_ackermann.so
[3.658s] -- Up-to-date: /home/f1tenth/f1tenth_ws/install/vesc_ackermann/share/vesc_ackermann/launch
[3.659s] -- Up-to-date: /home/f1tenth/f1tenth_ws/install/vesc_ackermann/share/vesc_ackermann/launch/vesc_to_odom_node.launch.xml
[3.659s] -- Up-to-date: /home/f1tenth/f1tenth_ws/install/vesc_ackermann/share/vesc_ackermann/launch/ackermann_to_vesc_node.launch.xml
[3.659s] -- Up-to-date: /home/f1tenth/f1tenth_ws/install/vesc_ackermann/share/ament_index/resource_index/package_run_dependencies/vesc_ackermann
[3.660s] -- Up-to-date: /home/f1tenth/f1tenth_ws/install/vesc_ackermann/share/ament_index/resource_index/parent_prefix_path/vesc_ackermann
[3.660s] -- Up-to-date: /home/f1tenth/f1tenth_ws/install/vesc_ackermann/share/vesc_ackermann/environment/ament_prefix_path.sh
[3.660s] -- Up-to-date: /home/f1tenth/f1tenth_ws/install/vesc_ackermann/share/vesc_ackermann/environment/ament_prefix_path.dsv
[3.660s] -- Up-to-date: /home/f1tenth/f1tenth_ws/install/vesc_ackermann/share/vesc_ackermann/environment/path.sh
[3.660s] -- Up-to-date: /home/f1tenth/f1tenth_ws/install/vesc_ackermann/share/vesc_ackermann/environment/path.dsv
[3.660s] -- Up-to-date: /home/f1tenth/f1tenth_ws/install/vesc_ackermann/share/vesc_ackermann/local_setup.bash
[3.661s] -- Up-to-date: /home/f1tenth/f1tenth_ws/install/vesc_ackermann/share/vesc_ackermann/local_setup.sh
[3.661s] -- Up-to-date: /home/f1tenth/f1tenth_ws/install/vesc_ackermann/share/vesc_ackermann/local_setup.zsh
[3.661s] -- Up-to-date: /home/f1tenth/f1tenth_ws/install/vesc_ackermann/share/vesc_ackermann/local_setup.dsv
[3.661s] -- Installing: /home/f1tenth/f1tenth_ws/install/vesc_ackermann/share/vesc_ackermann/package.dsv
[3.661s] -- Up-to-date: /home/f1tenth/f1tenth_ws/install/vesc_ackermann/share/ament_index/resource_index/packages/vesc_ackermann
[3.662s] -- Up-to-date: /home/f1tenth/f1tenth_ws/install/vesc_ackermann/share/ament_index/resource_index/rclcpp_components/vesc_ackermann
[3.662s] -- Up-to-date: /home/f1tenth/f1tenth_ws/install/vesc_ackermann/share/vesc_ackermann/cmake/ament_cmake_export_dependencies-extras.cmake
[3.662s] -- Up-to-date: /home/f1tenth/f1tenth_ws/install/vesc_ackermann/share/vesc_ackermann/cmake/ament_cmake_export_include_directories-extras.cmake
[3.662s] -- Up-to-date: /home/f1tenth/f1tenth_ws/install/vesc_ackermann/share/vesc_ackermann/cmake/ament_cmake_export_libraries-extras.cmake
[3.663s] -- Up-to-date: /home/f1tenth/f1tenth_ws/install/vesc_ackermann/share/vesc_ackermann/cmake/vesc_ackermannConfig.cmake
[3.663s] -- Up-to-date: /home/f1tenth/f1tenth_ws/install/vesc_ackermann/share/vesc_ackermann/cmake/vesc_ackermannConfig-version.cmake
[3.663s] -- Up-to-date: /home/f1tenth/f1tenth_ws/install/vesc_ackermann/share/vesc_ackermann/package.xml
[3.668s] Invoked command in '/home/f1tenth/f1tenth_ws/build/vesc_ackermann' returned '0': AMENT_PREFIX_PATH=/home/f1tenth/f1tenth_ws/install/vesc_msgs:${AMENT_PREFIX_PATH} CMAKE_PREFIX_PATH=/home/f1tenth/f1tenth_ws/install/vesc_msgs:/home/f1tenth/f1tenth_TUM_practical_course/install/zed_ros2:/home/f1tenth/f1tenth_TUM_practical_course/install/zed_wrapper:/home/f1tenth/f1tenth_TUM_practical_course/install/zed_components:/home/f1tenth/f1tenth_TUM_practical_course/install/zed_interfaces:/home/f1tenth/f1tenth_TUM_practical_course/install/waypoint_visualizer:/home/f1tenth/f1tenth_TUM_practical_course/install/waypoint_generator:/home/f1tenth/f1tenth_TUM_practical_course/install/wall_follow:/home/f1tenth/f1tenth_TUM_practical_course/install/slam_toolbox:/home/f1tenth/f1tenth_TUM_practical_course/install/ros_deep_learning:/home/f1tenth/f1tenth_TUM_practical_course/install/pure_pursuit:/home/f1tenth/f1tenth_TUM_practical_course/install/stanley_avoidance:/home/f1tenth/f1tenth_TUM_practical_course/install/safety_node:/home/f1tenth/f1tenth_TUM_practical_course/install/rrt:/home/f1tenth/f1tenth_TUM_practical_course/install/particle_filter:/home/f1tenth/f1tenth_TUM_practical_course/install/follow_the_gap:/opt/ros/foxy LD_LIBRARY_PATH=/home/f1tenth/f1tenth_ws/install/vesc_msgs/lib:/home/f1tenth/f1tenth_TUM_practical_course/install/zed_components/lib:/home/f1tenth/f1tenth_TUM_practical_course/install/zed_interfaces/lib:/home/f1tenth/f1tenth_TUM_practical_course/install/slam_toolbox/lib:/opt/ros/foxy/opt/yaml_cpp_vendor/lib:/opt/ros/foxy/opt/rviz_ogre_vendor/lib:/opt/ros/foxy/lib/aarch64-linux-gnu:/opt/ros/foxy/lib:/usr/local/cuda-11.4/lib64 PYTHONPATH=/home/f1tenth/f1tenth_ws/install/vesc_msgs/lib/python3.8/site-packages:${PYTHONPATH} /usr/bin/cmake --install /home/f1tenth/f1tenth_ws/build/vesc_ackermann
