[3.976s] Invoking command in '/home/f1tenth/f1tenth_ws/build/ackermann_mux': CMAKE_PREFIX_PATH=${CMAKE_PREFIX_PATH}:/home/f1tenth/f1tenth_ws/install/f1tenth_stack:/home/f1tenth/f1tenth_ws/install/joy_teleop:/home/f1tenth/f1tenth_ws/install/mouse_teleop:/home/f1tenth/f1tenth_ws/install/key_teleop:/opt/ros/foxy /usr/bin/cmake --build /home/f1tenth/f1tenth_ws/build/ackermann_mux -- -j6 -l6
[7.406s] [100%] Built target ackermann_mux
[7.410s] Invoked command in '/home/f1tenth/f1tenth_ws/build/ackermann_mux' returned '0': CMAKE_PREFIX_PATH=${CMAKE_PREFIX_PATH}:/home/f1tenth/f1tenth_ws/install/f1tenth_stack:/home/f1tenth/f1tenth_ws/install/joy_teleop:/home/f1tenth/f1tenth_ws/install/mouse_teleop:/home/f1tenth/f1tenth_ws/install/key_teleop:/opt/ros/foxy /usr/bin/cmake --build /home/f1tenth/f1tenth_ws/build/ackermann_mux -- -j6 -l6
[7.520s] Invoking command in '/home/f1tenth/f1tenth_ws/build/ackermann_mux': CMAKE_PREFIX_PATH=${CMAKE_PREFIX_PATH}:/home/f1tenth/f1tenth_ws/install/f1tenth_stack:/home/f1tenth/f1tenth_ws/install/joy_teleop:/home/f1tenth/f1tenth_ws/install/mouse_teleop:/home/f1tenth/f1tenth_ws/install/key_teleop:/opt/ros/foxy /usr/bin/cmake --install /home/f1tenth/f1tenth_ws/build/ackermann_mux
[7.546s] -- Install configuration: ""
[7.546s] -- Up-to-date: /home/f1tenth/f1tenth_ws/install/ackermann_mux/lib/ackermann_mux/ackermann_mux
[7.547s] -- Up-to-date: /home/f1tenth/f1tenth_ws/install/ackermann_mux/share/ackermann_mux/launch
[7.547s] -- Up-to-date: /home/f1tenth/f1tenth_ws/install/ackermann_mux/share/ackermann_mux/launch/ackermann_mux_launch.py
[7.548s] -- Up-to-date: /home/f1tenth/f1tenth_ws/install/ackermann_mux/share/ackermann_mux/config
[7.549s] -- Up-to-date: /home/f1tenth/f1tenth_ws/install/ackermann_mux/share/ackermann_mux/config/ackermann_mux_locks.yaml
[7.549s] -- Up-to-date: /home/f1tenth/f1tenth_ws/install/ackermann_mux/share/ackermann_mux/config/ackermann_mux_topics.yaml
[7.549s] -- Up-to-date: /home/f1tenth/f1tenth_ws/install/ackermann_mux/share/ackermann_mux/config/joystick.yaml
[7.549s] -- Up-to-date: /home/f1tenth/f1tenth_ws/install/ackermann_mux/include
[7.549s] -- Up-to-date: /home/f1tenth/f1tenth_ws/install/ackermann_mux/include/ackermann_mux
[7.550s] -- Up-to-date: /home/f1tenth/f1tenth_ws/install/ackermann_mux/include/ackermann_mux/ackermann_mux_diagnostics_status.hpp
[7.552s] -- Up-to-date: /home/f1tenth/f1tenth_ws/install/ackermann_mux/include/ackermann_mux/params_helpers.hpp
[7.553s] -- Up-to-date: /home/f1tenth/f1tenth_ws/install/ackermann_mux/include/ackermann_mux/utils.hpp
[7.553s] -- Up-to-date: /home/f1tenth/f1tenth_ws/install/ackermann_mux/include/ackermann_mux/topic_handle.hpp
[7.557s] -- Up-to-date: /home/f1tenth/f1tenth_ws/install/ackermann_mux/include/ackermann_mux/ackermann_mux_diagnostics.hpp
[7.558s] -- Up-to-date: /home/f1tenth/f1tenth_ws/install/ackermann_mux/include/ackermann_mux/ackermann_mux.hpp
[7.558s] -- Up-to-date: /home/f1tenth/f1tenth_ws/install/ackermann_mux/share/ament_index/resource_index/package_run_dependencies/ackermann_mux
[7.558s] -- Up-to-date: /home/f1tenth/f1tenth_ws/install/ackermann_mux/share/ament_index/resource_index/parent_prefix_path/ackermann_mux
[7.559s] -- Up-to-date: /home/f1tenth/f1tenth_ws/install/ackermann_mux/share/ackermann_mux/environment/ament_prefix_path.sh
[7.560s] -- Up-to-date: /home/f1tenth/f1tenth_ws/install/ackermann_mux/share/ackermann_mux/environment/ament_prefix_path.dsv
[7.561s] -- Up-to-date: /home/f1tenth/f1tenth_ws/install/ackermann_mux/share/ackermann_mux/environment/path.sh
[7.561s] -- Up-to-date: /home/f1tenth/f1tenth_ws/install/ackermann_mux/share/ackermann_mux/environment/path.dsv
[7.561s] -- Up-to-date: /home/f1tenth/f1tenth_ws/install/ackermann_mux/share/ackermann_mux/local_setup.bash
[7.561s] -- Up-to-date: /home/f1tenth/f1tenth_ws/install/ackermann_mux/share/ackermann_mux/local_setup.sh
[7.561s] -- Up-to-date: /home/f1tenth/f1tenth_ws/install/ackermann_mux/share/ackermann_mux/local_setup.zsh
[7.562s] -- Up-to-date: /home/f1tenth/f1tenth_ws/install/ackermann_mux/share/ackermann_mux/local_setup.dsv
[7.562s] -- Installing: /home/f1tenth/f1tenth_ws/install/ackermann_mux/share/ackermann_mux/package.dsv
[7.562s] -- Up-to-date: /home/f1tenth/f1tenth_ws/install/ackermann_mux/share/ament_index/resource_index/packages/ackermann_mux
[7.562s] -- Up-to-date: /home/f1tenth/f1tenth_ws/install/ackermann_mux/share/ackermann_mux/cmake/ament_cmake_export_include_directories-extras.cmake
[7.562s] -- Up-to-date: /home/f1tenth/f1tenth_ws/install/ackermann_mux/share/ackermann_mux/cmake/ament_cmake_export_dependencies-extras.cmake
[7.562s] -- Up-to-date: /home/f1tenth/f1tenth_ws/install/ackermann_mux/share/ackermann_mux/cmake/ackermann_muxConfig.cmake
[7.562s] -- Up-to-date: /home/f1tenth/f1tenth_ws/install/ackermann_mux/share/ackermann_mux/cmake/ackermann_muxConfig-version.cmake
[7.563s] -- Up-to-date: /home/f1tenth/f1tenth_ws/install/ackermann_mux/share/ackermann_mux/package.xml
[7.567s] Invoked command in '/home/f1tenth/f1tenth_ws/build/ackermann_mux' returned '0': CMAKE_PREFIX_PATH=${CMAKE_PREFIX_PATH}:/home/f1tenth/f1tenth_ws/install/f1tenth_stack:/home/f1tenth/f1tenth_ws/install/joy_teleop:/home/f1tenth/f1tenth_ws/install/mouse_teleop:/home/f1tenth/f1tenth_ws/install/key_teleop:/opt/ros/foxy /usr/bin/cmake --install /home/f1tenth/f1tenth_ws/build/ackermann_mux
