[6.827s] Invoking command in '/home/f1tenth/lab_ws25/src/rrt': PYTHONPATH=/home/f1tenth/lab_ws25/build/rrt/prefix_override:/usr/lib/python3/dist-packages/colcon_core/task/python/colcon_distutils_commands:/home/f1tenth/lab_ws25/install/rrt/lib/python3.8/site-packages:${PYTHONPATH} /usr/bin/python3 -W ignore:setup.py install is deprecated -W ignore:easy_install command is deprecated setup.py egg_info --egg-base ../../build/rrt build --build-base /home/f1tenth/lab_ws25/build/rrt/build install --record /home/f1tenth/lab_ws25/build/rrt/install.log --install-scripts $base/lib/rrt --single-version-externally-managed install_data
[7.848s] /usr/local/lib/python3.8/dist-packages/setuptools/dist.py:771: UserWarning: Usage of dash-separated 'script-dir' will not be supported in future versions. Please use the underscore name 'script_dir' instead
[7.848s]   warnings.warn(
[8.158s] running egg_info
[8.202s] writing ../../build/rrt/rrt.egg-info/PKG-INFO
[8.204s] writing dependency_links to ../../build/rrt/rrt.egg-info/dependency_links.txt
[8.205s] writing entry points to ../../build/rrt/rrt.egg-info/entry_points.txt
[8.205s] writing requirements to ../../build/rrt/rrt.egg-info/requires.txt
[8.205s] writing top-level names to ../../build/rrt/rrt.egg-info/top_level.txt
[8.337s] reading manifest file '../../build/rrt/rrt.egg-info/SOURCES.txt'
[8.339s] adding license file 'LICENSE'
[8.340s] writing manifest file '../../build/rrt/rrt.egg-info/SOURCES.txt'
[8.341s] running build
[8.341s] running build_py
[8.341s] running install
[8.354s] running install_lib
[8.401s] running install_data
[8.401s] running install_egg_info
[8.454s] removing '/home/f1tenth/lab_ws25/install/rrt/lib/python3.8/site-packages/rrt-0.0.0-py3.8.egg-info' (and everything under it)
[8.456s] Copying ../../build/rrt/rrt.egg-info to /home/f1tenth/lab_ws25/install/rrt/lib/python3.8/site-packages/rrt-0.0.0-py3.8.egg-info
[8.463s] running install_scripts
[8.642s] Installing rrt script to /home/f1tenth/lab_ws25/install/rrt/lib/rrt
[8.642s] writing list of installed files to '/home/f1tenth/lab_ws25/build/rrt/install.log'
[8.772s] Invoked command in '/home/f1tenth/lab_ws25/src/rrt' returned '0': PYTHONPATH=/home/f1tenth/lab_ws25/build/rrt/prefix_override:/usr/lib/python3/dist-packages/colcon_core/task/python/colcon_distutils_commands:/home/f1tenth/lab_ws25/install/rrt/lib/python3.8/site-packages:${PYTHONPATH} /usr/bin/python3 -W ignore:setup.py install is deprecated -W ignore:easy_install command is deprecated setup.py egg_info --egg-base ../../build/rrt build --build-base /home/f1tenth/lab_ws25/build/rrt/build install --record /home/f1tenth/lab_ws25/build/rrt/install.log --install-scripts $base/lib/rrt --single-version-externally-managed install_data
