[3.613s] Invoking command in '/home/f1tenth/lab_ws25/src/stanley_avoidance': PYTHONPATH=/home/f1tenth/lab_ws25/build/stanley_avoidance/prefix_override:/usr/lib/python3/dist-packages/colcon_core/task/python/colcon_distutils_commands:/home/f1tenth/lab_ws25/install/stanley_avoidance/lib/python3.8/site-packages:${PYTHONPATH} /usr/bin/python3 -W ignore:setup.py install is deprecated -W ignore:easy_install command is deprecated setup.py egg_info --egg-base ../../build/stanley_avoidance build --build-base /home/f1tenth/lab_ws25/build/stanley_avoidance/build install --record /home/f1tenth/lab_ws25/build/stanley_avoidance/install.log --install-scripts $base/lib/stanley_avoidance --single-version-externally-managed install_data
[4.300s] /usr/local/lib/python3.8/dist-packages/setuptools/dist.py:771: UserWarning: Usage of dash-separated 'script-dir' will not be supported in future versions. Please use the underscore name 'script_dir' instead
[4.301s]   warnings.warn(
[4.560s] running egg_info
[4.597s] writing ../../build/stanley_avoidance/stanley_avoidance.egg-info/PKG-INFO
[4.598s] writing dependency_links to ../../build/stanley_avoidance/stanley_avoidance.egg-info/dependency_links.txt
[4.598s] writing entry points to ../../build/stanley_avoidance/stanley_avoidance.egg-info/entry_points.txt
[4.599s] writing requirements to ../../build/stanley_avoidance/stanley_avoidance.egg-info/requires.txt
[4.599s] writing top-level names to ../../build/stanley_avoidance/stanley_avoidance.egg-info/top_level.txt
[4.703s] reading manifest file '../../build/stanley_avoidance/stanley_avoidance.egg-info/SOURCES.txt'
[4.703s] adding license file 'LICENSE'
[4.705s] writing manifest file '../../build/stanley_avoidance/stanley_avoidance.egg-info/SOURCES.txt'
[4.705s] running build
[4.706s] running build_py
[4.706s] running install
[4.718s] running install_lib
[4.755s] running install_data
[4.756s] running install_egg_info
[4.794s] removing '/home/f1tenth/lab_ws25/install/stanley_avoidance/lib/python3.8/site-packages/stanley_avoidance-0.0.0-py3.8.egg-info' (and everything under it)
[4.795s] Copying ../../build/stanley_avoidance/stanley_avoidance.egg-info to /home/f1tenth/lab_ws25/install/stanley_avoidance/lib/python3.8/site-packages/stanley_avoidance-0.0.0-py3.8.egg-info
[4.797s] running install_scripts
[4.940s] Installing stanley_avoidance script to /home/f1tenth/lab_ws25/install/stanley_avoidance/lib/stanley_avoidance
[4.941s] writing list of installed files to '/home/f1tenth/lab_ws25/build/stanley_avoidance/install.log'
[5.057s] Invoked command in '/home/f1tenth/lab_ws25/src/stanley_avoidance' returned '0': PYTHONPATH=/home/f1tenth/lab_ws25/build/stanley_avoidance/prefix_override:/usr/lib/python3/dist-packages/colcon_core/task/python/colcon_distutils_commands:/home/f1tenth/lab_ws25/install/stanley_avoidance/lib/python3.8/site-packages:${PYTHONPATH} /usr/bin/python3 -W ignore:setup.py install is deprecated -W ignore:easy_install command is deprecated setup.py egg_info --egg-base ../../build/stanley_avoidance build --build-base /home/f1tenth/lab_ws25/build/stanley_avoidance/build install --record /home/f1tenth/lab_ws25/build/stanley_avoidance/install.log --install-scripts $base/lib/stanley_avoidance --single-version-externally-managed install_data
