[10.482s] Invoking command in '/home/f1tenth/f1tenth_ws/src/safety_node': PYTHONPATH=/home/f1tenth/f1tenth_ws/build/safety_node/prefix_override:/home/f1tenth/f1tenth_ws/install/safety_node/lib/python3.8/site-packages:${PYTHONPATH} /usr/bin/python3 setup.py egg_info --egg-base ../../build/safety_node build --build-base /home/f1tenth/f1tenth_ws/build/safety_node/build install --record /home/f1tenth/f1tenth_ws/build/safety_node/install.log --install-scripts $base/lib/safety_node --single-version-externally-managed
[11.104s] /usr/local/lib/python3.8/dist-packages/setuptools/dist.py:771: UserWarning: Usage of dash-separated 'script-dir' will not be supported in future versions. Please use the underscore name 'script_dir' instead
[11.105s]   warnings.warn(
[11.309s] running egg_info
[11.337s] writing ../../build/safety_node/safety_node.egg-info/PKG-INFO
[11.337s] writing dependency_links to ../../build/safety_node/safety_node.egg-info/dependency_links.txt
[11.337s] writing entry points to ../../build/safety_node/safety_node.egg-info/entry_points.txt
[11.338s] writing requirements to ../../build/safety_node/safety_node.egg-info/requires.txt
[11.338s] writing top-level names to ../../build/safety_node/safety_node.egg-info/top_level.txt
[11.401s] reading manifest file '../../build/safety_node/safety_node.egg-info/SOURCES.txt'
[11.403s] writing manifest file '../../build/safety_node/safety_node.egg-info/SOURCES.txt'
[11.403s] running build
[11.403s] running build_py
[11.403s] copying safety_node/safety_node.py -> /home/f1tenth/f1tenth_ws/build/safety_node/build/lib/safety_node
[11.404s] running install
[11.405s] /usr/local/lib/python3.8/dist-packages/setuptools/command/install.py:34: SetuptoolsDeprecationWarning: setup.py install is deprecated. Use build and pip and other standards-based tools.
[11.407s]   warnings.warn(
[11.416s] running install_lib
[11.446s] copying /home/f1tenth/f1tenth_ws/build/safety_node/build/lib/safety_node/safety_node.py -> /home/f1tenth/f1tenth_ws/install/safety_node/lib/python3.8/site-packages/safety_node
[11.452s] byte-compiling /home/f1tenth/f1tenth_ws/install/safety_node/lib/python3.8/site-packages/safety_node/safety_node.py to safety_node.cpython-38.pyc
[11.453s] running install_data
[11.481s] running install_egg_info
[11.545s] removing '/home/f1tenth/f1tenth_ws/install/safety_node/lib/python3.8/site-packages/safety_node-0.0.0-py3.8.egg-info' (and everything under it)
[11.545s] Copying ../../build/safety_node/safety_node.egg-info to /home/f1tenth/f1tenth_ws/install/safety_node/lib/python3.8/site-packages/safety_node-0.0.0-py3.8.egg-info
[11.546s] running install_scripts
[11.672s] Installing safety_node script to /home/f1tenth/f1tenth_ws/install/safety_node/lib/safety_node
[11.673s] writing list of installed files to '/home/f1tenth/f1tenth_ws/build/safety_node/install.log'
[14.313s] Invoked command in '/home/f1tenth/f1tenth_ws/src/safety_node' returned '0': PYTHONPATH=/home/f1tenth/f1tenth_ws/build/safety_node/prefix_override:/home/f1tenth/f1tenth_ws/install/safety_node/lib/python3.8/site-packages:${PYTHONPATH} /usr/bin/python3 setup.py egg_info --egg-base ../../build/safety_node build --build-base /home/f1tenth/f1tenth_ws/build/safety_node/build install --record /home/f1tenth/f1tenth_ws/build/safety_node/install.log --install-scripts $base/lib/safety_node --single-version-externally-managed
