[1.952s] Invoking command in '/home/f1tenth/f1tenth_ws/build/vesc': AMENT_PREFIX_PATH=/home/f1tenth/f1tenth_ws/install/vesc_driver:/home/f1tenth/f1tenth_ws/install/vesc_ackermann:/home/f1tenth/f1tenth_ws/install/vesc_msgs:${AMENT_PREFIX_PATH} CMAKE_PREFIX_PATH=/home/f1tenth/f1tenth_ws/install/vesc_driver:/home/f1tenth/f1tenth_ws/install/vesc_ackermann:/home/f1tenth/f1tenth_ws/install/vesc_msgs:/opt/ros/foxy LD_LIBRARY_PATH=/home/f1tenth/f1tenth_ws/install/vesc_driver/lib:/home/f1tenth/f1tenth_ws/install/vesc_ackermann/lib:/home/f1tenth/f1tenth_ws/install/vesc_msgs/lib:/opt/ros/foxy/opt/yaml_cpp_vendor/lib:/opt/ros/foxy/opt/rviz_ogre_vendor/lib:/opt/ros/foxy/lib/aarch64-linux-gnu:/opt/ros/foxy/lib:/usr/local/cuda-11.4/lib64 PYTHONPATH=/home/f1tenth/f1tenth_ws/install/vesc_msgs/lib/python3.8/site-packages:${PYTHONPATH} /usr/bin/cmake --build /home/f1tenth/f1tenth_ws/build/vesc -- -j6 -l6
[2.035s] Invoked command in '/home/f1tenth/f1tenth_ws/build/vesc' returned '0': AMENT_PREFIX_PATH=/home/f1tenth/f1tenth_ws/install/vesc_driver:/home/f1tenth/f1tenth_ws/install/vesc_ackermann:/home/f1tenth/f1tenth_ws/install/vesc_msgs:${AMENT_PREFIX_PATH} CMAKE_PREFIX_PATH=/home/f1tenth/f1tenth_ws/install/vesc_driver:/home/f1tenth/f1tenth_ws/install/vesc_ackermann:/home/f1tenth/f1tenth_ws/install/vesc_msgs:/opt/ros/foxy LD_LIBRARY_PATH=/home/f1tenth/f1tenth_ws/install/vesc_driver/lib:/home/f1tenth/f1tenth_ws/install/vesc_ackermann/lib:/home/f1tenth/f1tenth_ws/install/vesc_msgs/lib:/opt/ros/foxy/opt/yaml_cpp_vendor/lib:/opt/ros/foxy/opt/rviz_ogre_vendor/lib:/opt/ros/foxy/lib/aarch64-linux-gnu:/opt/ros/foxy/lib:/usr/local/cuda-11.4/lib64 PYTHONPATH=/home/f1tenth/f1tenth_ws/install/vesc_msgs/lib/python3.8/site-packages:${PYTHONPATH} /usr/bin/cmake --build /home/f1tenth/f1tenth_ws/build/vesc -- -j6 -l6
[2.083s] Invoking command in '/home/f1tenth/f1tenth_ws/build/vesc': AMENT_PREFIX_PATH=/home/f1tenth/f1tenth_ws/install/vesc_driver:/home/f1tenth/f1tenth_ws/install/vesc_ackermann:/home/f1tenth/f1tenth_ws/install/vesc_msgs:${AMENT_PREFIX_PATH} CMAKE_PREFIX_PATH=/home/f1tenth/f1tenth_ws/install/vesc_driver:/home/f1tenth/f1tenth_ws/install/vesc_ackermann:/home/f1tenth/f1tenth_ws/install/vesc_msgs:/opt/ros/foxy LD_LIBRARY_PATH=/home/f1tenth/f1tenth_ws/install/vesc_driver/lib:/home/f1tenth/f1tenth_ws/install/vesc_ackermann/lib:/home/f1tenth/f1tenth_ws/install/vesc_msgs/lib:/opt/ros/foxy/opt/yaml_cpp_vendor/lib:/opt/ros/foxy/opt/rviz_ogre_vendor/lib:/opt/ros/foxy/lib/aarch64-linux-gnu:/opt/ros/foxy/lib:/usr/local/cuda-11.4/lib64 PYTHONPATH=/home/f1tenth/f1tenth_ws/install/vesc_msgs/lib/python3.8/site-packages:${PYTHONPATH} /usr/bin/cmake --install /home/f1tenth/f1tenth_ws/build/vesc
[2.104s] -- Install configuration: ""
[2.104s] -- Up-to-date: /home/f1tenth/f1tenth_ws/install/vesc/share/ament_index/resource_index/package_run_dependencies/vesc
[2.104s] -- Up-to-date: /home/f1tenth/f1tenth_ws/install/vesc/share/ament_index/resource_index/parent_prefix_path/vesc
[2.104s] -- Up-to-date: /home/f1tenth/f1tenth_ws/install/vesc/share/vesc/environment/ament_prefix_path.sh
[2.105s] -- Up-to-date: /home/f1tenth/f1tenth_ws/install/vesc/share/vesc/environment/ament_prefix_path.dsv
[2.105s] -- Up-to-date: /home/f1tenth/f1tenth_ws/install/vesc/share/vesc/environment/path.sh
[2.105s] -- Up-to-date: /home/f1tenth/f1tenth_ws/install/vesc/share/vesc/environment/path.dsv
[2.105s] -- Up-to-date: /home/f1tenth/f1tenth_ws/install/vesc/share/vesc/local_setup.bash
[2.105s] -- Up-to-date: /home/f1tenth/f1tenth_ws/install/vesc/share/vesc/local_setup.sh
[2.106s] -- Up-to-date: /home/f1tenth/f1tenth_ws/install/vesc/share/vesc/local_setup.zsh
[2.106s] -- Up-to-date: /home/f1tenth/f1tenth_ws/install/vesc/share/vesc/local_setup.dsv
[2.106s] -- Installing: /home/f1tenth/f1tenth_ws/install/vesc/share/vesc/package.dsv
[2.106s] -- Up-to-date: /home/f1tenth/f1tenth_ws/install/vesc/share/ament_index/resource_index/packages/vesc
[2.106s] -- Up-to-date: /home/f1tenth/f1tenth_ws/install/vesc/share/vesc/cmake/vescConfig.cmake
[2.106s] -- Up-to-date: /home/f1tenth/f1tenth_ws/install/vesc/share/vesc/cmake/vescConfig-version.cmake
[2.107s] -- Up-to-date: /home/f1tenth/f1tenth_ws/install/vesc/share/vesc/package.xml
[2.110s] Invoked command in '/home/f1tenth/f1tenth_ws/build/vesc' returned '0': AMENT_PREFIX_PATH=/home/f1tenth/f1tenth_ws/install/vesc_driver:/home/f1tenth/f1tenth_ws/install/vesc_ackermann:/home/f1tenth/f1tenth_ws/install/vesc_msgs:${AMENT_PREFIX_PATH} CMAKE_PREFIX_PATH=/home/f1tenth/f1tenth_ws/install/vesc_driver:/home/f1tenth/f1tenth_ws/install/vesc_ackermann:/home/f1tenth/f1tenth_ws/install/vesc_msgs:/opt/ros/foxy LD_LIBRARY_PATH=/home/f1tenth/f1tenth_ws/install/vesc_driver/lib:/home/f1tenth/f1tenth_ws/install/vesc_ackermann/lib:/home/f1tenth/f1tenth_ws/install/vesc_msgs/lib:/opt/ros/foxy/opt/yaml_cpp_vendor/lib:/opt/ros/foxy/opt/rviz_ogre_vendor/lib:/opt/ros/foxy/lib/aarch64-linux-gnu:/opt/ros/foxy/lib:/usr/local/cuda-11.4/lib64 PYTHONPATH=/home/f1tenth/f1tenth_ws/install/vesc_msgs/lib/python3.8/site-packages:${PYTHONPATH} /usr/bin/cmake --install /home/f1tenth/f1tenth_ws/build/vesc
