[1.999s] Invoking command in '/home/f1tenth/lab_ws25/build/ros_deep_learning': CMAKE_PREFIX_PATH=/opt/ros/foxy /usr/bin/cmake /home/f1tenth/lab_ws25/src/ros_deep_learning -DAMENT_CMAKE_SYMLINK_INSTALL=1 -DCMAKE_INSTALL_PREFIX=/home/f1tenth/lab_ws25/install/ros_deep_learning
[4.123s] -- Using PYTHON_EXECUTABLE: /usr/bin/python3
[4.124s] -- Override CMake install command with custom implementation using symlinks instead of copying resources
[4.124s] -- Found rclcpp: 2.4.3 (/opt/ros/foxy/share/rclcpp/cmake)
[4.124s] -- Using all available rosidl_typesupport_c: rosidl_typesupport_fastrtps_c;rosidl_typesupport_introspection_c
[4.124s] -- Found rosidl_adapter: 1.3.1 (/opt/ros/foxy/share/rosidl_adapter/cmake)
[4.124s] -- Using all available rosidl_typesupport_cpp: rosidl_typesupport_fastrtps_cpp;rosidl_typesupport_introspection_cpp
[4.124s] -- Found rmw_implementation_cmake: 1.0.4 (/opt/ros/foxy/share/rmw_implementation_cmake/cmake)
[4.124s] -- Using RMW implementation 'rmw_fastrtps_cpp' as default
[4.124s] -- Found sensor_msgs: 2.0.5 (/opt/ros/foxy/share/sensor_msgs/cmake)
[4.125s] -- Found vision_msgs: 2.0.0 (/opt/ros/foxy/share/vision_msgs/cmake)
[4.125s] -- Configuring done
[4.125s] detected ROS_DISTRO=ROS_FOXY
[4.125s] detected ROS2 (ament_cmake)
[4.200s] -- Generating done
[4.240s] -- Build files have been written to: /home/f1tenth/lab_ws25/build/ros_deep_learning
[4.269s] Invoked command in '/home/f1tenth/lab_ws25/build/ros_deep_learning' returned '0': CMAKE_PREFIX_PATH=/opt/ros/foxy /usr/bin/cmake /home/f1tenth/lab_ws25/src/ros_deep_learning -DAMENT_CMAKE_SYMLINK_INSTALL=1 -DCMAKE_INSTALL_PREFIX=/home/f1tenth/lab_ws25/install/ros_deep_learning
[4.271s] Invoking command in '/home/f1tenth/lab_ws25/build/ros_deep_learning': CMAKE_PREFIX_PATH=/opt/ros/foxy /usr/bin/cmake --build /home/f1tenth/lab_ws25/build/ros_deep_learning -- -j6 -l6
[4.687s] [ 20%] Built target detectnet
[4.720s] [ 40%] Built target imagenet
[4.743s] [ 60%] Built target video_source
[4.749s] [ 80%] Built target video_output
[4.763s] [100%] Built target segnet
[4.794s] Invoked command in '/home/f1tenth/lab_ws25/build/ros_deep_learning' returned '0': CMAKE_PREFIX_PATH=/opt/ros/foxy /usr/bin/cmake --build /home/f1tenth/lab_ws25/build/ros_deep_learning -- -j6 -l6
[4.875s] Invoking command in '/home/f1tenth/lab_ws25/build/ros_deep_learning': CMAKE_PREFIX_PATH=/opt/ros/foxy /usr/bin/cmake --install /home/f1tenth/lab_ws25/build/ros_deep_learning
[4.916s] -- Install configuration: ""
[4.917s] -- Execute custom install script
[4.922s] -- Up-to-date symlink: /home/f1tenth/lab_ws25/install/ros_deep_learning/lib/ros_deep_learning/imagenet
[4.924s] -- Up-to-date symlink: /home/f1tenth/lab_ws25/install/ros_deep_learning/lib/ros_deep_learning/detectnet
[4.925s] -- Up-to-date symlink: /home/f1tenth/lab_ws25/install/ros_deep_learning/lib/ros_deep_learning/segnet
[4.927s] -- Up-to-date symlink: /home/f1tenth/lab_ws25/install/ros_deep_learning/lib/ros_deep_learning/video_source
[4.929s] -- Up-to-date symlink: /home/f1tenth/lab_ws25/install/ros_deep_learning/lib/ros_deep_learning/video_output
[4.931s] -- Up-to-date symlink: /home/f1tenth/lab_ws25/install/ros_deep_learning/share/ros_deep_learning//launch/detectnet.ros1.launch
[4.932s] -- Up-to-date symlink: /home/f1tenth/lab_ws25/install/ros_deep_learning/share/ros_deep_learning//launch/detectnet.ros2.launch
[4.933s] -- Up-to-date symlink: /home/f1tenth/lab_ws25/install/ros_deep_learning/share/ros_deep_learning//launch/imagenet.ros1.launch
[4.935s] -- Up-to-date symlink: /home/f1tenth/lab_ws25/install/ros_deep_learning/share/ros_deep_learning//launch/imagenet.ros2.launch
[4.935s] -- Up-to-date symlink: /home/f1tenth/lab_ws25/install/ros_deep_learning/share/ros_deep_learning//launch/segnet.ros1.launch
[4.936s] -- Up-to-date symlink: /home/f1tenth/lab_ws25/install/ros_deep_learning/share/ros_deep_learning//launch/segnet.ros2.launch
[4.936s] -- Up-to-date symlink: /home/f1tenth/lab_ws25/install/ros_deep_learning/share/ros_deep_learning//launch/video_output.ros1.launch
[4.937s] -- Up-to-date symlink: /home/f1tenth/lab_ws25/install/ros_deep_learning/share/ros_deep_learning//launch/video_output.ros2.launch
[4.937s] -- Up-to-date symlink: /home/f1tenth/lab_ws25/install/ros_deep_learning/share/ros_deep_learning//launch/video_source.ros1.launch
[4.938s] -- Up-to-date symlink: /home/f1tenth/lab_ws25/install/ros_deep_learning/share/ros_deep_learning//launch/video_source.ros2.launch
[4.938s] -- Up-to-date symlink: /home/f1tenth/lab_ws25/install/ros_deep_learning/share/ros_deep_learning//launch/video_viewer.ros1.launch
[4.939s] -- Up-to-date symlink: /home/f1tenth/lab_ws25/install/ros_deep_learning/share/ros_deep_learning//launch/video_viewer.ros2.launch
[4.940s] -- Up-to-date symlink: /home/f1tenth/lab_ws25/install/ros_deep_learning/share/ament_index/resource_index/package_run_dependencies/ros_deep_learning
[4.941s] -- Up-to-date symlink: /home/f1tenth/lab_ws25/install/ros_deep_learning/share/ament_index/resource_index/parent_prefix_path/ros_deep_learning
[4.942s] -- Up-to-date symlink: /home/f1tenth/lab_ws25/install/ros_deep_learning/share/ros_deep_learning/environment/ament_prefix_path.sh
[4.943s] -- Up-to-date symlink: /home/f1tenth/lab_ws25/install/ros_deep_learning/share/ros_deep_learning/environment/ament_prefix_path.dsv
[4.943s] -- Up-to-date symlink: /home/f1tenth/lab_ws25/install/ros_deep_learning/share/ros_deep_learning/environment/path.sh
[4.944s] -- Up-to-date symlink: /home/f1tenth/lab_ws25/install/ros_deep_learning/share/ros_deep_learning/environment/path.dsv
[4.945s] -- Up-to-date symlink: /home/f1tenth/lab_ws25/install/ros_deep_learning/share/ros_deep_learning/local_setup.bash
[4.945s] -- Up-to-date symlink: /home/f1tenth/lab_ws25/install/ros_deep_learning/share/ros_deep_learning/local_setup.sh
[4.946s] -- Up-to-date symlink: /home/f1tenth/lab_ws25/install/ros_deep_learning/share/ros_deep_learning/local_setup.zsh
[4.947s] -- Up-to-date symlink: /home/f1tenth/lab_ws25/install/ros_deep_learning/share/ros_deep_learning/local_setup.dsv
[4.947s] -- Symlinking: /home/f1tenth/lab_ws25/install/ros_deep_learning/share/ros_deep_learning/package.dsv
[4.974s] -- Up-to-date symlink: /home/f1tenth/lab_ws25/install/ros_deep_learning/share/ament_index/resource_index/packages/ros_deep_learning
[4.975s] -- Up-to-date symlink: /home/f1tenth/lab_ws25/install/ros_deep_learning/share/ros_deep_learning/cmake/ros_deep_learningConfig.cmake
[4.975s] -- Up-to-date symlink: /home/f1tenth/lab_ws25/install/ros_deep_learning/share/ros_deep_learning/cmake/ros_deep_learningConfig-version.cmake
[4.976s] -- Up-to-date symlink: /home/f1tenth/lab_ws25/install/ros_deep_learning/share/ros_deep_learning/package.xml
[4.983s] Invoked command in '/home/f1tenth/lab_ws25/build/ros_deep_learning' returned '0': CMAKE_PREFIX_PATH=/opt/ros/foxy /usr/bin/cmake --install /home/f1tenth/lab_ws25/build/ros_deep_learning
