/usr/local/lib/python3.8/dist-packages/setuptools/dist.py:771: UserWarning: Usage of dash-separated 'script-dir' will not be supported in future versions. Please use the underscore name 'script_dir' instead
  warnings.warn(
running develop
Removing /home/f1tenth/lab_ws25/install/follow_the_gap/lib/python3.8/site-packages/follow-the-gap.egg-link (link to .)
/usr/local/lib/python3.8/dist-packages/setuptools/dist.py:771: UserWarning: Usage of dash-separated 'script-dir' will not be supported in future versions. Please use the underscore name 'script_dir' instead
  warnings.warn(
running egg_info
writing ../../../../build/follow_the_gap/follow_the_gap.egg-info/PKG-INFO
writing dependency_links to ../../../../build/follow_the_gap/follow_the_gap.egg-info/dependency_links.txt
writing entry points to ../../../../build/follow_the_gap/follow_the_gap.egg-info/entry_points.txt
writing requirements to ../../../../build/follow_the_gap/follow_the_gap.egg-info/requires.txt
writing top-level names to ../../../../build/follow_the_gap/follow_the_gap.egg-info/top_level.txt
reading manifest file '../../../../build/follow_the_gap/follow_the_gap.egg-info/SOURCES.txt'
writing manifest file '../../../../build/follow_the_gap/follow_the_gap.egg-info/SOURCES.txt'
running build
running build_py
creating /home/f1tenth/lab_ws25/build/follow_the_gap/build
creating /home/f1tenth/lab_ws25/build/follow_the_gap/build/lib
creating /home/f1tenth/lab_ws25/build/follow_the_gap/build/lib/follow_the_gap
copying follow_the_gap/follow_the_gap.py -> /home/f1tenth/lab_ws25/build/follow_the_gap/build/lib/follow_the_gap
copying follow_the_gap/__init__.py -> /home/f1tenth/lab_ws25/build/follow_the_gap/build/lib/follow_the_gap
running install
running install_lib
creating /home/f1tenth/lab_ws25/install/follow_the_gap/lib/python3.8/site-packages/follow_the_gap
copying /home/f1tenth/lab_ws25/build/follow_the_gap/build/lib/follow_the_gap/follow_the_gap.py -> /home/f1tenth/lab_ws25/install/follow_the_gap/lib/python3.8/site-packages/follow_the_gap
copying /home/f1tenth/lab_ws25/build/follow_the_gap/build/lib/follow_the_gap/__init__.py -> /home/f1tenth/lab_ws25/install/follow_the_gap/lib/python3.8/site-packages/follow_the_gap
byte-compiling /home/f1tenth/lab_ws25/install/follow_the_gap/lib/python3.8/site-packages/follow_the_gap/follow_the_gap.py to follow_the_gap.cpython-38.pyc
byte-compiling /home/f1tenth/lab_ws25/install/follow_the_gap/lib/python3.8/site-packages/follow_the_gap/__init__.py to __init__.cpython-38.pyc
running install_data
copying resource/follow_the_gap -> /home/f1tenth/lab_ws25/install/follow_the_gap/share/ament_index/resource_index/packages
copying package.xml -> /home/f1tenth/lab_ws25/install/follow_the_gap/share/follow_the_gap
running install_egg_info
Copying ../../../../build/follow_the_gap/follow_the_gap.egg-info to /home/f1tenth/lab_ws25/install/follow_the_gap/lib/python3.8/site-packages/follow_the_gap-0.0.0-py3.8.egg-info
running install_scripts
Installing follow_the_gap script to /home/f1tenth/lab_ws25/install/follow_the_gap/lib/follow_the_gap
writing list of installed files to '/home/f1tenth/lab_ws25/build/follow_the_gap/install.log'
