[3.386s] Invoking command in '/home/f1tenth/lab_ws25/build/safety_node': PYTHONPATH=/home/f1tenth/lab_ws25/build/safety_node/prefix_override:/usr/lib/python3/dist-packages/colcon_core/task/python/colcon_distutils_commands:/home/f1tenth/lab_ws25/install/safety_node/lib/python3.8/site-packages:${PYTHONPATH} /usr/bin/python3 -W ignore:setup.py install is deprecated -W ignore:easy_install command is deprecated setup.py develop --editable --build-directory /home/f1tenth/lab_ws25/build/safety_node/build --no-deps symlink_data --force
[4.040s] /usr/local/lib/python3.8/dist-packages/setuptools/dist.py:771: UserWarning: Usage of dash-separated 'script-dir' will not be supported in future versions. Please use the underscore name 'script_dir' instead
[4.040s]   warnings.warn(
[4.305s] running develop
[4.879s] running egg_info
[4.915s] writing safety_node.egg-info/PKG-INFO
[4.916s] writing dependency_links to safety_node.egg-info/dependency_links.txt
[4.916s] writing entry points to safety_node.egg-info/entry_points.txt
[4.916s] writing requirements to safety_node.egg-info/requires.txt
[4.916s] writing top-level names to safety_node.egg-info/top_level.txt
[4.993s] reading manifest file 'safety_node.egg-info/SOURCES.txt'
[4.994s] writing manifest file 'safety_node.egg-info/SOURCES.txt'
[5.121s] running build_ext
[5.121s] Creating /home/f1tenth/lab_ws25/install/safety_node/lib/python3.8/site-packages/safety-node.egg-link (link to .)
[5.123s] Installing safety_node script to /home/f1tenth/lab_ws25/install/safety_node/lib/safety_node
[5.124s] 
[5.124s] Installed /home/f1tenth/lab_ws25/build/safety_node
[5.124s] running symlink_data
[5.124s] symbolically linking /home/f1tenth/lab_ws25/build/safety_node/resource/safety_node -> /home/f1tenth/lab_ws25/install/safety_node/share/ament_index/resource_index/packages
[5.125s] symbolically linking /home/f1tenth/lab_ws25/build/safety_node/package.xml -> /home/f1tenth/lab_ws25/install/safety_node/share/safety_node
[5.302s] Invoked command in '/home/f1tenth/lab_ws25/build/safety_node' returned '0': PYTHONPATH=/home/f1tenth/lab_ws25/build/safety_node/prefix_override:/usr/lib/python3/dist-packages/colcon_core/task/python/colcon_distutils_commands:/home/f1tenth/lab_ws25/install/safety_node/lib/python3.8/site-packages:${PYTHONPATH} /usr/bin/python3 -W ignore:setup.py install is deprecated -W ignore:easy_install command is deprecated setup.py develop --editable --build-directory /home/f1tenth/lab_ws25/build/safety_node/build --no-deps symlink_data --force
