[0.091s] Invoking command in '/home/f1tenth/lab_ws25/build/waypoint_visualizer': CMAKE_PREFIX_PATH=/home/f1tenth/lab_ws25/install/slam_toolbox:/home/f1tenth/lab_ws25/install/safety_node:/home/f1tenth/lab_ws25/install/rrt:/home/f1tenth/lab_ws25/install/particle_filter:/home/f1tenth/lab_ws25/install/follow_the_gap:/home/f1tenth/f1tenth_ws/install/f1tenth_stack:/home/f1tenth/f1tenth_ws/install/joy_teleop:/home/f1tenth/f1tenth_ws/install/safety_node:/home/f1tenth/f1tenth_ws/install/mouse_teleop:/home/f1tenth/f1tenth_ws/install/key_teleop:/opt/ros/foxy:/home/f1tenth/lab_ws25/install/ros_deep_learning:/home/f1tenth/lab_ws25/install/pure_pursuit:/home/f1tenth/f1tenth_ws/install/vesc:/home/f1tenth/f1tenth_ws/install/vesc_driver:/home/f1tenth/f1tenth_ws/install/vesc_ackermann:/home/f1tenth/f1tenth_ws/install/vesc_msgs:/home/f1tenth/f1tenth_ws/install/teleop_tools:/home/f1tenth/f1tenth_ws/install/teleop_tools_msgs:/home/f1tenth/f1tenth_ws/install/mind_stack_localization_test:/home/f1tenth/f1tenth_ws/install/ackermann_mux:/home/f1tenth/f1tenth_ws_3dlidar/install/scanmatcher_custom:/home/f1tenth/f1tenth_ws_3dlidar/install/lidarslam:/home/f1tenth/f1tenth_ws_3dlidar/install/scanmatcher:/home/f1tenth/f1tenth_ws_3dlidar/install/graph_based_slam:/home/f1tenth/f1tenth_ws_3dlidar/install/ndt_omp_ros2:/home/f1tenth/f1tenth_ws_3dlidar/install/livox_ros_driver2:/home/f1tenth/f1tenth_ws_3dlidar/install/lidarslam_msgs /usr/bin/cmake /home/f1tenth/lab_ws25/src/waypoint_visualizer -DCMAKE_INSTALL_PREFIX=/home/f1tenth/lab_ws25/install/waypoint_visualizer
[0.367s] -- The C compiler identification is GNU 9.4.0
[0.574s] -- The CXX compiler identification is GNU 9.4.0
[0.610s] -- Check for working C compiler: /usr/bin/cc
[0.896s] -- Check for working C compiler: /usr/bin/cc -- works
[0.898s] -- Detecting C compiler ABI info
[1.116s] -- Detecting C compiler ABI info - done
[1.139s] -- Detecting C compile features
[1.141s] -- Detecting C compile features - done
[1.150s] -- Check for working CXX compiler: /usr/bin/c++
[1.446s] -- Check for working CXX compiler: /usr/bin/c++ -- works
[1.450s] -- Detecting CXX compiler ABI info
[1.868s] -- Detecting CXX compiler ABI info - done
[1.890s] -- Detecting CXX compile features
[1.892s] -- Detecting CXX compile features - done
[1.898s] -- Found ament_cmake: 0.9.12 (/opt/ros/foxy/share/ament_cmake/cmake)
[1.976s] -- Found PythonInterp: /usr/bin/python3 (found suitable version "3.8.10", minimum required is "3") 
[1.977s] -- Using PYTHON_EXECUTABLE: /usr/bin/python3
[2.748s] -- Found rclcpp: 2.4.3 (/opt/ros/foxy/share/rclcpp/cmake)
[2.870s] -- Using all available rosidl_typesupport_c: rosidl_typesupport_fastrtps_c;rosidl_typesupport_introspection_c
[2.894s] -- Found rosidl_adapter: 1.3.1 (/opt/ros/foxy/share/rosidl_adapter/cmake)
[3.132s] -- Found OpenSSL: /usr/lib/aarch64-linux-gnu/libcrypto.so (found version "1.1.1f")  
[3.201s] -- Found FastRTPS: /opt/ros/foxy/include  
[3.392s] -- Using all available rosidl_typesupport_cpp: rosidl_typesupport_fastrtps_cpp;rosidl_typesupport_introspection_cpp
[3.528s] -- Found rmw_implementation_cmake: 1.0.4 (/opt/ros/foxy/share/rmw_implementation_cmake/cmake)
[3.535s] -- Using RMW implementation 'rmw_fastrtps_cpp' as default
[3.537s] -- Looking for pthread.h
[3.717s] -- Looking for pthread.h - found
[3.717s] -- Performing Test CMAKE_HAVE_LIBC_PTHREAD
[3.893s] -- Performing Test CMAKE_HAVE_LIBC_PTHREAD - Failed
[3.893s] -- Looking for pthread_create in pthreads
[4.046s] -- Looking for pthread_create in pthreads - not found
[4.047s] -- Looking for pthread_create in pthread
[4.215s] -- Looking for pthread_create in pthread - found
[4.217s] -- Found Threads: TRUE  
[4.539s] -- Found rclpy: 1.0.13 (/opt/ros/foxy/share/rclpy/cmake)
[4.543s] -- Found geometry_msgs: 2.0.5 (/opt/ros/foxy/share/geometry_msgs/cmake)
[4.611s] -- Found nav_msgs: 2.0.5 (/opt/ros/foxy/share/nav_msgs/cmake)
[4.744s] -- Found ackermann_msgs: 2.0.2 (/opt/ros/foxy/share/ackermann_msgs/cmake)
[4.812s] -- Found sensor_msgs: 2.0.5 (/opt/ros/foxy/share/sensor_msgs/cmake)
[4.946s] -- Found visualization_msgs: 2.0.5 (/opt/ros/foxy/share/visualization_msgs/cmake)
[5.079s] -- Found eigen3_cmake_module: 0.1.1 (/opt/ros/foxy/share/eigen3_cmake_module/cmake)
[5.090s] -- Found Eigen3: TRUE (found version "3.3.7") 
[5.094s] -- Found tf2_ros: 0.13.14 (/opt/ros/foxy/share/tf2_ros/cmake)
[5.932s] -- Configuring done
[5.953s] -- Generating done
[5.961s] -- Build files have been written to: /home/f1tenth/lab_ws25/build/waypoint_visualizer
[5.988s] Invoked command in '/home/f1tenth/lab_ws25/build/waypoint_visualizer' returned '0': CMAKE_PREFIX_PATH=/home/f1tenth/lab_ws25/install/slam_toolbox:/home/f1tenth/lab_ws25/install/safety_node:/home/f1tenth/lab_ws25/install/rrt:/home/f1tenth/lab_ws25/install/particle_filter:/home/f1tenth/lab_ws25/install/follow_the_gap:/home/f1tenth/f1tenth_ws/install/f1tenth_stack:/home/f1tenth/f1tenth_ws/install/joy_teleop:/home/f1tenth/f1tenth_ws/install/safety_node:/home/f1tenth/f1tenth_ws/install/mouse_teleop:/home/f1tenth/f1tenth_ws/install/key_teleop:/opt/ros/foxy:/home/f1tenth/lab_ws25/install/ros_deep_learning:/home/f1tenth/lab_ws25/install/pure_pursuit:/home/f1tenth/f1tenth_ws/install/vesc:/home/f1tenth/f1tenth_ws/install/vesc_driver:/home/f1tenth/f1tenth_ws/install/vesc_ackermann:/home/f1tenth/f1tenth_ws/install/vesc_msgs:/home/f1tenth/f1tenth_ws/install/teleop_tools:/home/f1tenth/f1tenth_ws/install/teleop_tools_msgs:/home/f1tenth/f1tenth_ws/install/mind_stack_localization_test:/home/f1tenth/f1tenth_ws/install/ackermann_mux:/home/f1tenth/f1tenth_ws_3dlidar/install/scanmatcher_custom:/home/f1tenth/f1tenth_ws_3dlidar/install/lidarslam:/home/f1tenth/f1tenth_ws_3dlidar/install/scanmatcher:/home/f1tenth/f1tenth_ws_3dlidar/install/graph_based_slam:/home/f1tenth/f1tenth_ws_3dlidar/install/ndt_omp_ros2:/home/f1tenth/f1tenth_ws_3dlidar/install/livox_ros_driver2:/home/f1tenth/f1tenth_ws_3dlidar/install/lidarslam_msgs /usr/bin/cmake /home/f1tenth/lab_ws25/src/waypoint_visualizer -DCMAKE_INSTALL_PREFIX=/home/f1tenth/lab_ws25/install/waypoint_visualizer
[5.994s] Invoking command in '/home/f1tenth/lab_ws25/build/waypoint_visualizer': CMAKE_PREFIX_PATH=/home/f1tenth/lab_ws25/install/slam_toolbox:/home/f1tenth/lab_ws25/install/safety_node:/home/f1tenth/lab_ws25/install/rrt:/home/f1tenth/lab_ws25/install/particle_filter:/home/f1tenth/lab_ws25/install/follow_the_gap:/home/f1tenth/f1tenth_ws/install/f1tenth_stack:/home/f1tenth/f1tenth_ws/install/joy_teleop:/home/f1tenth/f1tenth_ws/install/safety_node:/home/f1tenth/f1tenth_ws/install/mouse_teleop:/home/f1tenth/f1tenth_ws/install/key_teleop:/opt/ros/foxy:/home/f1tenth/lab_ws25/install/ros_deep_learning:/home/f1tenth/lab_ws25/install/pure_pursuit:/home/f1tenth/f1tenth_ws/install/vesc:/home/f1tenth/f1tenth_ws/install/vesc_driver:/home/f1tenth/f1tenth_ws/install/vesc_ackermann:/home/f1tenth/f1tenth_ws/install/vesc_msgs:/home/f1tenth/f1tenth_ws/install/teleop_tools:/home/f1tenth/f1tenth_ws/install/teleop_tools_msgs:/home/f1tenth/f1tenth_ws/install/mind_stack_localization_test:/home/f1tenth/f1tenth_ws/install/ackermann_mux:/home/f1tenth/f1tenth_ws_3dlidar/install/scanmatcher_custom:/home/f1tenth/f1tenth_ws_3dlidar/install/lidarslam:/home/f1tenth/f1tenth_ws_3dlidar/install/scanmatcher:/home/f1tenth/f1tenth_ws_3dlidar/install/graph_based_slam:/home/f1tenth/f1tenth_ws_3dlidar/install/ndt_omp_ros2:/home/f1tenth/f1tenth_ws_3dlidar/install/livox_ros_driver2:/home/f1tenth/f1tenth_ws_3dlidar/install/lidarslam_msgs /usr/bin/cmake --build /home/f1tenth/lab_ws25/build/waypoint_visualizer -- -j6 -l6
[6.097s] [35m[1mScanning dependencies of target waypoint_visualizer[0m
[6.226s] [ 50%] [32mBuilding CXX object CMakeFiles/waypoint_visualizer.dir/src/waypoint_visualizer.cpp.o[0m
[13.556s] [100%] [32m[1mLinking CXX executable waypoint_visualizer[0m
[13.913s] [100%] Built target waypoint_visualizer
[13.943s] Invoked command in '/home/f1tenth/lab_ws25/build/waypoint_visualizer' returned '0': CMAKE_PREFIX_PATH=/home/f1tenth/lab_ws25/install/slam_toolbox:/home/f1tenth/lab_ws25/install/safety_node:/home/f1tenth/lab_ws25/install/rrt:/home/f1tenth/lab_ws25/install/particle_filter:/home/f1tenth/lab_ws25/install/follow_the_gap:/home/f1tenth/f1tenth_ws/install/f1tenth_stack:/home/f1tenth/f1tenth_ws/install/joy_teleop:/home/f1tenth/f1tenth_ws/install/safety_node:/home/f1tenth/f1tenth_ws/install/mouse_teleop:/home/f1tenth/f1tenth_ws/install/key_teleop:/opt/ros/foxy:/home/f1tenth/lab_ws25/install/ros_deep_learning:/home/f1tenth/lab_ws25/install/pure_pursuit:/home/f1tenth/f1tenth_ws/install/vesc:/home/f1tenth/f1tenth_ws/install/vesc_driver:/home/f1tenth/f1tenth_ws/install/vesc_ackermann:/home/f1tenth/f1tenth_ws/install/vesc_msgs:/home/f1tenth/f1tenth_ws/install/teleop_tools:/home/f1tenth/f1tenth_ws/install/teleop_tools_msgs:/home/f1tenth/f1tenth_ws/install/mind_stack_localization_test:/home/f1tenth/f1tenth_ws/install/ackermann_mux:/home/f1tenth/f1tenth_ws_3dlidar/install/scanmatcher_custom:/home/f1tenth/f1tenth_ws_3dlidar/install/lidarslam:/home/f1tenth/f1tenth_ws_3dlidar/install/scanmatcher:/home/f1tenth/f1tenth_ws_3dlidar/install/graph_based_slam:/home/f1tenth/f1tenth_ws_3dlidar/install/ndt_omp_ros2:/home/f1tenth/f1tenth_ws_3dlidar/install/livox_ros_driver2:/home/f1tenth/f1tenth_ws_3dlidar/install/lidarslam_msgs /usr/bin/cmake --build /home/f1tenth/lab_ws25/build/waypoint_visualizer -- -j6 -l6
[13.950s] Invoking command in '/home/f1tenth/lab_ws25/build/waypoint_visualizer': CMAKE_PREFIX_PATH=/home/f1tenth/lab_ws25/install/slam_toolbox:/home/f1tenth/lab_ws25/install/safety_node:/home/f1tenth/lab_ws25/install/rrt:/home/f1tenth/lab_ws25/install/particle_filter:/home/f1tenth/lab_ws25/install/follow_the_gap:/home/f1tenth/f1tenth_ws/install/f1tenth_stack:/home/f1tenth/f1tenth_ws/install/joy_teleop:/home/f1tenth/f1tenth_ws/install/safety_node:/home/f1tenth/f1tenth_ws/install/mouse_teleop:/home/f1tenth/f1tenth_ws/install/key_teleop:/opt/ros/foxy:/home/f1tenth/lab_ws25/install/ros_deep_learning:/home/f1tenth/lab_ws25/install/pure_pursuit:/home/f1tenth/f1tenth_ws/install/vesc:/home/f1tenth/f1tenth_ws/install/vesc_driver:/home/f1tenth/f1tenth_ws/install/vesc_ackermann:/home/f1tenth/f1tenth_ws/install/vesc_msgs:/home/f1tenth/f1tenth_ws/install/teleop_tools:/home/f1tenth/f1tenth_ws/install/teleop_tools_msgs:/home/f1tenth/f1tenth_ws/install/mind_stack_localization_test:/home/f1tenth/f1tenth_ws/install/ackermann_mux:/home/f1tenth/f1tenth_ws_3dlidar/install/scanmatcher_custom:/home/f1tenth/f1tenth_ws_3dlidar/install/lidarslam:/home/f1tenth/f1tenth_ws_3dlidar/install/scanmatcher:/home/f1tenth/f1tenth_ws_3dlidar/install/graph_based_slam:/home/f1tenth/f1tenth_ws_3dlidar/install/ndt_omp_ros2:/home/f1tenth/f1tenth_ws_3dlidar/install/livox_ros_driver2:/home/f1tenth/f1tenth_ws_3dlidar/install/lidarslam_msgs /usr/bin/cmake --install /home/f1tenth/lab_ws25/build/waypoint_visualizer
[13.973s] -- Install configuration: ""
[13.973s] -- Installing: /home/f1tenth/lab_ws25/install/waypoint_visualizer/lib/waypoint_visualizer/waypoint_visualizer
[13.976s] -- Set runtime path of "/home/f1tenth/lab_ws25/install/waypoint_visualizer/lib/waypoint_visualizer/waypoint_visualizer" to ""
[13.977s] -- Installing: /home/f1tenth/lab_ws25/install/waypoint_visualizer/share/ament_index/resource_index/package_run_dependencies/waypoint_visualizer
[13.977s] -- Installing: /home/f1tenth/lab_ws25/install/waypoint_visualizer/share/ament_index/resource_index/parent_prefix_path/waypoint_visualizer
[13.978s] -- Installing: /home/f1tenth/lab_ws25/install/waypoint_visualizer/share/waypoint_visualizer/environment/ament_prefix_path.sh
[13.978s] -- Installing: /home/f1tenth/lab_ws25/install/waypoint_visualizer/share/waypoint_visualizer/environment/ament_prefix_path.dsv
[13.978s] -- Installing: /home/f1tenth/lab_ws25/install/waypoint_visualizer/share/waypoint_visualizer/environment/path.sh
[13.979s] -- Installing: /home/f1tenth/lab_ws25/install/waypoint_visualizer/share/waypoint_visualizer/environment/path.dsv
[13.979s] -- Installing: /home/f1tenth/lab_ws25/install/waypoint_visualizer/share/waypoint_visualizer/local_setup.bash
[13.980s] -- Installing: /home/f1tenth/lab_ws25/install/waypoint_visualizer/share/waypoint_visualizer/local_setup.sh
[13.980s] -- Installing: /home/f1tenth/lab_ws25/install/waypoint_visualizer/share/waypoint_visualizer/local_setup.zsh
[13.981s] -- Installing: /home/f1tenth/lab_ws25/install/waypoint_visualizer/share/waypoint_visualizer/local_setup.dsv
[13.981s] -- Installing: /home/f1tenth/lab_ws25/install/waypoint_visualizer/share/waypoint_visualizer/package.dsv
[13.982s] -- Installing: /home/f1tenth/lab_ws25/install/waypoint_visualizer/share/ament_index/resource_index/packages/waypoint_visualizer
[13.982s] -- Installing: /home/f1tenth/lab_ws25/install/waypoint_visualizer/share/waypoint_visualizer/cmake/waypoint_visualizerConfig.cmake
[13.982s] -- Installing: /home/f1tenth/lab_ws25/install/waypoint_visualizer/share/waypoint_visualizer/cmake/waypoint_visualizerConfig-version.cmake
[13.982s] -- Installing: /home/f1tenth/lab_ws25/install/waypoint_visualizer/share/waypoint_visualizer/package.xml
[13.988s] Invoked command in '/home/f1tenth/lab_ws25/build/waypoint_visualizer' returned '0': CMAKE_PREFIX_PATH=/home/f1tenth/lab_ws25/install/slam_toolbox:/home/f1tenth/lab_ws25/install/safety_node:/home/f1tenth/lab_ws25/install/rrt:/home/f1tenth/lab_ws25/install/particle_filter:/home/f1tenth/lab_ws25/install/follow_the_gap:/home/f1tenth/f1tenth_ws/install/f1tenth_stack:/home/f1tenth/f1tenth_ws/install/joy_teleop:/home/f1tenth/f1tenth_ws/install/safety_node:/home/f1tenth/f1tenth_ws/install/mouse_teleop:/home/f1tenth/f1tenth_ws/install/key_teleop:/opt/ros/foxy:/home/f1tenth/lab_ws25/install/ros_deep_learning:/home/f1tenth/lab_ws25/install/pure_pursuit:/home/f1tenth/f1tenth_ws/install/vesc:/home/f1tenth/f1tenth_ws/install/vesc_driver:/home/f1tenth/f1tenth_ws/install/vesc_ackermann:/home/f1tenth/f1tenth_ws/install/vesc_msgs:/home/f1tenth/f1tenth_ws/install/teleop_tools:/home/f1tenth/f1tenth_ws/install/teleop_tools_msgs:/home/f1tenth/f1tenth_ws/install/mind_stack_localization_test:/home/f1tenth/f1tenth_ws/install/ackermann_mux:/home/f1tenth/f1tenth_ws_3dlidar/install/scanmatcher_custom:/home/f1tenth/f1tenth_ws_3dlidar/install/lidarslam:/home/f1tenth/f1tenth_ws_3dlidar/install/scanmatcher:/home/f1tenth/f1tenth_ws_3dlidar/install/graph_based_slam:/home/f1tenth/f1tenth_ws_3dlidar/install/ndt_omp_ros2:/home/f1tenth/f1tenth_ws_3dlidar/install/livox_ros_driver2:/home/f1tenth/f1tenth_ws_3dlidar/install/lidarslam_msgs /usr/bin/cmake --install /home/f1tenth/lab_ws25/build/waypoint_visualizer
