[7.063s] Invoking command in '/home/f1tenth/lab_ws25/src/rrt': PYTHONPATH=/home/f1tenth/lab_ws25/build/rrt/prefix_override:/usr/lib/python3/dist-packages/colcon_core/task/python/colcon_distutils_commands:/home/f1tenth/lab_ws25/install/rrt/lib/python3.8/site-packages:${PYTHONPATH} /usr/bin/python3 -W ignore:setup.py install is deprecated -W ignore:easy_install command is deprecated setup.py egg_info --egg-base ../../build/rrt build --build-base /home/f1tenth/lab_ws25/build/rrt/build install --record /home/f1tenth/lab_ws25/build/rrt/install.log --install-scripts $base/lib/rrt --single-version-externally-managed install_data
[8.132s] /usr/local/lib/python3.8/dist-packages/setuptools/dist.py:771: UserWarning: Usage of dash-separated 'script-dir' will not be supported in future versions. Please use the underscore name 'script_dir' instead
[8.133s]   warnings.warn(
[8.537s] running egg_info
[8.633s] writing ../../build/rrt/rrt.egg-info/PKG-INFO
[8.634s] writing dependency_links to ../../build/rrt/rrt.egg-info/dependency_links.txt
[8.634s] writing entry points to ../../build/rrt/rrt.egg-info/entry_points.txt
[8.635s] writing requirements to ../../build/rrt/rrt.egg-info/requires.txt
[8.635s] writing top-level names to ../../build/rrt/rrt.egg-info/top_level.txt
[8.799s] reading manifest file '../../build/rrt/rrt.egg-info/SOURCES.txt'
[8.799s] adding license file 'LICENSE'
[8.801s] writing manifest file '../../build/rrt/rrt.egg-info/SOURCES.txt'
[8.802s] running build
[8.802s] running build_py
[8.803s] running install
[8.818s] running install_lib
[8.863s] running install_data
[8.864s] running install_egg_info
[8.910s] removing '/home/f1tenth/lab_ws25/install/rrt/lib/python3.8/site-packages/rrt-0.0.0-py3.8.egg-info' (and everything under it)
[8.912s] Copying ../../build/rrt/rrt.egg-info to /home/f1tenth/lab_ws25/install/rrt/lib/python3.8/site-packages/rrt-0.0.0-py3.8.egg-info
[8.914s] running install_scripts
[9.069s] Installing rrt script to /home/f1tenth/lab_ws25/install/rrt/lib/rrt
[9.070s] writing list of installed files to '/home/f1tenth/lab_ws25/build/rrt/install.log'
[9.202s] Invoked command in '/home/f1tenth/lab_ws25/src/rrt' returned '0': PYTHONPATH=/home/f1tenth/lab_ws25/build/rrt/prefix_override:/usr/lib/python3/dist-packages/colcon_core/task/python/colcon_distutils_commands:/home/f1tenth/lab_ws25/install/rrt/lib/python3.8/site-packages:${PYTHONPATH} /usr/bin/python3 -W ignore:setup.py install is deprecated -W ignore:easy_install command is deprecated setup.py egg_info --egg-base ../../build/rrt build --build-base /home/f1tenth/lab_ws25/build/rrt/build install --record /home/f1tenth/lab_ws25/build/rrt/install.log --install-scripts $base/lib/rrt --single-version-externally-managed install_data
