[4.245s] Invoking command in '/home/f1tenth/f1tenth_ws/build/ackermann_mux': CMAKE_PREFIX_PATH=${CMAKE_PREFIX_PATH}:/home/f1tenth/f1tenth_ws/install/f1tenth_stack:/home/f1tenth/f1tenth_ws/install/joy_teleop:/home/f1tenth/f1tenth_ws/install/safety_node:/home/f1tenth/f1tenth_ws/install/mouse_teleop:/home/f1tenth/f1tenth_ws/install/key_teleop:/opt/ros/foxy /usr/bin/cmake --build /home/f1tenth/f1tenth_ws/build/ackermann_mux -- -j6 -l6
[9.653s] [100%] Built target ackermann_mux
[9.656s] Invoked command in '/home/f1tenth/f1tenth_ws/build/ackermann_mux' returned '0': CMAKE_PREFIX_PATH=${CMAKE_PREFIX_PATH}:/home/f1tenth/f1tenth_ws/install/f1tenth_stack:/home/f1tenth/f1tenth_ws/install/joy_teleop:/home/f1tenth/f1tenth_ws/install/safety_node:/home/f1tenth/f1tenth_ws/install/mouse_teleop:/home/f1tenth/f1tenth_ws/install/key_teleop:/opt/ros/foxy /usr/bin/cmake --build /home/f1tenth/f1tenth_ws/build/ackermann_mux -- -j6 -l6
[9.793s] Invoking command in '/home/f1tenth/f1tenth_ws/build/ackermann_mux': CMAKE_PREFIX_PATH=${CMAKE_PREFIX_PATH}:/home/f1tenth/f1tenth_ws/install/f1tenth_stack:/home/f1tenth/f1tenth_ws/install/joy_teleop:/home/f1tenth/f1tenth_ws/install/safety_node:/home/f1tenth/f1tenth_ws/install/mouse_teleop:/home/f1tenth/f1tenth_ws/install/key_teleop:/opt/ros/foxy /usr/bin/cmake --install /home/f1tenth/f1tenth_ws/build/ackermann_mux
[9.819s] -- Install configuration: ""
[9.819s] -- Up-to-date: /home/f1tenth/f1tenth_ws/install/ackermann_mux/lib/ackermann_mux/ackermann_mux
[9.819s] -- Up-to-date: /home/f1tenth/f1tenth_ws/install/ackermann_mux/share/ackermann_mux/launch
[9.820s] -- Up-to-date: /home/f1tenth/f1tenth_ws/install/ackermann_mux/share/ackermann_mux/launch/ackermann_mux_launch.py
[9.820s] -- Up-to-date: /home/f1tenth/f1tenth_ws/install/ackermann_mux/share/ackermann_mux/config
[9.820s] -- Up-to-date: /home/f1tenth/f1tenth_ws/install/ackermann_mux/share/ackermann_mux/config/ackermann_mux_locks.yaml
[9.820s] -- Up-to-date: /home/f1tenth/f1tenth_ws/install/ackermann_mux/share/ackermann_mux/config/ackermann_mux_topics.yaml
[9.820s] -- Up-to-date: /home/f1tenth/f1tenth_ws/install/ackermann_mux/share/ackermann_mux/config/joystick.yaml
[9.822s] -- Up-to-date: /home/f1tenth/f1tenth_ws/install/ackermann_mux/include
[9.822s] -- Up-to-date: /home/f1tenth/f1tenth_ws/install/ackermann_mux/include/ackermann_mux
[9.822s] -- Up-to-date: /home/f1tenth/f1tenth_ws/install/ackermann_mux/include/ackermann_mux/ackermann_mux_diagnostics_status.hpp
[9.822s] -- Up-to-date: /home/f1tenth/f1tenth_ws/install/ackermann_mux/include/ackermann_mux/params_helpers.hpp
[9.822s] -- Up-to-date: /home/f1tenth/f1tenth_ws/install/ackermann_mux/include/ackermann_mux/utils.hpp
[9.823s] -- Up-to-date: /home/f1tenth/f1tenth_ws/install/ackermann_mux/include/ackermann_mux/topic_handle.hpp
[9.823s] -- Up-to-date: /home/f1tenth/f1tenth_ws/install/ackermann_mux/include/ackermann_mux/ackermann_mux_diagnostics.hpp
[9.823s] -- Up-to-date: /home/f1tenth/f1tenth_ws/install/ackermann_mux/include/ackermann_mux/ackermann_mux.hpp
[9.824s] -- Up-to-date: /home/f1tenth/f1tenth_ws/install/ackermann_mux/share/ament_index/resource_index/package_run_dependencies/ackermann_mux
[9.824s] -- Up-to-date: /home/f1tenth/f1tenth_ws/install/ackermann_mux/share/ament_index/resource_index/parent_prefix_path/ackermann_mux
[9.824s] -- Up-to-date: /home/f1tenth/f1tenth_ws/install/ackermann_mux/share/ackermann_mux/environment/ament_prefix_path.sh
[9.824s] -- Up-to-date: /home/f1tenth/f1tenth_ws/install/ackermann_mux/share/ackermann_mux/environment/ament_prefix_path.dsv
[9.824s] -- Up-to-date: /home/f1tenth/f1tenth_ws/install/ackermann_mux/share/ackermann_mux/environment/path.sh
[9.825s] -- Up-to-date: /home/f1tenth/f1tenth_ws/install/ackermann_mux/share/ackermann_mux/environment/path.dsv
[9.826s] -- Up-to-date: /home/f1tenth/f1tenth_ws/install/ackermann_mux/share/ackermann_mux/local_setup.bash
[9.826s] -- Up-to-date: /home/f1tenth/f1tenth_ws/install/ackermann_mux/share/ackermann_mux/local_setup.sh
[9.826s] -- Up-to-date: /home/f1tenth/f1tenth_ws/install/ackermann_mux/share/ackermann_mux/local_setup.zsh
[9.835s] -- Up-to-date: /home/f1tenth/f1tenth_ws/install/ackermann_mux/share/ackermann_mux/local_setup.dsv
[9.836s] -- Installing: /home/f1tenth/f1tenth_ws/install/ackermann_mux/share/ackermann_mux/package.dsv
[9.837s] -- Up-to-date: /home/f1tenth/f1tenth_ws/install/ackermann_mux/share/ament_index/resource_index/packages/ackermann_mux
[9.837s] -- Up-to-date: /home/f1tenth/f1tenth_ws/install/ackermann_mux/share/ackermann_mux/cmake/ament_cmake_export_include_directories-extras.cmake
[9.849s] -- Up-to-date: /home/f1tenth/f1tenth_ws/install/ackermann_mux/share/ackermann_mux/cmake/ament_cmake_export_dependencies-extras.cmake
[9.849s] -- Up-to-date: /home/f1tenth/f1tenth_ws/install/ackermann_mux/share/ackermann_mux/cmake/ackermann_muxConfig.cmake
[9.849s] -- Up-to-date: /home/f1tenth/f1tenth_ws/install/ackermann_mux/share/ackermann_mux/cmake/ackermann_muxConfig-version.cmake
[9.853s] -- Up-to-date: /home/f1tenth/f1tenth_ws/install/ackermann_mux/share/ackermann_mux/package.xml
[9.854s] Invoked command in '/home/f1tenth/f1tenth_ws/build/ackermann_mux' returned '0': CMAKE_PREFIX_PATH=${CMAKE_PREFIX_PATH}:/home/f1tenth/f1tenth_ws/install/f1tenth_stack:/home/f1tenth/f1tenth_ws/install/joy_teleop:/home/f1tenth/f1tenth_ws/install/safety_node:/home/f1tenth/f1tenth_ws/install/mouse_teleop:/home/f1tenth/f1tenth_ws/install/key_teleop:/opt/ros/foxy /usr/bin/cmake --install /home/f1tenth/f1tenth_ws/build/ackermann_mux
