[1.797s] Invoking command in '/home/f1tenth/lab_ws25/build/ros_deep_learning': CMAKE_PREFIX_PATH=/opt/ros/foxy /usr/bin/cmake --build /home/f1tenth/lab_ws25/build/ros_deep_learning -- -j6 -l6
[2.725s] [ 35%] Built target video_output
[2.725s] [ 40%] Built target imagenet
[2.729s] [ 60%] Built target segnet
[2.729s] [ 80%] Built target detectnet
[2.729s] [100%] Built target video_source
[3.632s] Invoked command in '/home/f1tenth/lab_ws25/build/ros_deep_learning' returned '0': CMAKE_PREFIX_PATH=/opt/ros/foxy /usr/bin/cmake --build /home/f1tenth/lab_ws25/build/ros_deep_learning -- -j6 -l6
[3.638s] Invoking command in '/home/f1tenth/lab_ws25/build/ros_deep_learning': CMAKE_PREFIX_PATH=/opt/ros/foxy /usr/bin/cmake --install /home/f1tenth/lab_ws25/build/ros_deep_learning
[3.659s] -- Install configuration: ""
[3.661s] -- Execute custom install script
[3.661s] -- Up-to-date symlink: /home/f1tenth/lab_ws25/install/ros_deep_learning/lib/ros_deep_learning/imagenet
[3.662s] -- Up-to-date symlink: /home/f1tenth/lab_ws25/install/ros_deep_learning/lib/ros_deep_learning/detectnet
[3.662s] -- Up-to-date symlink: /home/f1tenth/lab_ws25/install/ros_deep_learning/lib/ros_deep_learning/segnet
[3.667s] -- Up-to-date symlink: /home/f1tenth/lab_ws25/install/ros_deep_learning/lib/ros_deep_learning/video_source
[3.667s] -- Up-to-date symlink: /home/f1tenth/lab_ws25/install/ros_deep_learning/lib/ros_deep_learning/video_output
[3.668s] -- Up-to-date symlink: /home/f1tenth/lab_ws25/install/ros_deep_learning/share/ros_deep_learning//launch/detectnet.ros1.launch
[3.669s] -- Up-to-date symlink: /home/f1tenth/lab_ws25/install/ros_deep_learning/share/ros_deep_learning//launch/detectnet.ros2.launch
[3.669s] -- Up-to-date symlink: /home/f1tenth/lab_ws25/install/ros_deep_learning/share/ros_deep_learning//launch/imagenet.ros1.launch
[3.669s] -- Up-to-date symlink: /home/f1tenth/lab_ws25/install/ros_deep_learning/share/ros_deep_learning//launch/imagenet.ros2.launch
[3.669s] -- Up-to-date symlink: /home/f1tenth/lab_ws25/install/ros_deep_learning/share/ros_deep_learning//launch/segnet.ros1.launch
[3.670s] -- Up-to-date symlink: /home/f1tenth/lab_ws25/install/ros_deep_learning/share/ros_deep_learning//launch/segnet.ros2.launch
[3.670s] -- Up-to-date symlink: /home/f1tenth/lab_ws25/install/ros_deep_learning/share/ros_deep_learning//launch/video_output.ros1.launch
[3.671s] -- Up-to-date symlink: /home/f1tenth/lab_ws25/install/ros_deep_learning/share/ros_deep_learning//launch/video_output.ros2.launch
[3.671s] -- Up-to-date symlink: /home/f1tenth/lab_ws25/install/ros_deep_learning/share/ros_deep_learning//launch/video_source.ros1.launch
[3.671s] -- Up-to-date symlink: /home/f1tenth/lab_ws25/install/ros_deep_learning/share/ros_deep_learning//launch/video_source.ros2.launch
[3.671s] -- Up-to-date symlink: /home/f1tenth/lab_ws25/install/ros_deep_learning/share/ros_deep_learning//launch/video_viewer.ros1.launch
[3.672s] -- Up-to-date symlink: /home/f1tenth/lab_ws25/install/ros_deep_learning/share/ros_deep_learning//launch/video_viewer.ros2.launch
[3.673s] -- Up-to-date symlink: /home/f1tenth/lab_ws25/install/ros_deep_learning/share/ament_index/resource_index/package_run_dependencies/ros_deep_learning
[3.674s] -- Up-to-date symlink: /home/f1tenth/lab_ws25/install/ros_deep_learning/share/ament_index/resource_index/parent_prefix_path/ros_deep_learning
[3.676s] -- Up-to-date symlink: /home/f1tenth/lab_ws25/install/ros_deep_learning/share/ros_deep_learning/environment/ament_prefix_path.sh
[3.676s] -- Up-to-date symlink: /home/f1tenth/lab_ws25/install/ros_deep_learning/share/ros_deep_learning/environment/ament_prefix_path.dsv
[3.677s] -- Up-to-date symlink: /home/f1tenth/lab_ws25/install/ros_deep_learning/share/ros_deep_learning/environment/path.sh
[3.677s] -- Up-to-date symlink: /home/f1tenth/lab_ws25/install/ros_deep_learning/share/ros_deep_learning/environment/path.dsv
[3.678s] -- Up-to-date symlink: /home/f1tenth/lab_ws25/install/ros_deep_learning/share/ros_deep_learning/local_setup.bash
[3.678s] -- Up-to-date symlink: /home/f1tenth/lab_ws25/install/ros_deep_learning/share/ros_deep_learning/local_setup.sh
[3.679s] -- Up-to-date symlink: /home/f1tenth/lab_ws25/install/ros_deep_learning/share/ros_deep_learning/local_setup.zsh
[3.683s] -- Up-to-date symlink: /home/f1tenth/lab_ws25/install/ros_deep_learning/share/ros_deep_learning/local_setup.dsv
[3.684s] -- Symlinking: /home/f1tenth/lab_ws25/install/ros_deep_learning/share/ros_deep_learning/package.dsv
[3.714s] -- Up-to-date symlink: /home/f1tenth/lab_ws25/install/ros_deep_learning/share/ament_index/resource_index/packages/ros_deep_learning
[3.715s] -- Up-to-date symlink: /home/f1tenth/lab_ws25/install/ros_deep_learning/share/ros_deep_learning/cmake/ros_deep_learningConfig.cmake
[3.715s] -- Up-to-date symlink: /home/f1tenth/lab_ws25/install/ros_deep_learning/share/ros_deep_learning/cmake/ros_deep_learningConfig-version.cmake
[3.716s] -- Up-to-date symlink: /home/f1tenth/lab_ws25/install/ros_deep_learning/share/ros_deep_learning/package.xml
[3.738s] Invoked command in '/home/f1tenth/lab_ws25/build/ros_deep_learning' returned '0': CMAKE_PREFIX_PATH=/opt/ros/foxy /usr/bin/cmake --install /home/f1tenth/lab_ws25/build/ros_deep_learning
