[3.071s] Invoking command in '/home/f1tenth/lab_ws25/build/pure_pursuit': CMAKE_PREFIX_PATH=/home/f1tenth/lab_ws25/install/waypoint_visualizer:/home/f1tenth/lab_ws25/install/slam_toolbox:/home/f1tenth/lab_ws25/install/stanley_avoidance:/home/f1tenth/lab_ws25/install/safety_node:/home/f1tenth/lab_ws25/install/rrt:/home/f1tenth/lab_ws25/install/particle_filter:/home/f1tenth/lab_ws25/install/follow_the_gap:/opt/ros/foxy:/home/f1tenth/lab_ws25/install/ros_deep_learning:/home/f1tenth/lab_ws25/install/pure_pursuit /usr/bin/cmake --build /home/f1tenth/lab_ws25/build/pure_pursuit -- -j6 -l6
[4.474s] [ 50%] Built target waypoint_visualiser_node
[4.475s] [100%] Built target pure_pursuit_node
[4.501s] Invoked command in '/home/f1tenth/lab_ws25/build/pure_pursuit' returned '0': CMAKE_PREFIX_PATH=/home/f1tenth/lab_ws25/install/waypoint_visualizer:/home/f1tenth/lab_ws25/install/slam_toolbox:/home/f1tenth/lab_ws25/install/stanley_avoidance:/home/f1tenth/lab_ws25/install/safety_node:/home/f1tenth/lab_ws25/install/rrt:/home/f1tenth/lab_ws25/install/particle_filter:/home/f1tenth/lab_ws25/install/follow_the_gap:/opt/ros/foxy:/home/f1tenth/lab_ws25/install/ros_deep_learning:/home/f1tenth/lab_ws25/install/pure_pursuit /usr/bin/cmake --build /home/f1tenth/lab_ws25/build/pure_pursuit -- -j6 -l6
[4.573s] Invoking command in '/home/f1tenth/lab_ws25/build/pure_pursuit': CMAKE_PREFIX_PATH=/home/f1tenth/lab_ws25/install/waypoint_visualizer:/home/f1tenth/lab_ws25/install/slam_toolbox:/home/f1tenth/lab_ws25/install/stanley_avoidance:/home/f1tenth/lab_ws25/install/safety_node:/home/f1tenth/lab_ws25/install/rrt:/home/f1tenth/lab_ws25/install/particle_filter:/home/f1tenth/lab_ws25/install/follow_the_gap:/opt/ros/foxy:/home/f1tenth/lab_ws25/install/ros_deep_learning:/home/f1tenth/lab_ws25/install/pure_pursuit /usr/bin/cmake --install /home/f1tenth/lab_ws25/build/pure_pursuit
[6.232s] -- Install configuration: ""
[6.233s] -- Execute custom install script
[6.233s] -- Up-to-date symlink: /home/f1tenth/lab_ws25/install/pure_pursuit/lib/pure_pursuit/pure_pursuit_node
[6.233s] -- Up-to-date symlink: /home/f1tenth/lab_ws25/install/pure_pursuit/lib/pure_pursuit/waypoint_visualiser_node
[6.233s] -- Up-to-date symlink: /home/f1tenth/lab_ws25/install/pure_pursuit/share/pure_pursuit/launch/pure_pursuit.rviz
[6.233s] -- Up-to-date symlink: /home/f1tenth/lab_ws25/install/pure_pursuit/share/pure_pursuit/launch/pure_pursuit_launch.py
[6.234s] -- Up-to-date symlink: /home/f1tenth/lab_ws25/install/pure_pursuit/share/pure_pursuit/launch/sim_pure_pursuit.rviz
[6.234s] -- Up-to-date symlink: /home/f1tenth/lab_ws25/install/pure_pursuit/share/pure_pursuit/launch/sim_pure_pursuit_launch.py
[6.234s] -- Up-to-date symlink: /home/f1tenth/lab_ws25/install/pure_pursuit/share/pure_pursuit/config/config.yaml
[6.234s] -- Up-to-date symlink: /home/f1tenth/lab_ws25/install/pure_pursuit/share/pure_pursuit/config/sim_config.yaml
[6.234s] -- Up-to-date symlink: /home/f1tenth/lab_ws25/install/pure_pursuit/share/ament_index/resource_index/package_run_dependencies/pure_pursuit
[6.235s] -- Up-to-date symlink: /home/f1tenth/lab_ws25/install/pure_pursuit/share/ament_index/resource_index/parent_prefix_path/pure_pursuit
[6.235s] -- Up-to-date symlink: /home/f1tenth/lab_ws25/install/pure_pursuit/share/pure_pursuit/environment/ament_prefix_path.sh
[6.235s] -- Up-to-date symlink: /home/f1tenth/lab_ws25/install/pure_pursuit/share/pure_pursuit/environment/ament_prefix_path.dsv
[6.235s] -- Up-to-date symlink: /home/f1tenth/lab_ws25/install/pure_pursuit/share/pure_pursuit/environment/path.sh
[6.235s] -- Up-to-date symlink: /home/f1tenth/lab_ws25/install/pure_pursuit/share/pure_pursuit/environment/path.dsv
[6.235s] -- Up-to-date symlink: /home/f1tenth/lab_ws25/install/pure_pursuit/share/pure_pursuit/local_setup.bash
[6.236s] -- Up-to-date symlink: /home/f1tenth/lab_ws25/install/pure_pursuit/share/pure_pursuit/local_setup.sh
[6.236s] -- Up-to-date symlink: /home/f1tenth/lab_ws25/install/pure_pursuit/share/pure_pursuit/local_setup.zsh
[6.236s] -- Up-to-date symlink: /home/f1tenth/lab_ws25/install/pure_pursuit/share/pure_pursuit/local_setup.dsv
[6.236s] -- Symlinking: /home/f1tenth/lab_ws25/install/pure_pursuit/share/pure_pursuit/package.dsv
[6.236s] -- Up-to-date symlink: /home/f1tenth/lab_ws25/install/pure_pursuit/share/ament_index/resource_index/packages/pure_pursuit
[6.236s] -- Up-to-date symlink: /home/f1tenth/lab_ws25/install/pure_pursuit/share/pure_pursuit/cmake/pure_pursuitConfig.cmake
[6.236s] -- Up-to-date symlink: /home/f1tenth/lab_ws25/install/pure_pursuit/share/pure_pursuit/cmake/pure_pursuitConfig-version.cmake
[6.236s] -- Up-to-date symlink: /home/f1tenth/lab_ws25/install/pure_pursuit/share/pure_pursuit/package.xml
[6.382s] Invoked command in '/home/f1tenth/lab_ws25/build/pure_pursuit' returned '0': CMAKE_PREFIX_PATH=/home/f1tenth/lab_ws25/install/waypoint_visualizer:/home/f1tenth/lab_ws25/install/slam_toolbox:/home/f1tenth/lab_ws25/install/stanley_avoidance:/home/f1tenth/lab_ws25/install/safety_node:/home/f1tenth/lab_ws25/install/rrt:/home/f1tenth/lab_ws25/install/particle_filter:/home/f1tenth/lab_ws25/install/follow_the_gap:/opt/ros/foxy:/home/f1tenth/lab_ws25/install/ros_deep_learning:/home/f1tenth/lab_ws25/install/pure_pursuit /usr/bin/cmake --install /home/f1tenth/lab_ws25/build/pure_pursuit
