[6.193s] Invoking command in '/home/f1tenth/lab_ws25/src/stanley_avoidance': PYTHONPATH=/home/f1tenth/lab_ws25/build/stanley_avoidance/prefix_override:/usr/lib/python3/dist-packages/colcon_core/task/python/colcon_distutils_commands:/home/f1tenth/lab_ws25/install/stanley_avoidance/lib/python3.8/site-packages:${PYTHONPATH} /usr/bin/python3 -W ignore:setup.py install is deprecated -W ignore:easy_install command is deprecated setup.py egg_info --egg-base ../../build/stanley_avoidance build --build-base /home/f1tenth/lab_ws25/build/stanley_avoidance/build install --record /home/f1tenth/lab_ws25/build/stanley_avoidance/install.log --install-scripts $base/lib/stanley_avoidance --single-version-externally-managed install_data
[8.345s] /usr/local/lib/python3.8/dist-packages/setuptools/dist.py:771: UserWarning: Usage of dash-separated 'script-dir' will not be supported in future versions. Please use the underscore name 'script_dir' instead
[8.345s]   warnings.warn(
[8.739s] running egg_info
[8.799s] writing ../../build/stanley_avoidance/stanley_avoidance.egg-info/PKG-INFO
[8.800s] writing dependency_links to ../../build/stanley_avoidance/stanley_avoidance.egg-info/dependency_links.txt
[8.800s] writing entry points to ../../build/stanley_avoidance/stanley_avoidance.egg-info/entry_points.txt
[8.800s] writing requirements to ../../build/stanley_avoidance/stanley_avoidance.egg-info/requires.txt
[8.801s] writing top-level names to ../../build/stanley_avoidance/stanley_avoidance.egg-info/top_level.txt
[9.061s] reading manifest file '../../build/stanley_avoidance/stanley_avoidance.egg-info/SOURCES.txt'
[9.062s] adding license file 'LICENSE'
[9.067s] writing manifest file '../../build/stanley_avoidance/stanley_avoidance.egg-info/SOURCES.txt'
[9.067s] running build
[9.068s] running build_py
[9.069s] copying stanley_avoidance/stanley_avoidance.py -> /home/f1tenth/lab_ws25/build/stanley_avoidance/build/lib/stanley_avoidance
[9.069s] running install
[9.095s] running install_lib
[9.196s] copying /home/f1tenth/lab_ws25/build/stanley_avoidance/build/lib/stanley_avoidance/stanley_avoidance.py -> /home/f1tenth/lab_ws25/install/stanley_avoidance/lib/python3.8/site-packages/stanley_avoidance
[9.197s] byte-compiling /home/f1tenth/lab_ws25/install/stanley_avoidance/lib/python3.8/site-packages/stanley_avoidance/stanley_avoidance.py to stanley_avoidance.cpython-38.pyc
[9.208s] running install_data
[9.209s] running install_egg_info
[9.315s] removing '/home/f1tenth/lab_ws25/install/stanley_avoidance/lib/python3.8/site-packages/stanley_avoidance-0.0.0-py3.8.egg-info' (and everything under it)
[9.316s] Copying ../../build/stanley_avoidance/stanley_avoidance.egg-info to /home/f1tenth/lab_ws25/install/stanley_avoidance/lib/python3.8/site-packages/stanley_avoidance-0.0.0-py3.8.egg-info
[9.325s] running install_scripts
[9.576s] Installing stanley_avoidance script to /home/f1tenth/lab_ws25/install/stanley_avoidance/lib/stanley_avoidance
[9.578s] writing list of installed files to '/home/f1tenth/lab_ws25/build/stanley_avoidance/install.log'
[9.829s] Invoked command in '/home/f1tenth/lab_ws25/src/stanley_avoidance' returned '0': PYTHONPATH=/home/f1tenth/lab_ws25/build/stanley_avoidance/prefix_override:/usr/lib/python3/dist-packages/colcon_core/task/python/colcon_distutils_commands:/home/f1tenth/lab_ws25/install/stanley_avoidance/lib/python3.8/site-packages:${PYTHONPATH} /usr/bin/python3 -W ignore:setup.py install is deprecated -W ignore:easy_install command is deprecated setup.py egg_info --egg-base ../../build/stanley_avoidance build --build-base /home/f1tenth/lab_ws25/build/stanley_avoidance/build install --record /home/f1tenth/lab_ws25/build/stanley_avoidance/install.log --install-scripts $base/lib/stanley_avoidance --single-version-externally-managed install_data
