[11.381s] Invoking command in '/home/f1tenth/lab_ws25/src/follow_the_gap_wrapper/follow_the_gap/follow_the_gap': PYTHONPATH=/home/f1tenth/lab_ws25/build/follow_the_gap/prefix_override:/usr/lib/python3/dist-packages/colcon_core/task/python/colcon_distutils_commands:/home/f1tenth/lab_ws25/install/follow_the_gap/lib/python3.8/site-packages:${PYTHONPATH} /usr/bin/python3 -W ignore:setup.py install is deprecated -W ignore:easy_install command is deprecated setup.py egg_info --egg-base ../../../../build/follow_the_gap build --build-base /home/f1tenth/lab_ws25/build/follow_the_gap/build install --record /home/f1tenth/lab_ws25/build/follow_the_gap/install.log --install-scripts $base/lib/follow_the_gap --single-version-externally-managed install_data
[13.422s] /usr/local/lib/python3.8/dist-packages/setuptools/dist.py:771: UserWarning: Usage of dash-separated 'script-dir' will not be supported in future versions. Please use the underscore name 'script_dir' instead
[13.422s]   warnings.warn(
[13.813s] running egg_info
[13.863s] writing ../../../../build/follow_the_gap/follow_the_gap.egg-info/PKG-INFO
[13.864s] writing dependency_links to ../../../../build/follow_the_gap/follow_the_gap.egg-info/dependency_links.txt
[13.864s] writing entry points to ../../../../build/follow_the_gap/follow_the_gap.egg-info/entry_points.txt
[13.868s] writing requirements to ../../../../build/follow_the_gap/follow_the_gap.egg-info/requires.txt
[13.868s] writing top-level names to ../../../../build/follow_the_gap/follow_the_gap.egg-info/top_level.txt
[13.982s] reading manifest file '../../../../build/follow_the_gap/follow_the_gap.egg-info/SOURCES.txt'
[13.984s] writing manifest file '../../../../build/follow_the_gap/follow_the_gap.egg-info/SOURCES.txt'
[13.985s] running build
[13.985s] running build_py
[13.985s] running install
[13.998s] running install_lib
[14.044s] running install_data
[14.045s] running install_egg_info
[14.089s] removing '/home/f1tenth/lab_ws25/install/follow_the_gap/lib/python3.8/site-packages/follow_the_gap-0.0.0-py3.8.egg-info' (and everything under it)
[14.090s] Copying ../../../../build/follow_the_gap/follow_the_gap.egg-info to /home/f1tenth/lab_ws25/install/follow_the_gap/lib/python3.8/site-packages/follow_the_gap-0.0.0-py3.8.egg-info
[14.093s] running install_scripts
[14.269s] Installing follow_the_gap script to /home/f1tenth/lab_ws25/install/follow_the_gap/lib/follow_the_gap
[14.269s] writing list of installed files to '/home/f1tenth/lab_ws25/build/follow_the_gap/install.log'
[14.404s] Invoked command in '/home/f1tenth/lab_ws25/src/follow_the_gap_wrapper/follow_the_gap/follow_the_gap' returned '0': PYTHONPATH=/home/f1tenth/lab_ws25/build/follow_the_gap/prefix_override:/usr/lib/python3/dist-packages/colcon_core/task/python/colcon_distutils_commands:/home/f1tenth/lab_ws25/install/follow_the_gap/lib/python3.8/site-packages:${PYTHONPATH} /usr/bin/python3 -W ignore:setup.py install is deprecated -W ignore:easy_install command is deprecated setup.py egg_info --egg-base ../../../../build/follow_the_gap build --build-base /home/f1tenth/lab_ws25/build/follow_the_gap/build install --record /home/f1tenth/lab_ws25/build/follow_the_gap/install.log --install-scripts $base/lib/follow_the_gap --single-version-externally-managed install_data
