/usr/local/lib/python3.8/dist-packages/setuptools/dist.py:771: UserWarning: Usage of dash-separated 'script-dir' will not be supported in future versions. Please use the underscore name 'script_dir' instead
  warnings.warn(
running develop
/usr/local/lib/python3.8/dist-packages/setuptools/command/easy_install.py:144: EasyInstallDeprecationWarning: easy_install command is deprecated. Use build and pip and other standards-based tools.
  warnings.warn(
/usr/local/lib/python3.8/dist-packages/setuptools/command/install.py:34: SetuptoolsDeprecationWarning: setup.py install is deprecated. Use build and pip and other standards-based tools.
  warnings.warn(
running egg_info
writing safety_node.egg-info/PKG-INFO
writing dependency_links to safety_node.egg-info/dependency_links.txt
writing entry points to safety_node.egg-info/entry_points.txt
writing requirements to safety_node.egg-info/requires.txt
writing top-level names to safety_node.egg-info/top_level.txt
reading manifest file 'safety_node.egg-info/SOURCES.txt'
writing manifest file 'safety_node.egg-info/SOURCES.txt'
running build_ext
Creating /home/f1tenth/f1tenth_ws/install/safety_node/lib/python3.8/site-packages/safety-node.egg-link (link to .)
Installing safety_node script to /home/f1tenth/f1tenth_ws/install/safety_node/lib/safety_node

Installed /home/f1tenth/f1tenth_ws/build/safety_node
running install_data
