[8.309s] Invoking command in '/home/f1tenth/f1tenth_ws/build/safety_node': PYTHONPATH=/home/f1tenth/f1tenth_ws/build/safety_node/prefix_override:/home/f1tenth/f1tenth_ws/install/safety_node/lib/python3.8/site-packages:${PYTHONPATH} /usr/bin/python3 setup.py develop --editable --build-directory /home/f1tenth/f1tenth_ws/build/safety_node/build --no-deps install_data
[9.017s] /usr/local/lib/python3.8/dist-packages/setuptools/dist.py:771: UserWarning: Usage of dash-separated 'script-dir' will not be supported in future versions. Please use the underscore name 'script_dir' instead
[9.017s]   warnings.warn(
[9.258s] running develop
[9.258s] /usr/local/lib/python3.8/dist-packages/setuptools/command/easy_install.py:144: EasyInstallDeprecationWarning: easy_install command is deprecated. Use build and pip and other standards-based tools.
[9.258s]   warnings.warn(
[9.374s] /usr/local/lib/python3.8/dist-packages/setuptools/command/install.py:34: SetuptoolsDeprecationWarning: setup.py install is deprecated. Use build and pip and other standards-based tools.
[9.374s]   warnings.warn(
[9.867s] running egg_info
[9.899s] writing safety_node.egg-info/PKG-INFO
[9.900s] writing dependency_links to safety_node.egg-info/dependency_links.txt
[9.900s] writing entry points to safety_node.egg-info/entry_points.txt
[9.901s] writing requirements to safety_node.egg-info/requires.txt
[9.901s] writing top-level names to safety_node.egg-info/top_level.txt
[9.969s] reading manifest file 'safety_node.egg-info/SOURCES.txt'
[9.971s] writing manifest file 'safety_node.egg-info/SOURCES.txt'
[10.090s] running build_ext
[10.090s] Creating /home/f1tenth/f1tenth_ws/install/safety_node/lib/python3.8/site-packages/safety-node.egg-link (link to .)
[10.094s] Installing safety_node script to /home/f1tenth/f1tenth_ws/install/safety_node/lib/safety_node
[10.095s] 
[10.096s] Installed /home/f1tenth/f1tenth_ws/build/safety_node
[10.098s] running install_data
[12.768s] Invoked command in '/home/f1tenth/f1tenth_ws/build/safety_node' returned '0': PYTHONPATH=/home/f1tenth/f1tenth_ws/build/safety_node/prefix_override:/home/f1tenth/f1tenth_ws/install/safety_node/lib/python3.8/site-packages:${PYTHONPATH} /usr/bin/python3 setup.py develop --editable --build-directory /home/f1tenth/f1tenth_ws/build/safety_node/build --no-deps install_data
