[0.266s] Invoking command in '/home/f1tenth/lab_ws25/build/slam_toolbox': CMAKE_PREFIX_PATH=/home/f1tenth/lab_ws25/install/waypoint_visualizer:/home/f1tenth/lab_ws25/install/slam_toolbox:/home/f1tenth/lab_ws25/install/stanley_avoidance:/home/f1tenth/lab_ws25/install/safety_node:/home/f1tenth/lab_ws25/install/rrt:/home/f1tenth/lab_ws25/install/particle_filter:/home/f1tenth/lab_ws25/install/follow_the_gap:/opt/ros/foxy:/home/f1tenth/lab_ws25/install/ros_deep_learning:/home/f1tenth/lab_ws25/install/pure_pursuit /usr/bin/cmake --build /home/f1tenth/lab_ws25/build/slam_toolbox -- -j6 -l6
[0.848s] [  2%] Built target kartoSlamToolbox
[1.047s] [ 11%] Built target slam_toolbox__rosidl_generator_c
[1.150s] [ 12%] Built target slam_toolbox__cpp
[1.214s] [ 21%] Built target slam_toolbox__rosidl_typesupport_c
[1.313s] [ 30%] Built target slam_toolbox__rosidl_typesupport_introspection_cpp
[1.591s] [ 39%] Built target slam_toolbox__rosidl_typesupport_fastrtps_cpp
[1.799s] [ 48%] Built target slam_toolbox__rosidl_typesupport_cpp
[1.984s] [ 57%] Built target slam_toolbox__rosidl_typesupport_fastrtps_c
[2.232s] [ 66%] Built target slam_toolbox__rosidl_typesupport_introspection_c
[2.415s] [ 66%] Built target slam_toolbox
[2.748s] [ 71%] Built target toolbox_common
[3.058s] [ 73%] Built target ceres_solver_plugin
[3.298s] [ 74%] Built target localization_slam_toolbox
[3.596s] [ 76%] Built target async_slam_toolbox
[3.852s] [ 77%] Built target merge_maps_kinematic
[4.192s] [ 79%] Built target localization_slam_toolbox_node
[4.496s] [ 80%] Built target async_slam_toolbox_node
[4.683s] [ 82%] Built target sync_slam_toolbox
[4.938s] [ 84%] Built target lifelong_slam_toolbox
[5.289s] [ 85%] Built target sync_slam_toolbox_node
[5.571s] [ 86%] Built target lifelong_slam_toolbox_node
[6.019s] [ 88%] Built target SlamToolboxPlugin
[6.225s] [ 89%] Built target slam_toolbox__py
[6.465s] [ 97%] Built target slam_toolbox__python
[6.716s] [ 98%] Built target slam_toolbox__rosidl_typesupport_fastrtps_c__pyext
[6.980s] [ 99%] Built target slam_toolbox__rosidl_typesupport_c__pyext
[7.130s] [100%] Built target slam_toolbox__rosidl_typesupport_introspection_c__pyext
[7.179s] Invoked command in '/home/f1tenth/lab_ws25/build/slam_toolbox' returned '0': CMAKE_PREFIX_PATH=/home/f1tenth/lab_ws25/install/waypoint_visualizer:/home/f1tenth/lab_ws25/install/slam_toolbox:/home/f1tenth/lab_ws25/install/stanley_avoidance:/home/f1tenth/lab_ws25/install/safety_node:/home/f1tenth/lab_ws25/install/rrt:/home/f1tenth/lab_ws25/install/particle_filter:/home/f1tenth/lab_ws25/install/follow_the_gap:/opt/ros/foxy:/home/f1tenth/lab_ws25/install/ros_deep_learning:/home/f1tenth/lab_ws25/install/pure_pursuit /usr/bin/cmake --build /home/f1tenth/lab_ws25/build/slam_toolbox -- -j6 -l6
[7.181s] Invoking command in '/home/f1tenth/lab_ws25/build/slam_toolbox': CMAKE_PREFIX_PATH=/home/f1tenth/lab_ws25/install/waypoint_visualizer:/home/f1tenth/lab_ws25/install/slam_toolbox:/home/f1tenth/lab_ws25/install/stanley_avoidance:/home/f1tenth/lab_ws25/install/safety_node:/home/f1tenth/lab_ws25/install/rrt:/home/f1tenth/lab_ws25/install/particle_filter:/home/f1tenth/lab_ws25/install/follow_the_gap:/opt/ros/foxy:/home/f1tenth/lab_ws25/install/ros_deep_learning:/home/f1tenth/lab_ws25/install/pure_pursuit /usr/bin/cmake --install /home/f1tenth/lab_ws25/build/slam_toolbox
[7.224s] -- Install configuration: "Release"
[7.226s] -- Execute custom install script
[7.227s] -- Up-to-date symlink: /home/f1tenth/lab_ws25/install/slam_toolbox/include//karto_sdk/Karto.h
[7.228s] -- Up-to-date symlink: /home/f1tenth/lab_ws25/install/slam_toolbox/include//karto_sdk/Macros.h
[7.229s] -- Up-to-date symlink: /home/f1tenth/lab_ws25/install/slam_toolbox/include//karto_sdk/Mapper.h
[7.229s] -- Up-to-date symlink: /home/f1tenth/lab_ws25/install/slam_toolbox/include//karto_sdk/Math.h
[7.229s] -- Up-to-date symlink: /home/f1tenth/lab_ws25/install/slam_toolbox/include//karto_sdk/Types.h
[7.230s] -- Up-to-date symlink: /home/f1tenth/lab_ws25/install/slam_toolbox/include//karto_sdk/nanoflann.hpp
[7.231s] -- Up-to-date symlink: /home/f1tenth/lab_ws25/install/slam_toolbox/include//karto_sdk/nanoflann_adaptors.h
[7.232s] -- Up-to-date symlink: /home/f1tenth/lab_ws25/install/slam_toolbox/lib/libkartoSlamToolbox.so
[7.233s] -- Up-to-date symlink: /home/f1tenth/lab_ws25/install/slam_toolbox/share/karto_sdk/environment/library_path.sh
[7.234s] -- Up-to-date symlink: /home/f1tenth/lab_ws25/install/slam_toolbox/share/karto_sdk/environment/library_path.dsv
[7.235s] -- Up-to-date symlink: /home/f1tenth/lab_ws25/install/slam_toolbox/share/ament_index/resource_index/package_run_dependencies/karto_sdk
[7.236s] -- Up-to-date symlink: /home/f1tenth/lab_ws25/install/slam_toolbox/share/ament_index/resource_index/parent_prefix_path/karto_sdk
[7.237s] -- Up-to-date symlink: /home/f1tenth/lab_ws25/install/slam_toolbox/share/karto_sdk/environment/ament_prefix_path.sh
[7.238s] -- Up-to-date symlink: /home/f1tenth/lab_ws25/install/slam_toolbox/share/karto_sdk/environment/ament_prefix_path.dsv
[7.239s] -- Up-to-date symlink: /home/f1tenth/lab_ws25/install/slam_toolbox/share/karto_sdk/environment/path.sh
[7.240s] -- Up-to-date symlink: /home/f1tenth/lab_ws25/install/slam_toolbox/share/karto_sdk/environment/path.dsv
[7.241s] -- Up-to-date symlink: /home/f1tenth/lab_ws25/install/slam_toolbox/share/karto_sdk/local_setup.bash
[7.241s] -- Up-to-date symlink: /home/f1tenth/lab_ws25/install/slam_toolbox/share/karto_sdk/local_setup.sh
[7.242s] -- Up-to-date symlink: /home/f1tenth/lab_ws25/install/slam_toolbox/share/karto_sdk/local_setup.zsh
[7.243s] -- Up-to-date symlink: /home/f1tenth/lab_ws25/install/slam_toolbox/share/karto_sdk/local_setup.dsv
[7.244s] -- Up-to-date symlink: /home/f1tenth/lab_ws25/install/slam_toolbox/share/karto_sdk/package.dsv
[7.244s] -- Up-to-date symlink: /home/f1tenth/lab_ws25/install/slam_toolbox/share/ament_index/resource_index/packages/karto_sdk
[7.246s] -- Up-to-date symlink: /home/f1tenth/lab_ws25/install/slam_toolbox/share/karto_sdk/cmake/ament_cmake_export_libraries-extras.cmake
[7.246s] -- Up-to-date symlink: /home/f1tenth/lab_ws25/install/slam_toolbox/share/karto_sdk/cmake/ament_cmake_export_include_directories-extras.cmake
[7.247s] -- Up-to-date symlink: /home/f1tenth/lab_ws25/install/slam_toolbox/share/karto_sdk/cmake/ament_cmake_export_dependencies-extras.cmake
[7.248s] -- Up-to-date symlink: /home/f1tenth/lab_ws25/install/slam_toolbox/share/karto_sdk/cmake/karto_sdkConfig.cmake
[7.248s] -- Up-to-date symlink: /home/f1tenth/lab_ws25/install/slam_toolbox/share/karto_sdk/cmake/karto_sdkConfig-version.cmake
[7.249s] -- Up-to-date symlink: /home/f1tenth/lab_ws25/install/slam_toolbox/share/karto_sdk/package.xml
[7.250s] -- Up-to-date symlink: /home/f1tenth/lab_ws25/install/slam_toolbox/share/ament_index/resource_index/rosidl_interfaces/slam_toolbox
[7.252s] -- Up-to-date symlink: /home/f1tenth/lab_ws25/install/slam_toolbox/include/slam_toolbox/msg/rosidl_generator_c__visibility_control.h
[7.253s] -- Up-to-date symlink: /home/f1tenth/lab_ws25/install/slam_toolbox/include/slam_toolbox/srv/add_submap.h
[7.253s] -- Up-to-date symlink: /home/f1tenth/lab_ws25/install/slam_toolbox/include/slam_toolbox/srv/clear.h
[7.254s] -- Up-to-date symlink: /home/f1tenth/lab_ws25/install/slam_toolbox/include/slam_toolbox/srv/clear_queue.h
[7.254s] -- Up-to-date symlink: /home/f1tenth/lab_ws25/install/slam_toolbox/include/slam_toolbox/srv/deserialize_pose_graph.h
[7.255s] -- Up-to-date symlink: /home/f1tenth/lab_ws25/install/slam_toolbox/include/slam_toolbox/srv/detail/add_submap__functions.h
[7.255s] -- Up-to-date symlink: /home/f1tenth/lab_ws25/install/slam_toolbox/include/slam_toolbox/srv/detail/add_submap__struct.h
[7.256s] -- Up-to-date symlink: /home/f1tenth/lab_ws25/install/slam_toolbox/include/slam_toolbox/srv/detail/add_submap__type_support.h
[7.256s] -- Up-to-date symlink: /home/f1tenth/lab_ws25/install/slam_toolbox/include/slam_toolbox/srv/detail/clear__functions.h
[7.257s] -- Up-to-date symlink: /home/f1tenth/lab_ws25/install/slam_toolbox/include/slam_toolbox/srv/detail/clear__struct.h
[7.257s] -- Up-to-date symlink: /home/f1tenth/lab_ws25/install/slam_toolbox/include/slam_toolbox/srv/detail/clear__type_support.h
[7.260s] -- Up-to-date symlink: /home/f1tenth/lab_ws25/install/slam_toolbox/include/slam_toolbox/srv/detail/clear_queue__functions.h
[7.262s] -- Up-to-date symlink: /home/f1tenth/lab_ws25/install/slam_toolbox/include/slam_toolbox/srv/detail/clear_queue__struct.h
[7.262s] -- Up-to-date symlink: /home/f1tenth/lab_ws25/install/slam_toolbox/include/slam_toolbox/srv/detail/clear_queue__type_support.h
[7.264s] -- Up-to-date symlink: /home/f1tenth/lab_ws25/install/slam_toolbox/include/slam_toolbox/srv/detail/deserialize_pose_graph__functions.h
[7.265s] -- Up-to-date symlink: /home/f1tenth/lab_ws25/install/slam_toolbox/include/slam_toolbox/srv/detail/deserialize_pose_graph__struct.h
[7.265s] -- Up-to-date symlink: /home/f1tenth/lab_ws25/install/slam_toolbox/include/slam_toolbox/srv/detail/deserialize_pose_graph__type_support.h
[7.265s] -- Up-to-date symlink: /home/f1tenth/lab_ws25/install/slam_toolbox/include/slam_toolbox/srv/detail/loop_closure__functions.h
[7.265s] -- Up-to-date symlink: /home/f1tenth/lab_ws25/install/slam_toolbox/include/slam_toolbox/srv/detail/loop_closure__struct.h
[7.265s] -- Up-to-date symlink: /home/f1tenth/lab_ws25/install/slam_toolbox/include/slam_toolbox/srv/detail/loop_closure__type_support.h
[7.266s] -- Up-to-date symlink: /home/f1tenth/lab_ws25/install/slam_toolbox/include/slam_toolbox/srv/detail/merge_maps__functions.h
[7.266s] -- Up-to-date symlink: /home/f1tenth/lab_ws25/install/slam_toolbox/include/slam_toolbox/srv/detail/merge_maps__struct.h
[7.266s] -- Up-to-date symlink: /home/f1tenth/lab_ws25/install/slam_toolbox/include/slam_toolbox/srv/detail/merge_maps__type_support.h
[7.266s] -- Up-to-date symlink: /home/f1tenth/lab_ws25/install/slam_toolbox/include/slam_toolbox/srv/detail/pause__functions.h
[7.267s] -- Up-to-date symlink: /home/f1tenth/lab_ws25/install/slam_toolbox/include/slam_toolbox/srv/detail/pause__struct.h
[7.267s] -- Up-to-date symlink: /home/f1tenth/lab_ws25/install/slam_toolbox/include/slam_toolbox/srv/detail/pause__type_support.h
[7.267s] -- Up-to-date symlink: /home/f1tenth/lab_ws25/install/slam_toolbox/include/slam_toolbox/srv/detail/save_map__functions.h
[7.267s] -- Up-to-date symlink: /home/f1tenth/lab_ws25/install/slam_toolbox/include/slam_toolbox/srv/detail/save_map__struct.h
[7.267s] -- Up-to-date symlink: /home/f1tenth/lab_ws25/install/slam_toolbox/include/slam_toolbox/srv/detail/save_map__type_support.h
[7.268s] -- Up-to-date symlink: /home/f1tenth/lab_ws25/install/slam_toolbox/include/slam_toolbox/srv/detail/serialize_pose_graph__functions.h
[7.268s] -- Up-to-date symlink: /home/f1tenth/lab_ws25/install/slam_toolbox/include/slam_toolbox/srv/detail/serialize_pose_graph__struct.h
[7.269s] -- Up-to-date symlink: /home/f1tenth/lab_ws25/install/slam_toolbox/include/slam_toolbox/srv/detail/serialize_pose_graph__type_support.h
[7.270s] -- Up-to-date symlink: /home/f1tenth/lab_ws25/install/slam_toolbox/include/slam_toolbox/srv/detail/toggle_interactive__functions.h
[7.270s] -- Up-to-date symlink: /home/f1tenth/lab_ws25/install/slam_toolbox/include/slam_toolbox/srv/detail/toggle_interactive__struct.h
[7.270s] -- Up-to-date symlink: /home/f1tenth/lab_ws25/install/slam_toolbox/include/slam_toolbox/srv/detail/toggle_interactive__type_support.h
[7.271s] -- Up-to-date symlink: /home/f1tenth/lab_ws25/install/slam_toolbox/include/slam_toolbox/srv/loop_closure.h
[7.273s] -- Up-to-date symlink: /home/f1tenth/lab_ws25/install/slam_toolbox/include/slam_toolbox/srv/merge_maps.h
[7.273s] -- Up-to-date symlink: /home/f1tenth/lab_ws25/install/slam_toolbox/include/slam_toolbox/srv/pause.h
[7.274s] -- Up-to-date symlink: /home/f1tenth/lab_ws25/install/slam_toolbox/include/slam_toolbox/srv/save_map.h
[7.274s] -- Up-to-date symlink: /home/f1tenth/lab_ws25/install/slam_toolbox/include/slam_toolbox/srv/serialize_pose_graph.h
[7.274s] -- Up-to-date symlink: /home/f1tenth/lab_ws25/install/slam_toolbox/include/slam_toolbox/srv/toggle_interactive.h
[7.274s] -- Up-to-date symlink: /home/f1tenth/lab_ws25/install/slam_toolbox/share/slam_toolbox/environment/library_path.sh
[7.275s] -- Up-to-date symlink: /home/f1tenth/lab_ws25/install/slam_toolbox/share/slam_toolbox/environment/library_path.dsv
[7.277s] -- Up-to-date symlink: /home/f1tenth/lab_ws25/install/slam_toolbox/include/slam_toolbox/msg/rosidl_typesupport_fastrtps_c__visibility_control.h
[7.277s] -- Up-to-date symlink: /home/f1tenth/lab_ws25/install/slam_toolbox/include/slam_toolbox/srv/detail/add_submap__rosidl_typesupport_fastrtps_c.h
[7.278s] -- Up-to-date symlink: /home/f1tenth/lab_ws25/install/slam_toolbox/include/slam_toolbox/srv/detail/clear__rosidl_typesupport_fastrtps_c.h
[7.279s] -- Up-to-date symlink: /home/f1tenth/lab_ws25/install/slam_toolbox/include/slam_toolbox/srv/detail/clear_queue__rosidl_typesupport_fastrtps_c.h
[7.279s] -- Up-to-date symlink: /home/f1tenth/lab_ws25/install/slam_toolbox/include/slam_toolbox/srv/detail/deserialize_pose_graph__rosidl_typesupport_fastrtps_c.h
[7.280s] -- Up-to-date symlink: /home/f1tenth/lab_ws25/install/slam_toolbox/include/slam_toolbox/srv/detail/loop_closure__rosidl_typesupport_fastrtps_c.h
[7.281s] -- Up-to-date symlink: /home/f1tenth/lab_ws25/install/slam_toolbox/include/slam_toolbox/srv/detail/merge_maps__rosidl_typesupport_fastrtps_c.h
[7.281s] -- Up-to-date symlink: /home/f1tenth/lab_ws25/install/slam_toolbox/include/slam_toolbox/srv/detail/pause__rosidl_typesupport_fastrtps_c.h
[7.282s] -- Up-to-date symlink: /home/f1tenth/lab_ws25/install/slam_toolbox/include/slam_toolbox/srv/detail/save_map__rosidl_typesupport_fastrtps_c.h
[7.283s] -- Up-to-date symlink: /home/f1tenth/lab_ws25/install/slam_toolbox/include/slam_toolbox/srv/detail/serialize_pose_graph__rosidl_typesupport_fastrtps_c.h
[7.283s] -- Up-to-date symlink: /home/f1tenth/lab_ws25/install/slam_toolbox/include/slam_toolbox/srv/detail/toggle_interactive__rosidl_typesupport_fastrtps_c.h
[7.284s] -- Up-to-date symlink: /home/f1tenth/lab_ws25/install/slam_toolbox/lib/libslam_toolbox__rosidl_typesupport_fastrtps_c.so
[7.286s] -- Up-to-date symlink: /home/f1tenth/lab_ws25/install/slam_toolbox/include/slam_toolbox/msg/rosidl_typesupport_fastrtps_cpp__visibility_control.h
[7.286s] -- Up-to-date symlink: /home/f1tenth/lab_ws25/install/slam_toolbox/include/slam_toolbox/srv/detail/add_submap__rosidl_typesupport_fastrtps_cpp.hpp
[7.286s] -- Up-to-date symlink: /home/f1tenth/lab_ws25/install/slam_toolbox/include/slam_toolbox/srv/detail/clear__rosidl_typesupport_fastrtps_cpp.hpp
[7.287s] -- Up-to-date symlink: /home/f1tenth/lab_ws25/install/slam_toolbox/include/slam_toolbox/srv/detail/clear_queue__rosidl_typesupport_fastrtps_cpp.hpp
[7.287s] -- Up-to-date symlink: /home/f1tenth/lab_ws25/install/slam_toolbox/include/slam_toolbox/srv/detail/deserialize_pose_graph__rosidl_typesupport_fastrtps_cpp.hpp
[7.288s] -- Up-to-date symlink: /home/f1tenth/lab_ws25/install/slam_toolbox/include/slam_toolbox/srv/detail/loop_closure__rosidl_typesupport_fastrtps_cpp.hpp
[7.288s] -- Up-to-date symlink: /home/f1tenth/lab_ws25/install/slam_toolbox/include/slam_toolbox/srv/detail/merge_maps__rosidl_typesupport_fastrtps_cpp.hpp
[7.288s] -- Up-to-date symlink: /home/f1tenth/lab_ws25/install/slam_toolbox/include/slam_toolbox/srv/detail/pause__rosidl_typesupport_fastrtps_cpp.hpp
[7.289s] -- Up-to-date symlink: /home/f1tenth/lab_ws25/install/slam_toolbox/include/slam_toolbox/srv/detail/save_map__rosidl_typesupport_fastrtps_cpp.hpp
[7.289s] -- Up-to-date symlink: /home/f1tenth/lab_ws25/install/slam_toolbox/include/slam_toolbox/srv/detail/serialize_pose_graph__rosidl_typesupport_fastrtps_cpp.hpp
[7.290s] -- Up-to-date symlink: /home/f1tenth/lab_ws25/install/slam_toolbox/include/slam_toolbox/srv/detail/toggle_interactive__rosidl_typesupport_fastrtps_cpp.hpp
[7.293s] -- Up-to-date symlink: /home/f1tenth/lab_ws25/install/slam_toolbox/lib/libslam_toolbox__rosidl_typesupport_fastrtps_cpp.so
[7.293s] -- Up-to-date symlink: /home/f1tenth/lab_ws25/install/slam_toolbox/include/slam_toolbox/msg/rosidl_typesupport_introspection_c__visibility_control.h
[7.294s] -- Up-to-date symlink: /home/f1tenth/lab_ws25/install/slam_toolbox/include/slam_toolbox/srv/detail/add_submap__rosidl_typesupport_introspection_c.h
[7.294s] -- Up-to-date symlink: /home/f1tenth/lab_ws25/install/slam_toolbox/include/slam_toolbox/srv/detail/clear__rosidl_typesupport_introspection_c.h
[7.294s] -- Up-to-date symlink: /home/f1tenth/lab_ws25/install/slam_toolbox/include/slam_toolbox/srv/detail/clear_queue__rosidl_typesupport_introspection_c.h
[7.294s] -- Up-to-date symlink: /home/f1tenth/lab_ws25/install/slam_toolbox/include/slam_toolbox/srv/detail/deserialize_pose_graph__rosidl_typesupport_introspection_c.h
[7.298s] -- Up-to-date symlink: /home/f1tenth/lab_ws25/install/slam_toolbox/include/slam_toolbox/srv/detail/loop_closure__rosidl_typesupport_introspection_c.h
[7.298s] -- Up-to-date symlink: /home/f1tenth/lab_ws25/install/slam_toolbox/include/slam_toolbox/srv/detail/merge_maps__rosidl_typesupport_introspection_c.h
[7.298s] -- Up-to-date symlink: /home/f1tenth/lab_ws25/install/slam_toolbox/include/slam_toolbox/srv/detail/pause__rosidl_typesupport_introspection_c.h
[7.298s] -- Up-to-date symlink: /home/f1tenth/lab_ws25/install/slam_toolbox/include/slam_toolbox/srv/detail/save_map__rosidl_typesupport_introspection_c.h
[7.298s] -- Up-to-date symlink: /home/f1tenth/lab_ws25/install/slam_toolbox/include/slam_toolbox/srv/detail/serialize_pose_graph__rosidl_typesupport_introspection_c.h
[7.300s] -- Up-to-date symlink: /home/f1tenth/lab_ws25/install/slam_toolbox/include/slam_toolbox/srv/detail/toggle_interactive__rosidl_typesupport_introspection_c.h
[7.300s] -- Up-to-date symlink: /home/f1tenth/lab_ws25/install/slam_toolbox/include/slam_toolbox/msg/rosidl_generator_cpp__visibility_control.hpp
[7.301s] -- Up-to-date symlink: /home/f1tenth/lab_ws25/install/slam_toolbox/include/slam_toolbox/srv/add_submap.hpp
[7.304s] -- Up-to-date symlink: /home/f1tenth/lab_ws25/install/slam_toolbox/include/slam_toolbox/srv/clear.hpp
[7.304s] -- Up-to-date symlink: /home/f1tenth/lab_ws25/install/slam_toolbox/include/slam_toolbox/srv/clear_queue.hpp
[7.304s] -- Up-to-date symlink: /home/f1tenth/lab_ws25/install/slam_toolbox/include/slam_toolbox/srv/deserialize_pose_graph.hpp
[7.305s] -- Up-to-date symlink: /home/f1tenth/lab_ws25/install/slam_toolbox/include/slam_toolbox/srv/detail/add_submap__builder.hpp
[7.305s] -- Up-to-date symlink: /home/f1tenth/lab_ws25/install/slam_toolbox/include/slam_toolbox/srv/detail/add_submap__struct.hpp
[7.305s] -- Up-to-date symlink: /home/f1tenth/lab_ws25/install/slam_toolbox/include/slam_toolbox/srv/detail/add_submap__traits.hpp
[7.305s] -- Up-to-date symlink: /home/f1tenth/lab_ws25/install/slam_toolbox/include/slam_toolbox/srv/detail/add_submap__type_support.hpp
[7.306s] -- Up-to-date symlink: /home/f1tenth/lab_ws25/install/slam_toolbox/include/slam_toolbox/srv/detail/clear__builder.hpp
[7.306s] -- Up-to-date symlink: /home/f1tenth/lab_ws25/install/slam_toolbox/include/slam_toolbox/srv/detail/clear__struct.hpp
[7.306s] -- Up-to-date symlink: /home/f1tenth/lab_ws25/install/slam_toolbox/include/slam_toolbox/srv/detail/clear__traits.hpp
[7.306s] -- Up-to-date symlink: /home/f1tenth/lab_ws25/install/slam_toolbox/include/slam_toolbox/srv/detail/clear__type_support.hpp
[7.306s] -- Up-to-date symlink: /home/f1tenth/lab_ws25/install/slam_toolbox/include/slam_toolbox/srv/detail/clear_queue__builder.hpp
[7.306s] -- Up-to-date symlink: /home/f1tenth/lab_ws25/install/slam_toolbox/include/slam_toolbox/srv/detail/clear_queue__struct.hpp
[7.307s] -- Up-to-date symlink: /home/f1tenth/lab_ws25/install/slam_toolbox/include/slam_toolbox/srv/detail/clear_queue__traits.hpp
[7.307s] -- Up-to-date symlink: /home/f1tenth/lab_ws25/install/slam_toolbox/include/slam_toolbox/srv/detail/clear_queue__type_support.hpp
[7.307s] -- Up-to-date symlink: /home/f1tenth/lab_ws25/install/slam_toolbox/include/slam_toolbox/srv/detail/deserialize_pose_graph__builder.hpp
[7.307s] -- Up-to-date symlink: /home/f1tenth/lab_ws25/install/slam_toolbox/include/slam_toolbox/srv/detail/deserialize_pose_graph__struct.hpp
[7.314s] -- Up-to-date symlink: /home/f1tenth/lab_ws25/install/slam_toolbox/include/slam_toolbox/srv/detail/deserialize_pose_graph__traits.hpp
[7.314s] -- Up-to-date symlink: /home/f1tenth/lab_ws25/install/slam_toolbox/include/slam_toolbox/srv/detail/deserialize_pose_graph__type_support.hpp
[7.315s] -- Up-to-date symlink: /home/f1tenth/lab_ws25/install/slam_toolbox/include/slam_toolbox/srv/detail/loop_closure__builder.hpp
[7.315s] -- Up-to-date symlink: /home/f1tenth/lab_ws25/install/slam_toolbox/include/slam_toolbox/srv/detail/loop_closure__struct.hpp
[7.315s] -- Up-to-date symlink: /home/f1tenth/lab_ws25/install/slam_toolbox/include/slam_toolbox/srv/detail/loop_closure__traits.hpp
[7.315s] -- Up-to-date symlink: /home/f1tenth/lab_ws25/install/slam_toolbox/include/slam_toolbox/srv/detail/loop_closure__type_support.hpp
[7.316s] -- Up-to-date symlink: /home/f1tenth/lab_ws25/install/slam_toolbox/include/slam_toolbox/srv/detail/merge_maps__builder.hpp
[7.316s] -- Up-to-date symlink: /home/f1tenth/lab_ws25/install/slam_toolbox/include/slam_toolbox/srv/detail/merge_maps__struct.hpp
[7.316s] -- Up-to-date symlink: /home/f1tenth/lab_ws25/install/slam_toolbox/include/slam_toolbox/srv/detail/merge_maps__traits.hpp
[7.316s] -- Up-to-date symlink: /home/f1tenth/lab_ws25/install/slam_toolbox/include/slam_toolbox/srv/detail/merge_maps__type_support.hpp
[7.316s] -- Up-to-date symlink: /home/f1tenth/lab_ws25/install/slam_toolbox/include/slam_toolbox/srv/detail/pause__builder.hpp
[7.316s] -- Up-to-date symlink: /home/f1tenth/lab_ws25/install/slam_toolbox/include/slam_toolbox/srv/detail/pause__struct.hpp
[7.316s] -- Up-to-date symlink: /home/f1tenth/lab_ws25/install/slam_toolbox/include/slam_toolbox/srv/detail/pause__traits.hpp
[7.317s] -- Up-to-date symlink: /home/f1tenth/lab_ws25/install/slam_toolbox/include/slam_toolbox/srv/detail/pause__type_support.hpp
[7.317s] -- Up-to-date symlink: /home/f1tenth/lab_ws25/install/slam_toolbox/include/slam_toolbox/srv/detail/save_map__builder.hpp
[7.317s] -- Up-to-date symlink: /home/f1tenth/lab_ws25/install/slam_toolbox/include/slam_toolbox/srv/detail/save_map__struct.hpp
[7.317s] -- Up-to-date symlink: /home/f1tenth/lab_ws25/install/slam_toolbox/include/slam_toolbox/srv/detail/save_map__traits.hpp
[7.317s] -- Up-to-date symlink: /home/f1tenth/lab_ws25/install/slam_toolbox/include/slam_toolbox/srv/detail/save_map__type_support.hpp
[7.317s] -- Up-to-date symlink: /home/f1tenth/lab_ws25/install/slam_toolbox/include/slam_toolbox/srv/detail/serialize_pose_graph__builder.hpp
[7.318s] -- Up-to-date symlink: /home/f1tenth/lab_ws25/install/slam_toolbox/include/slam_toolbox/srv/detail/serialize_pose_graph__struct.hpp
[7.318s] -- Up-to-date symlink: /home/f1tenth/lab_ws25/install/slam_toolbox/include/slam_toolbox/srv/detail/serialize_pose_graph__traits.hpp
[7.318s] -- Up-to-date symlink: /home/f1tenth/lab_ws25/install/slam_toolbox/include/slam_toolbox/srv/detail/serialize_pose_graph__type_support.hpp
[7.318s] -- Up-to-date symlink: /home/f1tenth/lab_ws25/install/slam_toolbox/include/slam_toolbox/srv/detail/toggle_interactive__builder.hpp
[7.318s] -- Up-to-date symlink: /home/f1tenth/lab_ws25/install/slam_toolbox/include/slam_toolbox/srv/detail/toggle_interactive__struct.hpp
[7.319s] -- Up-to-date symlink: /home/f1tenth/lab_ws25/install/slam_toolbox/include/slam_toolbox/srv/detail/toggle_interactive__traits.hpp
[7.319s] -- Up-to-date symlink: /home/f1tenth/lab_ws25/install/slam_toolbox/include/slam_toolbox/srv/detail/toggle_interactive__type_support.hpp
[7.319s] -- Up-to-date symlink: /home/f1tenth/lab_ws25/install/slam_toolbox/include/slam_toolbox/srv/loop_closure.hpp
[7.319s] -- Up-to-date symlink: /home/f1tenth/lab_ws25/install/slam_toolbox/include/slam_toolbox/srv/merge_maps.hpp
[7.319s] -- Up-to-date symlink: /home/f1tenth/lab_ws25/install/slam_toolbox/include/slam_toolbox/srv/pause.hpp
[7.320s] -- Up-to-date symlink: /home/f1tenth/lab_ws25/install/slam_toolbox/include/slam_toolbox/srv/save_map.hpp
[7.320s] -- Up-to-date symlink: /home/f1tenth/lab_ws25/install/slam_toolbox/include/slam_toolbox/srv/serialize_pose_graph.hpp
[7.320s] -- Up-to-date symlink: /home/f1tenth/lab_ws25/install/slam_toolbox/include/slam_toolbox/srv/toggle_interactive.hpp
[7.320s] -- Up-to-date symlink: /home/f1tenth/lab_ws25/install/slam_toolbox/include/slam_toolbox/srv/detail/add_submap__rosidl_typesupport_introspection_cpp.hpp
[7.320s] -- Up-to-date symlink: /home/f1tenth/lab_ws25/install/slam_toolbox/include/slam_toolbox/srv/detail/clear__rosidl_typesupport_introspection_cpp.hpp
[7.320s] -- Up-to-date symlink: /home/f1tenth/lab_ws25/install/slam_toolbox/include/slam_toolbox/srv/detail/clear_queue__rosidl_typesupport_introspection_cpp.hpp
[7.321s] -- Up-to-date symlink: /home/f1tenth/lab_ws25/install/slam_toolbox/include/slam_toolbox/srv/detail/deserialize_pose_graph__rosidl_typesupport_introspection_cpp.hpp
[7.321s] -- Up-to-date symlink: /home/f1tenth/lab_ws25/install/slam_toolbox/include/slam_toolbox/srv/detail/loop_closure__rosidl_typesupport_introspection_cpp.hpp
[7.321s] -- Up-to-date symlink: /home/f1tenth/lab_ws25/install/slam_toolbox/include/slam_toolbox/srv/detail/merge_maps__rosidl_typesupport_introspection_cpp.hpp
[7.322s] -- Up-to-date symlink: /home/f1tenth/lab_ws25/install/slam_toolbox/include/slam_toolbox/srv/detail/pause__rosidl_typesupport_introspection_cpp.hpp
[7.322s] -- Up-to-date symlink: /home/f1tenth/lab_ws25/install/slam_toolbox/include/slam_toolbox/srv/detail/save_map__rosidl_typesupport_introspection_cpp.hpp
[7.322s] -- Up-to-date symlink: /home/f1tenth/lab_ws25/install/slam_toolbox/include/slam_toolbox/srv/detail/serialize_pose_graph__rosidl_typesupport_introspection_cpp.hpp
[7.323s] -- Up-to-date symlink: /home/f1tenth/lab_ws25/install/slam_toolbox/include/slam_toolbox/srv/detail/toggle_interactive__rosidl_typesupport_introspection_cpp.hpp
[7.323s] -- Up-to-date symlink: /home/f1tenth/lab_ws25/install/slam_toolbox/share/slam_toolbox/environment/pythonpath.sh
[7.327s] -- Up-to-date symlink: /home/f1tenth/lab_ws25/install/slam_toolbox/share/slam_toolbox/environment/pythonpath.dsv
[7.332s] -- Up-to-date symlink: /home/f1tenth/lab_ws25/install/slam_toolbox/lib/python3.8/site-packages/slam_toolbox/__init__.py
[7.334s] -- Up-to-date symlink: /home/f1tenth/lab_ws25/install/slam_toolbox/lib/python3.8/site-packages/slam_toolbox/srv/__init__.py
[7.335s] -- Up-to-date symlink: /home/f1tenth/lab_ws25/install/slam_toolbox/lib/python3.8/site-packages/slam_toolbox/srv/_add_submap.py
[7.335s] -- Up-to-date symlink: /home/f1tenth/lab_ws25/install/slam_toolbox/lib/python3.8/site-packages/slam_toolbox/srv/_clear.py
[7.335s] -- Up-to-date symlink: /home/f1tenth/lab_ws25/install/slam_toolbox/lib/python3.8/site-packages/slam_toolbox/srv/_clear_queue.py
[7.336s] -- Up-to-date symlink: /home/f1tenth/lab_ws25/install/slam_toolbox/lib/python3.8/site-packages/slam_toolbox/srv/_deserialize_pose_graph.py
[7.336s] -- Up-to-date symlink: /home/f1tenth/lab_ws25/install/slam_toolbox/lib/python3.8/site-packages/slam_toolbox/srv/_loop_closure.py
[7.337s] -- Up-to-date symlink: /home/f1tenth/lab_ws25/install/slam_toolbox/lib/python3.8/site-packages/slam_toolbox/srv/_merge_maps.py
[7.337s] -- Up-to-date symlink: /home/f1tenth/lab_ws25/install/slam_toolbox/lib/python3.8/site-packages/slam_toolbox/srv/_pause.py
[7.337s] -- Up-to-date symlink: /home/f1tenth/lab_ws25/install/slam_toolbox/lib/python3.8/site-packages/slam_toolbox/srv/_save_map.py
[7.340s] -- Up-to-date symlink: /home/f1tenth/lab_ws25/install/slam_toolbox/lib/python3.8/site-packages/slam_toolbox/srv/_serialize_pose_graph.py
[7.340s] -- Up-to-date symlink: /home/f1tenth/lab_ws25/install/slam_toolbox/lib/python3.8/site-packages/slam_toolbox/srv/_toggle_interactive.py
[7.344s] -- Up-to-date symlink: /home/f1tenth/lab_ws25/install/slam_toolbox/lib/python3.8/site-packages/slam_toolbox/slam_toolbox_s__rosidl_typesupport_fastrtps_c.cpython-38-aarch64-linux-gnu.so
[7.344s] -- Up-to-date symlink: /home/f1tenth/lab_ws25/install/slam_toolbox/lib/python3.8/site-packages/slam_toolbox/slam_toolbox_s__rosidl_typesupport_introspection_c.cpython-38-aarch64-linux-gnu.so
[7.346s] -- Up-to-date symlink: /home/f1tenth/lab_ws25/install/slam_toolbox/lib/python3.8/site-packages/slam_toolbox/slam_toolbox_s__rosidl_typesupport_c.cpython-38-aarch64-linux-gnu.so
[7.353s] -- Up-to-date symlink: /home/f1tenth/lab_ws25/install/slam_toolbox/lib/libslam_toolbox__python.so
[7.354s] -- Up-to-date symlink: /home/f1tenth/lab_ws25/install/slam_toolbox/share/slam_toolbox/srv/Pause.idl
[7.355s] -- Up-to-date symlink: /home/f1tenth/lab_ws25/install/slam_toolbox/share/slam_toolbox/srv/ClearQueue.idl
[7.355s] -- Up-to-date symlink: /home/f1tenth/lab_ws25/install/slam_toolbox/share/slam_toolbox/srv/ToggleInteractive.idl
[7.356s] -- Up-to-date symlink: /home/f1tenth/lab_ws25/install/slam_toolbox/share/slam_toolbox/srv/Clear.idl
[7.356s] -- Up-to-date symlink: /home/f1tenth/lab_ws25/install/slam_toolbox/share/slam_toolbox/srv/SaveMap.idl
[7.357s] -- Up-to-date symlink: /home/f1tenth/lab_ws25/install/slam_toolbox/share/slam_toolbox/srv/LoopClosure.idl
[7.358s] -- Up-to-date symlink: /home/f1tenth/lab_ws25/install/slam_toolbox/share/slam_toolbox/srv/MergeMaps.idl
[7.360s] -- Up-to-date symlink: /home/f1tenth/lab_ws25/install/slam_toolbox/share/slam_toolbox/srv/AddSubmap.idl
[7.361s] -- Up-to-date symlink: /home/f1tenth/lab_ws25/install/slam_toolbox/share/slam_toolbox/srv/DeserializePoseGraph.idl
[7.362s] -- Up-to-date symlink: /home/f1tenth/lab_ws25/install/slam_toolbox/share/slam_toolbox/srv/SerializePoseGraph.idl
[7.364s] -- Up-to-date symlink: /home/f1tenth/lab_ws25/install/slam_toolbox/share/slam_toolbox/srvs/Pause.srv
[7.364s] -- Up-to-date symlink: /home/f1tenth/lab_ws25/install/slam_toolbox/share/slam_toolbox/srvs/Pause_Request.msg
[7.365s] -- Up-to-date symlink: /home/f1tenth/lab_ws25/install/slam_toolbox/share/slam_toolbox/srvs/Pause_Response.msg
[7.367s] -- Up-to-date symlink: /home/f1tenth/lab_ws25/install/slam_toolbox/share/slam_toolbox/srvs/ClearQueue.srv
[7.367s] -- Up-to-date symlink: /home/f1tenth/lab_ws25/install/slam_toolbox/share/slam_toolbox/srvs/ClearQueue_Request.msg
[7.372s] -- Up-to-date symlink: /home/f1tenth/lab_ws25/install/slam_toolbox/share/slam_toolbox/srvs/ClearQueue_Response.msg
[7.372s] -- Up-to-date symlink: /home/f1tenth/lab_ws25/install/slam_toolbox/share/slam_toolbox/srvs/ToggleInteractive.srv
[7.374s] -- Up-to-date symlink: /home/f1tenth/lab_ws25/install/slam_toolbox/share/slam_toolbox/srvs/ToggleInteractive_Request.msg
[7.374s] -- Up-to-date symlink: /home/f1tenth/lab_ws25/install/slam_toolbox/share/slam_toolbox/srvs/ToggleInteractive_Response.msg
[7.375s] -- Up-to-date symlink: /home/f1tenth/lab_ws25/install/slam_toolbox/share/slam_toolbox/srvs/Clear.srv
[7.376s] -- Up-to-date symlink: /home/f1tenth/lab_ws25/install/slam_toolbox/share/slam_toolbox/srvs/Clear_Request.msg
[7.376s] -- Up-to-date symlink: /home/f1tenth/lab_ws25/install/slam_toolbox/share/slam_toolbox/srvs/Clear_Response.msg
[7.377s] -- Up-to-date symlink: /home/f1tenth/lab_ws25/install/slam_toolbox/share/slam_toolbox/srvs/SaveMap.srv
[7.378s] -- Up-to-date symlink: /home/f1tenth/lab_ws25/install/slam_toolbox/share/slam_toolbox/srvs/SaveMap_Request.msg
[7.378s] -- Up-to-date symlink: /home/f1tenth/lab_ws25/install/slam_toolbox/share/slam_toolbox/srvs/SaveMap_Response.msg
[7.379s] -- Up-to-date symlink: /home/f1tenth/lab_ws25/install/slam_toolbox/share/slam_toolbox/srvs/LoopClosure.srv
[7.379s] -- Up-to-date symlink: /home/f1tenth/lab_ws25/install/slam_toolbox/share/slam_toolbox/srvs/LoopClosure_Request.msg
[7.380s] -- Up-to-date symlink: /home/f1tenth/lab_ws25/install/slam_toolbox/share/slam_toolbox/srvs/LoopClosure_Response.msg
[7.381s] -- Up-to-date symlink: /home/f1tenth/lab_ws25/install/slam_toolbox/share/slam_toolbox/srvs/MergeMaps.srv
[7.382s] -- Up-to-date symlink: /home/f1tenth/lab_ws25/install/slam_toolbox/share/slam_toolbox/srvs/MergeMaps_Request.msg
[7.383s] -- Up-to-date symlink: /home/f1tenth/lab_ws25/install/slam_toolbox/share/slam_toolbox/srvs/MergeMaps_Response.msg
[7.383s] -- Up-to-date symlink: /home/f1tenth/lab_ws25/install/slam_toolbox/share/slam_toolbox/srvs/AddSubmap.srv
[7.384s] -- Up-to-date symlink: /home/f1tenth/lab_ws25/install/slam_toolbox/share/slam_toolbox/srvs/AddSubmap_Request.msg
[7.384s] -- Up-to-date symlink: /home/f1tenth/lab_ws25/install/slam_toolbox/share/slam_toolbox/srvs/AddSubmap_Response.msg
[7.385s] -- Up-to-date symlink: /home/f1tenth/lab_ws25/install/slam_toolbox/share/slam_toolbox/srvs/DeserializePoseGraph.srv
[7.385s] -- Up-to-date symlink: /home/f1tenth/lab_ws25/install/slam_toolbox/share/slam_toolbox/srvs/DeserializePoseGraph_Request.msg
[7.386s] -- Up-to-date symlink: /home/f1tenth/lab_ws25/install/slam_toolbox/share/slam_toolbox/srvs/DeserializePoseGraph_Response.msg
[7.386s] -- Up-to-date symlink: /home/f1tenth/lab_ws25/install/slam_toolbox/share/slam_toolbox/srvs/SerializePoseGraph.srv
[7.387s] -- Up-to-date symlink: /home/f1tenth/lab_ws25/install/slam_toolbox/share/slam_toolbox/srvs/SerializePoseGraph_Request.msg
[7.388s] -- Up-to-date symlink: /home/f1tenth/lab_ws25/install/slam_toolbox/share/slam_toolbox/srvs/SerializePoseGraph_Response.msg
[7.388s] -- Up-to-date symlink: /home/f1tenth/lab_ws25/install/slam_toolbox/share/slam_toolbox//rviz_plugins.xml
[7.389s] -- Up-to-date symlink: /home/f1tenth/lab_ws25/install/slam_toolbox/share/slam_toolbox//solver_plugins.xml
[7.390s] -- Up-to-date symlink: /home/f1tenth/lab_ws25/install/slam_toolbox/lib/slam_toolbox/async_slam_toolbox_node
[7.390s] -- Up-to-date symlink: /home/f1tenth/lab_ws25/install/slam_toolbox/lib/slam_toolbox/sync_slam_toolbox_node
[7.390s] -- Up-to-date symlink: /home/f1tenth/lab_ws25/install/slam_toolbox/lib/slam_toolbox/localization_slam_toolbox_node
[7.391s] -- Up-to-date symlink: /home/f1tenth/lab_ws25/install/slam_toolbox/lib/slam_toolbox/lifelong_slam_toolbox_node
[7.394s] -- Up-to-date symlink: /home/f1tenth/lab_ws25/install/slam_toolbox/lib/slam_toolbox/merge_maps_kinematic
[7.394s] -- Up-to-date symlink: /home/f1tenth/lab_ws25/install/slam_toolbox/lib/libtoolbox_common.so
[7.394s] -- Up-to-date symlink: /home/f1tenth/lab_ws25/install/slam_toolbox/lib/libSlamToolboxPlugin.so
[7.395s] -- Up-to-date symlink: /home/f1tenth/lab_ws25/install/slam_toolbox/lib/libceres_solver_plugin.so
[7.395s] -- Up-to-date symlink: /home/f1tenth/lab_ws25/install/slam_toolbox/lib/libasync_slam_toolbox.so
[7.395s] -- Up-to-date symlink: /home/f1tenth/lab_ws25/install/slam_toolbox/lib/libsync_slam_toolbox.so
[7.395s] -- Up-to-date symlink: /home/f1tenth/lab_ws25/install/slam_toolbox/lib/liblocalization_slam_toolbox.so
[7.396s] -- Up-to-date symlink: /home/f1tenth/lab_ws25/install/slam_toolbox/lib/liblifelong_slam_toolbox.so
[7.397s] -- Up-to-date symlink: /home/f1tenth/lab_ws25/install/slam_toolbox/include/slam_toolbox/experimental/slam_toolbox_lifelong.hpp
[7.397s] -- Up-to-date symlink: /home/f1tenth/lab_ws25/install/slam_toolbox/include/slam_toolbox/get_pose_helper.hpp
[7.398s] -- Up-to-date symlink: /home/f1tenth/lab_ws25/install/slam_toolbox/include/slam_toolbox/laser_utils.hpp
[7.398s] -- Up-to-date symlink: /home/f1tenth/lab_ws25/install/slam_toolbox/include/slam_toolbox/loop_closure_assistant.hpp
[7.399s] -- Up-to-date symlink: /home/f1tenth/lab_ws25/install/slam_toolbox/include/slam_toolbox/map_saver.hpp
[7.399s] -- Up-to-date symlink: /home/f1tenth/lab_ws25/install/slam_toolbox/include/slam_toolbox/merge_maps_kinematic.hpp
[7.399s] -- Up-to-date symlink: /home/f1tenth/lab_ws25/install/slam_toolbox/include/slam_toolbox/serialization.hpp
[7.400s] -- Up-to-date symlink: /home/f1tenth/lab_ws25/install/slam_toolbox/include/slam_toolbox/slam_mapper.hpp
[7.400s] -- Up-to-date symlink: /home/f1tenth/lab_ws25/install/slam_toolbox/include/slam_toolbox/slam_toolbox_async.hpp
[7.400s] -- Up-to-date symlink: /home/f1tenth/lab_ws25/install/slam_toolbox/include/slam_toolbox/slam_toolbox_common.hpp
[7.400s] -- Up-to-date symlink: /home/f1tenth/lab_ws25/install/slam_toolbox/include/slam_toolbox/slam_toolbox_localization.hpp
[7.401s] -- Up-to-date symlink: /home/f1tenth/lab_ws25/install/slam_toolbox/include/slam_toolbox/slam_toolbox_sync.hpp
[7.401s] -- Up-to-date symlink: /home/f1tenth/lab_ws25/install/slam_toolbox/include/slam_toolbox/snap_utils.hpp
[7.401s] -- Up-to-date symlink: /home/f1tenth/lab_ws25/install/slam_toolbox/include/slam_toolbox/toolbox_msgs.hpp
[7.402s] -- Up-to-date symlink: /home/f1tenth/lab_ws25/install/slam_toolbox/include/slam_toolbox/toolbox_types.hpp
[7.402s] -- Up-to-date symlink: /home/f1tenth/lab_ws25/install/slam_toolbox/include/slam_toolbox/visualization_utils.hpp
[7.403s] -- Up-to-date symlink: /home/f1tenth/lab_ws25/install/slam_toolbox/share/slam_toolbox/launch/lifelong_launch.py
[7.403s] -- Up-to-date symlink: /home/f1tenth/lab_ws25/install/slam_toolbox/share/slam_toolbox/launch/localization_launch.py
[7.404s] -- Up-to-date symlink: /home/f1tenth/lab_ws25/install/slam_toolbox/share/slam_toolbox/launch/merge_maps_kinematic_launch.py
[7.404s] -- Up-to-date symlink: /home/f1tenth/lab_ws25/install/slam_toolbox/share/slam_toolbox/launch/offline_launch.py
[7.404s] -- Up-to-date symlink: /home/f1tenth/lab_ws25/install/slam_toolbox/share/slam_toolbox/launch/online_async_launch.py
[7.404s] -- Up-to-date symlink: /home/f1tenth/lab_ws25/install/slam_toolbox/share/slam_toolbox/launch/online_sync_launch.py
[7.405s] -- Up-to-date symlink: /home/f1tenth/lab_ws25/install/slam_toolbox/share/slam_toolbox/config/mapper_params_lifelong.yaml
[7.406s] -- Up-to-date symlink: /home/f1tenth/lab_ws25/install/slam_toolbox/share/slam_toolbox/config/mapper_params_localization.yaml
[7.406s] -- Up-to-date symlink: /home/f1tenth/lab_ws25/install/slam_toolbox/share/slam_toolbox/config/mapper_params_offline.yaml
[7.406s] -- Up-to-date symlink: /home/f1tenth/lab_ws25/install/slam_toolbox/share/slam_toolbox/config/mapper_params_online_async.yaml
[7.407s] -- Up-to-date symlink: /home/f1tenth/lab_ws25/install/slam_toolbox/share/slam_toolbox/config/mapper_params_online_sync.yaml
[7.408s] -- Up-to-date symlink: /home/f1tenth/lab_ws25/install/slam_toolbox/share/solver_plugins.xml
[7.408s] -- Up-to-date symlink: /home/f1tenth/lab_ws25/install/slam_toolbox/share/rviz_plugins.xml
[7.409s] -- Up-to-date symlink: /home/f1tenth/lab_ws25/install/slam_toolbox/share/ament_index/resource_index/package_run_dependencies/slam_toolbox
[7.409s] -- Up-to-date symlink: /home/f1tenth/lab_ws25/install/slam_toolbox/share/ament_index/resource_index/parent_prefix_path/slam_toolbox
[7.410s] -- Up-to-date symlink: /home/f1tenth/lab_ws25/install/slam_toolbox/share/slam_toolbox/environment/ament_prefix_path.sh
[7.410s] -- Up-to-date symlink: /home/f1tenth/lab_ws25/install/slam_toolbox/share/slam_toolbox/environment/ament_prefix_path.dsv
[7.411s] -- Up-to-date symlink: /home/f1tenth/lab_ws25/install/slam_toolbox/share/slam_toolbox/environment/path.sh
[7.411s] -- Up-to-date symlink: /home/f1tenth/lab_ws25/install/slam_toolbox/share/slam_toolbox/environment/path.dsv
[7.412s] -- Up-to-date symlink: /home/f1tenth/lab_ws25/install/slam_toolbox/share/slam_toolbox/local_setup.bash
[7.412s] -- Up-to-date symlink: /home/f1tenth/lab_ws25/install/slam_toolbox/share/slam_toolbox/local_setup.sh
[7.414s] -- Up-to-date symlink: /home/f1tenth/lab_ws25/install/slam_toolbox/share/slam_toolbox/local_setup.zsh
[7.414s] -- Up-to-date symlink: /home/f1tenth/lab_ws25/install/slam_toolbox/share/slam_toolbox/local_setup.dsv
[7.415s] -- Symlinking: /home/f1tenth/lab_ws25/install/slam_toolbox/share/slam_toolbox/package.dsv
[7.454s] -- Up-to-date symlink: /home/f1tenth/lab_ws25/install/slam_toolbox/share/ament_index/resource_index/packages/slam_toolbox
[7.454s] -- Up-to-date symlink: /home/f1tenth/lab_ws25/install/slam_toolbox/share/ament_index/resource_index/rviz_common__pluginlib__plugin/slam_toolbox
[7.454s] -- Up-to-date symlink: /home/f1tenth/lab_ws25/install/slam_toolbox/share/ament_index/resource_index/slam_toolbox__pluginlib__plugin/slam_toolbox
[7.455s] -- Up-to-date symlink: /home/f1tenth/lab_ws25/install/slam_toolbox/share/slam_toolbox/cmake/rosidl_cmake-extras.cmake
[7.456s] -- Up-to-date symlink: /home/f1tenth/lab_ws25/install/slam_toolbox/share/slam_toolbox/cmake/ament_cmake_export_dependencies-extras.cmake
[7.457s] -- Up-to-date symlink: /home/f1tenth/lab_ws25/install/slam_toolbox/share/slam_toolbox/cmake/ament_cmake_export_libraries-extras.cmake
[7.457s] -- Up-to-date symlink: /home/f1tenth/lab_ws25/install/slam_toolbox/share/slam_toolbox/cmake/ament_cmake_export_targets-extras.cmake
[7.458s] -- Up-to-date symlink: /home/f1tenth/lab_ws25/install/slam_toolbox/share/slam_toolbox/cmake/ament_cmake_export_include_directories-extras.cmake
[7.458s] -- Up-to-date symlink: /home/f1tenth/lab_ws25/install/slam_toolbox/share/slam_toolbox/cmake/rosidl_cmake_export_typesupport_libraries-extras.cmake
[7.459s] -- Up-to-date symlink: /home/f1tenth/lab_ws25/install/slam_toolbox/share/slam_toolbox/cmake/rosidl_cmake_export_typesupport_targets-extras.cmake
[7.460s] -- Up-to-date symlink: /home/f1tenth/lab_ws25/install/slam_toolbox/share/slam_toolbox/cmake/slam_toolboxConfig.cmake
[7.461s] -- Up-to-date symlink: /home/f1tenth/lab_ws25/install/slam_toolbox/share/slam_toolbox/cmake/slam_toolboxConfig-version.cmake
[7.462s] -- Up-to-date symlink: /home/f1tenth/lab_ws25/install/slam_toolbox/share/slam_toolbox/package.xml
[7.463s] -- Up-to-date: /home/f1tenth/lab_ws25/install/slam_toolbox/lib/libslam_toolbox__rosidl_generator_c.so
[7.465s] -- Up-to-date: /home/f1tenth/lab_ws25/install/slam_toolbox/lib/libslam_toolbox__rosidl_typesupport_introspection_c.so
[7.466s] -- Up-to-date: /home/f1tenth/lab_ws25/install/slam_toolbox/lib/libslam_toolbox__rosidl_typesupport_c.so
[7.468s] -- Up-to-date: /home/f1tenth/lab_ws25/install/slam_toolbox/lib/libslam_toolbox__rosidl_typesupport_introspection_cpp.so
[7.470s] -- Up-to-date: /home/f1tenth/lab_ws25/install/slam_toolbox/lib/libslam_toolbox__rosidl_typesupport_cpp.so
[7.616s] -- Up-to-date: /home/f1tenth/lab_ws25/install/slam_toolbox/share/slam_toolbox/cmake/slam_toolbox__rosidl_generator_cExport.cmake
[7.616s] -- Up-to-date: /home/f1tenth/lab_ws25/install/slam_toolbox/share/slam_toolbox/cmake/slam_toolbox__rosidl_generator_cExport-release.cmake
[7.616s] -- Up-to-date: /home/f1tenth/lab_ws25/install/slam_toolbox/share/slam_toolbox/cmake/slam_toolbox__rosidl_typesupport_introspection_cExport.cmake
[7.616s] -- Up-to-date: /home/f1tenth/lab_ws25/install/slam_toolbox/share/slam_toolbox/cmake/slam_toolbox__rosidl_typesupport_introspection_cExport-release.cmake
[7.616s] -- Up-to-date: /home/f1tenth/lab_ws25/install/slam_toolbox/share/slam_toolbox/cmake/slam_toolbox__rosidl_typesupport_cExport.cmake
[7.617s] -- Up-to-date: /home/f1tenth/lab_ws25/install/slam_toolbox/share/slam_toolbox/cmake/slam_toolbox__rosidl_typesupport_cExport-release.cmake
[7.617s] -- Up-to-date: /home/f1tenth/lab_ws25/install/slam_toolbox/share/slam_toolbox/cmake/slam_toolbox__rosidl_generator_cppExport.cmake
[7.617s] -- Up-to-date: /home/f1tenth/lab_ws25/install/slam_toolbox/share/slam_toolbox/cmake/slam_toolbox__rosidl_typesupport_introspection_cppExport.cmake
[7.618s] -- Up-to-date: /home/f1tenth/lab_ws25/install/slam_toolbox/share/slam_toolbox/cmake/slam_toolbox__rosidl_typesupport_introspection_cppExport-release.cmake
[7.618s] -- Up-to-date: /home/f1tenth/lab_ws25/install/slam_toolbox/share/slam_toolbox/cmake/slam_toolbox__rosidl_typesupport_cppExport.cmake
[7.618s] -- Up-to-date: /home/f1tenth/lab_ws25/install/slam_toolbox/share/slam_toolbox/cmake/slam_toolbox__rosidl_typesupport_cppExport-release.cmake
[7.618s] -- Up-to-date: /home/f1tenth/lab_ws25/install/slam_toolbox/share/slam_toolbox/cmake/SlamToolboxPluginExport.cmake
[7.618s] -- Up-to-date: /home/f1tenth/lab_ws25/install/slam_toolbox/share/slam_toolbox/cmake/SlamToolboxPluginExport-release.cmake
[7.636s] Invoked command in '/home/f1tenth/lab_ws25/build/slam_toolbox' returned '0': CMAKE_PREFIX_PATH=/home/f1tenth/lab_ws25/install/waypoint_visualizer:/home/f1tenth/lab_ws25/install/slam_toolbox:/home/f1tenth/lab_ws25/install/stanley_avoidance:/home/f1tenth/lab_ws25/install/safety_node:/home/f1tenth/lab_ws25/install/rrt:/home/f1tenth/lab_ws25/install/particle_filter:/home/f1tenth/lab_ws25/install/follow_the_gap:/opt/ros/foxy:/home/f1tenth/lab_ws25/install/ros_deep_learning:/home/f1tenth/lab_ws25/install/pure_pursuit /usr/bin/cmake --install /home/f1tenth/lab_ws25/build/slam_toolbox
