[2.389s] Invoking command in '/home/f1tenth/f1tenth_ws/build/ackermann_mux': CMAKE_PREFIX_PATH=/opt/ros/foxy /usr/bin/cmake /home/f1tenth/f1tenth_ws/src/f1tenth_system/ackermann_mux -DCMAKE_INSTALL_PREFIX=/home/f1tenth/f1tenth_ws/install/ackermann_mux
[5.557s] -- The C compiler identification is GNU 9.4.0
[5.558s] -- The CXX compiler identification is GNU 9.4.0
[5.558s] -- Check for working C compiler: /usr/bin/cc
[5.559s] -- Check for working C compiler: /usr/bin/cc -- works
[5.559s] -- Detecting C compiler ABI info
[5.563s] -- Detecting C compiler ABI info - done
[5.564s] -- Detecting C compile features
[5.564s] -- Detecting C compile features - done
[5.564s] -- Check for working CXX compiler: /usr/bin/c++
[5.564s] -- Check for working CXX compiler: /usr/bin/c++ -- works
[5.564s] -- Detecting CXX compiler ABI info
[5.564s] -- Detecting CXX compiler ABI info - done
[5.565s] -- Detecting CXX compile features
[5.565s] -- Detecting CXX compile features - done
[5.565s] -- Found ament_cmake: 0.9.12 (/opt/ros/foxy/share/ament_cmake/cmake)
[5.565s] -- Found PythonInterp: /usr/bin/python3 (found suitable version "3.8.10", minimum required is "3") 
[5.565s] -- Using PYTHON_EXECUTABLE: /usr/bin/python3
[5.565s] -- Found rclcpp: 2.4.3 (/opt/ros/foxy/share/rclcpp/cmake)
[5.565s] -- Using all available rosidl_typesupport_c: rosidl_typesupport_fastrtps_c;rosidl_typesupport_introspection_c
[5.565s] -- Found rosidl_adapter: 1.3.1 (/opt/ros/foxy/share/rosidl_adapter/cmake)
[5.566s] -- Found OpenSSL: /usr/lib/aarch64-linux-gnu/libcrypto.so (found version "1.1.1f")  
[5.566s] -- Found FastRTPS: /opt/ros/foxy/include  
[5.566s] -- Using all available rosidl_typesupport_cpp: rosidl_typesupport_fastrtps_cpp;rosidl_typesupport_introspection_cpp
[5.566s] -- Found rmw_implementation_cmake: 1.0.4 (/opt/ros/foxy/share/rmw_implementation_cmake/cmake)
[5.566s] -- Using RMW implementation 'rmw_fastrtps_cpp' as default
[5.566s] -- Looking for pthread.h
[5.566s] -- Looking for pthread.h - found
[5.567s] -- Performing Test CMAKE_HAVE_LIBC_PTHREAD
[5.567s] -- Performing Test CMAKE_HAVE_LIBC_PTHREAD - Failed
[5.567s] -- Looking for pthread_create in pthreads
[5.567s] -- Looking for pthread_create in pthreads - not found
[5.567s] -- Looking for pthread_create in pthread
[5.567s] -- Looking for pthread_create in pthread - found
[5.567s] -- Found Threads: TRUE  
[5.568s] -- Found ackermann_msgs: 2.0.2 (/opt/ros/foxy/share/ackermann_msgs/cmake)
[5.568s] -- Found diagnostic_updater: 3.1.2 (/opt/ros/foxy/share/diagnostic_updater/cmake)
[5.575s] -- Found ament_lint_auto: 0.9.8 (/opt/ros/foxy/share/ament_lint_auto/cmake)
[5.787s] -- Found python_cmake_module: 0.8.1 (/opt/ros/foxy/share/python_cmake_module/cmake)
[5.834s] -- Found PythonInterp: /usr/bin/python3 (found suitable version "3.8.10", minimum required is "3.5") 
[5.845s] -- Found PythonLibs: /usr/lib/aarch64-linux-gnu/libpython3.8.so (found suitable version "3.8.10", minimum required is "3.5") 
[5.846s] -- Using PYTHON_EXECUTABLE: /usr/bin/python3
[5.846s] -- Using PYTHON_INCLUDE_DIRS: /usr/include/python3.8
[5.847s] -- Using PYTHON_LIBRARIES: /usr/lib/aarch64-linux-gnu/libpython3.8.so
[5.896s] -- Found PythonExtra: .so  
[5.931s] -- Added test 'xmllint' to check XML markup files
[5.933s] -- Added test 'copyright' to check source files copyright and LICENSE
[5.938s] -- Added test 'cppcheck' to perform static code analysis on C / C++ code
[5.939s] -- Configured cppcheck include dirs: /home/f1tenth/f1tenth_ws/src/f1tenth_system/ackermann_mux/include
[5.940s] -- Configured cppcheck exclude dirs and/or files: 
[5.950s] -- Added test 'cpplint' to check C / C++ code against the Google style
[5.950s] -- Configured cpplint exclude dirs and/or files: 
[5.951s] -- Added test 'flake8' to check Python code syntax and style conventions
[5.952s] -- Added test 'lint_cmake' to check CMake code style
[5.953s] -- Added test 'pep257' to check Python code against some of the style conventions in PEP 257
[5.956s] -- Added test 'uncrustify' to check C / C++ code style
[5.957s] -- Configured uncrustify additional arguments: 
[5.967s] -- Configuring done
[5.985s] -- Generating done
[5.989s] -- Build files have been written to: /home/f1tenth/f1tenth_ws/build/ackermann_mux
[6.023s] Invoked command in '/home/f1tenth/f1tenth_ws/build/ackermann_mux' returned '0': CMAKE_PREFIX_PATH=/opt/ros/foxy /usr/bin/cmake /home/f1tenth/f1tenth_ws/src/f1tenth_system/ackermann_mux -DCMAKE_INSTALL_PREFIX=/home/f1tenth/f1tenth_ws/install/ackermann_mux
[6.025s] Invoking command in '/home/f1tenth/f1tenth_ws/build/ackermann_mux': CMAKE_PREFIX_PATH=/opt/ros/foxy /usr/bin/cmake --build /home/f1tenth/f1tenth_ws/build/ackermann_mux -- -j6 -l6
[6.150s] [35m[1mScanning dependencies of target ackermann_mux[0m
[6.254s] [ 25%] [32mBuilding CXX object CMakeFiles/ackermann_mux.dir/src/ackermann_mux.cpp.o[0m
[6.283s] [ 50%] [32mBuilding CXX object CMakeFiles/ackermann_mux.dir/src/ackermann_mux_node.cpp.o[0m
[6.294s] [ 75%] [32mBuilding CXX object CMakeFiles/ackermann_mux.dir/src/ackermann_mux_diagnostics.cpp.o[0m
[29.079s] [100%] [32m[1mLinking CXX executable ackermann_mux[0m
[29.927s] [100%] Built target ackermann_mux
[31.551s] Invoked command in '/home/f1tenth/f1tenth_ws/build/ackermann_mux' returned '0': CMAKE_PREFIX_PATH=/opt/ros/foxy /usr/bin/cmake --build /home/f1tenth/f1tenth_ws/build/ackermann_mux -- -j6 -l6
[31.623s] Invoking command in '/home/f1tenth/f1tenth_ws/build/ackermann_mux': CMAKE_PREFIX_PATH=/opt/ros/foxy /usr/bin/cmake --install /home/f1tenth/f1tenth_ws/build/ackermann_mux
[31.662s] -- Install configuration: ""
[31.663s] -- Installing: /home/f1tenth/f1tenth_ws/install/ackermann_mux/lib/ackermann_mux/ackermann_mux
[31.670s] -- Set runtime path of "/home/f1tenth/f1tenth_ws/install/ackermann_mux/lib/ackermann_mux/ackermann_mux" to ""
[31.670s] -- Installing: /home/f1tenth/f1tenth_ws/install/ackermann_mux/share/ackermann_mux/launch
[31.671s] -- Installing: /home/f1tenth/f1tenth_ws/install/ackermann_mux/share/ackermann_mux/launch/ackermann_mux_launch.py
[31.672s] -- Installing: /home/f1tenth/f1tenth_ws/install/ackermann_mux/share/ackermann_mux/config
[31.673s] -- Installing: /home/f1tenth/f1tenth_ws/install/ackermann_mux/share/ackermann_mux/config/ackermann_mux_locks.yaml
[31.673s] -- Installing: /home/f1tenth/f1tenth_ws/install/ackermann_mux/share/ackermann_mux/config/ackermann_mux_topics.yaml
[31.675s] -- Installing: /home/f1tenth/f1tenth_ws/install/ackermann_mux/share/ackermann_mux/config/joystick.yaml
[31.675s] -- Installing: /home/f1tenth/f1tenth_ws/install/ackermann_mux/include
[31.676s] -- Installing: /home/f1tenth/f1tenth_ws/install/ackermann_mux/include/ackermann_mux
[31.677s] -- Installing: /home/f1tenth/f1tenth_ws/install/ackermann_mux/include/ackermann_mux/ackermann_mux_diagnostics_status.hpp
[31.679s] -- Installing: /home/f1tenth/f1tenth_ws/install/ackermann_mux/include/ackermann_mux/params_helpers.hpp
[31.679s] -- Installing: /home/f1tenth/f1tenth_ws/install/ackermann_mux/include/ackermann_mux/utils.hpp
[31.679s] -- Installing: /home/f1tenth/f1tenth_ws/install/ackermann_mux/include/ackermann_mux/topic_handle.hpp
[31.680s] -- Installing: /home/f1tenth/f1tenth_ws/install/ackermann_mux/include/ackermann_mux/ackermann_mux_diagnostics.hpp
[31.680s] -- Installing: /home/f1tenth/f1tenth_ws/install/ackermann_mux/include/ackermann_mux/ackermann_mux.hpp
[31.680s] -- Installing: /home/f1tenth/f1tenth_ws/install/ackermann_mux/share/ament_index/resource_index/package_run_dependencies/ackermann_mux
[31.681s] -- Installing: /home/f1tenth/f1tenth_ws/install/ackermann_mux/share/ament_index/resource_index/parent_prefix_path/ackermann_mux
[31.681s] -- Installing: /home/f1tenth/f1tenth_ws/install/ackermann_mux/share/ackermann_mux/environment/ament_prefix_path.sh
[31.682s] -- Installing: /home/f1tenth/f1tenth_ws/install/ackermann_mux/share/ackermann_mux/environment/ament_prefix_path.dsv
[31.682s] -- Installing: /home/f1tenth/f1tenth_ws/install/ackermann_mux/share/ackermann_mux/environment/path.sh
[31.683s] -- Installing: /home/f1tenth/f1tenth_ws/install/ackermann_mux/share/ackermann_mux/environment/path.dsv
[31.683s] -- Installing: /home/f1tenth/f1tenth_ws/install/ackermann_mux/share/ackermann_mux/local_setup.bash
[31.683s] -- Installing: /home/f1tenth/f1tenth_ws/install/ackermann_mux/share/ackermann_mux/local_setup.sh
[31.683s] -- Installing: /home/f1tenth/f1tenth_ws/install/ackermann_mux/share/ackermann_mux/local_setup.zsh
[31.684s] -- Installing: /home/f1tenth/f1tenth_ws/install/ackermann_mux/share/ackermann_mux/local_setup.dsv
[31.684s] -- Installing: /home/f1tenth/f1tenth_ws/install/ackermann_mux/share/ackermann_mux/package.dsv
[31.684s] -- Installing: /home/f1tenth/f1tenth_ws/install/ackermann_mux/share/ament_index/resource_index/packages/ackermann_mux
[31.686s] -- Installing: /home/f1tenth/f1tenth_ws/install/ackermann_mux/share/ackermann_mux/cmake/ament_cmake_export_include_directories-extras.cmake
[31.686s] -- Installing: /home/f1tenth/f1tenth_ws/install/ackermann_mux/share/ackermann_mux/cmake/ament_cmake_export_dependencies-extras.cmake
[31.686s] -- Installing: /home/f1tenth/f1tenth_ws/install/ackermann_mux/share/ackermann_mux/cmake/ackermann_muxConfig.cmake
[31.687s] -- Installing: /home/f1tenth/f1tenth_ws/install/ackermann_mux/share/ackermann_mux/cmake/ackermann_muxConfig-version.cmake
[31.687s] -- Installing: /home/f1tenth/f1tenth_ws/install/ackermann_mux/share/ackermann_mux/package.xml
[31.702s] Invoked command in '/home/f1tenth/f1tenth_ws/build/ackermann_mux' returned '0': CMAKE_PREFIX_PATH=/opt/ros/foxy /usr/bin/cmake --install /home/f1tenth/f1tenth_ws/build/ackermann_mux
