[10.240s] Invoking command in '/home/f1tenth/f1tenth_ws/src/f1tenth_system/teleop_tools/mouse_teleop': PYTHONPATH=/home/f1tenth/f1tenth_ws/build/mouse_teleop/prefix_override:/home/f1tenth/f1tenth_ws/install/mouse_teleop/lib/python3.8/site-packages:${PYTHONPATH} /usr/bin/python3 setup.py egg_info --egg-base ../../../../build/mouse_teleop build --build-base /home/f1tenth/f1tenth_ws/build/mouse_teleop/build install --record /home/f1tenth/f1tenth_ws/build/mouse_teleop/install.log --install-scripts $base/lib/mouse_teleop --single-version-externally-managed
[10.914s] /usr/local/lib/python3.8/dist-packages/setuptools/dist.py:771: UserWarning: Usage of dash-separated 'script-dir' will not be supported in future versions. Please use the underscore name 'script_dir' instead
[10.914s]   warnings.warn(
[11.125s] running egg_info
[11.157s] writing ../../../../build/mouse_teleop/mouse_teleop.egg-info/PKG-INFO
[11.158s] writing dependency_links to ../../../../build/mouse_teleop/mouse_teleop.egg-info/dependency_links.txt
[11.159s] writing entry points to ../../../../build/mouse_teleop/mouse_teleop.egg-info/entry_points.txt
[11.160s] writing requirements to ../../../../build/mouse_teleop/mouse_teleop.egg-info/requires.txt
[11.160s] writing top-level names to ../../../../build/mouse_teleop/mouse_teleop.egg-info/top_level.txt
[11.223s] reading manifest file '../../../../build/mouse_teleop/mouse_teleop.egg-info/SOURCES.txt'
[11.225s] adding license file 'LICENSE'
[11.225s] writing manifest file '../../../../build/mouse_teleop/mouse_teleop.egg-info/SOURCES.txt'
[11.226s] running build
[11.227s] running build_py
[11.228s] running install
[11.228s] /usr/local/lib/python3.8/dist-packages/setuptools/command/install.py:34: SetuptoolsDeprecationWarning: setup.py install is deprecated. Use build and pip and other standards-based tools.
[11.229s]   warnings.warn(
[11.239s] running install_lib
[11.271s] running install_data
[11.300s] running install_egg_info
[11.363s] removing '/home/f1tenth/f1tenth_ws/install/mouse_teleop/lib/python3.8/site-packages/mouse_teleop-0.3.0-py3.8.egg-info' (and everything under it)
[11.364s] Copying ../../../../build/mouse_teleop/mouse_teleop.egg-info to /home/f1tenth/f1tenth_ws/install/mouse_teleop/lib/python3.8/site-packages/mouse_teleop-0.3.0-py3.8.egg-info
[11.364s] running install_scripts
[11.497s] Installing mouse_teleop script to /home/f1tenth/f1tenth_ws/install/mouse_teleop/lib/mouse_teleop
[11.498s] writing list of installed files to '/home/f1tenth/f1tenth_ws/build/mouse_teleop/install.log'
[14.499s] Invoked command in '/home/f1tenth/f1tenth_ws/src/f1tenth_system/teleop_tools/mouse_teleop' returned '0': PYTHONPATH=/home/f1tenth/f1tenth_ws/build/mouse_teleop/prefix_override:/home/f1tenth/f1tenth_ws/install/mouse_teleop/lib/python3.8/site-packages:${PYTHONPATH} /usr/bin/python3 setup.py egg_info --egg-base ../../../../build/mouse_teleop build --build-base /home/f1tenth/f1tenth_ws/build/mouse_teleop/build install --record /home/f1tenth/f1tenth_ws/build/mouse_teleop/install.log --install-scripts $base/lib/mouse_teleop --single-version-externally-managed
