[4.181s] Invoking command in '/home/f1tenth/f1tenth_ws/src/safety_node': PYTHONPATH=/home/f1tenth/f1tenth_ws/build/safety_node/prefix_override:/home/f1tenth/f1tenth_ws/install/safety_node/lib/python3.8/site-packages:${PYTHONPATH} /usr/bin/python3 setup.py egg_info --egg-base ../../build/safety_node build --build-base /home/f1tenth/f1tenth_ws/build/safety_node/build install --record /home/f1tenth/f1tenth_ws/build/safety_node/install.log --install-scripts $base/lib/safety_node --single-version-externally-managed
[4.771s] /usr/local/lib/python3.8/dist-packages/setuptools/dist.py:771: UserWarning: Usage of dash-separated 'script-dir' will not be supported in future versions. Please use the underscore name 'script_dir' instead
[4.771s]   warnings.warn(
[4.959s] running egg_info
[4.989s] writing ../../build/safety_node/safety_node.egg-info/PKG-INFO
[4.989s] writing dependency_links to ../../build/safety_node/safety_node.egg-info/dependency_links.txt
[4.989s] writing entry points to ../../build/safety_node/safety_node.egg-info/entry_points.txt
[4.990s] writing requirements to ../../build/safety_node/safety_node.egg-info/requires.txt
[4.990s] writing top-level names to ../../build/safety_node/safety_node.egg-info/top_level.txt
[5.050s] reading manifest file '../../build/safety_node/safety_node.egg-info/SOURCES.txt'
[5.052s] writing manifest file '../../build/safety_node/safety_node.egg-info/SOURCES.txt'
[5.052s] running build
[5.053s] running build_py
[5.053s] running install
[5.053s] /usr/local/lib/python3.8/dist-packages/setuptools/command/install.py:34: SetuptoolsDeprecationWarning: setup.py install is deprecated. Use build and pip and other standards-based tools.
[5.053s]   warnings.warn(
[5.064s] running install_lib
[5.095s] running install_data
[5.124s] running install_egg_info
[5.180s] removing '/home/f1tenth/f1tenth_ws/install/safety_node/lib/python3.8/site-packages/safety_node-0.0.0-py3.8.egg-info' (and everything under it)
[5.180s] Copying ../../build/safety_node/safety_node.egg-info to /home/f1tenth/f1tenth_ws/install/safety_node/lib/python3.8/site-packages/safety_node-0.0.0-py3.8.egg-info
[5.183s] running install_scripts
[5.302s] Installing safety_node script to /home/f1tenth/f1tenth_ws/install/safety_node/lib/safety_node
[5.303s] writing list of installed files to '/home/f1tenth/f1tenth_ws/build/safety_node/install.log'
[5.413s] Invoked command in '/home/f1tenth/f1tenth_ws/src/safety_node' returned '0': PYTHONPATH=/home/f1tenth/f1tenth_ws/build/safety_node/prefix_override:/home/f1tenth/f1tenth_ws/install/safety_node/lib/python3.8/site-packages:${PYTHONPATH} /usr/bin/python3 setup.py egg_info --egg-base ../../build/safety_node build --build-base /home/f1tenth/f1tenth_ws/build/safety_node/build install --record /home/f1tenth/f1tenth_ws/build/safety_node/install.log --install-scripts $base/lib/safety_node --single-version-externally-managed
