[10.974s] Invoking command in '/home/f1tenth/f1tenth_ws/src/safety_node': PYTHONPATH=/home/f1tenth/f1tenth_ws/build/safety_node/prefix_override:/home/f1tenth/f1tenth_ws/install/safety_node/lib/python3.8/site-packages:${PYTHONPATH} /usr/bin/python3 setup.py egg_info --egg-base ../../build/safety_node build --build-base /home/f1tenth/f1tenth_ws/build/safety_node/build install --record /home/f1tenth/f1tenth_ws/build/safety_node/install.log --install-scripts $base/lib/safety_node --single-version-externally-managed
[11.650s] /usr/local/lib/python3.8/dist-packages/setuptools/dist.py:771: UserWarning: Usage of dash-separated 'script-dir' will not be supported in future versions. Please use the underscore name 'script_dir' instead
[11.651s]   warnings.warn(
[11.898s] running egg_info
[11.938s] writing ../../build/safety_node/safety_node.egg-info/PKG-INFO
[11.938s] writing dependency_links to ../../build/safety_node/safety_node.egg-info/dependency_links.txt
[11.940s] writing entry points to ../../build/safety_node/safety_node.egg-info/entry_points.txt
[11.941s] writing requirements to ../../build/safety_node/safety_node.egg-info/requires.txt
[11.941s] writing top-level names to ../../build/safety_node/safety_node.egg-info/top_level.txt
[12.024s] reading manifest file '../../build/safety_node/safety_node.egg-info/SOURCES.txt'
[12.027s] writing manifest file '../../build/safety_node/safety_node.egg-info/SOURCES.txt'
[12.027s] running build
[12.027s] running build_py
[12.028s] copying safety_node/safety_node.py -> /home/f1tenth/f1tenth_ws/build/safety_node/build/lib/safety_node
[12.028s] running install
[12.028s] /usr/local/lib/python3.8/dist-packages/setuptools/command/install.py:34: SetuptoolsDeprecationWarning: setup.py install is deprecated. Use build and pip and other standards-based tools.
[12.028s]   warnings.warn(
[12.041s] running install_lib
[12.082s] copying /home/f1tenth/f1tenth_ws/build/safety_node/build/lib/safety_node/safety_node.py -> /home/f1tenth/f1tenth_ws/install/safety_node/lib/python3.8/site-packages/safety_node
[12.085s] byte-compiling /home/f1tenth/f1tenth_ws/install/safety_node/lib/python3.8/site-packages/safety_node/safety_node.py to safety_node.cpython-38.pyc
[12.086s] running install_data
[12.128s] running install_egg_info
[12.206s] removing '/home/f1tenth/f1tenth_ws/install/safety_node/lib/python3.8/site-packages/safety_node-0.0.0-py3.8.egg-info' (and everything under it)
[12.206s] Copying ../../build/safety_node/safety_node.egg-info to /home/f1tenth/f1tenth_ws/install/safety_node/lib/python3.8/site-packages/safety_node-0.0.0-py3.8.egg-info
[12.209s] running install_scripts
[12.378s] Installing safety_node script to /home/f1tenth/f1tenth_ws/install/safety_node/lib/safety_node
[12.379s] writing list of installed files to '/home/f1tenth/f1tenth_ws/build/safety_node/install.log'
[17.057s] Invoked command in '/home/f1tenth/f1tenth_ws/src/safety_node' returned '0': PYTHONPATH=/home/f1tenth/f1tenth_ws/build/safety_node/prefix_override:/home/f1tenth/f1tenth_ws/install/safety_node/lib/python3.8/site-packages:${PYTHONPATH} /usr/bin/python3 setup.py egg_info --egg-base ../../build/safety_node build --build-base /home/f1tenth/f1tenth_ws/build/safety_node/build install --record /home/f1tenth/f1tenth_ws/build/safety_node/install.log --install-scripts $base/lib/safety_node --single-version-externally-managed
