running egg_info
writing ../../build/stanley_avoidance/stanley_avoidance.egg-info/PKG-INFO
writing dependency_links to ../../build/stanley_avoidance/stanley_avoidance.egg-info/dependency_links.txt
writing entry points to ../../build/stanley_avoidance/stanley_avoidance.egg-info/entry_points.txt
writing requirements to ../../build/stanley_avoidance/stanley_avoidance.egg-info/requires.txt
writing top-level names to ../../build/stanley_avoidance/stanley_avoidance.egg-info/top_level.txt
reading manifest file '../../build/stanley_avoidance/stanley_avoidance.egg-info/SOURCES.txt'
adding license file 'LICENSE'
writing manifest file '../../build/stanley_avoidance/stanley_avoidance.egg-info/SOURCES.txt'
running build
running build_py
running install
running install_lib
running install_data
running install_egg_info
removing '/home/f1tenth/lab_ws25/install/stanley_avoidance/lib/python3.8/site-packages/stanley_avoidance-0.0.0-py3.8.egg-info' (and everything under it)
Copying ../../build/stanley_avoidance/stanley_avoidance.egg-info to /home/f1tenth/lab_ws25/install/stanley_avoidance/lib/python3.8/site-packages/stanley_avoidance-0.0.0-py3.8.egg-info
running install_scripts
Installing stanley_avoidance script to /home/f1tenth/lab_ws25/install/stanley_avoidance/lib/stanley_avoidance
writing list of installed files to '/home/f1tenth/lab_ws25/build/stanley_avoidance/install.log'
