[9.606s] Invoking command in '/home/f1tenth/lab_ws25/src/rrt': PYTHONPATH=/home/f1tenth/lab_ws25/build/rrt/prefix_override:/usr/lib/python3/dist-packages/colcon_core/task/python/colcon_distutils_commands:/home/f1tenth/lab_ws25/install/rrt/lib/python3.8/site-packages:${PYTHONPATH} /usr/bin/python3 -W ignore:setup.py install is deprecated -W ignore:easy_install command is deprecated setup.py egg_info --egg-base ../../build/rrt build --build-base /home/f1tenth/lab_ws25/build/rrt/build install --record /home/f1tenth/lab_ws25/build/rrt/install.log --install-scripts $base/lib/rrt --single-version-externally-managed install_data
[11.275s] /usr/local/lib/python3.8/dist-packages/setuptools/dist.py:771: UserWarning: Usage of dash-separated 'script-dir' will not be supported in future versions. Please use the underscore name 'script_dir' instead
[11.275s]   warnings.warn(
[12.092s] running egg_info
[12.199s] writing ../../build/rrt/rrt.egg-info/PKG-INFO
[12.200s] writing dependency_links to ../../build/rrt/rrt.egg-info/dependency_links.txt
[12.200s] writing entry points to ../../build/rrt/rrt.egg-info/entry_points.txt
[12.201s] writing requirements to ../../build/rrt/rrt.egg-info/requires.txt
[12.202s] writing top-level names to ../../build/rrt/rrt.egg-info/top_level.txt
[12.576s] reading manifest file '../../build/rrt/rrt.egg-info/SOURCES.txt'
[12.579s] adding license file 'LICENSE'
[12.581s] writing manifest file '../../build/rrt/rrt.egg-info/SOURCES.txt'
[12.584s] running build
[12.585s] running build_py
[12.585s] running install
[12.600s] running install_lib
[12.717s] running install_data
[12.717s] running install_egg_info
[12.841s] removing '/home/f1tenth/lab_ws25/install/rrt/lib/python3.8/site-packages/rrt-0.0.0-py3.8.egg-info' (and everything under it)
[12.841s] Copying ../../build/rrt/rrt.egg-info to /home/f1tenth/lab_ws25/install/rrt/lib/python3.8/site-packages/rrt-0.0.0-py3.8.egg-info
[12.843s] running install_scripts
[13.026s] Installing rrt script to /home/f1tenth/lab_ws25/install/rrt/lib/rrt
[13.026s] writing list of installed files to '/home/f1tenth/lab_ws25/build/rrt/install.log'
[13.159s] Invoked command in '/home/f1tenth/lab_ws25/src/rrt' returned '0': PYTHONPATH=/home/f1tenth/lab_ws25/build/rrt/prefix_override:/usr/lib/python3/dist-packages/colcon_core/task/python/colcon_distutils_commands:/home/f1tenth/lab_ws25/install/rrt/lib/python3.8/site-packages:${PYTHONPATH} /usr/bin/python3 -W ignore:setup.py install is deprecated -W ignore:easy_install command is deprecated setup.py egg_info --egg-base ../../build/rrt build --build-base /home/f1tenth/lab_ws25/build/rrt/build install --record /home/f1tenth/lab_ws25/build/rrt/install.log --install-scripts $base/lib/rrt --single-version-externally-managed install_data
