[10.448s] Invoking command in '/home/f1tenth/f1tenth_ws/build/key_teleop': PYTHONPATH=/home/f1tenth/f1tenth_ws/build/key_teleop/prefix_override:/home/f1tenth/f1tenth_ws/install/key_teleop/lib/python3.8/site-packages:${PYTHONPATH} /usr/bin/python3 setup.py develop --editable --build-directory /home/f1tenth/f1tenth_ws/build/key_teleop/build --no-deps install_data
[11.074s] /usr/local/lib/python3.8/dist-packages/setuptools/dist.py:771: UserWarning: Usage of dash-separated 'script-dir' will not be supported in future versions. Please use the underscore name 'script_dir' instead
[11.074s]   warnings.warn(
[11.276s] running develop
[11.278s] /usr/local/lib/python3.8/dist-packages/setuptools/command/easy_install.py:144: EasyInstallDeprecationWarning: easy_install command is deprecated. Use build and pip and other standards-based tools.
[11.279s]   warnings.warn(
[11.373s] /usr/local/lib/python3.8/dist-packages/setuptools/command/install.py:34: SetuptoolsDeprecationWarning: setup.py install is deprecated. Use build and pip and other standards-based tools.
[11.373s]   warnings.warn(
[11.795s] running egg_info
[11.822s] writing key_teleop.egg-info/PKG-INFO
[11.823s] writing dependency_links to key_teleop.egg-info/dependency_links.txt
[11.824s] writing entry points to key_teleop.egg-info/entry_points.txt
[11.824s] writing requirements to key_teleop.egg-info/requires.txt
[11.824s] writing top-level names to key_teleop.egg-info/top_level.txt
[11.890s] reading manifest file 'key_teleop.egg-info/SOURCES.txt'
[11.892s] writing manifest file 'key_teleop.egg-info/SOURCES.txt'
[12.003s] running build_ext
[12.004s] Creating /home/f1tenth/f1tenth_ws/install/key_teleop/lib/python3.8/site-packages/key-teleop.egg-link (link to .)
[12.005s] Installing key_teleop script to /home/f1tenth/f1tenth_ws/install/key_teleop/lib/key_teleop
[12.006s] 
[12.006s] Installed /home/f1tenth/f1tenth_ws/build/key_teleop
[12.006s] running install_data
[14.050s] Invoked command in '/home/f1tenth/f1tenth_ws/build/key_teleop' returned '0': PYTHONPATH=/home/f1tenth/f1tenth_ws/build/key_teleop/prefix_override:/home/f1tenth/f1tenth_ws/install/key_teleop/lib/python3.8/site-packages:${PYTHONPATH} /usr/bin/python3 setup.py develop --editable --build-directory /home/f1tenth/f1tenth_ws/build/key_teleop/build --no-deps install_data
