[6.719s] Invoking command in '/home/f1tenth/lab_ws25/build/safety_node': PYTHONPATH=/home/f1tenth/lab_ws25/build/safety_node/prefix_override:/usr/lib/python3/dist-packages/colcon_core/task/python/colcon_distutils_commands:/home/f1tenth/lab_ws25/install/safety_node/lib/python3.8/site-packages:${PYTHONPATH} /usr/bin/python3 -W ignore:setup.py install is deprecated -W ignore:easy_install command is deprecated setup.py develop --uninstall --editable --build-directory /home/f1tenth/lab_ws25/build/safety_node/build
[7.407s] /usr/local/lib/python3.8/dist-packages/setuptools/dist.py:771: UserWarning: Usage of dash-separated 'script-dir' will not be supported in future versions. Please use the underscore name 'script_dir' instead
[7.407s]   warnings.warn(
[7.616s] running develop
[8.264s] Removing /home/f1tenth/lab_ws25/install/safety_node/lib/python3.8/site-packages/safety-node.egg-link (link to .)
[8.434s] Invoked command in '/home/f1tenth/lab_ws25/build/safety_node' returned '0': PYTHONPATH=/home/f1tenth/lab_ws25/build/safety_node/prefix_override:/usr/lib/python3/dist-packages/colcon_core/task/python/colcon_distutils_commands:/home/f1tenth/lab_ws25/install/safety_node/lib/python3.8/site-packages:${PYTHONPATH} /usr/bin/python3 -W ignore:setup.py install is deprecated -W ignore:easy_install command is deprecated setup.py develop --uninstall --editable --build-directory /home/f1tenth/lab_ws25/build/safety_node/build
[8.436s] Invoking command in '/home/f1tenth/lab_ws25/src/safety_node_car_wrapper/safety_node': PYTHONPATH=/home/f1tenth/lab_ws25/build/safety_node/prefix_override:/usr/lib/python3/dist-packages/colcon_core/task/python/colcon_distutils_commands:/home/f1tenth/lab_ws25/install/safety_node/lib/python3.8/site-packages:${PYTHONPATH} /usr/bin/python3 -W ignore:setup.py install is deprecated -W ignore:easy_install command is deprecated setup.py egg_info --egg-base ../../../build/safety_node build --build-base /home/f1tenth/lab_ws25/build/safety_node/build install --record /home/f1tenth/lab_ws25/build/safety_node/install.log --install-scripts $base/lib/safety_node --single-version-externally-managed install_data --force
[9.269s] /usr/local/lib/python3.8/dist-packages/setuptools/dist.py:771: UserWarning: Usage of dash-separated 'script-dir' will not be supported in future versions. Please use the underscore name 'script_dir' instead
[9.269s]   warnings.warn(
[9.572s] running egg_info
[9.616s] writing ../../../build/safety_node/safety_node.egg-info/PKG-INFO
[9.616s] writing dependency_links to ../../../build/safety_node/safety_node.egg-info/dependency_links.txt
[9.617s] writing entry points to ../../../build/safety_node/safety_node.egg-info/entry_points.txt
[9.617s] writing requirements to ../../../build/safety_node/safety_node.egg-info/requires.txt
[9.618s] writing top-level names to ../../../build/safety_node/safety_node.egg-info/top_level.txt
[9.735s] reading manifest file '../../../build/safety_node/safety_node.egg-info/SOURCES.txt'
[9.737s] writing manifest file '../../../build/safety_node/safety_node.egg-info/SOURCES.txt'
[9.737s] running build
[9.738s] running build_py
[9.738s] running install
[9.753s] running install_lib
[9.793s] creating /home/f1tenth/lab_ws25/install/safety_node/lib/python3.8/site-packages/safety_node
[9.794s] copying /home/f1tenth/lab_ws25/build/safety_node/build/lib/safety_node/safety_node.py -> /home/f1tenth/lab_ws25/install/safety_node/lib/python3.8/site-packages/safety_node
[9.796s] copying /home/f1tenth/lab_ws25/build/safety_node/build/lib/safety_node/__init__.py -> /home/f1tenth/lab_ws25/install/safety_node/lib/python3.8/site-packages/safety_node
[9.796s] byte-compiling /home/f1tenth/lab_ws25/install/safety_node/lib/python3.8/site-packages/safety_node/safety_node.py to safety_node.cpython-38.pyc
[9.797s] byte-compiling /home/f1tenth/lab_ws25/install/safety_node/lib/python3.8/site-packages/safety_node/__init__.py to __init__.cpython-38.pyc
[9.798s] running install_data
[9.798s] copying resource/safety_node -> /home/f1tenth/lab_ws25/install/safety_node/share/ament_index/resource_index/packages
[9.798s] copying package.xml -> /home/f1tenth/lab_ws25/install/safety_node/share/safety_node
[9.799s] running install_egg_info
[9.845s] Copying ../../../build/safety_node/safety_node.egg-info to /home/f1tenth/lab_ws25/install/safety_node/lib/python3.8/site-packages/safety_node-0.0.0-py3.8.egg-info
[9.847s] running install_scripts
[10.018s] Installing safety_node script to /home/f1tenth/lab_ws25/install/safety_node/lib/safety_node
[10.019s] writing list of installed files to '/home/f1tenth/lab_ws25/build/safety_node/install.log'
[10.165s] Invoked command in '/home/f1tenth/lab_ws25/src/safety_node_car_wrapper/safety_node' returned '0': PYTHONPATH=/home/f1tenth/lab_ws25/build/safety_node/prefix_override:/usr/lib/python3/dist-packages/colcon_core/task/python/colcon_distutils_commands:/home/f1tenth/lab_ws25/install/safety_node/lib/python3.8/site-packages:${PYTHONPATH} /usr/bin/python3 -W ignore:setup.py install is deprecated -W ignore:easy_install command is deprecated setup.py egg_info --egg-base ../../../build/safety_node build --build-base /home/f1tenth/lab_ws25/build/safety_node/build install --record /home/f1tenth/lab_ws25/build/safety_node/install.log --install-scripts $base/lib/safety_node --single-version-externally-managed install_data --force
