[0.273s] Invoking command in '/home/f1tenth/lab_ws25/build/slam_toolbox': CMAKE_PREFIX_PATH=/home/f1tenth/lab_ws25/install/waypoint_visualizer:/home/f1tenth/lab_ws25/install/slam_toolbox:/home/f1tenth/lab_ws25/install/stanley_avoidance:/home/f1tenth/lab_ws25/install/safety_node:/home/f1tenth/lab_ws25/install/rrt:/home/f1tenth/lab_ws25/install/particle_filter:/home/f1tenth/lab_ws25/install/follow_the_gap:/opt/ros/foxy:/home/f1tenth/lab_ws25/install/ros_deep_learning:/home/f1tenth/lab_ws25/install/pure_pursuit /usr/bin/cmake --build /home/f1tenth/lab_ws25/build/slam_toolbox -- -j6 -l6
[0.586s] [  2%] Built target kartoSlamToolbox
[0.811s] [ 11%] Built target slam_toolbox__rosidl_generator_c
[0.981s] [ 12%] Built target slam_toolbox__cpp
[1.043s] [ 21%] Built target slam_toolbox__rosidl_typesupport_c
[1.107s] [ 30%] Built target slam_toolbox__rosidl_typesupport_introspection_cpp
[1.226s] [ 39%] Built target slam_toolbox__rosidl_typesupport_fastrtps_cpp
[1.440s] [ 48%] Built target slam_toolbox__rosidl_typesupport_cpp
[1.740s] [ 57%] Built target slam_toolbox__rosidl_typesupport_fastrtps_c
[1.938s] [ 66%] Built target slam_toolbox__rosidl_typesupport_introspection_c
[2.105s] [ 66%] Built target slam_toolbox
[2.253s] [ 71%] Built target toolbox_common
[2.358s] [ 73%] Built target ceres_solver_plugin
[2.608s] [ 74%] Built target localization_slam_toolbox
[2.772s] [ 76%] Built target async_slam_toolbox
[2.998s] [ 77%] Built target merge_maps_kinematic
[3.317s] [ 79%] Built target localization_slam_toolbox_node
[3.458s] [ 80%] Built target async_slam_toolbox_node
[3.561s] [ 82%] Built target sync_slam_toolbox
[3.673s] [ 84%] Built target lifelong_slam_toolbox
[3.925s] [ 85%] Built target sync_slam_toolbox_node
[4.174s] [ 86%] Built target lifelong_slam_toolbox_node
[4.434s] [ 88%] Built target SlamToolboxPlugin
[4.604s] [ 89%] Built target slam_toolbox__py
[4.861s] [ 97%] Built target slam_toolbox__python
[5.041s] [ 98%] Built target slam_toolbox__rosidl_typesupport_fastrtps_c__pyext
[5.198s] [ 99%] Built target slam_toolbox__rosidl_typesupport_c__pyext
[5.444s] [100%] Built target slam_toolbox__rosidl_typesupport_introspection_c__pyext
[5.482s] Invoked command in '/home/f1tenth/lab_ws25/build/slam_toolbox' returned '0': CMAKE_PREFIX_PATH=/home/f1tenth/lab_ws25/install/waypoint_visualizer:/home/f1tenth/lab_ws25/install/slam_toolbox:/home/f1tenth/lab_ws25/install/stanley_avoidance:/home/f1tenth/lab_ws25/install/safety_node:/home/f1tenth/lab_ws25/install/rrt:/home/f1tenth/lab_ws25/install/particle_filter:/home/f1tenth/lab_ws25/install/follow_the_gap:/opt/ros/foxy:/home/f1tenth/lab_ws25/install/ros_deep_learning:/home/f1tenth/lab_ws25/install/pure_pursuit /usr/bin/cmake --build /home/f1tenth/lab_ws25/build/slam_toolbox -- -j6 -l6
[5.492s] Invoking command in '/home/f1tenth/lab_ws25/build/slam_toolbox': CMAKE_PREFIX_PATH=/home/f1tenth/lab_ws25/install/waypoint_visualizer:/home/f1tenth/lab_ws25/install/slam_toolbox:/home/f1tenth/lab_ws25/install/stanley_avoidance:/home/f1tenth/lab_ws25/install/safety_node:/home/f1tenth/lab_ws25/install/rrt:/home/f1tenth/lab_ws25/install/particle_filter:/home/f1tenth/lab_ws25/install/follow_the_gap:/opt/ros/foxy:/home/f1tenth/lab_ws25/install/ros_deep_learning:/home/f1tenth/lab_ws25/install/pure_pursuit /usr/bin/cmake --install /home/f1tenth/lab_ws25/build/slam_toolbox
[5.524s] -- Install configuration: "Release"
[5.527s] -- Execute custom install script
[5.527s] -- Up-to-date symlink: /home/f1tenth/lab_ws25/install/slam_toolbox/include//karto_sdk/Karto.h
[5.528s] -- Up-to-date symlink: /home/f1tenth/lab_ws25/install/slam_toolbox/include//karto_sdk/Macros.h
[5.528s] -- Up-to-date symlink: /home/f1tenth/lab_ws25/install/slam_toolbox/include//karto_sdk/Mapper.h
[5.528s] -- Up-to-date symlink: /home/f1tenth/lab_ws25/install/slam_toolbox/include//karto_sdk/Math.h
[5.529s] -- Up-to-date symlink: /home/f1tenth/lab_ws25/install/slam_toolbox/include//karto_sdk/Types.h
[5.529s] -- Up-to-date symlink: /home/f1tenth/lab_ws25/install/slam_toolbox/include//karto_sdk/nanoflann.hpp
[5.530s] -- Up-to-date symlink: /home/f1tenth/lab_ws25/install/slam_toolbox/include//karto_sdk/nanoflann_adaptors.h
[5.531s] -- Up-to-date symlink: /home/f1tenth/lab_ws25/install/slam_toolbox/lib/libkartoSlamToolbox.so
[5.535s] -- Up-to-date symlink: /home/f1tenth/lab_ws25/install/slam_toolbox/share/karto_sdk/environment/library_path.sh
[5.535s] -- Up-to-date symlink: /home/f1tenth/lab_ws25/install/slam_toolbox/share/karto_sdk/environment/library_path.dsv
[5.536s] -- Up-to-date symlink: /home/f1tenth/lab_ws25/install/slam_toolbox/share/ament_index/resource_index/package_run_dependencies/karto_sdk
[5.537s] -- Up-to-date symlink: /home/f1tenth/lab_ws25/install/slam_toolbox/share/ament_index/resource_index/parent_prefix_path/karto_sdk
[5.537s] -- Up-to-date symlink: /home/f1tenth/lab_ws25/install/slam_toolbox/share/karto_sdk/environment/ament_prefix_path.sh
[5.538s] -- Up-to-date symlink: /home/f1tenth/lab_ws25/install/slam_toolbox/share/karto_sdk/environment/ament_prefix_path.dsv
[5.538s] -- Up-to-date symlink: /home/f1tenth/lab_ws25/install/slam_toolbox/share/karto_sdk/environment/path.sh
[5.539s] -- Up-to-date symlink: /home/f1tenth/lab_ws25/install/slam_toolbox/share/karto_sdk/environment/path.dsv
[5.540s] -- Up-to-date symlink: /home/f1tenth/lab_ws25/install/slam_toolbox/share/karto_sdk/local_setup.bash
[5.540s] -- Up-to-date symlink: /home/f1tenth/lab_ws25/install/slam_toolbox/share/karto_sdk/local_setup.sh
[5.541s] -- Up-to-date symlink: /home/f1tenth/lab_ws25/install/slam_toolbox/share/karto_sdk/local_setup.zsh
[5.541s] -- Up-to-date symlink: /home/f1tenth/lab_ws25/install/slam_toolbox/share/karto_sdk/local_setup.dsv
[5.542s] -- Up-to-date symlink: /home/f1tenth/lab_ws25/install/slam_toolbox/share/karto_sdk/package.dsv
[5.542s] -- Up-to-date symlink: /home/f1tenth/lab_ws25/install/slam_toolbox/share/ament_index/resource_index/packages/karto_sdk
[5.543s] -- Up-to-date symlink: /home/f1tenth/lab_ws25/install/slam_toolbox/share/karto_sdk/cmake/ament_cmake_export_libraries-extras.cmake
[5.543s] -- Up-to-date symlink: /home/f1tenth/lab_ws25/install/slam_toolbox/share/karto_sdk/cmake/ament_cmake_export_include_directories-extras.cmake
[5.544s] -- Up-to-date symlink: /home/f1tenth/lab_ws25/install/slam_toolbox/share/karto_sdk/cmake/ament_cmake_export_dependencies-extras.cmake
[5.544s] -- Up-to-date symlink: /home/f1tenth/lab_ws25/install/slam_toolbox/share/karto_sdk/cmake/karto_sdkConfig.cmake
[5.544s] -- Up-to-date symlink: /home/f1tenth/lab_ws25/install/slam_toolbox/share/karto_sdk/cmake/karto_sdkConfig-version.cmake
[5.545s] -- Up-to-date symlink: /home/f1tenth/lab_ws25/install/slam_toolbox/share/karto_sdk/package.xml
[5.545s] -- Up-to-date symlink: /home/f1tenth/lab_ws25/install/slam_toolbox/share/ament_index/resource_index/rosidl_interfaces/slam_toolbox
[5.547s] -- Up-to-date symlink: /home/f1tenth/lab_ws25/install/slam_toolbox/include/slam_toolbox/msg/rosidl_generator_c__visibility_control.h
[5.548s] -- Up-to-date symlink: /home/f1tenth/lab_ws25/install/slam_toolbox/include/slam_toolbox/srv/add_submap.h
[5.548s] -- Up-to-date symlink: /home/f1tenth/lab_ws25/install/slam_toolbox/include/slam_toolbox/srv/clear.h
[5.549s] -- Up-to-date symlink: /home/f1tenth/lab_ws25/install/slam_toolbox/include/slam_toolbox/srv/clear_queue.h
[5.549s] -- Up-to-date symlink: /home/f1tenth/lab_ws25/install/slam_toolbox/include/slam_toolbox/srv/deserialize_pose_graph.h
[5.550s] -- Up-to-date symlink: /home/f1tenth/lab_ws25/install/slam_toolbox/include/slam_toolbox/srv/detail/add_submap__functions.h
[5.551s] -- Up-to-date symlink: /home/f1tenth/lab_ws25/install/slam_toolbox/include/slam_toolbox/srv/detail/add_submap__struct.h
[5.551s] -- Up-to-date symlink: /home/f1tenth/lab_ws25/install/slam_toolbox/include/slam_toolbox/srv/detail/add_submap__type_support.h
[5.551s] -- Up-to-date symlink: /home/f1tenth/lab_ws25/install/slam_toolbox/include/slam_toolbox/srv/detail/clear__functions.h
[5.551s] -- Up-to-date symlink: /home/f1tenth/lab_ws25/install/slam_toolbox/include/slam_toolbox/srv/detail/clear__struct.h
[5.551s] -- Up-to-date symlink: /home/f1tenth/lab_ws25/install/slam_toolbox/include/slam_toolbox/srv/detail/clear__type_support.h
[5.552s] -- Up-to-date symlink: /home/f1tenth/lab_ws25/install/slam_toolbox/include/slam_toolbox/srv/detail/clear_queue__functions.h
[5.556s] -- Up-to-date symlink: /home/f1tenth/lab_ws25/install/slam_toolbox/include/slam_toolbox/srv/detail/clear_queue__struct.h
[5.556s] -- Up-to-date symlink: /home/f1tenth/lab_ws25/install/slam_toolbox/include/slam_toolbox/srv/detail/clear_queue__type_support.h
[5.556s] -- Up-to-date symlink: /home/f1tenth/lab_ws25/install/slam_toolbox/include/slam_toolbox/srv/detail/deserialize_pose_graph__functions.h
[5.557s] -- Up-to-date symlink: /home/f1tenth/lab_ws25/install/slam_toolbox/include/slam_toolbox/srv/detail/deserialize_pose_graph__struct.h
[5.557s] -- Up-to-date symlink: /home/f1tenth/lab_ws25/install/slam_toolbox/include/slam_toolbox/srv/detail/deserialize_pose_graph__type_support.h
[5.557s] -- Up-to-date symlink: /home/f1tenth/lab_ws25/install/slam_toolbox/include/slam_toolbox/srv/detail/loop_closure__functions.h
[5.557s] -- Up-to-date symlink: /home/f1tenth/lab_ws25/install/slam_toolbox/include/slam_toolbox/srv/detail/loop_closure__struct.h
[5.558s] -- Up-to-date symlink: /home/f1tenth/lab_ws25/install/slam_toolbox/include/slam_toolbox/srv/detail/loop_closure__type_support.h
[5.558s] -- Up-to-date symlink: /home/f1tenth/lab_ws25/install/slam_toolbox/include/slam_toolbox/srv/detail/merge_maps__functions.h
[5.558s] -- Up-to-date symlink: /home/f1tenth/lab_ws25/install/slam_toolbox/include/slam_toolbox/srv/detail/merge_maps__struct.h
[5.559s] -- Up-to-date symlink: /home/f1tenth/lab_ws25/install/slam_toolbox/include/slam_toolbox/srv/detail/merge_maps__type_support.h
[5.559s] -- Up-to-date symlink: /home/f1tenth/lab_ws25/install/slam_toolbox/include/slam_toolbox/srv/detail/pause__functions.h
[5.559s] -- Up-to-date symlink: /home/f1tenth/lab_ws25/install/slam_toolbox/include/slam_toolbox/srv/detail/pause__struct.h
[5.560s] -- Up-to-date symlink: /home/f1tenth/lab_ws25/install/slam_toolbox/include/slam_toolbox/srv/detail/pause__type_support.h
[5.560s] -- Up-to-date symlink: /home/f1tenth/lab_ws25/install/slam_toolbox/include/slam_toolbox/srv/detail/save_map__functions.h
[5.560s] -- Up-to-date symlink: /home/f1tenth/lab_ws25/install/slam_toolbox/include/slam_toolbox/srv/detail/save_map__struct.h
[5.561s] -- Up-to-date symlink: /home/f1tenth/lab_ws25/install/slam_toolbox/include/slam_toolbox/srv/detail/save_map__type_support.h
[5.562s] -- Up-to-date symlink: /home/f1tenth/lab_ws25/install/slam_toolbox/include/slam_toolbox/srv/detail/serialize_pose_graph__functions.h
[5.562s] -- Up-to-date symlink: /home/f1tenth/lab_ws25/install/slam_toolbox/include/slam_toolbox/srv/detail/serialize_pose_graph__struct.h
[5.562s] -- Up-to-date symlink: /home/f1tenth/lab_ws25/install/slam_toolbox/include/slam_toolbox/srv/detail/serialize_pose_graph__type_support.h
[5.562s] -- Up-to-date symlink: /home/f1tenth/lab_ws25/install/slam_toolbox/include/slam_toolbox/srv/detail/toggle_interactive__functions.h
[5.563s] -- Up-to-date symlink: /home/f1tenth/lab_ws25/install/slam_toolbox/include/slam_toolbox/srv/detail/toggle_interactive__struct.h
[5.563s] -- Up-to-date symlink: /home/f1tenth/lab_ws25/install/slam_toolbox/include/slam_toolbox/srv/detail/toggle_interactive__type_support.h
[5.563s] -- Up-to-date symlink: /home/f1tenth/lab_ws25/install/slam_toolbox/include/slam_toolbox/srv/loop_closure.h
[5.564s] -- Up-to-date symlink: /home/f1tenth/lab_ws25/install/slam_toolbox/include/slam_toolbox/srv/merge_maps.h
[5.564s] -- Up-to-date symlink: /home/f1tenth/lab_ws25/install/slam_toolbox/include/slam_toolbox/srv/pause.h
[5.564s] -- Up-to-date symlink: /home/f1tenth/lab_ws25/install/slam_toolbox/include/slam_toolbox/srv/save_map.h
[5.565s] -- Up-to-date symlink: /home/f1tenth/lab_ws25/install/slam_toolbox/include/slam_toolbox/srv/serialize_pose_graph.h
[5.565s] -- Up-to-date symlink: /home/f1tenth/lab_ws25/install/slam_toolbox/include/slam_toolbox/srv/toggle_interactive.h
[5.565s] -- Up-to-date symlink: /home/f1tenth/lab_ws25/install/slam_toolbox/share/slam_toolbox/environment/library_path.sh
[5.566s] -- Up-to-date symlink: /home/f1tenth/lab_ws25/install/slam_toolbox/share/slam_toolbox/environment/library_path.dsv
[5.568s] -- Up-to-date symlink: /home/f1tenth/lab_ws25/install/slam_toolbox/include/slam_toolbox/msg/rosidl_typesupport_fastrtps_c__visibility_control.h
[5.568s] -- Up-to-date symlink: /home/f1tenth/lab_ws25/install/slam_toolbox/include/slam_toolbox/srv/detail/add_submap__rosidl_typesupport_fastrtps_c.h
[5.568s] -- Up-to-date symlink: /home/f1tenth/lab_ws25/install/slam_toolbox/include/slam_toolbox/srv/detail/clear__rosidl_typesupport_fastrtps_c.h
[5.569s] -- Up-to-date symlink: /home/f1tenth/lab_ws25/install/slam_toolbox/include/slam_toolbox/srv/detail/clear_queue__rosidl_typesupport_fastrtps_c.h
[5.570s] -- Up-to-date symlink: /home/f1tenth/lab_ws25/install/slam_toolbox/include/slam_toolbox/srv/detail/deserialize_pose_graph__rosidl_typesupport_fastrtps_c.h
[5.570s] -- Up-to-date symlink: /home/f1tenth/lab_ws25/install/slam_toolbox/include/slam_toolbox/srv/detail/loop_closure__rosidl_typesupport_fastrtps_c.h
[5.570s] -- Up-to-date symlink: /home/f1tenth/lab_ws25/install/slam_toolbox/include/slam_toolbox/srv/detail/merge_maps__rosidl_typesupport_fastrtps_c.h
[5.571s] -- Up-to-date symlink: /home/f1tenth/lab_ws25/install/slam_toolbox/include/slam_toolbox/srv/detail/pause__rosidl_typesupport_fastrtps_c.h
[5.571s] -- Up-to-date symlink: /home/f1tenth/lab_ws25/install/slam_toolbox/include/slam_toolbox/srv/detail/save_map__rosidl_typesupport_fastrtps_c.h
[5.571s] -- Up-to-date symlink: /home/f1tenth/lab_ws25/install/slam_toolbox/include/slam_toolbox/srv/detail/serialize_pose_graph__rosidl_typesupport_fastrtps_c.h
[5.572s] -- Up-to-date symlink: /home/f1tenth/lab_ws25/install/slam_toolbox/include/slam_toolbox/srv/detail/toggle_interactive__rosidl_typesupport_fastrtps_c.h
[5.572s] -- Up-to-date symlink: /home/f1tenth/lab_ws25/install/slam_toolbox/lib/libslam_toolbox__rosidl_typesupport_fastrtps_c.so
[5.574s] -- Up-to-date symlink: /home/f1tenth/lab_ws25/install/slam_toolbox/include/slam_toolbox/msg/rosidl_typesupport_fastrtps_cpp__visibility_control.h
[5.574s] -- Up-to-date symlink: /home/f1tenth/lab_ws25/install/slam_toolbox/include/slam_toolbox/srv/detail/add_submap__rosidl_typesupport_fastrtps_cpp.hpp
[5.575s] -- Up-to-date symlink: /home/f1tenth/lab_ws25/install/slam_toolbox/include/slam_toolbox/srv/detail/clear__rosidl_typesupport_fastrtps_cpp.hpp
[5.576s] -- Up-to-date symlink: /home/f1tenth/lab_ws25/install/slam_toolbox/include/slam_toolbox/srv/detail/clear_queue__rosidl_typesupport_fastrtps_cpp.hpp
[5.576s] -- Up-to-date symlink: /home/f1tenth/lab_ws25/install/slam_toolbox/include/slam_toolbox/srv/detail/deserialize_pose_graph__rosidl_typesupport_fastrtps_cpp.hpp
[5.576s] -- Up-to-date symlink: /home/f1tenth/lab_ws25/install/slam_toolbox/include/slam_toolbox/srv/detail/loop_closure__rosidl_typesupport_fastrtps_cpp.hpp
[5.576s] -- Up-to-date symlink: /home/f1tenth/lab_ws25/install/slam_toolbox/include/slam_toolbox/srv/detail/merge_maps__rosidl_typesupport_fastrtps_cpp.hpp
[5.577s] -- Up-to-date symlink: /home/f1tenth/lab_ws25/install/slam_toolbox/include/slam_toolbox/srv/detail/pause__rosidl_typesupport_fastrtps_cpp.hpp
[5.577s] -- Up-to-date symlink: /home/f1tenth/lab_ws25/install/slam_toolbox/include/slam_toolbox/srv/detail/save_map__rosidl_typesupport_fastrtps_cpp.hpp
[5.577s] -- Up-to-date symlink: /home/f1tenth/lab_ws25/install/slam_toolbox/include/slam_toolbox/srv/detail/serialize_pose_graph__rosidl_typesupport_fastrtps_cpp.hpp
[5.578s] -- Up-to-date symlink: /home/f1tenth/lab_ws25/install/slam_toolbox/include/slam_toolbox/srv/detail/toggle_interactive__rosidl_typesupport_fastrtps_cpp.hpp
[5.579s] -- Up-to-date symlink: /home/f1tenth/lab_ws25/install/slam_toolbox/lib/libslam_toolbox__rosidl_typesupport_fastrtps_cpp.so
[5.580s] -- Up-to-date symlink: /home/f1tenth/lab_ws25/install/slam_toolbox/include/slam_toolbox/msg/rosidl_typesupport_introspection_c__visibility_control.h
[5.580s] -- Up-to-date symlink: /home/f1tenth/lab_ws25/install/slam_toolbox/include/slam_toolbox/srv/detail/add_submap__rosidl_typesupport_introspection_c.h
[5.581s] -- Up-to-date symlink: /home/f1tenth/lab_ws25/install/slam_toolbox/include/slam_toolbox/srv/detail/clear__rosidl_typesupport_introspection_c.h
[5.581s] -- Up-to-date symlink: /home/f1tenth/lab_ws25/install/slam_toolbox/include/slam_toolbox/srv/detail/clear_queue__rosidl_typesupport_introspection_c.h
[5.582s] -- Up-to-date symlink: /home/f1tenth/lab_ws25/install/slam_toolbox/include/slam_toolbox/srv/detail/deserialize_pose_graph__rosidl_typesupport_introspection_c.h
[5.582s] -- Up-to-date symlink: /home/f1tenth/lab_ws25/install/slam_toolbox/include/slam_toolbox/srv/detail/loop_closure__rosidl_typesupport_introspection_c.h
[5.582s] -- Up-to-date symlink: /home/f1tenth/lab_ws25/install/slam_toolbox/include/slam_toolbox/srv/detail/merge_maps__rosidl_typesupport_introspection_c.h
[5.583s] -- Up-to-date symlink: /home/f1tenth/lab_ws25/install/slam_toolbox/include/slam_toolbox/srv/detail/pause__rosidl_typesupport_introspection_c.h
[5.583s] -- Up-to-date symlink: /home/f1tenth/lab_ws25/install/slam_toolbox/include/slam_toolbox/srv/detail/save_map__rosidl_typesupport_introspection_c.h
[5.583s] -- Up-to-date symlink: /home/f1tenth/lab_ws25/install/slam_toolbox/include/slam_toolbox/srv/detail/serialize_pose_graph__rosidl_typesupport_introspection_c.h
[5.584s] -- Up-to-date symlink: /home/f1tenth/lab_ws25/install/slam_toolbox/include/slam_toolbox/srv/detail/toggle_interactive__rosidl_typesupport_introspection_c.h
[5.585s] -- Up-to-date symlink: /home/f1tenth/lab_ws25/install/slam_toolbox/include/slam_toolbox/msg/rosidl_generator_cpp__visibility_control.hpp
[5.586s] -- Up-to-date symlink: /home/f1tenth/lab_ws25/install/slam_toolbox/include/slam_toolbox/srv/add_submap.hpp
[5.586s] -- Up-to-date symlink: /home/f1tenth/lab_ws25/install/slam_toolbox/include/slam_toolbox/srv/clear.hpp
[5.586s] -- Up-to-date symlink: /home/f1tenth/lab_ws25/install/slam_toolbox/include/slam_toolbox/srv/clear_queue.hpp
[5.587s] -- Up-to-date symlink: /home/f1tenth/lab_ws25/install/slam_toolbox/include/slam_toolbox/srv/deserialize_pose_graph.hpp
[5.587s] -- Up-to-date symlink: /home/f1tenth/lab_ws25/install/slam_toolbox/include/slam_toolbox/srv/detail/add_submap__builder.hpp
[5.587s] -- Up-to-date symlink: /home/f1tenth/lab_ws25/install/slam_toolbox/include/slam_toolbox/srv/detail/add_submap__struct.hpp
[5.588s] -- Up-to-date symlink: /home/f1tenth/lab_ws25/install/slam_toolbox/include/slam_toolbox/srv/detail/add_submap__traits.hpp
[5.588s] -- Up-to-date symlink: /home/f1tenth/lab_ws25/install/slam_toolbox/include/slam_toolbox/srv/detail/add_submap__type_support.hpp
[5.588s] -- Up-to-date symlink: /home/f1tenth/lab_ws25/install/slam_toolbox/include/slam_toolbox/srv/detail/clear__builder.hpp
[5.589s] -- Up-to-date symlink: /home/f1tenth/lab_ws25/install/slam_toolbox/include/slam_toolbox/srv/detail/clear__struct.hpp
[5.589s] -- Up-to-date symlink: /home/f1tenth/lab_ws25/install/slam_toolbox/include/slam_toolbox/srv/detail/clear__traits.hpp
[5.590s] -- Up-to-date symlink: /home/f1tenth/lab_ws25/install/slam_toolbox/include/slam_toolbox/srv/detail/clear__type_support.hpp
[5.590s] -- Up-to-date symlink: /home/f1tenth/lab_ws25/install/slam_toolbox/include/slam_toolbox/srv/detail/clear_queue__builder.hpp
[5.590s] -- Up-to-date symlink: /home/f1tenth/lab_ws25/install/slam_toolbox/include/slam_toolbox/srv/detail/clear_queue__struct.hpp
[5.591s] -- Up-to-date symlink: /home/f1tenth/lab_ws25/install/slam_toolbox/include/slam_toolbox/srv/detail/clear_queue__traits.hpp
[5.591s] -- Up-to-date symlink: /home/f1tenth/lab_ws25/install/slam_toolbox/include/slam_toolbox/srv/detail/clear_queue__type_support.hpp
[5.591s] -- Up-to-date symlink: /home/f1tenth/lab_ws25/install/slam_toolbox/include/slam_toolbox/srv/detail/deserialize_pose_graph__builder.hpp
[5.592s] -- Up-to-date symlink: /home/f1tenth/lab_ws25/install/slam_toolbox/include/slam_toolbox/srv/detail/deserialize_pose_graph__struct.hpp
[5.592s] -- Up-to-date symlink: /home/f1tenth/lab_ws25/install/slam_toolbox/include/slam_toolbox/srv/detail/deserialize_pose_graph__traits.hpp
[5.592s] -- Up-to-date symlink: /home/f1tenth/lab_ws25/install/slam_toolbox/include/slam_toolbox/srv/detail/deserialize_pose_graph__type_support.hpp
[5.593s] -- Up-to-date symlink: /home/f1tenth/lab_ws25/install/slam_toolbox/include/slam_toolbox/srv/detail/loop_closure__builder.hpp
[5.594s] -- Up-to-date symlink: /home/f1tenth/lab_ws25/install/slam_toolbox/include/slam_toolbox/srv/detail/loop_closure__struct.hpp
[5.594s] -- Up-to-date symlink: /home/f1tenth/lab_ws25/install/slam_toolbox/include/slam_toolbox/srv/detail/loop_closure__traits.hpp
[5.596s] -- Up-to-date symlink: /home/f1tenth/lab_ws25/install/slam_toolbox/include/slam_toolbox/srv/detail/loop_closure__type_support.hpp
[5.596s] -- Up-to-date symlink: /home/f1tenth/lab_ws25/install/slam_toolbox/include/slam_toolbox/srv/detail/merge_maps__builder.hpp
[5.597s] -- Up-to-date symlink: /home/f1tenth/lab_ws25/install/slam_toolbox/include/slam_toolbox/srv/detail/merge_maps__struct.hpp
[5.597s] -- Up-to-date symlink: /home/f1tenth/lab_ws25/install/slam_toolbox/include/slam_toolbox/srv/detail/merge_maps__traits.hpp
[5.599s] -- Up-to-date symlink: /home/f1tenth/lab_ws25/install/slam_toolbox/include/slam_toolbox/srv/detail/merge_maps__type_support.hpp
[5.600s] -- Up-to-date symlink: /home/f1tenth/lab_ws25/install/slam_toolbox/include/slam_toolbox/srv/detail/pause__builder.hpp
[5.600s] -- Up-to-date symlink: /home/f1tenth/lab_ws25/install/slam_toolbox/include/slam_toolbox/srv/detail/pause__struct.hpp
[5.601s] -- Up-to-date symlink: /home/f1tenth/lab_ws25/install/slam_toolbox/include/slam_toolbox/srv/detail/pause__traits.hpp
[5.602s] -- Up-to-date symlink: /home/f1tenth/lab_ws25/install/slam_toolbox/include/slam_toolbox/srv/detail/pause__type_support.hpp
[5.602s] -- Up-to-date symlink: /home/f1tenth/lab_ws25/install/slam_toolbox/include/slam_toolbox/srv/detail/save_map__builder.hpp
[5.602s] -- Up-to-date symlink: /home/f1tenth/lab_ws25/install/slam_toolbox/include/slam_toolbox/srv/detail/save_map__struct.hpp
[5.602s] -- Up-to-date symlink: /home/f1tenth/lab_ws25/install/slam_toolbox/include/slam_toolbox/srv/detail/save_map__traits.hpp
[5.603s] -- Up-to-date symlink: /home/f1tenth/lab_ws25/install/slam_toolbox/include/slam_toolbox/srv/detail/save_map__type_support.hpp
[5.603s] -- Up-to-date symlink: /home/f1tenth/lab_ws25/install/slam_toolbox/include/slam_toolbox/srv/detail/serialize_pose_graph__builder.hpp
[5.603s] -- Up-to-date symlink: /home/f1tenth/lab_ws25/install/slam_toolbox/include/slam_toolbox/srv/detail/serialize_pose_graph__struct.hpp
[5.603s] -- Up-to-date symlink: /home/f1tenth/lab_ws25/install/slam_toolbox/include/slam_toolbox/srv/detail/serialize_pose_graph__traits.hpp
[5.603s] -- Up-to-date symlink: /home/f1tenth/lab_ws25/install/slam_toolbox/include/slam_toolbox/srv/detail/serialize_pose_graph__type_support.hpp
[5.603s] -- Up-to-date symlink: /home/f1tenth/lab_ws25/install/slam_toolbox/include/slam_toolbox/srv/detail/toggle_interactive__builder.hpp
[5.605s] -- Up-to-date symlink: /home/f1tenth/lab_ws25/install/slam_toolbox/include/slam_toolbox/srv/detail/toggle_interactive__struct.hpp
[5.606s] -- Up-to-date symlink: /home/f1tenth/lab_ws25/install/slam_toolbox/include/slam_toolbox/srv/detail/toggle_interactive__traits.hpp
[5.607s] -- Up-to-date symlink: /home/f1tenth/lab_ws25/install/slam_toolbox/include/slam_toolbox/srv/detail/toggle_interactive__type_support.hpp
[5.607s] -- Up-to-date symlink: /home/f1tenth/lab_ws25/install/slam_toolbox/include/slam_toolbox/srv/loop_closure.hpp
[5.607s] -- Up-to-date symlink: /home/f1tenth/lab_ws25/install/slam_toolbox/include/slam_toolbox/srv/merge_maps.hpp
[5.607s] -- Up-to-date symlink: /home/f1tenth/lab_ws25/install/slam_toolbox/include/slam_toolbox/srv/pause.hpp
[5.609s] -- Up-to-date symlink: /home/f1tenth/lab_ws25/install/slam_toolbox/include/slam_toolbox/srv/save_map.hpp
[5.610s] -- Up-to-date symlink: /home/f1tenth/lab_ws25/install/slam_toolbox/include/slam_toolbox/srv/serialize_pose_graph.hpp
[5.611s] -- Up-to-date symlink: /home/f1tenth/lab_ws25/install/slam_toolbox/include/slam_toolbox/srv/toggle_interactive.hpp
[5.612s] -- Up-to-date symlink: /home/f1tenth/lab_ws25/install/slam_toolbox/include/slam_toolbox/srv/detail/add_submap__rosidl_typesupport_introspection_cpp.hpp
[5.612s] -- Up-to-date symlink: /home/f1tenth/lab_ws25/install/slam_toolbox/include/slam_toolbox/srv/detail/clear__rosidl_typesupport_introspection_cpp.hpp
[5.612s] -- Up-to-date symlink: /home/f1tenth/lab_ws25/install/slam_toolbox/include/slam_toolbox/srv/detail/clear_queue__rosidl_typesupport_introspection_cpp.hpp
[5.612s] -- Up-to-date symlink: /home/f1tenth/lab_ws25/install/slam_toolbox/include/slam_toolbox/srv/detail/deserialize_pose_graph__rosidl_typesupport_introspection_cpp.hpp
[5.613s] -- Up-to-date symlink: /home/f1tenth/lab_ws25/install/slam_toolbox/include/slam_toolbox/srv/detail/loop_closure__rosidl_typesupport_introspection_cpp.hpp
[5.613s] -- Up-to-date symlink: /home/f1tenth/lab_ws25/install/slam_toolbox/include/slam_toolbox/srv/detail/merge_maps__rosidl_typesupport_introspection_cpp.hpp
[5.613s] -- Up-to-date symlink: /home/f1tenth/lab_ws25/install/slam_toolbox/include/slam_toolbox/srv/detail/pause__rosidl_typesupport_introspection_cpp.hpp
[5.613s] -- Up-to-date symlink: /home/f1tenth/lab_ws25/install/slam_toolbox/include/slam_toolbox/srv/detail/save_map__rosidl_typesupport_introspection_cpp.hpp
[5.615s] -- Up-to-date symlink: /home/f1tenth/lab_ws25/install/slam_toolbox/include/slam_toolbox/srv/detail/serialize_pose_graph__rosidl_typesupport_introspection_cpp.hpp
[5.616s] -- Up-to-date symlink: /home/f1tenth/lab_ws25/install/slam_toolbox/include/slam_toolbox/srv/detail/toggle_interactive__rosidl_typesupport_introspection_cpp.hpp
[5.616s] -- Up-to-date symlink: /home/f1tenth/lab_ws25/install/slam_toolbox/share/slam_toolbox/environment/pythonpath.sh
[5.616s] -- Up-to-date symlink: /home/f1tenth/lab_ws25/install/slam_toolbox/share/slam_toolbox/environment/pythonpath.dsv
[5.617s] -- Up-to-date symlink: /home/f1tenth/lab_ws25/install/slam_toolbox/lib/python3.8/site-packages/slam_toolbox/__init__.py
[5.617s] -- Up-to-date symlink: /home/f1tenth/lab_ws25/install/slam_toolbox/lib/python3.8/site-packages/slam_toolbox/srv/__init__.py
[5.618s] -- Up-to-date symlink: /home/f1tenth/lab_ws25/install/slam_toolbox/lib/python3.8/site-packages/slam_toolbox/srv/_add_submap.py
[5.618s] -- Up-to-date symlink: /home/f1tenth/lab_ws25/install/slam_toolbox/lib/python3.8/site-packages/slam_toolbox/srv/_clear.py
[5.618s] -- Up-to-date symlink: /home/f1tenth/lab_ws25/install/slam_toolbox/lib/python3.8/site-packages/slam_toolbox/srv/_clear_queue.py
[5.618s] -- Up-to-date symlink: /home/f1tenth/lab_ws25/install/slam_toolbox/lib/python3.8/site-packages/slam_toolbox/srv/_deserialize_pose_graph.py
[5.620s] -- Up-to-date symlink: /home/f1tenth/lab_ws25/install/slam_toolbox/lib/python3.8/site-packages/slam_toolbox/srv/_loop_closure.py
[5.620s] -- Up-to-date symlink: /home/f1tenth/lab_ws25/install/slam_toolbox/lib/python3.8/site-packages/slam_toolbox/srv/_merge_maps.py
[5.620s] -- Up-to-date symlink: /home/f1tenth/lab_ws25/install/slam_toolbox/lib/python3.8/site-packages/slam_toolbox/srv/_pause.py
[5.621s] -- Up-to-date symlink: /home/f1tenth/lab_ws25/install/slam_toolbox/lib/python3.8/site-packages/slam_toolbox/srv/_save_map.py
[5.622s] -- Up-to-date symlink: /home/f1tenth/lab_ws25/install/slam_toolbox/lib/python3.8/site-packages/slam_toolbox/srv/_serialize_pose_graph.py
[5.623s] -- Up-to-date symlink: /home/f1tenth/lab_ws25/install/slam_toolbox/lib/python3.8/site-packages/slam_toolbox/srv/_toggle_interactive.py
[5.624s] -- Up-to-date symlink: /home/f1tenth/lab_ws25/install/slam_toolbox/lib/python3.8/site-packages/slam_toolbox/slam_toolbox_s__rosidl_typesupport_fastrtps_c.cpython-38-aarch64-linux-gnu.so
[5.624s] -- Up-to-date symlink: /home/f1tenth/lab_ws25/install/slam_toolbox/lib/python3.8/site-packages/slam_toolbox/slam_toolbox_s__rosidl_typesupport_introspection_c.cpython-38-aarch64-linux-gnu.so
[5.625s] -- Up-to-date symlink: /home/f1tenth/lab_ws25/install/slam_toolbox/lib/python3.8/site-packages/slam_toolbox/slam_toolbox_s__rosidl_typesupport_c.cpython-38-aarch64-linux-gnu.so
[5.626s] -- Up-to-date symlink: /home/f1tenth/lab_ws25/install/slam_toolbox/lib/libslam_toolbox__python.so
[5.626s] -- Up-to-date symlink: /home/f1tenth/lab_ws25/install/slam_toolbox/share/slam_toolbox/srv/Pause.idl
[5.627s] -- Up-to-date symlink: /home/f1tenth/lab_ws25/install/slam_toolbox/share/slam_toolbox/srv/ClearQueue.idl
[5.627s] -- Up-to-date symlink: /home/f1tenth/lab_ws25/install/slam_toolbox/share/slam_toolbox/srv/ToggleInteractive.idl
[5.627s] -- Up-to-date symlink: /home/f1tenth/lab_ws25/install/slam_toolbox/share/slam_toolbox/srv/Clear.idl
[5.628s] -- Up-to-date symlink: /home/f1tenth/lab_ws25/install/slam_toolbox/share/slam_toolbox/srv/SaveMap.idl
[5.628s] -- Up-to-date symlink: /home/f1tenth/lab_ws25/install/slam_toolbox/share/slam_toolbox/srv/LoopClosure.idl
[5.629s] -- Up-to-date symlink: /home/f1tenth/lab_ws25/install/slam_toolbox/share/slam_toolbox/srv/MergeMaps.idl
[5.630s] -- Up-to-date symlink: /home/f1tenth/lab_ws25/install/slam_toolbox/share/slam_toolbox/srv/AddSubmap.idl
[5.631s] -- Up-to-date symlink: /home/f1tenth/lab_ws25/install/slam_toolbox/share/slam_toolbox/srv/DeserializePoseGraph.idl
[5.631s] -- Up-to-date symlink: /home/f1tenth/lab_ws25/install/slam_toolbox/share/slam_toolbox/srv/SerializePoseGraph.idl
[5.631s] -- Up-to-date symlink: /home/f1tenth/lab_ws25/install/slam_toolbox/share/slam_toolbox/srvs/Pause.srv
[5.631s] -- Up-to-date symlink: /home/f1tenth/lab_ws25/install/slam_toolbox/share/slam_toolbox/srvs/Pause_Request.msg
[5.631s] -- Up-to-date symlink: /home/f1tenth/lab_ws25/install/slam_toolbox/share/slam_toolbox/srvs/Pause_Response.msg
[5.633s] -- Up-to-date symlink: /home/f1tenth/lab_ws25/install/slam_toolbox/share/slam_toolbox/srvs/ClearQueue.srv
[5.634s] -- Up-to-date symlink: /home/f1tenth/lab_ws25/install/slam_toolbox/share/slam_toolbox/srvs/ClearQueue_Request.msg
[5.634s] -- Up-to-date symlink: /home/f1tenth/lab_ws25/install/slam_toolbox/share/slam_toolbox/srvs/ClearQueue_Response.msg
[5.636s] -- Up-to-date symlink: /home/f1tenth/lab_ws25/install/slam_toolbox/share/slam_toolbox/srvs/ToggleInteractive.srv
[5.636s] -- Up-to-date symlink: /home/f1tenth/lab_ws25/install/slam_toolbox/share/slam_toolbox/srvs/ToggleInteractive_Request.msg
[5.637s] -- Up-to-date symlink: /home/f1tenth/lab_ws25/install/slam_toolbox/share/slam_toolbox/srvs/ToggleInteractive_Response.msg
[5.637s] -- Up-to-date symlink: /home/f1tenth/lab_ws25/install/slam_toolbox/share/slam_toolbox/srvs/Clear.srv
[5.637s] -- Up-to-date symlink: /home/f1tenth/lab_ws25/install/slam_toolbox/share/slam_toolbox/srvs/Clear_Request.msg
[5.638s] -- Up-to-date symlink: /home/f1tenth/lab_ws25/install/slam_toolbox/share/slam_toolbox/srvs/Clear_Response.msg
[5.638s] -- Up-to-date symlink: /home/f1tenth/lab_ws25/install/slam_toolbox/share/slam_toolbox/srvs/SaveMap.srv
[5.638s] -- Up-to-date symlink: /home/f1tenth/lab_ws25/install/slam_toolbox/share/slam_toolbox/srvs/SaveMap_Request.msg
[5.639s] -- Up-to-date symlink: /home/f1tenth/lab_ws25/install/slam_toolbox/share/slam_toolbox/srvs/SaveMap_Response.msg
[5.639s] -- Up-to-date symlink: /home/f1tenth/lab_ws25/install/slam_toolbox/share/slam_toolbox/srvs/LoopClosure.srv
[5.640s] -- Up-to-date symlink: /home/f1tenth/lab_ws25/install/slam_toolbox/share/slam_toolbox/srvs/LoopClosure_Request.msg
[5.641s] -- Up-to-date symlink: /home/f1tenth/lab_ws25/install/slam_toolbox/share/slam_toolbox/srvs/LoopClosure_Response.msg
[5.642s] -- Up-to-date symlink: /home/f1tenth/lab_ws25/install/slam_toolbox/share/slam_toolbox/srvs/MergeMaps.srv
[5.642s] -- Up-to-date symlink: /home/f1tenth/lab_ws25/install/slam_toolbox/share/slam_toolbox/srvs/MergeMaps_Request.msg
[5.643s] -- Up-to-date symlink: /home/f1tenth/lab_ws25/install/slam_toolbox/share/slam_toolbox/srvs/MergeMaps_Response.msg
[5.643s] -- Up-to-date symlink: /home/f1tenth/lab_ws25/install/slam_toolbox/share/slam_toolbox/srvs/AddSubmap.srv
[5.644s] -- Up-to-date symlink: /home/f1tenth/lab_ws25/install/slam_toolbox/share/slam_toolbox/srvs/AddSubmap_Request.msg
[5.644s] -- Up-to-date symlink: /home/f1tenth/lab_ws25/install/slam_toolbox/share/slam_toolbox/srvs/AddSubmap_Response.msg
[5.644s] -- Up-to-date symlink: /home/f1tenth/lab_ws25/install/slam_toolbox/share/slam_toolbox/srvs/DeserializePoseGraph.srv
[5.645s] -- Up-to-date symlink: /home/f1tenth/lab_ws25/install/slam_toolbox/share/slam_toolbox/srvs/DeserializePoseGraph_Request.msg
[5.645s] -- Up-to-date symlink: /home/f1tenth/lab_ws25/install/slam_toolbox/share/slam_toolbox/srvs/DeserializePoseGraph_Response.msg
[5.647s] -- Up-to-date symlink: /home/f1tenth/lab_ws25/install/slam_toolbox/share/slam_toolbox/srvs/SerializePoseGraph.srv
[5.647s] -- Up-to-date symlink: /home/f1tenth/lab_ws25/install/slam_toolbox/share/slam_toolbox/srvs/SerializePoseGraph_Request.msg
[5.648s] -- Up-to-date symlink: /home/f1tenth/lab_ws25/install/slam_toolbox/share/slam_toolbox/srvs/SerializePoseGraph_Response.msg
[5.648s] -- Up-to-date symlink: /home/f1tenth/lab_ws25/install/slam_toolbox/share/slam_toolbox//rviz_plugins.xml
[5.648s] -- Up-to-date symlink: /home/f1tenth/lab_ws25/install/slam_toolbox/share/slam_toolbox//solver_plugins.xml
[5.650s] -- Up-to-date symlink: /home/f1tenth/lab_ws25/install/slam_toolbox/lib/slam_toolbox/async_slam_toolbox_node
[5.651s] -- Up-to-date symlink: /home/f1tenth/lab_ws25/install/slam_toolbox/lib/slam_toolbox/sync_slam_toolbox_node
[5.652s] -- Up-to-date symlink: /home/f1tenth/lab_ws25/install/slam_toolbox/lib/slam_toolbox/localization_slam_toolbox_node
[5.652s] -- Up-to-date symlink: /home/f1tenth/lab_ws25/install/slam_toolbox/lib/slam_toolbox/lifelong_slam_toolbox_node
[5.652s] -- Up-to-date symlink: /home/f1tenth/lab_ws25/install/slam_toolbox/lib/slam_toolbox/merge_maps_kinematic
[5.652s] -- Up-to-date symlink: /home/f1tenth/lab_ws25/install/slam_toolbox/lib/libtoolbox_common.so
[5.652s] -- Up-to-date symlink: /home/f1tenth/lab_ws25/install/slam_toolbox/lib/libSlamToolboxPlugin.so
[5.654s] -- Up-to-date symlink: /home/f1tenth/lab_ws25/install/slam_toolbox/lib/libceres_solver_plugin.so
[5.654s] -- Up-to-date symlink: /home/f1tenth/lab_ws25/install/slam_toolbox/lib/libasync_slam_toolbox.so
[5.655s] -- Up-to-date symlink: /home/f1tenth/lab_ws25/install/slam_toolbox/lib/libsync_slam_toolbox.so
[5.655s] -- Up-to-date symlink: /home/f1tenth/lab_ws25/install/slam_toolbox/lib/liblocalization_slam_toolbox.so
[5.656s] -- Up-to-date symlink: /home/f1tenth/lab_ws25/install/slam_toolbox/lib/liblifelong_slam_toolbox.so
[5.656s] -- Up-to-date symlink: /home/f1tenth/lab_ws25/install/slam_toolbox/include/slam_toolbox/experimental/slam_toolbox_lifelong.hpp
[5.656s] -- Up-to-date symlink: /home/f1tenth/lab_ws25/install/slam_toolbox/include/slam_toolbox/get_pose_helper.hpp
[5.657s] -- Up-to-date symlink: /home/f1tenth/lab_ws25/install/slam_toolbox/include/slam_toolbox/laser_utils.hpp
[5.658s] -- Up-to-date symlink: /home/f1tenth/lab_ws25/install/slam_toolbox/include/slam_toolbox/loop_closure_assistant.hpp
[5.658s] -- Up-to-date symlink: /home/f1tenth/lab_ws25/install/slam_toolbox/include/slam_toolbox/map_saver.hpp
[5.659s] -- Up-to-date symlink: /home/f1tenth/lab_ws25/install/slam_toolbox/include/slam_toolbox/merge_maps_kinematic.hpp
[5.659s] -- Up-to-date symlink: /home/f1tenth/lab_ws25/install/slam_toolbox/include/slam_toolbox/serialization.hpp
[5.659s] -- Up-to-date symlink: /home/f1tenth/lab_ws25/install/slam_toolbox/include/slam_toolbox/slam_mapper.hpp
[5.660s] -- Up-to-date symlink: /home/f1tenth/lab_ws25/install/slam_toolbox/include/slam_toolbox/slam_toolbox_async.hpp
[5.660s] -- Up-to-date symlink: /home/f1tenth/lab_ws25/install/slam_toolbox/include/slam_toolbox/slam_toolbox_common.hpp
[5.660s] -- Up-to-date symlink: /home/f1tenth/lab_ws25/install/slam_toolbox/include/slam_toolbox/slam_toolbox_localization.hpp
[5.660s] -- Up-to-date symlink: /home/f1tenth/lab_ws25/install/slam_toolbox/include/slam_toolbox/slam_toolbox_sync.hpp
[5.661s] -- Up-to-date symlink: /home/f1tenth/lab_ws25/install/slam_toolbox/include/slam_toolbox/snap_utils.hpp
[5.661s] -- Up-to-date symlink: /home/f1tenth/lab_ws25/install/slam_toolbox/include/slam_toolbox/toolbox_msgs.hpp
[5.662s] -- Up-to-date symlink: /home/f1tenth/lab_ws25/install/slam_toolbox/include/slam_toolbox/toolbox_types.hpp
[5.663s] -- Up-to-date symlink: /home/f1tenth/lab_ws25/install/slam_toolbox/include/slam_toolbox/visualization_utils.hpp
[5.663s] -- Up-to-date symlink: /home/f1tenth/lab_ws25/install/slam_toolbox/share/slam_toolbox/launch/lifelong_launch.py
[5.663s] -- Up-to-date symlink: /home/f1tenth/lab_ws25/install/slam_toolbox/share/slam_toolbox/launch/localization_launch.py
[5.664s] -- Up-to-date symlink: /home/f1tenth/lab_ws25/install/slam_toolbox/share/slam_toolbox/launch/merge_maps_kinematic_launch.py
[5.664s] -- Up-to-date symlink: /home/f1tenth/lab_ws25/install/slam_toolbox/share/slam_toolbox/launch/offline_launch.py
[5.664s] -- Up-to-date symlink: /home/f1tenth/lab_ws25/install/slam_toolbox/share/slam_toolbox/launch/online_async_launch.py
[5.664s] -- Up-to-date symlink: /home/f1tenth/lab_ws25/install/slam_toolbox/share/slam_toolbox/launch/online_sync_launch.py
[5.664s] -- Up-to-date symlink: /home/f1tenth/lab_ws25/install/slam_toolbox/share/slam_toolbox/config/mapper_params_lifelong.yaml
[5.664s] -- Up-to-date symlink: /home/f1tenth/lab_ws25/install/slam_toolbox/share/slam_toolbox/config/mapper_params_localization.yaml
[5.664s] -- Up-to-date symlink: /home/f1tenth/lab_ws25/install/slam_toolbox/share/slam_toolbox/config/mapper_params_offline.yaml
[5.664s] -- Up-to-date symlink: /home/f1tenth/lab_ws25/install/slam_toolbox/share/slam_toolbox/config/mapper_params_online_async.yaml
[5.664s] -- Up-to-date symlink: /home/f1tenth/lab_ws25/install/slam_toolbox/share/slam_toolbox/config/mapper_params_online_sync.yaml
[5.665s] -- Up-to-date symlink: /home/f1tenth/lab_ws25/install/slam_toolbox/share/solver_plugins.xml
[5.665s] -- Up-to-date symlink: /home/f1tenth/lab_ws25/install/slam_toolbox/share/rviz_plugins.xml
[5.665s] -- Up-to-date symlink: /home/f1tenth/lab_ws25/install/slam_toolbox/share/ament_index/resource_index/package_run_dependencies/slam_toolbox
[5.665s] -- Up-to-date symlink: /home/f1tenth/lab_ws25/install/slam_toolbox/share/ament_index/resource_index/parent_prefix_path/slam_toolbox
[5.665s] -- Up-to-date symlink: /home/f1tenth/lab_ws25/install/slam_toolbox/share/slam_toolbox/environment/ament_prefix_path.sh
[5.665s] -- Up-to-date symlink: /home/f1tenth/lab_ws25/install/slam_toolbox/share/slam_toolbox/environment/ament_prefix_path.dsv
[5.665s] -- Up-to-date symlink: /home/f1tenth/lab_ws25/install/slam_toolbox/share/slam_toolbox/environment/path.sh
[5.665s] -- Up-to-date symlink: /home/f1tenth/lab_ws25/install/slam_toolbox/share/slam_toolbox/environment/path.dsv
[5.666s] -- Up-to-date symlink: /home/f1tenth/lab_ws25/install/slam_toolbox/share/slam_toolbox/local_setup.bash
[5.666s] -- Up-to-date symlink: /home/f1tenth/lab_ws25/install/slam_toolbox/share/slam_toolbox/local_setup.sh
[5.666s] -- Up-to-date symlink: /home/f1tenth/lab_ws25/install/slam_toolbox/share/slam_toolbox/local_setup.zsh
[5.666s] -- Up-to-date symlink: /home/f1tenth/lab_ws25/install/slam_toolbox/share/slam_toolbox/local_setup.dsv
[5.666s] -- Symlinking: /home/f1tenth/lab_ws25/install/slam_toolbox/share/slam_toolbox/package.dsv
[5.726s] -- Up-to-date symlink: /home/f1tenth/lab_ws25/install/slam_toolbox/share/ament_index/resource_index/packages/slam_toolbox
[5.727s] -- Up-to-date symlink: /home/f1tenth/lab_ws25/install/slam_toolbox/share/ament_index/resource_index/rviz_common__pluginlib__plugin/slam_toolbox
[5.728s] -- Up-to-date symlink: /home/f1tenth/lab_ws25/install/slam_toolbox/share/ament_index/resource_index/slam_toolbox__pluginlib__plugin/slam_toolbox
[5.729s] -- Up-to-date symlink: /home/f1tenth/lab_ws25/install/slam_toolbox/share/slam_toolbox/cmake/rosidl_cmake-extras.cmake
[5.731s] -- Up-to-date symlink: /home/f1tenth/lab_ws25/install/slam_toolbox/share/slam_toolbox/cmake/ament_cmake_export_dependencies-extras.cmake
[5.733s] -- Up-to-date symlink: /home/f1tenth/lab_ws25/install/slam_toolbox/share/slam_toolbox/cmake/ament_cmake_export_libraries-extras.cmake
[5.734s] -- Up-to-date symlink: /home/f1tenth/lab_ws25/install/slam_toolbox/share/slam_toolbox/cmake/ament_cmake_export_targets-extras.cmake
[5.738s] -- Up-to-date symlink: /home/f1tenth/lab_ws25/install/slam_toolbox/share/slam_toolbox/cmake/ament_cmake_export_include_directories-extras.cmake
[5.740s] -- Up-to-date symlink: /home/f1tenth/lab_ws25/install/slam_toolbox/share/slam_toolbox/cmake/rosidl_cmake_export_typesupport_libraries-extras.cmake
[5.741s] -- Up-to-date symlink: /home/f1tenth/lab_ws25/install/slam_toolbox/share/slam_toolbox/cmake/rosidl_cmake_export_typesupport_targets-extras.cmake
[5.742s] -- Up-to-date symlink: /home/f1tenth/lab_ws25/install/slam_toolbox/share/slam_toolbox/cmake/slam_toolboxConfig.cmake
[5.743s] -- Up-to-date symlink: /home/f1tenth/lab_ws25/install/slam_toolbox/share/slam_toolbox/cmake/slam_toolboxConfig-version.cmake
[5.744s] -- Up-to-date symlink: /home/f1tenth/lab_ws25/install/slam_toolbox/share/slam_toolbox/package.xml
[5.745s] -- Up-to-date: /home/f1tenth/lab_ws25/install/slam_toolbox/lib/libslam_toolbox__rosidl_generator_c.so
[5.746s] -- Up-to-date: /home/f1tenth/lab_ws25/install/slam_toolbox/lib/libslam_toolbox__rosidl_typesupport_introspection_c.so
[5.748s] -- Up-to-date: /home/f1tenth/lab_ws25/install/slam_toolbox/lib/libslam_toolbox__rosidl_typesupport_c.so
[5.750s] -- Up-to-date: /home/f1tenth/lab_ws25/install/slam_toolbox/lib/libslam_toolbox__rosidl_typesupport_introspection_cpp.so
[5.752s] -- Up-to-date: /home/f1tenth/lab_ws25/install/slam_toolbox/lib/libslam_toolbox__rosidl_typesupport_cpp.so
[5.869s] -- Up-to-date: /home/f1tenth/lab_ws25/install/slam_toolbox/share/slam_toolbox/cmake/slam_toolbox__rosidl_generator_cExport.cmake
[5.870s] -- Up-to-date: /home/f1tenth/lab_ws25/install/slam_toolbox/share/slam_toolbox/cmake/slam_toolbox__rosidl_generator_cExport-release.cmake
[5.872s] -- Up-to-date: /home/f1tenth/lab_ws25/install/slam_toolbox/share/slam_toolbox/cmake/slam_toolbox__rosidl_typesupport_introspection_cExport.cmake
[5.872s] -- Up-to-date: /home/f1tenth/lab_ws25/install/slam_toolbox/share/slam_toolbox/cmake/slam_toolbox__rosidl_typesupport_introspection_cExport-release.cmake
[5.875s] -- Up-to-date: /home/f1tenth/lab_ws25/install/slam_toolbox/share/slam_toolbox/cmake/slam_toolbox__rosidl_typesupport_cExport.cmake
[5.876s] -- Up-to-date: /home/f1tenth/lab_ws25/install/slam_toolbox/share/slam_toolbox/cmake/slam_toolbox__rosidl_typesupport_cExport-release.cmake
[5.877s] -- Up-to-date: /home/f1tenth/lab_ws25/install/slam_toolbox/share/slam_toolbox/cmake/slam_toolbox__rosidl_generator_cppExport.cmake
[5.878s] -- Up-to-date: /home/f1tenth/lab_ws25/install/slam_toolbox/share/slam_toolbox/cmake/slam_toolbox__rosidl_typesupport_introspection_cppExport.cmake
[5.878s] -- Up-to-date: /home/f1tenth/lab_ws25/install/slam_toolbox/share/slam_toolbox/cmake/slam_toolbox__rosidl_typesupport_introspection_cppExport-release.cmake
[5.879s] -- Up-to-date: /home/f1tenth/lab_ws25/install/slam_toolbox/share/slam_toolbox/cmake/slam_toolbox__rosidl_typesupport_cppExport.cmake
[5.880s] -- Up-to-date: /home/f1tenth/lab_ws25/install/slam_toolbox/share/slam_toolbox/cmake/slam_toolbox__rosidl_typesupport_cppExport-release.cmake
[5.881s] -- Up-to-date: /home/f1tenth/lab_ws25/install/slam_toolbox/share/slam_toolbox/cmake/SlamToolboxPluginExport.cmake
[5.881s] -- Up-to-date: /home/f1tenth/lab_ws25/install/slam_toolbox/share/slam_toolbox/cmake/SlamToolboxPluginExport-release.cmake
[5.892s] Invoked command in '/home/f1tenth/lab_ws25/build/slam_toolbox' returned '0': CMAKE_PREFIX_PATH=/home/f1tenth/lab_ws25/install/waypoint_visualizer:/home/f1tenth/lab_ws25/install/slam_toolbox:/home/f1tenth/lab_ws25/install/stanley_avoidance:/home/f1tenth/lab_ws25/install/safety_node:/home/f1tenth/lab_ws25/install/rrt:/home/f1tenth/lab_ws25/install/particle_filter:/home/f1tenth/lab_ws25/install/follow_the_gap:/opt/ros/foxy:/home/f1tenth/lab_ws25/install/ros_deep_learning:/home/f1tenth/lab_ws25/install/pure_pursuit /usr/bin/cmake --install /home/f1tenth/lab_ws25/build/slam_toolbox
