[1.862s] Invoking command in '/home/f1tenth/lab_ws25/build/ros_deep_learning': CMAKE_PREFIX_PATH=/home/f1tenth/lab_ws25/install/slam_toolbox:/home/f1tenth/lab_ws25/install/safety_node:/home/f1tenth/lab_ws25/install/particle_filter:/home/f1tenth/lab_ws25/install/follow_the_gap:/opt/ros/foxy:/home/f1tenth/lab_ws25/install/ros_deep_learning /usr/bin/cmake --build /home/f1tenth/lab_ws25/build/ros_deep_learning -- -j6 -l6
[2.787s] [ 40%] Built target imagenet
[2.788s] [ 40%] Built target detectnet
[2.788s] [ 60%] Built target segnet
[2.790s] [ 80%] Built target video_source
[2.790s] [100%] Built target video_output
[2.791s] Invoked command in '/home/f1tenth/lab_ws25/build/ros_deep_learning' returned '0': CMAKE_PREFIX_PATH=/home/f1tenth/lab_ws25/install/slam_toolbox:/home/f1tenth/lab_ws25/install/safety_node:/home/f1tenth/lab_ws25/install/particle_filter:/home/f1tenth/lab_ws25/install/follow_the_gap:/opt/ros/foxy:/home/f1tenth/lab_ws25/install/ros_deep_learning /usr/bin/cmake --build /home/f1tenth/lab_ws25/build/ros_deep_learning -- -j6 -l6
[2.823s] Invoking command in '/home/f1tenth/lab_ws25/build/ros_deep_learning': CMAKE_PREFIX_PATH=/home/f1tenth/lab_ws25/install/slam_toolbox:/home/f1tenth/lab_ws25/install/safety_node:/home/f1tenth/lab_ws25/install/particle_filter:/home/f1tenth/lab_ws25/install/follow_the_gap:/opt/ros/foxy:/home/f1tenth/lab_ws25/install/ros_deep_learning /usr/bin/cmake --install /home/f1tenth/lab_ws25/build/ros_deep_learning
[2.849s] -- Install configuration: ""
[2.850s] -- Up-to-date: /home/f1tenth/lab_ws25/install/ros_deep_learning/lib/ros_deep_learning/imagenet
[2.850s] -- Up-to-date: /home/f1tenth/lab_ws25/install/ros_deep_learning/lib/ros_deep_learning/detectnet
[2.850s] -- Up-to-date: /home/f1tenth/lab_ws25/install/ros_deep_learning/lib/ros_deep_learning/segnet
[2.850s] -- Up-to-date: /home/f1tenth/lab_ws25/install/ros_deep_learning/lib/ros_deep_learning/video_source
[2.851s] -- Up-to-date: /home/f1tenth/lab_ws25/install/ros_deep_learning/lib/ros_deep_learning/video_output
[2.851s] -- Up-to-date: /home/f1tenth/lab_ws25/install/ros_deep_learning/share/ros_deep_learning//launch
[2.851s] -- Up-to-date: /home/f1tenth/lab_ws25/install/ros_deep_learning/share/ros_deep_learning//launch/imagenet.ros1.launch
[2.851s] -- Up-to-date: /home/f1tenth/lab_ws25/install/ros_deep_learning/share/ros_deep_learning//launch/segnet.ros2.launch
[2.851s] -- Up-to-date: /home/f1tenth/lab_ws25/install/ros_deep_learning/share/ros_deep_learning//launch/video_source.ros1.launch
[2.852s] -- Up-to-date: /home/f1tenth/lab_ws25/install/ros_deep_learning/share/ros_deep_learning//launch/video_output.ros1.launch
[2.852s] -- Up-to-date: /home/f1tenth/lab_ws25/install/ros_deep_learning/share/ros_deep_learning//launch/segnet.ros1.launch
[2.852s] -- Up-to-date: /home/f1tenth/lab_ws25/install/ros_deep_learning/share/ros_deep_learning//launch/detectnet.ros1.launch
[2.852s] -- Up-to-date: /home/f1tenth/lab_ws25/install/ros_deep_learning/share/ros_deep_learning//launch/video_source.ros2.launch
[2.852s] -- Installing: /home/f1tenth/lab_ws25/install/ros_deep_learning/share/ros_deep_learning//launch/detectnet.ros2.launch
[2.853s] -- Up-to-date: /home/f1tenth/lab_ws25/install/ros_deep_learning/share/ros_deep_learning//launch/video_viewer.ros2.launch
[2.853s] -- Up-to-date: /home/f1tenth/lab_ws25/install/ros_deep_learning/share/ros_deep_learning//launch/imagenet.ros2.launch
[2.853s] -- Up-to-date: /home/f1tenth/lab_ws25/install/ros_deep_learning/share/ros_deep_learning//launch/video_output.ros2.launch
[2.853s] -- Up-to-date: /home/f1tenth/lab_ws25/install/ros_deep_learning/share/ros_deep_learning//launch/video_viewer.ros1.launch
[2.854s] -- Up-to-date: /home/f1tenth/lab_ws25/install/ros_deep_learning/share/ament_index/resource_index/package_run_dependencies/ros_deep_learning
[2.854s] -- Up-to-date: /home/f1tenth/lab_ws25/install/ros_deep_learning/share/ament_index/resource_index/parent_prefix_path/ros_deep_learning
[2.854s] -- Up-to-date: /home/f1tenth/lab_ws25/install/ros_deep_learning/share/ros_deep_learning/environment/ament_prefix_path.sh
[2.854s] -- Up-to-date: /home/f1tenth/lab_ws25/install/ros_deep_learning/share/ros_deep_learning/environment/ament_prefix_path.dsv
[2.854s] -- Up-to-date: /home/f1tenth/lab_ws25/install/ros_deep_learning/share/ros_deep_learning/environment/path.sh
[2.854s] -- Up-to-date: /home/f1tenth/lab_ws25/install/ros_deep_learning/share/ros_deep_learning/environment/path.dsv
[2.854s] -- Up-to-date: /home/f1tenth/lab_ws25/install/ros_deep_learning/share/ros_deep_learning/local_setup.bash
[2.855s] -- Up-to-date: /home/f1tenth/lab_ws25/install/ros_deep_learning/share/ros_deep_learning/local_setup.sh
[2.855s] -- Up-to-date: /home/f1tenth/lab_ws25/install/ros_deep_learning/share/ros_deep_learning/local_setup.zsh
[2.855s] -- Up-to-date: /home/f1tenth/lab_ws25/install/ros_deep_learning/share/ros_deep_learning/local_setup.dsv
[2.855s] -- Up-to-date: /home/f1tenth/lab_ws25/install/ros_deep_learning/share/ros_deep_learning/package.dsv
[2.855s] -- Up-to-date: /home/f1tenth/lab_ws25/install/ros_deep_learning/share/ament_index/resource_index/packages/ros_deep_learning
[2.855s] -- Up-to-date: /home/f1tenth/lab_ws25/install/ros_deep_learning/share/ros_deep_learning/cmake/ros_deep_learningConfig.cmake
[2.855s] -- Up-to-date: /home/f1tenth/lab_ws25/install/ros_deep_learning/share/ros_deep_learning/cmake/ros_deep_learningConfig-version.cmake
[2.856s] -- Up-to-date: /home/f1tenth/lab_ws25/install/ros_deep_learning/share/ros_deep_learning/package.xml
[2.874s] Invoked command in '/home/f1tenth/lab_ws25/build/ros_deep_learning' returned '0': CMAKE_PREFIX_PATH=/home/f1tenth/lab_ws25/install/slam_toolbox:/home/f1tenth/lab_ws25/install/safety_node:/home/f1tenth/lab_ws25/install/particle_filter:/home/f1tenth/lab_ws25/install/follow_the_gap:/opt/ros/foxy:/home/f1tenth/lab_ws25/install/ros_deep_learning /usr/bin/cmake --install /home/f1tenth/lab_ws25/build/ros_deep_learning
