[6.359s] Invoking command in '/home/f1tenth/f1tenth_ws/build/vesc_ackermann': CMAKE_PREFIX_PATH=/home/f1tenth/f1tenth_ws/install/vesc_msgs:/home/f1tenth/f1tenth_ws/install/vesc:/home/f1tenth/f1tenth_ws/install/vesc_driver:/home/f1tenth/f1tenth_ws/install/vesc_ackermann:/home/f1tenth/f1tenth_ws/install/teleop_tools:/home/f1tenth/f1tenth_ws/install/teleop_tools_msgs:/home/f1tenth/f1tenth_ws/install/mind_stack_localization_test:/home/f1tenth/f1tenth_ws/install/ackermann_mux:/home/f1tenth/f1tenth_ws/install/f1tenth_stack:/home/f1tenth/f1tenth_ws/install/joy_teleop:/home/f1tenth/f1tenth_ws/install/safety_node:/home/f1tenth/f1tenth_ws/install/mouse_teleop:/home/f1tenth/f1tenth_ws/install/key_teleop:/opt/ros/foxy LD_LIBRARY_PATH=/home/f1tenth/f1tenth_ws/install/vesc_msgs/lib:/home/f1tenth/f1tenth_ws/install/vesc_driver/lib:/home/f1tenth/f1tenth_ws/install/vesc_ackermann/lib:/home/f1tenth/f1tenth_ws/install/teleop_tools_msgs/lib:/opt/ros/foxy/opt/yaml_cpp_vendor/lib:/opt/ros/foxy/opt/rviz_ogre_vendor/lib:/opt/ros/foxy/lib/aarch64-linux-gnu:/opt/ros/foxy/lib:/usr/local/cuda-11.4/lib64 PYTHONPATH=/home/f1tenth/f1tenth_ws/install/vesc_msgs/lib/python3.8/site-packages:/home/f1tenth/f1tenth_ws/install/f1tenth_stack/lib/python3.8/site-packages:/home/f1tenth/f1tenth_ws/install/joy_teleop/lib/python3.8/site-packages:/home/f1tenth/f1tenth_ws/install/teleop_tools_msgs/lib/python3.8/site-packages:/home/f1tenth/f1tenth_ws/install/safety_node/lib/python3.8/site-packages:/home/f1tenth/f1tenth_ws/install/mouse_teleop/lib/python3.8/site-packages:/home/f1tenth/f1tenth_ws/install/mind_stack_localization_test/lib/python3.8/site-packages:/home/f1tenth/f1tenth_ws/install/key_teleop/lib/python3.8/site-packages:/opt/ros/foxy/lib/python3.8/site-packages /usr/bin/cmake --build /home/f1tenth/f1tenth_ws/build/vesc_ackermann -- -j6 -l6
[6.508s] [ 28%] Built target vesc_to_odom_node
[6.536s] [ 71%] Built target ackermann_to_vesc_node
[6.537s] [100%] Built target vesc_ackermann
[8.165s] Invoked command in '/home/f1tenth/f1tenth_ws/build/vesc_ackermann' returned '0': CMAKE_PREFIX_PATH=/home/f1tenth/f1tenth_ws/install/vesc_msgs:/home/f1tenth/f1tenth_ws/install/vesc:/home/f1tenth/f1tenth_ws/install/vesc_driver:/home/f1tenth/f1tenth_ws/install/vesc_ackermann:/home/f1tenth/f1tenth_ws/install/teleop_tools:/home/f1tenth/f1tenth_ws/install/teleop_tools_msgs:/home/f1tenth/f1tenth_ws/install/mind_stack_localization_test:/home/f1tenth/f1tenth_ws/install/ackermann_mux:/home/f1tenth/f1tenth_ws/install/f1tenth_stack:/home/f1tenth/f1tenth_ws/install/joy_teleop:/home/f1tenth/f1tenth_ws/install/safety_node:/home/f1tenth/f1tenth_ws/install/mouse_teleop:/home/f1tenth/f1tenth_ws/install/key_teleop:/opt/ros/foxy LD_LIBRARY_PATH=/home/f1tenth/f1tenth_ws/install/vesc_msgs/lib:/home/f1tenth/f1tenth_ws/install/vesc_driver/lib:/home/f1tenth/f1tenth_ws/install/vesc_ackermann/lib:/home/f1tenth/f1tenth_ws/install/teleop_tools_msgs/lib:/opt/ros/foxy/opt/yaml_cpp_vendor/lib:/opt/ros/foxy/opt/rviz_ogre_vendor/lib:/opt/ros/foxy/lib/aarch64-linux-gnu:/opt/ros/foxy/lib:/usr/local/cuda-11.4/lib64 PYTHONPATH=/home/f1tenth/f1tenth_ws/install/vesc_msgs/lib/python3.8/site-packages:/home/f1tenth/f1tenth_ws/install/f1tenth_stack/lib/python3.8/site-packages:/home/f1tenth/f1tenth_ws/install/joy_teleop/lib/python3.8/site-packages:/home/f1tenth/f1tenth_ws/install/teleop_tools_msgs/lib/python3.8/site-packages:/home/f1tenth/f1tenth_ws/install/safety_node/lib/python3.8/site-packages:/home/f1tenth/f1tenth_ws/install/mouse_teleop/lib/python3.8/site-packages:/home/f1tenth/f1tenth_ws/install/mind_stack_localization_test/lib/python3.8/site-packages:/home/f1tenth/f1tenth_ws/install/key_teleop/lib/python3.8/site-packages:/opt/ros/foxy/lib/python3.8/site-packages /usr/bin/cmake --build /home/f1tenth/f1tenth_ws/build/vesc_ackermann -- -j6 -l6
[8.250s] Invoking command in '/home/f1tenth/f1tenth_ws/build/vesc_ackermann': CMAKE_PREFIX_PATH=/home/f1tenth/f1tenth_ws/install/vesc_msgs:/home/f1tenth/f1tenth_ws/install/vesc:/home/f1tenth/f1tenth_ws/install/vesc_driver:/home/f1tenth/f1tenth_ws/install/vesc_ackermann:/home/f1tenth/f1tenth_ws/install/teleop_tools:/home/f1tenth/f1tenth_ws/install/teleop_tools_msgs:/home/f1tenth/f1tenth_ws/install/mind_stack_localization_test:/home/f1tenth/f1tenth_ws/install/ackermann_mux:/home/f1tenth/f1tenth_ws/install/f1tenth_stack:/home/f1tenth/f1tenth_ws/install/joy_teleop:/home/f1tenth/f1tenth_ws/install/safety_node:/home/f1tenth/f1tenth_ws/install/mouse_teleop:/home/f1tenth/f1tenth_ws/install/key_teleop:/opt/ros/foxy LD_LIBRARY_PATH=/home/f1tenth/f1tenth_ws/install/vesc_msgs/lib:/home/f1tenth/f1tenth_ws/install/vesc_driver/lib:/home/f1tenth/f1tenth_ws/install/vesc_ackermann/lib:/home/f1tenth/f1tenth_ws/install/teleop_tools_msgs/lib:/opt/ros/foxy/opt/yaml_cpp_vendor/lib:/opt/ros/foxy/opt/rviz_ogre_vendor/lib:/opt/ros/foxy/lib/aarch64-linux-gnu:/opt/ros/foxy/lib:/usr/local/cuda-11.4/lib64 PYTHONPATH=/home/f1tenth/f1tenth_ws/install/vesc_msgs/lib/python3.8/site-packages:/home/f1tenth/f1tenth_ws/install/f1tenth_stack/lib/python3.8/site-packages:/home/f1tenth/f1tenth_ws/install/joy_teleop/lib/python3.8/site-packages:/home/f1tenth/f1tenth_ws/install/teleop_tools_msgs/lib/python3.8/site-packages:/home/f1tenth/f1tenth_ws/install/safety_node/lib/python3.8/site-packages:/home/f1tenth/f1tenth_ws/install/mouse_teleop/lib/python3.8/site-packages:/home/f1tenth/f1tenth_ws/install/mind_stack_localization_test/lib/python3.8/site-packages:/home/f1tenth/f1tenth_ws/install/key_teleop/lib/python3.8/site-packages:/opt/ros/foxy/lib/python3.8/site-packages /usr/bin/cmake --install /home/f1tenth/f1tenth_ws/build/vesc_ackermann
[8.275s] -- Install configuration: ""
[8.276s] -- Up-to-date: /home/f1tenth/f1tenth_ws/install/vesc_ackermann/lib/vesc_ackermann/ackermann_to_vesc_node
[8.276s] -- Up-to-date: /home/f1tenth/f1tenth_ws/install/vesc_ackermann/lib/vesc_ackermann/vesc_to_odom_node
[8.276s] -- Up-to-date: /home/f1tenth/f1tenth_ws/install/vesc_ackermann/include
[8.277s] -- Up-to-date: /home/f1tenth/f1tenth_ws/install/vesc_ackermann/include/vesc_ackermann
[8.277s] -- Up-to-date: /home/f1tenth/f1tenth_ws/install/vesc_ackermann/include/vesc_ackermann/ackermann_to_vesc.hpp
[8.277s] -- Up-to-date: /home/f1tenth/f1tenth_ws/install/vesc_ackermann/include/vesc_ackermann/vesc_to_odom.hpp
[8.277s] -- Up-to-date: /home/f1tenth/f1tenth_ws/install/vesc_ackermann/share/vesc_ackermann/environment/library_path.sh
[8.277s] -- Up-to-date: /home/f1tenth/f1tenth_ws/install/vesc_ackermann/share/vesc_ackermann/environment/library_path.dsv
[8.278s] -- Up-to-date: /home/f1tenth/f1tenth_ws/install/vesc_ackermann/lib/libvesc_ackermann.so
[8.278s] -- Up-to-date: /home/f1tenth/f1tenth_ws/install/vesc_ackermann/share/vesc_ackermann/launch
[8.278s] -- Up-to-date: /home/f1tenth/f1tenth_ws/install/vesc_ackermann/share/vesc_ackermann/launch/vesc_to_odom_node.launch.xml
[8.280s] -- Up-to-date: /home/f1tenth/f1tenth_ws/install/vesc_ackermann/share/vesc_ackermann/launch/ackermann_to_vesc_node.launch.xml
[8.280s] -- Up-to-date: /home/f1tenth/f1tenth_ws/install/vesc_ackermann/share/ament_index/resource_index/package_run_dependencies/vesc_ackermann
[8.280s] -- Up-to-date: /home/f1tenth/f1tenth_ws/install/vesc_ackermann/share/ament_index/resource_index/parent_prefix_path/vesc_ackermann
[8.281s] -- Up-to-date: /home/f1tenth/f1tenth_ws/install/vesc_ackermann/share/vesc_ackermann/environment/ament_prefix_path.sh
[8.281s] -- Up-to-date: /home/f1tenth/f1tenth_ws/install/vesc_ackermann/share/vesc_ackermann/environment/ament_prefix_path.dsv
[8.281s] -- Up-to-date: /home/f1tenth/f1tenth_ws/install/vesc_ackermann/share/vesc_ackermann/environment/path.sh
[8.281s] -- Up-to-date: /home/f1tenth/f1tenth_ws/install/vesc_ackermann/share/vesc_ackermann/environment/path.dsv
[8.281s] -- Up-to-date: /home/f1tenth/f1tenth_ws/install/vesc_ackermann/share/vesc_ackermann/local_setup.bash
[8.281s] -- Up-to-date: /home/f1tenth/f1tenth_ws/install/vesc_ackermann/share/vesc_ackermann/local_setup.sh
[8.281s] -- Up-to-date: /home/f1tenth/f1tenth_ws/install/vesc_ackermann/share/vesc_ackermann/local_setup.zsh
[8.281s] -- Up-to-date: /home/f1tenth/f1tenth_ws/install/vesc_ackermann/share/vesc_ackermann/local_setup.dsv
[8.282s] -- Installing: /home/f1tenth/f1tenth_ws/install/vesc_ackermann/share/vesc_ackermann/package.dsv
[8.282s] -- Up-to-date: /home/f1tenth/f1tenth_ws/install/vesc_ackermann/share/ament_index/resource_index/packages/vesc_ackermann
[8.282s] -- Up-to-date: /home/f1tenth/f1tenth_ws/install/vesc_ackermann/share/ament_index/resource_index/rclcpp_components/vesc_ackermann
[8.282s] -- Up-to-date: /home/f1tenth/f1tenth_ws/install/vesc_ackermann/share/vesc_ackermann/cmake/ament_cmake_export_dependencies-extras.cmake
[8.282s] -- Up-to-date: /home/f1tenth/f1tenth_ws/install/vesc_ackermann/share/vesc_ackermann/cmake/ament_cmake_export_include_directories-extras.cmake
[8.283s] -- Up-to-date: /home/f1tenth/f1tenth_ws/install/vesc_ackermann/share/vesc_ackermann/cmake/ament_cmake_export_libraries-extras.cmake
[8.283s] -- Up-to-date: /home/f1tenth/f1tenth_ws/install/vesc_ackermann/share/vesc_ackermann/cmake/vesc_ackermannConfig.cmake
[8.283s] -- Up-to-date: /home/f1tenth/f1tenth_ws/install/vesc_ackermann/share/vesc_ackermann/cmake/vesc_ackermannConfig-version.cmake
[8.283s] -- Up-to-date: /home/f1tenth/f1tenth_ws/install/vesc_ackermann/share/vesc_ackermann/package.xml
[8.287s] Invoked command in '/home/f1tenth/f1tenth_ws/build/vesc_ackermann' returned '0': CMAKE_PREFIX_PATH=/home/f1tenth/f1tenth_ws/install/vesc_msgs:/home/f1tenth/f1tenth_ws/install/vesc:/home/f1tenth/f1tenth_ws/install/vesc_driver:/home/f1tenth/f1tenth_ws/install/vesc_ackermann:/home/f1tenth/f1tenth_ws/install/teleop_tools:/home/f1tenth/f1tenth_ws/install/teleop_tools_msgs:/home/f1tenth/f1tenth_ws/install/mind_stack_localization_test:/home/f1tenth/f1tenth_ws/install/ackermann_mux:/home/f1tenth/f1tenth_ws/install/f1tenth_stack:/home/f1tenth/f1tenth_ws/install/joy_teleop:/home/f1tenth/f1tenth_ws/install/safety_node:/home/f1tenth/f1tenth_ws/install/mouse_teleop:/home/f1tenth/f1tenth_ws/install/key_teleop:/opt/ros/foxy LD_LIBRARY_PATH=/home/f1tenth/f1tenth_ws/install/vesc_msgs/lib:/home/f1tenth/f1tenth_ws/install/vesc_driver/lib:/home/f1tenth/f1tenth_ws/install/vesc_ackermann/lib:/home/f1tenth/f1tenth_ws/install/teleop_tools_msgs/lib:/opt/ros/foxy/opt/yaml_cpp_vendor/lib:/opt/ros/foxy/opt/rviz_ogre_vendor/lib:/opt/ros/foxy/lib/aarch64-linux-gnu:/opt/ros/foxy/lib:/usr/local/cuda-11.4/lib64 PYTHONPATH=/home/f1tenth/f1tenth_ws/install/vesc_msgs/lib/python3.8/site-packages:/home/f1tenth/f1tenth_ws/install/f1tenth_stack/lib/python3.8/site-packages:/home/f1tenth/f1tenth_ws/install/joy_teleop/lib/python3.8/site-packages:/home/f1tenth/f1tenth_ws/install/teleop_tools_msgs/lib/python3.8/site-packages:/home/f1tenth/f1tenth_ws/install/safety_node/lib/python3.8/site-packages:/home/f1tenth/f1tenth_ws/install/mouse_teleop/lib/python3.8/site-packages:/home/f1tenth/f1tenth_ws/install/mind_stack_localization_test/lib/python3.8/site-packages:/home/f1tenth/f1tenth_ws/install/key_teleop/lib/python3.8/site-packages:/opt/ros/foxy/lib/python3.8/site-packages /usr/bin/cmake --install /home/f1tenth/f1tenth_ws/build/vesc_ackermann
