[4.941s] Invoking command in '/home/f1tenth/lab_ws25/build/safety_node': PYTHONPATH=/home/f1tenth/lab_ws25/build/safety_node/prefix_override:/usr/lib/python3/dist-packages/colcon_core/task/python/colcon_distutils_commands:/home/f1tenth/lab_ws25/install/safety_node/lib/python3.8/site-packages:${PYTHONPATH} /usr/bin/python3 -W ignore:setup.py install is deprecated -W ignore:easy_install command is deprecated setup.py develop --uninstall --editable --build-directory /home/f1tenth/lab_ws25/build/safety_node/build
[5.663s] /usr/local/lib/python3.8/dist-packages/setuptools/dist.py:771: UserWarning: Usage of dash-separated 'script-dir' will not be supported in future versions. Please use the underscore name 'script_dir' instead
[5.664s]   warnings.warn(
[5.857s] running develop
[6.477s] Removing /home/f1tenth/lab_ws25/install/safety_node/lib/python3.8/site-packages/safety-node.egg-link (link to .)
[6.629s] Invoked command in '/home/f1tenth/lab_ws25/build/safety_node' returned '0': PYTHONPATH=/home/f1tenth/lab_ws25/build/safety_node/prefix_override:/usr/lib/python3/dist-packages/colcon_core/task/python/colcon_distutils_commands:/home/f1tenth/lab_ws25/install/safety_node/lib/python3.8/site-packages:${PYTHONPATH} /usr/bin/python3 -W ignore:setup.py install is deprecated -W ignore:easy_install command is deprecated setup.py develop --uninstall --editable --build-directory /home/f1tenth/lab_ws25/build/safety_node/build
[6.636s] Invoking command in '/home/f1tenth/lab_ws25/src/safety_node_car_wrapper/safety_node': PYTHONPATH=/home/f1tenth/lab_ws25/build/safety_node/prefix_override:/usr/lib/python3/dist-packages/colcon_core/task/python/colcon_distutils_commands:/home/f1tenth/lab_ws25/install/safety_node/lib/python3.8/site-packages:${PYTHONPATH} /usr/bin/python3 -W ignore:setup.py install is deprecated -W ignore:easy_install command is deprecated setup.py egg_info --egg-base ../../../build/safety_node build --build-base /home/f1tenth/lab_ws25/build/safety_node/build install --record /home/f1tenth/lab_ws25/build/safety_node/install.log --install-scripts $base/lib/safety_node --single-version-externally-managed install_data --force
[7.400s] /usr/local/lib/python3.8/dist-packages/setuptools/dist.py:771: UserWarning: Usage of dash-separated 'script-dir' will not be supported in future versions. Please use the underscore name 'script_dir' instead
[7.400s]   warnings.warn(
[7.916s] running egg_info
[8.017s] writing ../../../build/safety_node/safety_node.egg-info/PKG-INFO
[8.018s] writing dependency_links to ../../../build/safety_node/safety_node.egg-info/dependency_links.txt
[8.019s] writing entry points to ../../../build/safety_node/safety_node.egg-info/entry_points.txt
[8.029s] writing requirements to ../../../build/safety_node/safety_node.egg-info/requires.txt
[8.030s] writing top-level names to ../../../build/safety_node/safety_node.egg-info/top_level.txt
[8.370s] reading manifest file '../../../build/safety_node/safety_node.egg-info/SOURCES.txt'
[8.373s] writing manifest file '../../../build/safety_node/safety_node.egg-info/SOURCES.txt'
[8.373s] running build
[8.373s] running build_py
[8.374s] running install
[8.405s] running install_lib
[8.503s] creating /home/f1tenth/lab_ws25/install/safety_node/lib/python3.8/site-packages/safety_node
[8.505s] copying /home/f1tenth/lab_ws25/build/safety_node/build/lib/safety_node/safety_node.py -> /home/f1tenth/lab_ws25/install/safety_node/lib/python3.8/site-packages/safety_node
[8.506s] copying /home/f1tenth/lab_ws25/build/safety_node/build/lib/safety_node/__init__.py -> /home/f1tenth/lab_ws25/install/safety_node/lib/python3.8/site-packages/safety_node
[8.511s] byte-compiling /home/f1tenth/lab_ws25/install/safety_node/lib/python3.8/site-packages/safety_node/safety_node.py to safety_node.cpython-38.pyc
[8.514s] byte-compiling /home/f1tenth/lab_ws25/install/safety_node/lib/python3.8/site-packages/safety_node/__init__.py to __init__.cpython-38.pyc
[8.527s] running install_data
[8.529s] copying resource/safety_node -> /home/f1tenth/lab_ws25/install/safety_node/share/ament_index/resource_index/packages
[8.530s] copying package.xml -> /home/f1tenth/lab_ws25/install/safety_node/share/safety_node
[8.534s] running install_egg_info
[8.574s] Copying ../../../build/safety_node/safety_node.egg-info to /home/f1tenth/lab_ws25/install/safety_node/lib/python3.8/site-packages/safety_node-0.0.0-py3.8.egg-info
[8.578s] running install_scripts
[8.745s] Installing safety_node script to /home/f1tenth/lab_ws25/install/safety_node/lib/safety_node
[8.748s] writing list of installed files to '/home/f1tenth/lab_ws25/build/safety_node/install.log'
[8.916s] Invoked command in '/home/f1tenth/lab_ws25/src/safety_node_car_wrapper/safety_node' returned '0': PYTHONPATH=/home/f1tenth/lab_ws25/build/safety_node/prefix_override:/usr/lib/python3/dist-packages/colcon_core/task/python/colcon_distutils_commands:/home/f1tenth/lab_ws25/install/safety_node/lib/python3.8/site-packages:${PYTHONPATH} /usr/bin/python3 -W ignore:setup.py install is deprecated -W ignore:easy_install command is deprecated setup.py egg_info --egg-base ../../../build/safety_node build --build-base /home/f1tenth/lab_ws25/build/safety_node/build install --record /home/f1tenth/lab_ws25/build/safety_node/install.log --install-scripts $base/lib/safety_node --single-version-externally-managed install_data --force
