[9.321s] Invoking command in '/home/f1tenth/f1tenth_ws/src/safety_node': PYTHONPATH=/home/f1tenth/f1tenth_ws/build/safety_node/prefix_override:/home/f1tenth/f1tenth_ws/install/safety_node/lib/python3.8/site-packages:${PYTHONPATH} /usr/bin/python3 setup.py egg_info --egg-base ../../build/safety_node build --build-base /home/f1tenth/f1tenth_ws/build/safety_node/build install --record /home/f1tenth/f1tenth_ws/build/safety_node/install.log --install-scripts $base/lib/safety_node --single-version-externally-managed
[10.040s] /usr/local/lib/python3.8/dist-packages/setuptools/dist.py:771: UserWarning: Usage of dash-separated 'script-dir' will not be supported in future versions. Please use the underscore name 'script_dir' instead
[10.040s]   warnings.warn(
[10.260s] running egg_info
[10.293s] writing ../../build/safety_node/safety_node.egg-info/PKG-INFO
[10.294s] writing dependency_links to ../../build/safety_node/safety_node.egg-info/dependency_links.txt
[10.294s] writing entry points to ../../build/safety_node/safety_node.egg-info/entry_points.txt
[10.295s] writing requirements to ../../build/safety_node/safety_node.egg-info/requires.txt
[10.295s] writing top-level names to ../../build/safety_node/safety_node.egg-info/top_level.txt
[10.369s] reading manifest file '../../build/safety_node/safety_node.egg-info/SOURCES.txt'
[10.369s] writing manifest file '../../build/safety_node/safety_node.egg-info/SOURCES.txt'
[10.370s] running build
[10.370s] running build_py
[10.372s] copying safety_node/safety_node.py -> /home/f1tenth/f1tenth_ws/build/safety_node/build/lib/safety_node
[10.372s] running install
[10.373s] /usr/local/lib/python3.8/dist-packages/setuptools/command/install.py:34: SetuptoolsDeprecationWarning: setup.py install is deprecated. Use build and pip and other standards-based tools.
[10.374s]   warnings.warn(
[10.383s] running install_lib
[10.418s] copying /home/f1tenth/f1tenth_ws/build/safety_node/build/lib/safety_node/safety_node.py -> /home/f1tenth/f1tenth_ws/install/safety_node/lib/python3.8/site-packages/safety_node
[10.421s] byte-compiling /home/f1tenth/f1tenth_ws/install/safety_node/lib/python3.8/site-packages/safety_node/safety_node.py to safety_node.cpython-38.pyc
[10.423s] running install_data
[10.459s] running install_egg_info
[10.529s] removing '/home/f1tenth/f1tenth_ws/install/safety_node/lib/python3.8/site-packages/safety_node-0.0.0-py3.8.egg-info' (and everything under it)
[10.530s] Copying ../../build/safety_node/safety_node.egg-info to /home/f1tenth/f1tenth_ws/install/safety_node/lib/python3.8/site-packages/safety_node-0.0.0-py3.8.egg-info
[10.532s] running install_scripts
[10.689s] Installing safety_node script to /home/f1tenth/f1tenth_ws/install/safety_node/lib/safety_node
[10.690s] writing list of installed files to '/home/f1tenth/f1tenth_ws/build/safety_node/install.log'
[14.307s] Invoked command in '/home/f1tenth/f1tenth_ws/src/safety_node' returned '0': PYTHONPATH=/home/f1tenth/f1tenth_ws/build/safety_node/prefix_override:/home/f1tenth/f1tenth_ws/install/safety_node/lib/python3.8/site-packages:${PYTHONPATH} /usr/bin/python3 setup.py egg_info --egg-base ../../build/safety_node build --build-base /home/f1tenth/f1tenth_ws/build/safety_node/build install --record /home/f1tenth/f1tenth_ws/build/safety_node/install.log --install-scripts $base/lib/safety_node --single-version-externally-managed
