[6.709s] Invoking command in '/home/f1tenth/lab_ws25/build/rrt': PYTHONPATH=/home/f1tenth/lab_ws25/build/rrt/prefix_override:/usr/lib/python3/dist-packages/colcon_core/task/python/colcon_distutils_commands:/home/f1tenth/lab_ws25/install/rrt/lib/python3.8/site-packages:${PYTHONPATH} /usr/bin/python3 -W ignore:setup.py install is deprecated -W ignore:easy_install command is deprecated setup.py develop --editable --build-directory /home/f1tenth/lab_ws25/build/rrt/build --no-deps symlink_data --force
[7.499s] /usr/local/lib/python3.8/dist-packages/setuptools/dist.py:771: UserWarning: Usage of dash-separated 'script-dir' will not be supported in future versions. Please use the underscore name 'script_dir' instead
[7.500s]   warnings.warn(
[7.826s] running develop
[8.567s] running egg_info
[8.612s] writing rrt.egg-info/PKG-INFO
[8.613s] writing dependency_links to rrt.egg-info/dependency_links.txt
[8.614s] writing entry points to rrt.egg-info/entry_points.txt
[8.614s] writing requirements to rrt.egg-info/requires.txt
[8.615s] writing top-level names to rrt.egg-info/top_level.txt
[8.714s] reading manifest file 'rrt.egg-info/SOURCES.txt'
[8.716s] writing manifest file 'rrt.egg-info/SOURCES.txt'
[8.865s] running build_ext
[8.866s] Creating /home/f1tenth/lab_ws25/install/rrt/lib/python3.8/site-packages/rrt.egg-link (link to .)
[8.869s] Installing rrt script to /home/f1tenth/lab_ws25/install/rrt/lib/rrt
[8.870s] 
[8.871s] Installed /home/f1tenth/lab_ws25/build/rrt
[8.871s] running symlink_data
[8.872s] symbolically linking /home/f1tenth/lab_ws25/build/rrt/resource/rrt -> /home/f1tenth/lab_ws25/install/rrt/share/ament_index/resource_index/packages
[8.872s] symbolically linking /home/f1tenth/lab_ws25/build/rrt/package.xml -> /home/f1tenth/lab_ws25/install/rrt/share/rrt
[8.872s] symbolically linking /home/f1tenth/lab_ws25/build/rrt/racelines/traj_race_cl_shortest_path_left.csv -> /home/f1tenth/lab_ws25/install/rrt/share/rrt/racelines
[8.873s] symbolically linking /home/f1tenth/lab_ws25/build/rrt/racelines/traj_race_cl_shortest_path_right.csv -> /home/f1tenth/lab_ws25/install/rrt/share/rrt/racelines
[8.873s] symbolically linking /home/f1tenth/lab_ws25/build/rrt/racelines/e7_floor5.csv -> /home/f1tenth/lab_ws25/install/rrt/share/rrt/racelines
[8.873s] symbolically linking /home/f1tenth/lab_ws25/build/rrt/racelines/FTMHalle_clean.csv -> /home/f1tenth/lab_ws25/install/rrt/share/rrt/racelines
[8.874s] symbolically linking /home/f1tenth/lab_ws25/build/rrt/launch/rrt.rviz -> /home/f1tenth/lab_ws25/install/rrt/share/rrt/launch
[8.874s] symbolically linking /home/f1tenth/lab_ws25/build/rrt/launch/sim_rrt_launch.py -> /home/f1tenth/lab_ws25/install/rrt/share/rrt/launch
[8.874s] symbolically linking /home/f1tenth/lab_ws25/build/rrt/launch/rrt_launch.py -> /home/f1tenth/lab_ws25/install/rrt/share/rrt/launch
[8.875s] symbolically linking /home/f1tenth/lab_ws25/build/rrt/config/config.yaml -> /home/f1tenth/lab_ws25/install/rrt/share/rrt/config
[8.875s] symbolically linking /home/f1tenth/lab_ws25/build/rrt/config/sim_config.yaml -> /home/f1tenth/lab_ws25/install/rrt/share/rrt/config
[9.112s] Invoked command in '/home/f1tenth/lab_ws25/build/rrt' returned '0': PYTHONPATH=/home/f1tenth/lab_ws25/build/rrt/prefix_override:/usr/lib/python3/dist-packages/colcon_core/task/python/colcon_distutils_commands:/home/f1tenth/lab_ws25/install/rrt/lib/python3.8/site-packages:${PYTHONPATH} /usr/bin/python3 -W ignore:setup.py install is deprecated -W ignore:easy_install command is deprecated setup.py develop --editable --build-directory /home/f1tenth/lab_ws25/build/rrt/build --no-deps symlink_data --force
