[9.170s] Invoking command in '/home/f1tenth/lab_ws25/src/safety_node_car_wrapper/safety_node': PYTHONPATH=/home/f1tenth/lab_ws25/build/safety_node/prefix_override:/usr/lib/python3/dist-packages/colcon_core/task/python/colcon_distutils_commands:/home/f1tenth/lab_ws25/install/safety_node/lib/python3.8/site-packages:${PYTHONPATH} /usr/bin/python3 -W ignore:setup.py install is deprecated -W ignore:easy_install command is deprecated setup.py egg_info --egg-base ../../../build/safety_node build --build-base /home/f1tenth/lab_ws25/build/safety_node/build install --record /home/f1tenth/lab_ws25/build/safety_node/install.log --install-scripts $base/lib/safety_node --single-version-externally-managed install_data
[11.076s] /usr/local/lib/python3.8/dist-packages/setuptools/dist.py:771: UserWarning: Usage of dash-separated 'script-dir' will not be supported in future versions. Please use the underscore name 'script_dir' instead
[11.076s]   warnings.warn(
[11.807s] running egg_info
[11.935s] writing ../../../build/safety_node/safety_node.egg-info/PKG-INFO
[11.936s] writing dependency_links to ../../../build/safety_node/safety_node.egg-info/dependency_links.txt
[11.942s] writing entry points to ../../../build/safety_node/safety_node.egg-info/entry_points.txt
[11.942s] writing requirements to ../../../build/safety_node/safety_node.egg-info/requires.txt
[11.944s] writing top-level names to ../../../build/safety_node/safety_node.egg-info/top_level.txt
[12.244s] reading manifest file '../../../build/safety_node/safety_node.egg-info/SOURCES.txt'
[12.272s] writing manifest file '../../../build/safety_node/safety_node.egg-info/SOURCES.txt'
[12.272s] running build
[12.272s] running build_py
[12.273s] running install
[12.316s] running install_lib
[12.493s] running install_data
[12.496s] running install_egg_info
[12.656s] removing '/home/f1tenth/lab_ws25/install/safety_node/lib/python3.8/site-packages/safety_node-0.0.0-py3.8.egg-info' (and everything under it)
[12.657s] Copying ../../../build/safety_node/safety_node.egg-info to /home/f1tenth/lab_ws25/install/safety_node/lib/python3.8/site-packages/safety_node-0.0.0-py3.8.egg-info
[12.669s] running install_scripts
[13.061s] Installing safety_node script to /home/f1tenth/lab_ws25/install/safety_node/lib/safety_node
[13.062s] writing list of installed files to '/home/f1tenth/lab_ws25/build/safety_node/install.log'
[13.228s] Invoked command in '/home/f1tenth/lab_ws25/src/safety_node_car_wrapper/safety_node' returned '0': PYTHONPATH=/home/f1tenth/lab_ws25/build/safety_node/prefix_override:/usr/lib/python3/dist-packages/colcon_core/task/python/colcon_distutils_commands:/home/f1tenth/lab_ws25/install/safety_node/lib/python3.8/site-packages:${PYTHONPATH} /usr/bin/python3 -W ignore:setup.py install is deprecated -W ignore:easy_install command is deprecated setup.py egg_info --egg-base ../../../build/safety_node build --build-base /home/f1tenth/lab_ws25/build/safety_node/build install --record /home/f1tenth/lab_ws25/build/safety_node/install.log --install-scripts $base/lib/safety_node --single-version-externally-managed install_data
