[4.164s] Invoking command in '/home/f1tenth/lab_ws25/src/stanley_avoidance': PYTHONPATH=/home/f1tenth/lab_ws25/build/stanley_avoidance/prefix_override:/usr/lib/python3/dist-packages/colcon_core/task/python/colcon_distutils_commands:/home/f1tenth/lab_ws25/install/stanley_avoidance/lib/python3.8/site-packages:${PYTHONPATH} /usr/bin/python3 -W ignore:setup.py install is deprecated -W ignore:easy_install command is deprecated setup.py egg_info --egg-base ../../build/stanley_avoidance build --build-base /home/f1tenth/lab_ws25/build/stanley_avoidance/build install --record /home/f1tenth/lab_ws25/build/stanley_avoidance/install.log --install-scripts $base/lib/stanley_avoidance --single-version-externally-managed install_data
[4.849s] /usr/local/lib/python3.8/dist-packages/setuptools/dist.py:771: UserWarning: Usage of dash-separated 'script-dir' will not be supported in future versions. Please use the underscore name 'script_dir' instead
[4.849s]   warnings.warn(
[5.118s] running egg_info
[5.157s] writing ../../build/stanley_avoidance/stanley_avoidance.egg-info/PKG-INFO
[5.157s] writing dependency_links to ../../build/stanley_avoidance/stanley_avoidance.egg-info/dependency_links.txt
[5.157s] writing entry points to ../../build/stanley_avoidance/stanley_avoidance.egg-info/entry_points.txt
[5.158s] writing requirements to ../../build/stanley_avoidance/stanley_avoidance.egg-info/requires.txt
[5.158s] writing top-level names to ../../build/stanley_avoidance/stanley_avoidance.egg-info/top_level.txt
[5.266s] reading manifest file '../../build/stanley_avoidance/stanley_avoidance.egg-info/SOURCES.txt'
[5.267s] adding license file 'LICENSE'
[5.268s] writing manifest file '../../build/stanley_avoidance/stanley_avoidance.egg-info/SOURCES.txt'
[5.269s] running build
[5.269s] running build_py
[5.269s] running install
[5.281s] running install_lib
[5.320s] running install_data
[5.321s] running install_egg_info
[5.361s] removing '/home/f1tenth/lab_ws25/install/stanley_avoidance/lib/python3.8/site-packages/stanley_avoidance-0.0.0-py3.8.egg-info' (and everything under it)
[5.361s] Copying ../../build/stanley_avoidance/stanley_avoidance.egg-info to /home/f1tenth/lab_ws25/install/stanley_avoidance/lib/python3.8/site-packages/stanley_avoidance-0.0.0-py3.8.egg-info
[5.364s] running install_scripts
[5.510s] Installing stanley_avoidance script to /home/f1tenth/lab_ws25/install/stanley_avoidance/lib/stanley_avoidance
[5.511s] writing list of installed files to '/home/f1tenth/lab_ws25/build/stanley_avoidance/install.log'
[5.629s] Invoked command in '/home/f1tenth/lab_ws25/src/stanley_avoidance' returned '0': PYTHONPATH=/home/f1tenth/lab_ws25/build/stanley_avoidance/prefix_override:/usr/lib/python3/dist-packages/colcon_core/task/python/colcon_distutils_commands:/home/f1tenth/lab_ws25/install/stanley_avoidance/lib/python3.8/site-packages:${PYTHONPATH} /usr/bin/python3 -W ignore:setup.py install is deprecated -W ignore:easy_install command is deprecated setup.py egg_info --egg-base ../../build/stanley_avoidance build --build-base /home/f1tenth/lab_ws25/build/stanley_avoidance/build install --record /home/f1tenth/lab_ws25/build/stanley_avoidance/install.log --install-scripts $base/lib/stanley_avoidance --single-version-externally-managed install_data
