[9.382s] Invoking command in '/home/f1tenth/f1tenth_ws/src/safety_node': PYTHONPATH=/home/f1tenth/f1tenth_ws/build/safety_node/prefix_override:/home/f1tenth/f1tenth_ws/install/safety_node/lib/python3.8/site-packages:${PYTHONPATH} /usr/bin/python3 setup.py egg_info --egg-base ../../build/safety_node build --build-base /home/f1tenth/f1tenth_ws/build/safety_node/build install --record /home/f1tenth/f1tenth_ws/build/safety_node/install.log --install-scripts $base/lib/safety_node --single-version-externally-managed
[10.086s] /usr/local/lib/python3.8/dist-packages/setuptools/dist.py:771: UserWarning: Usage of dash-separated 'script-dir' will not be supported in future versions. Please use the underscore name 'script_dir' instead
[10.087s]   warnings.warn(
[10.272s] running egg_info
[10.274s] creating ../../build/safety_node/safety_node.egg-info
[10.302s] writing ../../build/safety_node/safety_node.egg-info/PKG-INFO
[10.303s] writing dependency_links to ../../build/safety_node/safety_node.egg-info/dependency_links.txt
[10.303s] writing entry points to ../../build/safety_node/safety_node.egg-info/entry_points.txt
[10.304s] writing requirements to ../../build/safety_node/safety_node.egg-info/requires.txt
[10.304s] writing top-level names to ../../build/safety_node/safety_node.egg-info/top_level.txt
[10.306s] writing manifest file '../../build/safety_node/safety_node.egg-info/SOURCES.txt'
[10.365s] reading manifest file '../../build/safety_node/safety_node.egg-info/SOURCES.txt'
[10.367s] writing manifest file '../../build/safety_node/safety_node.egg-info/SOURCES.txt'
[10.368s] running build
[10.369s] running build_py
[10.369s] creating /home/f1tenth/f1tenth_ws/build/safety_node/build
[10.370s] creating /home/f1tenth/f1tenth_ws/build/safety_node/build/lib
[10.370s] creating /home/f1tenth/f1tenth_ws/build/safety_node/build/lib/safety_node
[10.371s] copying safety_node/safety_node.py -> /home/f1tenth/f1tenth_ws/build/safety_node/build/lib/safety_node
[10.371s] copying safety_node/__init__.py -> /home/f1tenth/f1tenth_ws/build/safety_node/build/lib/safety_node
[10.371s] running install
[10.372s] /usr/local/lib/python3.8/dist-packages/setuptools/command/install.py:34: SetuptoolsDeprecationWarning: setup.py install is deprecated. Use build and pip and other standards-based tools.
[10.372s]   warnings.warn(
[10.380s] running install_lib
[10.410s] creating /home/f1tenth/f1tenth_ws/install/safety_node/lib/python3.8/site-packages/safety_node
[10.411s] copying /home/f1tenth/f1tenth_ws/build/safety_node/build/lib/safety_node/safety_node.py -> /home/f1tenth/f1tenth_ws/install/safety_node/lib/python3.8/site-packages/safety_node
[10.412s] copying /home/f1tenth/f1tenth_ws/build/safety_node/build/lib/safety_node/__init__.py -> /home/f1tenth/f1tenth_ws/install/safety_node/lib/python3.8/site-packages/safety_node
[10.412s] byte-compiling /home/f1tenth/f1tenth_ws/install/safety_node/lib/python3.8/site-packages/safety_node/safety_node.py to safety_node.cpython-38.pyc
[10.414s] byte-compiling /home/f1tenth/f1tenth_ws/install/safety_node/lib/python3.8/site-packages/safety_node/__init__.py to __init__.cpython-38.pyc
[10.415s] running install_data
[10.444s] creating /home/f1tenth/f1tenth_ws/install/safety_node/share/ament_index
[10.445s] creating /home/f1tenth/f1tenth_ws/install/safety_node/share/ament_index/resource_index
[10.448s] creating /home/f1tenth/f1tenth_ws/install/safety_node/share/ament_index/resource_index/packages
[10.449s] copying resource/safety_node -> /home/f1tenth/f1tenth_ws/install/safety_node/share/ament_index/resource_index/packages
[10.449s] copying package.xml -> /home/f1tenth/f1tenth_ws/install/safety_node/share/safety_node
[10.450s] running install_egg_info
[10.506s] Copying ../../build/safety_node/safety_node.egg-info to /home/f1tenth/f1tenth_ws/install/safety_node/lib/python3.8/site-packages/safety_node-0.0.0-py3.8.egg-info
[10.508s] running install_scripts
[10.630s] Installing safety_node script to /home/f1tenth/f1tenth_ws/install/safety_node/lib/safety_node
[10.631s] writing list of installed files to '/home/f1tenth/f1tenth_ws/build/safety_node/install.log'
[14.412s] Invoked command in '/home/f1tenth/f1tenth_ws/src/safety_node' returned '0': PYTHONPATH=/home/f1tenth/f1tenth_ws/build/safety_node/prefix_override:/home/f1tenth/f1tenth_ws/install/safety_node/lib/python3.8/site-packages:${PYTHONPATH} /usr/bin/python3 setup.py egg_info --egg-base ../../build/safety_node build --build-base /home/f1tenth/f1tenth_ws/build/safety_node/build install --record /home/f1tenth/f1tenth_ws/build/safety_node/install.log --install-scripts $base/lib/safety_node --single-version-externally-managed
