[12.604s] DEBUG:colcon:Command line arguments: ['/usr/bin/colcon', 'build', '--packages-select', 'mind_stack_localization_test']
[12.604s] DEBUG:colcon:Parsed command line arguments: Namespace(allow_overriding=[], ament_cmake_args=None, base_paths=['.'], build_base='build', catkin_cmake_args=None, catkin_skip_building_tests=False, cmake_args=None, cmake_clean_cache=False, cmake_clean_first=False, cmake_force_configure=False, cmake_target=None, cmake_target_skip_unavailable=False, continue_on_error=False, event_handlers=None, executor='parallel', ignore_user_meta=False, install_base='install', log_base=None, log_level=None, main=<bound method BuildVerb.main of <colcon_core.verb.build.BuildVerb object at 0xffff8690be50>>, merge_install=False, metas=['./colcon.meta'], packages_above=None, packages_above_and_dependencies=None, packages_above_depth=None, packages_end=None, packages_ignore=None, packages_ignore_regex=None, packages_select=['mind_stack_localization_test'], packages_select_build_failed=False, packages_select_by_dep=None, packages_select_regex=None, packages_select_test_failures=False, packages_skip=None, packages_skip_build_finished=False, packages_skip_by_dep=None, packages_skip_regex=None, packages_skip_test_passed=False, packages_skip_up_to=None, packages_start=None, packages_up_to=None, packages_up_to_regex=None, parallel_workers=6, paths=None, symlink_install=False, test_result_base=None, verb_extension=<colcon_core.verb.build.BuildVerb object at 0xffff8690be50>, verb_name='build', verb_parser=<colcon_defaults.argument_parser.defaults.DefaultArgumentsDecorator object at 0xffff862da490>)
[13.198s] Level 1:colcon.colcon_core.package_discovery:discover_packages(colcon_meta) check parameters
[13.199s] Level 1:colcon.colcon_core.package_discovery:discover_packages(recursive) check parameters
[13.199s] Level 1:colcon.colcon_core.package_discovery:discover_packages(ignore) check parameters
[13.199s] Level 1:colcon.colcon_core.package_discovery:discover_packages(path) check parameters
[13.199s] Level 1:colcon.colcon_core.package_discovery:discover_packages(colcon_meta) discover
[13.199s] Level 1:colcon.colcon_core.package_discovery:discover_packages(recursive) discover
[13.199s] INFO:colcon.colcon_core.package_discovery:Crawling recursively for packages in '/home/f1tenth/f1tenth_ws'
[13.200s] Level 1:colcon.colcon_core.package_identification:_identify(.) by extensions ['ignore', 'ignore_ament_install']
[13.200s] Level 1:colcon.colcon_core.package_identification:_identify(.) by extension 'ignore'
[13.200s] Level 1:colcon.colcon_core.package_identification:_identify(.) by extension 'ignore_ament_install'
[13.200s] Level 1:colcon.colcon_core.package_identification:_identify(.) by extensions ['colcon_pkg']
[13.200s] Level 1:colcon.colcon_core.package_identification:_identify(.) by extension 'colcon_pkg'
[13.200s] Level 1:colcon.colcon_core.package_identification:_identify(.) by extensions ['colcon_meta']
[13.200s] Level 1:colcon.colcon_core.package_identification:_identify(.) by extension 'colcon_meta'
[13.200s] Level 1:colcon.colcon_core.package_identification:_identify(.) by extensions ['ros']
[13.200s] Level 1:colcon.colcon_core.package_identification:_identify(.) by extension 'ros'
[13.228s] Level 1:colcon.colcon_core.package_identification:_identify(.) by extensions ['cmake', 'python']
[13.228s] Level 1:colcon.colcon_core.package_identification:_identify(.) by extension 'cmake'
[13.228s] Level 1:colcon.colcon_core.package_identification:_identify(.) by extension 'python'
[13.228s] Level 1:colcon.colcon_core.package_identification:_identify(.) by extensions ['python_setup_py']
[13.228s] Level 1:colcon.colcon_core.package_identification:_identify(.) by extension 'python_setup_py'
[13.229s] Level 1:colcon.colcon_core.package_identification:_identify(build) by extensions ['ignore', 'ignore_ament_install']
[13.229s] Level 1:colcon.colcon_core.package_identification:_identify(build) by extension 'ignore'
[13.229s] Level 1:colcon.colcon_core.package_identification:_identify(build) ignored
[13.229s] Level 1:colcon.colcon_core.package_identification:_identify(install) by extensions ['ignore', 'ignore_ament_install']
[13.230s] Level 1:colcon.colcon_core.package_identification:_identify(install) by extension 'ignore'
[13.230s] Level 1:colcon.colcon_core.package_identification:_identify(install) ignored
[13.230s] Level 1:colcon.colcon_core.package_identification:_identify(log) by extensions ['ignore', 'ignore_ament_install']
[13.230s] Level 1:colcon.colcon_core.package_identification:_identify(log) by extension 'ignore'
[13.230s] Level 1:colcon.colcon_core.package_identification:_identify(log) ignored
[13.230s] Level 1:colcon.colcon_core.package_identification:_identify(src) by extensions ['ignore', 'ignore_ament_install']
[13.230s] Level 1:colcon.colcon_core.package_identification:_identify(src) by extension 'ignore'
[13.231s] Level 1:colcon.colcon_core.package_identification:_identify(src) by extension 'ignore_ament_install'
[13.231s] Level 1:colcon.colcon_core.package_identification:_identify(src) by extensions ['colcon_pkg']
[13.231s] Level 1:colcon.colcon_core.package_identification:_identify(src) by extension 'colcon_pkg'
[13.231s] Level 1:colcon.colcon_core.package_identification:_identify(src) by extensions ['colcon_meta']
[13.231s] Level 1:colcon.colcon_core.package_identification:_identify(src) by extension 'colcon_meta'
[13.231s] Level 1:colcon.colcon_core.package_identification:_identify(src) by extensions ['ros']
[13.231s] Level 1:colcon.colcon_core.package_identification:_identify(src) by extension 'ros'
[13.231s] Level 1:colcon.colcon_core.package_identification:_identify(src) by extensions ['cmake', 'python']
[13.231s] Level 1:colcon.colcon_core.package_identification:_identify(src) by extension 'cmake'
[13.231s] Level 1:colcon.colcon_core.package_identification:_identify(src) by extension 'python'
[13.232s] Level 1:colcon.colcon_core.package_identification:_identify(src) by extensions ['python_setup_py']
[13.232s] Level 1:colcon.colcon_core.package_identification:_identify(src) by extension 'python_setup_py'
[13.232s] Level 1:colcon.colcon_core.package_identification:_identify(src/f1tenth_system) by extensions ['ignore', 'ignore_ament_install']
[13.232s] Level 1:colcon.colcon_core.package_identification:_identify(src/f1tenth_system) by extension 'ignore'
[13.232s] Level 1:colcon.colcon_core.package_identification:_identify(src/f1tenth_system) by extension 'ignore_ament_install'
[13.232s] Level 1:colcon.colcon_core.package_identification:_identify(src/f1tenth_system) by extensions ['colcon_pkg']
[13.232s] Level 1:colcon.colcon_core.package_identification:_identify(src/f1tenth_system) by extension 'colcon_pkg'
[13.232s] Level 1:colcon.colcon_core.package_identification:_identify(src/f1tenth_system) by extensions ['colcon_meta']
[13.232s] Level 1:colcon.colcon_core.package_identification:_identify(src/f1tenth_system) by extension 'colcon_meta'
[13.233s] Level 1:colcon.colcon_core.package_identification:_identify(src/f1tenth_system) by extensions ['ros']
[13.233s] Level 1:colcon.colcon_core.package_identification:_identify(src/f1tenth_system) by extension 'ros'
[13.233s] Level 1:colcon.colcon_core.package_identification:_identify(src/f1tenth_system) by extensions ['cmake', 'python']
[13.233s] Level 1:colcon.colcon_core.package_identification:_identify(src/f1tenth_system) by extension 'cmake'
[13.233s] Level 1:colcon.colcon_core.package_identification:_identify(src/f1tenth_system) by extension 'python'
[13.233s] Level 1:colcon.colcon_core.package_identification:_identify(src/f1tenth_system) by extensions ['python_setup_py']
[13.233s] Level 1:colcon.colcon_core.package_identification:_identify(src/f1tenth_system) by extension 'python_setup_py'
[13.233s] Level 1:colcon.colcon_core.package_identification:_identify(src/f1tenth_system/ackermann_mux) by extensions ['ignore', 'ignore_ament_install']
[13.233s] Level 1:colcon.colcon_core.package_identification:_identify(src/f1tenth_system/ackermann_mux) by extension 'ignore'
[13.234s] Level 1:colcon.colcon_core.package_identification:_identify(src/f1tenth_system/ackermann_mux) by extension 'ignore_ament_install'
[13.234s] Level 1:colcon.colcon_core.package_identification:_identify(src/f1tenth_system/ackermann_mux) by extensions ['colcon_pkg']
[13.234s] Level 1:colcon.colcon_core.package_identification:_identify(src/f1tenth_system/ackermann_mux) by extension 'colcon_pkg'
[13.234s] Level 1:colcon.colcon_core.package_identification:_identify(src/f1tenth_system/ackermann_mux) by extensions ['colcon_meta']
[13.234s] Level 1:colcon.colcon_core.package_identification:_identify(src/f1tenth_system/ackermann_mux) by extension 'colcon_meta'
[13.234s] Level 1:colcon.colcon_core.package_identification:_identify(src/f1tenth_system/ackermann_mux) by extensions ['ros']
[13.234s] Level 1:colcon.colcon_core.package_identification:_identify(src/f1tenth_system/ackermann_mux) by extension 'ros'
[13.240s] DEBUG:colcon.colcon_core.package_identification:Package 'src/f1tenth_system/ackermann_mux' with type 'ros.ament_cmake' and name 'ackermann_mux'
[13.240s] Level 1:colcon.colcon_core.package_identification:_identify(src/f1tenth_system/f1tenth_stack) by extensions ['ignore', 'ignore_ament_install']
[13.241s] Level 1:colcon.colcon_core.package_identification:_identify(src/f1tenth_system/f1tenth_stack) by extension 'ignore'
[13.241s] Level 1:colcon.colcon_core.package_identification:_identify(src/f1tenth_system/f1tenth_stack) by extension 'ignore_ament_install'
[13.241s] Level 1:colcon.colcon_core.package_identification:_identify(src/f1tenth_system/f1tenth_stack) by extensions ['colcon_pkg']
[13.241s] Level 1:colcon.colcon_core.package_identification:_identify(src/f1tenth_system/f1tenth_stack) by extension 'colcon_pkg'
[13.241s] Level 1:colcon.colcon_core.package_identification:_identify(src/f1tenth_system/f1tenth_stack) by extensions ['colcon_meta']
[13.241s] Level 1:colcon.colcon_core.package_identification:_identify(src/f1tenth_system/f1tenth_stack) by extension 'colcon_meta'
[13.241s] Level 1:colcon.colcon_core.package_identification:_identify(src/f1tenth_system/f1tenth_stack) by extensions ['ros']
[13.241s] Level 1:colcon.colcon_core.package_identification:_identify(src/f1tenth_system/f1tenth_stack) by extension 'ros'
[13.243s] DEBUG:colcon.colcon_core.package_identification:Package 'src/f1tenth_system/f1tenth_stack' with type 'ros.ament_python' and name 'f1tenth_stack'
[13.244s] Level 1:colcon.colcon_core.package_identification:_identify(src/f1tenth_system/scripts) by extensions ['ignore', 'ignore_ament_install']
[13.244s] Level 1:colcon.colcon_core.package_identification:_identify(src/f1tenth_system/scripts) by extension 'ignore'
[13.244s] Level 1:colcon.colcon_core.package_identification:_identify(src/f1tenth_system/scripts) by extension 'ignore_ament_install'
[13.244s] Level 1:colcon.colcon_core.package_identification:_identify(src/f1tenth_system/scripts) by extensions ['colcon_pkg']
[13.244s] Level 1:colcon.colcon_core.package_identification:_identify(src/f1tenth_system/scripts) by extension 'colcon_pkg'
[13.244s] Level 1:colcon.colcon_core.package_identification:_identify(src/f1tenth_system/scripts) by extensions ['colcon_meta']
[13.245s] Level 1:colcon.colcon_core.package_identification:_identify(src/f1tenth_system/scripts) by extension 'colcon_meta'
[13.245s] Level 1:colcon.colcon_core.package_identification:_identify(src/f1tenth_system/scripts) by extensions ['ros']
[13.245s] Level 1:colcon.colcon_core.package_identification:_identify(src/f1tenth_system/scripts) by extension 'ros'
[13.245s] Level 1:colcon.colcon_core.package_identification:_identify(src/f1tenth_system/scripts) by extensions ['cmake', 'python']
[13.245s] Level 1:colcon.colcon_core.package_identification:_identify(src/f1tenth_system/scripts) by extension 'cmake'
[13.245s] Level 1:colcon.colcon_core.package_identification:_identify(src/f1tenth_system/scripts) by extension 'python'
[13.245s] Level 1:colcon.colcon_core.package_identification:_identify(src/f1tenth_system/scripts) by extensions ['python_setup_py']
[13.245s] Level 1:colcon.colcon_core.package_identification:_identify(src/f1tenth_system/scripts) by extension 'python_setup_py'
[13.245s] Level 1:colcon.colcon_core.package_identification:_identify(src/f1tenth_system/teleop_tools) by extensions ['ignore', 'ignore_ament_install']
[13.246s] Level 1:colcon.colcon_core.package_identification:_identify(src/f1tenth_system/teleop_tools) by extension 'ignore'
[13.246s] Level 1:colcon.colcon_core.package_identification:_identify(src/f1tenth_system/teleop_tools) by extension 'ignore_ament_install'
[13.246s] Level 1:colcon.colcon_core.package_identification:_identify(src/f1tenth_system/teleop_tools) by extensions ['colcon_pkg']
[13.246s] Level 1:colcon.colcon_core.package_identification:_identify(src/f1tenth_system/teleop_tools) by extension 'colcon_pkg'
[13.246s] Level 1:colcon.colcon_core.package_identification:_identify(src/f1tenth_system/teleop_tools) by extensions ['colcon_meta']
[13.246s] Level 1:colcon.colcon_core.package_identification:_identify(src/f1tenth_system/teleop_tools) by extension 'colcon_meta'
[13.246s] Level 1:colcon.colcon_core.package_identification:_identify(src/f1tenth_system/teleop_tools) by extensions ['ros']
[13.246s] Level 1:colcon.colcon_core.package_identification:_identify(src/f1tenth_system/teleop_tools) by extension 'ros'
[13.247s] Level 1:colcon.colcon_core.package_identification:_identify(src/f1tenth_system/teleop_tools) by extensions ['cmake', 'python']
[13.247s] Level 1:colcon.colcon_core.package_identification:_identify(src/f1tenth_system/teleop_tools) by extension 'cmake'
[13.247s] Level 1:colcon.colcon_core.package_identification:_identify(src/f1tenth_system/teleop_tools) by extension 'python'
[13.247s] Level 1:colcon.colcon_core.package_identification:_identify(src/f1tenth_system/teleop_tools) by extensions ['python_setup_py']
[13.247s] Level 1:colcon.colcon_core.package_identification:_identify(src/f1tenth_system/teleop_tools) by extension 'python_setup_py'
[13.247s] Level 1:colcon.colcon_core.package_identification:_identify(src/f1tenth_system/teleop_tools/joy_teleop) by extensions ['ignore', 'ignore_ament_install']
[13.247s] Level 1:colcon.colcon_core.package_identification:_identify(src/f1tenth_system/teleop_tools/joy_teleop) by extension 'ignore'
[13.247s] Level 1:colcon.colcon_core.package_identification:_identify(src/f1tenth_system/teleop_tools/joy_teleop) by extension 'ignore_ament_install'
[13.247s] Level 1:colcon.colcon_core.package_identification:_identify(src/f1tenth_system/teleop_tools/joy_teleop) by extensions ['colcon_pkg']
[13.248s] Level 1:colcon.colcon_core.package_identification:_identify(src/f1tenth_system/teleop_tools/joy_teleop) by extension 'colcon_pkg'
[13.248s] Level 1:colcon.colcon_core.package_identification:_identify(src/f1tenth_system/teleop_tools/joy_teleop) by extensions ['colcon_meta']
[13.248s] Level 1:colcon.colcon_core.package_identification:_identify(src/f1tenth_system/teleop_tools/joy_teleop) by extension 'colcon_meta'
[13.248s] Level 1:colcon.colcon_core.package_identification:_identify(src/f1tenth_system/teleop_tools/joy_teleop) by extensions ['ros']
[13.248s] Level 1:colcon.colcon_core.package_identification:_identify(src/f1tenth_system/teleop_tools/joy_teleop) by extension 'ros'
[13.249s] DEBUG:colcon.colcon_core.package_identification:Package 'src/f1tenth_system/teleop_tools/joy_teleop' with type 'ros.ament_python' and name 'joy_teleop'
[13.249s] Level 1:colcon.colcon_core.package_identification:_identify(src/f1tenth_system/teleop_tools/key_teleop) by extensions ['ignore', 'ignore_ament_install']
[13.250s] Level 1:colcon.colcon_core.package_identification:_identify(src/f1tenth_system/teleop_tools/key_teleop) by extension 'ignore'
[13.250s] Level 1:colcon.colcon_core.package_identification:_identify(src/f1tenth_system/teleop_tools/key_teleop) by extension 'ignore_ament_install'
[13.250s] Level 1:colcon.colcon_core.package_identification:_identify(src/f1tenth_system/teleop_tools/key_teleop) by extensions ['colcon_pkg']
[13.250s] Level 1:colcon.colcon_core.package_identification:_identify(src/f1tenth_system/teleop_tools/key_teleop) by extension 'colcon_pkg'
[13.250s] Level 1:colcon.colcon_core.package_identification:_identify(src/f1tenth_system/teleop_tools/key_teleop) by extensions ['colcon_meta']
[13.250s] Level 1:colcon.colcon_core.package_identification:_identify(src/f1tenth_system/teleop_tools/key_teleop) by extension 'colcon_meta'
[13.250s] Level 1:colcon.colcon_core.package_identification:_identify(src/f1tenth_system/teleop_tools/key_teleop) by extensions ['ros']
[13.250s] Level 1:colcon.colcon_core.package_identification:_identify(src/f1tenth_system/teleop_tools/key_teleop) by extension 'ros'
[13.251s] DEBUG:colcon.colcon_core.package_identification:Package 'src/f1tenth_system/teleop_tools/key_teleop' with type 'ros.ament_python' and name 'key_teleop'
[13.251s] Level 1:colcon.colcon_core.package_identification:_identify(src/f1tenth_system/teleop_tools/mouse_teleop) by extensions ['ignore', 'ignore_ament_install']
[13.252s] Level 1:colcon.colcon_core.package_identification:_identify(src/f1tenth_system/teleop_tools/mouse_teleop) by extension 'ignore'
[13.252s] Level 1:colcon.colcon_core.package_identification:_identify(src/f1tenth_system/teleop_tools/mouse_teleop) by extension 'ignore_ament_install'
[13.252s] Level 1:colcon.colcon_core.package_identification:_identify(src/f1tenth_system/teleop_tools/mouse_teleop) by extensions ['colcon_pkg']
[13.252s] Level 1:colcon.colcon_core.package_identification:_identify(src/f1tenth_system/teleop_tools/mouse_teleop) by extension 'colcon_pkg'
[13.252s] Level 1:colcon.colcon_core.package_identification:_identify(src/f1tenth_system/teleop_tools/mouse_teleop) by extensions ['colcon_meta']
[13.252s] Level 1:colcon.colcon_core.package_identification:_identify(src/f1tenth_system/teleop_tools/mouse_teleop) by extension 'colcon_meta'
[13.252s] Level 1:colcon.colcon_core.package_identification:_identify(src/f1tenth_system/teleop_tools/mouse_teleop) by extensions ['ros']
[13.252s] Level 1:colcon.colcon_core.package_identification:_identify(src/f1tenth_system/teleop_tools/mouse_teleop) by extension 'ros'
[13.253s] DEBUG:colcon.colcon_core.package_identification:Package 'src/f1tenth_system/teleop_tools/mouse_teleop' with type 'ros.ament_python' and name 'mouse_teleop'
[13.253s] Level 1:colcon.colcon_core.package_identification:_identify(src/f1tenth_system/teleop_tools/teleop_tools) by extensions ['ignore', 'ignore_ament_install']
[13.254s] Level 1:colcon.colcon_core.package_identification:_identify(src/f1tenth_system/teleop_tools/teleop_tools) by extension 'ignore'
[13.254s] Level 1:colcon.colcon_core.package_identification:_identify(src/f1tenth_system/teleop_tools/teleop_tools) by extension 'ignore_ament_install'
[13.254s] Level 1:colcon.colcon_core.package_identification:_identify(src/f1tenth_system/teleop_tools/teleop_tools) by extensions ['colcon_pkg']
[13.254s] Level 1:colcon.colcon_core.package_identification:_identify(src/f1tenth_system/teleop_tools/teleop_tools) by extension 'colcon_pkg'
[13.254s] Level 1:colcon.colcon_core.package_identification:_identify(src/f1tenth_system/teleop_tools/teleop_tools) by extensions ['colcon_meta']
[13.254s] Level 1:colcon.colcon_core.package_identification:_identify(src/f1tenth_system/teleop_tools/teleop_tools) by extension 'colcon_meta'
[13.254s] Level 1:colcon.colcon_core.package_identification:_identify(src/f1tenth_system/teleop_tools/teleop_tools) by extensions ['ros']
[13.254s] Level 1:colcon.colcon_core.package_identification:_identify(src/f1tenth_system/teleop_tools/teleop_tools) by extension 'ros'
[13.255s] DEBUG:colcon.colcon_core.package_identification:Package 'src/f1tenth_system/teleop_tools/teleop_tools' with type 'ros.ament_cmake' and name 'teleop_tools'
[13.255s] Level 1:colcon.colcon_core.package_identification:_identify(src/f1tenth_system/teleop_tools/teleop_tools_msgs) by extensions ['ignore', 'ignore_ament_install']
[13.256s] Level 1:colcon.colcon_core.package_identification:_identify(src/f1tenth_system/teleop_tools/teleop_tools_msgs) by extension 'ignore'
[13.256s] Level 1:colcon.colcon_core.package_identification:_identify(src/f1tenth_system/teleop_tools/teleop_tools_msgs) by extension 'ignore_ament_install'
[13.256s] Level 1:colcon.colcon_core.package_identification:_identify(src/f1tenth_system/teleop_tools/teleop_tools_msgs) by extensions ['colcon_pkg']
[13.256s] Level 1:colcon.colcon_core.package_identification:_identify(src/f1tenth_system/teleop_tools/teleop_tools_msgs) by extension 'colcon_pkg'
[13.256s] Level 1:colcon.colcon_core.package_identification:_identify(src/f1tenth_system/teleop_tools/teleop_tools_msgs) by extensions ['colcon_meta']
[13.256s] Level 1:colcon.colcon_core.package_identification:_identify(src/f1tenth_system/teleop_tools/teleop_tools_msgs) by extension 'colcon_meta'
[13.256s] Level 1:colcon.colcon_core.package_identification:_identify(src/f1tenth_system/teleop_tools/teleop_tools_msgs) by extensions ['ros']
[13.256s] Level 1:colcon.colcon_core.package_identification:_identify(src/f1tenth_system/teleop_tools/teleop_tools_msgs) by extension 'ros'
[13.257s] DEBUG:colcon.colcon_core.package_identification:Package 'src/f1tenth_system/teleop_tools/teleop_tools_msgs' with type 'ros.ament_cmake' and name 'teleop_tools_msgs'
[13.258s] Level 1:colcon.colcon_core.package_identification:_identify(src/f1tenth_system/vesc) by extensions ['ignore', 'ignore_ament_install']
[13.258s] Level 1:colcon.colcon_core.package_identification:_identify(src/f1tenth_system/vesc) by extension 'ignore'
[13.258s] Level 1:colcon.colcon_core.package_identification:_identify(src/f1tenth_system/vesc) by extension 'ignore_ament_install'
[13.258s] Level 1:colcon.colcon_core.package_identification:_identify(src/f1tenth_system/vesc) by extensions ['colcon_pkg']
[13.258s] Level 1:colcon.colcon_core.package_identification:_identify(src/f1tenth_system/vesc) by extension 'colcon_pkg'
[13.258s] Level 1:colcon.colcon_core.package_identification:_identify(src/f1tenth_system/vesc) by extensions ['colcon_meta']
[13.258s] Level 1:colcon.colcon_core.package_identification:_identify(src/f1tenth_system/vesc) by extension 'colcon_meta'
[13.258s] Level 1:colcon.colcon_core.package_identification:_identify(src/f1tenth_system/vesc) by extensions ['ros']
[13.259s] Level 1:colcon.colcon_core.package_identification:_identify(src/f1tenth_system/vesc) by extension 'ros'
[13.259s] Level 1:colcon.colcon_core.package_identification:_identify(src/f1tenth_system/vesc) by extensions ['cmake', 'python']
[13.259s] Level 1:colcon.colcon_core.package_identification:_identify(src/f1tenth_system/vesc) by extension 'cmake'
[13.259s] Level 1:colcon.colcon_core.package_identification:_identify(src/f1tenth_system/vesc) by extension 'python'
[13.259s] Level 1:colcon.colcon_core.package_identification:_identify(src/f1tenth_system/vesc) by extensions ['python_setup_py']
[13.259s] Level 1:colcon.colcon_core.package_identification:_identify(src/f1tenth_system/vesc) by extension 'python_setup_py'
[13.259s] Level 1:colcon.colcon_core.package_identification:_identify(src/f1tenth_system/vesc/vesc) by extensions ['ignore', 'ignore_ament_install']
[13.259s] Level 1:colcon.colcon_core.package_identification:_identify(src/f1tenth_system/vesc/vesc) by extension 'ignore'
[13.259s] Level 1:colcon.colcon_core.package_identification:_identify(src/f1tenth_system/vesc/vesc) by extension 'ignore_ament_install'
[13.260s] Level 1:colcon.colcon_core.package_identification:_identify(src/f1tenth_system/vesc/vesc) by extensions ['colcon_pkg']
[13.260s] Level 1:colcon.colcon_core.package_identification:_identify(src/f1tenth_system/vesc/vesc) by extension 'colcon_pkg'
[13.260s] Level 1:colcon.colcon_core.package_identification:_identify(src/f1tenth_system/vesc/vesc) by extensions ['colcon_meta']
[13.260s] Level 1:colcon.colcon_core.package_identification:_identify(src/f1tenth_system/vesc/vesc) by extension 'colcon_meta'
[13.260s] Level 1:colcon.colcon_core.package_identification:_identify(src/f1tenth_system/vesc/vesc) by extensions ['ros']
[13.260s] Level 1:colcon.colcon_core.package_identification:_identify(src/f1tenth_system/vesc/vesc) by extension 'ros'
[13.261s] DEBUG:colcon.colcon_core.package_identification:Package 'src/f1tenth_system/vesc/vesc' with type 'ros.ament_cmake' and name 'vesc'
[13.261s] Level 1:colcon.colcon_core.package_identification:_identify(src/f1tenth_system/vesc/vesc_ackermann) by extensions ['ignore', 'ignore_ament_install']
[13.261s] Level 1:colcon.colcon_core.package_identification:_identify(src/f1tenth_system/vesc/vesc_ackermann) by extension 'ignore'
[13.262s] Level 1:colcon.colcon_core.package_identification:_identify(src/f1tenth_system/vesc/vesc_ackermann) by extension 'ignore_ament_install'
[13.262s] Level 1:colcon.colcon_core.package_identification:_identify(src/f1tenth_system/vesc/vesc_ackermann) by extensions ['colcon_pkg']
[13.262s] Level 1:colcon.colcon_core.package_identification:_identify(src/f1tenth_system/vesc/vesc_ackermann) by extension 'colcon_pkg'
[13.262s] Level 1:colcon.colcon_core.package_identification:_identify(src/f1tenth_system/vesc/vesc_ackermann) by extensions ['colcon_meta']
[13.262s] Level 1:colcon.colcon_core.package_identification:_identify(src/f1tenth_system/vesc/vesc_ackermann) by extension 'colcon_meta'
[13.262s] Level 1:colcon.colcon_core.package_identification:_identify(src/f1tenth_system/vesc/vesc_ackermann) by extensions ['ros']
[13.262s] Level 1:colcon.colcon_core.package_identification:_identify(src/f1tenth_system/vesc/vesc_ackermann) by extension 'ros'
[13.264s] DEBUG:colcon.colcon_core.package_identification:Package 'src/f1tenth_system/vesc/vesc_ackermann' with type 'ros.ament_cmake' and name 'vesc_ackermann'
[13.264s] Level 1:colcon.colcon_core.package_identification:_identify(src/f1tenth_system/vesc/vesc_driver) by extensions ['ignore', 'ignore_ament_install']
[13.264s] Level 1:colcon.colcon_core.package_identification:_identify(src/f1tenth_system/vesc/vesc_driver) by extension 'ignore'
[13.265s] Level 1:colcon.colcon_core.package_identification:_identify(src/f1tenth_system/vesc/vesc_driver) by extension 'ignore_ament_install'
[13.265s] Level 1:colcon.colcon_core.package_identification:_identify(src/f1tenth_system/vesc/vesc_driver) by extensions ['colcon_pkg']
[13.265s] Level 1:colcon.colcon_core.package_identification:_identify(src/f1tenth_system/vesc/vesc_driver) by extension 'colcon_pkg'
[13.265s] Level 1:colcon.colcon_core.package_identification:_identify(src/f1tenth_system/vesc/vesc_driver) by extensions ['colcon_meta']
[13.265s] Level 1:colcon.colcon_core.package_identification:_identify(src/f1tenth_system/vesc/vesc_driver) by extension 'colcon_meta'
[13.265s] Level 1:colcon.colcon_core.package_identification:_identify(src/f1tenth_system/vesc/vesc_driver) by extensions ['ros']
[13.265s] Level 1:colcon.colcon_core.package_identification:_identify(src/f1tenth_system/vesc/vesc_driver) by extension 'ros'
[13.267s] DEBUG:colcon.colcon_core.package_identification:Package 'src/f1tenth_system/vesc/vesc_driver' with type 'ros.ament_cmake' and name 'vesc_driver'
[13.267s] Level 1:colcon.colcon_core.package_identification:_identify(src/f1tenth_system/vesc/vesc_msgs) by extensions ['ignore', 'ignore_ament_install']
[13.269s] Level 1:colcon.colcon_core.package_identification:_identify(src/f1tenth_system/vesc/vesc_msgs) by extension 'ignore'
[13.269s] Level 1:colcon.colcon_core.package_identification:_identify(src/f1tenth_system/vesc/vesc_msgs) by extension 'ignore_ament_install'
[13.270s] Level 1:colcon.colcon_core.package_identification:_identify(src/f1tenth_system/vesc/vesc_msgs) by extensions ['colcon_pkg']
[13.270s] Level 1:colcon.colcon_core.package_identification:_identify(src/f1tenth_system/vesc/vesc_msgs) by extension 'colcon_pkg'
[13.270s] Level 1:colcon.colcon_core.package_identification:_identify(src/f1tenth_system/vesc/vesc_msgs) by extensions ['colcon_meta']
[13.270s] Level 1:colcon.colcon_core.package_identification:_identify(src/f1tenth_system/vesc/vesc_msgs) by extension 'colcon_meta'
[13.270s] Level 1:colcon.colcon_core.package_identification:_identify(src/f1tenth_system/vesc/vesc_msgs) by extensions ['ros']
[13.270s] Level 1:colcon.colcon_core.package_identification:_identify(src/f1tenth_system/vesc/vesc_msgs) by extension 'ros'
[13.271s] DEBUG:colcon.colcon_core.package_identification:Package 'src/f1tenth_system/vesc/vesc_msgs' with type 'ros.ament_cmake' and name 'vesc_msgs'
[13.272s] Level 1:colcon.colcon_core.package_identification:_identify(src/mind_stack_localization_test) by extensions ['ignore', 'ignore_ament_install']
[13.272s] Level 1:colcon.colcon_core.package_identification:_identify(src/mind_stack_localization_test) by extension 'ignore'
[13.272s] Level 1:colcon.colcon_core.package_identification:_identify(src/mind_stack_localization_test) by extension 'ignore_ament_install'
[13.272s] Level 1:colcon.colcon_core.package_identification:_identify(src/mind_stack_localization_test) by extensions ['colcon_pkg']
[13.272s] Level 1:colcon.colcon_core.package_identification:_identify(src/mind_stack_localization_test) by extension 'colcon_pkg'
[13.272s] Level 1:colcon.colcon_core.package_identification:_identify(src/mind_stack_localization_test) by extensions ['colcon_meta']
[13.272s] Level 1:colcon.colcon_core.package_identification:_identify(src/mind_stack_localization_test) by extension 'colcon_meta'
[13.273s] Level 1:colcon.colcon_core.package_identification:_identify(src/mind_stack_localization_test) by extensions ['ros']
[13.273s] Level 1:colcon.colcon_core.package_identification:_identify(src/mind_stack_localization_test) by extension 'ros'
[13.274s] DEBUG:colcon.colcon_core.package_identification:Package 'src/mind_stack_localization_test' with type 'ros.ament_cmake' and name 'mind_stack_localization_test'
[13.274s] Level 1:colcon.colcon_core.package_discovery:discover_packages(recursive) using defaults
[13.274s] Level 1:colcon.colcon_core.package_discovery:discover_packages(ignore) discover
[13.274s] Level 1:colcon.colcon_core.package_discovery:discover_packages(ignore) using defaults
[13.275s] Level 1:colcon.colcon_core.package_discovery:discover_packages(path) discover
[13.275s] Level 1:colcon.colcon_core.package_discovery:discover_packages(path) using defaults
[13.949s] INFO:colcon.colcon_core.package_selection:Skipping not selected package 'ackermann_mux' in 'src/f1tenth_system/ackermann_mux'
[13.949s] INFO:colcon.colcon_core.package_selection:Skipping not selected package 'key_teleop' in 'src/f1tenth_system/teleop_tools/key_teleop'
[13.949s] INFO:colcon.colcon_core.package_selection:Skipping not selected package 'mouse_teleop' in 'src/f1tenth_system/teleop_tools/mouse_teleop'
[13.950s] INFO:colcon.colcon_core.package_selection:Skipping not selected package 'teleop_tools_msgs' in 'src/f1tenth_system/teleop_tools/teleop_tools_msgs'
[13.950s] INFO:colcon.colcon_core.package_selection:Skipping not selected package 'vesc_msgs' in 'src/f1tenth_system/vesc/vesc_msgs'
[13.950s] INFO:colcon.colcon_core.package_selection:Skipping not selected package 'joy_teleop' in 'src/f1tenth_system/teleop_tools/joy_teleop'
[13.950s] INFO:colcon.colcon_core.package_selection:Skipping not selected package 'vesc_ackermann' in 'src/f1tenth_system/vesc/vesc_ackermann'
[13.950s] INFO:colcon.colcon_core.package_selection:Skipping not selected package 'vesc_driver' in 'src/f1tenth_system/vesc/vesc_driver'
[13.950s] INFO:colcon.colcon_core.package_selection:Skipping not selected package 'teleop_tools' in 'src/f1tenth_system/teleop_tools/teleop_tools'
[13.950s] INFO:colcon.colcon_core.package_selection:Skipping not selected package 'vesc' in 'src/f1tenth_system/vesc/vesc'
[13.950s] INFO:colcon.colcon_core.package_selection:Skipping not selected package 'f1tenth_stack' in 'src/f1tenth_system/f1tenth_stack'
[14.368s] Level 1:colcon.colcon_core.package_discovery:discover_packages(prefix_path) check parameters
[14.369s] Level 1:colcon.colcon_core.package_discovery:discover_packages(prefix_path) discover
[14.795s] DEBUG:colcon.colcon_installed_package_information.package_discovery:Found 12 installed packages in /home/f1tenth/f1tenth_ws/install
[15.007s] DEBUG:colcon.colcon_installed_package_information.package_discovery:Found 309 installed packages in /opt/ros/foxy
[15.011s] Level 1:colcon.colcon_core.package_discovery:discover_packages(prefix_path) using defaults
[15.591s] Level 5:colcon.colcon_core.verb:set package 'mind_stack_localization_test' build argument 'cmake_args' from command line to 'None'
[15.591s] Level 5:colcon.colcon_core.verb:set package 'mind_stack_localization_test' build argument 'cmake_target' from command line to 'None'
[15.591s] Level 5:colcon.colcon_core.verb:set package 'mind_stack_localization_test' build argument 'cmake_target_skip_unavailable' from command line to 'False'
[15.592s] Level 5:colcon.colcon_core.verb:set package 'mind_stack_localization_test' build argument 'cmake_clean_cache' from command line to 'False'
[15.592s] Level 5:colcon.colcon_core.verb:set package 'mind_stack_localization_test' build argument 'cmake_clean_first' from command line to 'False'
[15.592s] Level 5:colcon.colcon_core.verb:set package 'mind_stack_localization_test' build argument 'cmake_force_configure' from command line to 'False'
[15.592s] Level 5:colcon.colcon_core.verb:set package 'mind_stack_localization_test' build argument 'ament_cmake_args' from command line to 'None'
[15.592s] Level 5:colcon.colcon_core.verb:set package 'mind_stack_localization_test' build argument 'catkin_cmake_args' from command line to 'None'
[15.592s] Level 5:colcon.colcon_core.verb:set package 'mind_stack_localization_test' build argument 'catkin_skip_building_tests' from command line to 'False'
[15.592s] DEBUG:colcon.colcon_core.verb:Building package 'mind_stack_localization_test' with the following arguments: {'ament_cmake_args': None, 'build_base': '/home/f1tenth/f1tenth_ws/build/mind_stack_localization_test', 'catkin_cmake_args': None, 'catkin_skip_building_tests': False, 'cmake_args': None, 'cmake_clean_cache': False, 'cmake_clean_first': False, 'cmake_force_configure': False, 'cmake_target': None, 'cmake_target_skip_unavailable': False, 'install_base': '/home/f1tenth/f1tenth_ws/install/mind_stack_localization_test', 'merge_install': False, 'path': '/home/f1tenth/f1tenth_ws/src/mind_stack_localization_test', 'symlink_install': False, 'test_result_base': None}
[15.804s] INFO:colcon.colcon_core.executor:Executing jobs using 'parallel' executor
[16.017s] DEBUG:colcon.colcon_parallel_executor.executor.parallel:run_until_complete
[16.017s] INFO:colcon.colcon_ros.task.ament_cmake.build:Building ROS package in '/home/f1tenth/f1tenth_ws/src/mind_stack_localization_test' with build type 'ament_cmake'
[16.018s] INFO:colcon.colcon_cmake.task.cmake.build:Building CMake package in '/home/f1tenth/f1tenth_ws/src/mind_stack_localization_test'
[16.240s] INFO:colcon.colcon_core.plugin_system:Skipping extension 'colcon_core.shell.bat': Not used on non-Windows systems
[16.240s] INFO:colcon.colcon_core.shell:Skip shell extension 'powershell' for command environment: Not usable outside of PowerShell
[16.240s] DEBUG:colcon.colcon_core.shell:Skip shell extension 'dsv' for command environment
[16.990s] DEBUG:colcon.colcon_core.event_handler.log_command:Invoking command in '/home/f1tenth/f1tenth_ws/build/mind_stack_localization_test': CMAKE_PREFIX_PATH=${CMAKE_PREFIX_PATH}:/home/f1tenth/f1tenth_ws/install/f1tenth_stack:/home/f1tenth/f1tenth_ws/install/joy_teleop:/home/f1tenth/f1tenth_ws/install/mouse_teleop:/home/f1tenth/f1tenth_ws/install/key_teleop:/opt/ros/foxy /usr/bin/cmake --build /home/f1tenth/f1tenth_ws/build/mind_stack_localization_test -- -j6 -l6
[17.090s] DEBUG:colcon.colcon_core.event_handler.log_command:Invoked command in '/home/f1tenth/f1tenth_ws/build/mind_stack_localization_test' returned '0': CMAKE_PREFIX_PATH=${CMAKE_PREFIX_PATH}:/home/f1tenth/f1tenth_ws/install/f1tenth_stack:/home/f1tenth/f1tenth_ws/install/joy_teleop:/home/f1tenth/f1tenth_ws/install/mouse_teleop:/home/f1tenth/f1tenth_ws/install/key_teleop:/opt/ros/foxy /usr/bin/cmake --build /home/f1tenth/f1tenth_ws/build/mind_stack_localization_test -- -j6 -l6
[17.170s] DEBUG:colcon.colcon_core.event_handler.log_command:Invoking command in '/home/f1tenth/f1tenth_ws/build/mind_stack_localization_test': CMAKE_PREFIX_PATH=${CMAKE_PREFIX_PATH}:/home/f1tenth/f1tenth_ws/install/f1tenth_stack:/home/f1tenth/f1tenth_ws/install/joy_teleop:/home/f1tenth/f1tenth_ws/install/mouse_teleop:/home/f1tenth/f1tenth_ws/install/key_teleop:/opt/ros/foxy /usr/bin/cmake --install /home/f1tenth/f1tenth_ws/build/mind_stack_localization_test
[17.270s] Level 1:colcon.colcon_core.environment:create_environment_scripts_only(mind_stack_localization_test)
[17.271s] DEBUG:colcon.colcon_core.event_handler.log_command:Invoked command in '/home/f1tenth/f1tenth_ws/build/mind_stack_localization_test' returned '0': CMAKE_PREFIX_PATH=${CMAKE_PREFIX_PATH}:/home/f1tenth/f1tenth_ws/install/f1tenth_stack:/home/f1tenth/f1tenth_ws/install/joy_teleop:/home/f1tenth/f1tenth_ws/install/mouse_teleop:/home/f1tenth/f1tenth_ws/install/key_teleop:/opt/ros/foxy /usr/bin/cmake --install /home/f1tenth/f1tenth_ws/build/mind_stack_localization_test
[17.538s] Level 1:colcon.colcon_core.environment:checking '/home/f1tenth/f1tenth_ws/install/mind_stack_localization_test' for CMake module files
[17.539s] Level 1:colcon.colcon_core.environment:checking '/home/f1tenth/f1tenth_ws/install/mind_stack_localization_test' for CMake config files
[17.540s] Level 1:colcon.colcon_core.shell:create_environment_hook('mind_stack_localization_test', 'cmake_prefix_path')
[17.793s] INFO:colcon.colcon_core.shell:Creating environment hook '/home/f1tenth/f1tenth_ws/install/mind_stack_localization_test/share/mind_stack_localization_test/hook/cmake_prefix_path.ps1'
[17.794s] INFO:colcon.colcon_core.shell:Creating environment descriptor '/home/f1tenth/f1tenth_ws/install/mind_stack_localization_test/share/mind_stack_localization_test/hook/cmake_prefix_path.dsv'
[17.795s] INFO:colcon.colcon_core.shell:Creating environment hook '/home/f1tenth/f1tenth_ws/install/mind_stack_localization_test/share/mind_stack_localization_test/hook/cmake_prefix_path.sh'
[17.797s] Level 1:colcon.colcon_core.environment:checking '/home/f1tenth/f1tenth_ws/install/mind_stack_localization_test/lib'
[17.798s] Level 1:colcon.colcon_core.environment:checking '/home/f1tenth/f1tenth_ws/install/mind_stack_localization_test/bin'
[17.798s] Level 1:colcon.colcon_core.environment:checking '/home/f1tenth/f1tenth_ws/install/mind_stack_localization_test/lib/pkgconfig/mind_stack_localization_test.pc'
[17.798s] Level 1:colcon.colcon_core.environment:checking '/home/f1tenth/f1tenth_ws/install/mind_stack_localization_test/lib/python3.8/site-packages'
[17.798s] Level 1:colcon.colcon_core.shell:create_environment_hook('mind_stack_localization_test', 'pythonpath')
[18.048s] INFO:colcon.colcon_core.shell:Creating environment hook '/home/f1tenth/f1tenth_ws/install/mind_stack_localization_test/share/mind_stack_localization_test/hook/pythonpath.ps1'
[18.049s] INFO:colcon.colcon_core.shell:Creating environment descriptor '/home/f1tenth/f1tenth_ws/install/mind_stack_localization_test/share/mind_stack_localization_test/hook/pythonpath.dsv'
[18.050s] INFO:colcon.colcon_core.shell:Creating environment hook '/home/f1tenth/f1tenth_ws/install/mind_stack_localization_test/share/mind_stack_localization_test/hook/pythonpath.sh'
[18.051s] Level 1:colcon.colcon_core.environment:checking '/home/f1tenth/f1tenth_ws/install/mind_stack_localization_test/bin'
[18.301s] INFO:colcon.colcon_core.shell:Creating package script '/home/f1tenth/f1tenth_ws/install/mind_stack_localization_test/share/mind_stack_localization_test/package.ps1'
[18.304s] INFO:colcon.colcon_core.shell:Creating package descriptor '/home/f1tenth/f1tenth_ws/install/mind_stack_localization_test/share/mind_stack_localization_test/package.dsv'
[18.306s] INFO:colcon.colcon_core.shell:Creating package script '/home/f1tenth/f1tenth_ws/install/mind_stack_localization_test/share/mind_stack_localization_test/package.sh'
[18.309s] INFO:colcon.colcon_core.shell:Creating package script '/home/f1tenth/f1tenth_ws/install/mind_stack_localization_test/share/mind_stack_localization_test/package.bash'
[18.310s] INFO:colcon.colcon_core.shell:Creating package script '/home/f1tenth/f1tenth_ws/install/mind_stack_localization_test/share/mind_stack_localization_test/package.zsh'
[18.312s] Level 1:colcon.colcon_core.environment:create_file_with_runtime_dependencies(/home/f1tenth/f1tenth_ws/install/mind_stack_localization_test/share/colcon-core/packages/mind_stack_localization_test)
[18.625s] Level 1:colcon.colcon_core.environment:create_environment_scripts_only(mind_stack_localization_test)
[18.883s] Level 1:colcon.colcon_core.environment:checking '/home/f1tenth/f1tenth_ws/install/mind_stack_localization_test' for CMake module files
[18.885s] Level 1:colcon.colcon_core.environment:checking '/home/f1tenth/f1tenth_ws/install/mind_stack_localization_test' for CMake config files
[18.885s] Level 1:colcon.colcon_core.shell:create_environment_hook('mind_stack_localization_test', 'cmake_prefix_path')
[19.144s] INFO:colcon.colcon_core.shell:Creating environment hook '/home/f1tenth/f1tenth_ws/install/mind_stack_localization_test/share/mind_stack_localization_test/hook/cmake_prefix_path.ps1'
[19.145s] INFO:colcon.colcon_core.shell:Creating environment descriptor '/home/f1tenth/f1tenth_ws/install/mind_stack_localization_test/share/mind_stack_localization_test/hook/cmake_prefix_path.dsv'
[19.146s] INFO:colcon.colcon_core.shell:Creating environment hook '/home/f1tenth/f1tenth_ws/install/mind_stack_localization_test/share/mind_stack_localization_test/hook/cmake_prefix_path.sh'
[19.147s] Level 1:colcon.colcon_core.environment:checking '/home/f1tenth/f1tenth_ws/install/mind_stack_localization_test/lib'
[19.147s] Level 1:colcon.colcon_core.environment:checking '/home/f1tenth/f1tenth_ws/install/mind_stack_localization_test/bin'
[19.147s] Level 1:colcon.colcon_core.environment:checking '/home/f1tenth/f1tenth_ws/install/mind_stack_localization_test/lib/pkgconfig/mind_stack_localization_test.pc'
[19.148s] Level 1:colcon.colcon_core.environment:checking '/home/f1tenth/f1tenth_ws/install/mind_stack_localization_test/lib/python3.8/site-packages'
[19.148s] Level 1:colcon.colcon_core.shell:create_environment_hook('mind_stack_localization_test', 'pythonpath')
[19.399s] INFO:colcon.colcon_core.shell:Creating environment hook '/home/f1tenth/f1tenth_ws/install/mind_stack_localization_test/share/mind_stack_localization_test/hook/pythonpath.ps1'
[19.401s] INFO:colcon.colcon_core.shell:Creating environment descriptor '/home/f1tenth/f1tenth_ws/install/mind_stack_localization_test/share/mind_stack_localization_test/hook/pythonpath.dsv'
[19.402s] INFO:colcon.colcon_core.shell:Creating environment hook '/home/f1tenth/f1tenth_ws/install/mind_stack_localization_test/share/mind_stack_localization_test/hook/pythonpath.sh'
[19.403s] Level 1:colcon.colcon_core.environment:checking '/home/f1tenth/f1tenth_ws/install/mind_stack_localization_test/bin'
[19.653s] INFO:colcon.colcon_core.shell:Creating package script '/home/f1tenth/f1tenth_ws/install/mind_stack_localization_test/share/mind_stack_localization_test/package.ps1'
[19.655s] INFO:colcon.colcon_core.shell:Creating package descriptor '/home/f1tenth/f1tenth_ws/install/mind_stack_localization_test/share/mind_stack_localization_test/package.dsv'
[19.656s] INFO:colcon.colcon_core.shell:Creating package script '/home/f1tenth/f1tenth_ws/install/mind_stack_localization_test/share/mind_stack_localization_test/package.sh'
[19.657s] INFO:colcon.colcon_core.shell:Creating package script '/home/f1tenth/f1tenth_ws/install/mind_stack_localization_test/share/mind_stack_localization_test/package.bash'
[19.658s] INFO:colcon.colcon_core.shell:Creating package script '/home/f1tenth/f1tenth_ws/install/mind_stack_localization_test/share/mind_stack_localization_test/package.zsh'
[19.659s] Level 1:colcon.colcon_core.environment:create_file_with_runtime_dependencies(/home/f1tenth/f1tenth_ws/install/mind_stack_localization_test/share/colcon-core/packages/mind_stack_localization_test)
[19.660s] DEBUG:colcon.colcon_parallel_executor.executor.parallel:closing loop
[19.661s] DEBUG:colcon.colcon_parallel_executor.executor.parallel:loop closed
[19.662s] DEBUG:colcon.colcon_parallel_executor.executor.parallel:run_until_complete finished with '0'
[19.662s] DEBUG:colcon.colcon_core.event_reactor:joining thread
[19.939s] INFO:colcon.colcon_core.plugin_system:Skipping extension 'colcon_notification.desktop_notification.terminal_notifier': Not used on non-Darwin systems
[19.940s] INFO:colcon.colcon_core.plugin_system:Skipping extension 'colcon_notification.desktop_notification.win32': Not used on non-Windows systems
[19.940s] INFO:colcon.colcon_notification.desktop_notification:Sending desktop notification using 'notify2'
[19.987s] DEBUG:colcon.colcon_core.event_reactor:joined thread
[20.252s] INFO:colcon.colcon_core.shell:Creating prefix script '/home/f1tenth/f1tenth_ws/install/local_setup.ps1'
[20.254s] INFO:colcon.colcon_core.shell:Creating prefix util module '/home/f1tenth/f1tenth_ws/install/_local_setup_util_ps1.py'
[20.256s] INFO:colcon.colcon_core.shell:Creating prefix chain script '/home/f1tenth/f1tenth_ws/install/setup.ps1'
[20.470s] INFO:colcon.colcon_core.shell:Creating prefix script '/home/f1tenth/f1tenth_ws/install/local_setup.sh'
[20.471s] INFO:colcon.colcon_core.shell:Creating prefix util module '/home/f1tenth/f1tenth_ws/install/_local_setup_util_sh.py'
[20.472s] INFO:colcon.colcon_core.shell:Creating prefix chain script '/home/f1tenth/f1tenth_ws/install/setup.sh'
[20.685s] INFO:colcon.colcon_core.shell:Creating prefix script '/home/f1tenth/f1tenth_ws/install/local_setup.bash'
[20.686s] INFO:colcon.colcon_core.shell:Creating prefix chain script '/home/f1tenth/f1tenth_ws/install/setup.bash'
[20.899s] INFO:colcon.colcon_core.shell:Creating prefix script '/home/f1tenth/f1tenth_ws/install/local_setup.zsh'
[20.900s] INFO:colcon.colcon_core.shell:Creating prefix chain script '/home/f1tenth/f1tenth_ws/install/setup.zsh'
