[6.599s] Invoking command in '/home/f1tenth/f1tenth_ws/src/f1tenth_system/teleop_tools/mouse_teleop': PYTHONPATH=/home/f1tenth/f1tenth_ws/build/mouse_teleop/prefix_override:/home/f1tenth/f1tenth_ws/install/mouse_teleop/lib/python3.8/site-packages:${PYTHONPATH} /usr/bin/python3 setup.py egg_info --egg-base ../../../../build/mouse_teleop build --build-base /home/f1tenth/f1tenth_ws/build/mouse_teleop/build install --record /home/f1tenth/f1tenth_ws/build/mouse_teleop/install.log --install-scripts $base/lib/mouse_teleop --single-version-externally-managed
[7.724s] /usr/local/lib/python3.8/dist-packages/setuptools/dist.py:771: UserWarning: Usage of dash-separated 'script-dir' will not be supported in future versions. Please use the underscore name 'script_dir' instead
[7.725s]   warnings.warn(
[8.146s] running egg_info
[8.154s] creating ../../../../build/mouse_teleop/mouse_teleop.egg-info
[8.233s] writing ../../../../build/mouse_teleop/mouse_teleop.egg-info/PKG-INFO
[8.235s] writing dependency_links to ../../../../build/mouse_teleop/mouse_teleop.egg-info/dependency_links.txt
[8.235s] writing entry points to ../../../../build/mouse_teleop/mouse_teleop.egg-info/entry_points.txt
[8.236s] writing requirements to ../../../../build/mouse_teleop/mouse_teleop.egg-info/requires.txt
[8.236s] writing top-level names to ../../../../build/mouse_teleop/mouse_teleop.egg-info/top_level.txt
[8.246s] writing manifest file '../../../../build/mouse_teleop/mouse_teleop.egg-info/SOURCES.txt'
[8.405s] reading manifest file '../../../../build/mouse_teleop/mouse_teleop.egg-info/SOURCES.txt'
[8.406s] adding license file 'LICENSE'
[8.409s] writing manifest file '../../../../build/mouse_teleop/mouse_teleop.egg-info/SOURCES.txt'
[8.409s] running build
[8.410s] running build_py
[8.410s] creating /home/f1tenth/f1tenth_ws/build/mouse_teleop/build
[8.410s] creating /home/f1tenth/f1tenth_ws/build/mouse_teleop/build/lib
[8.411s] creating /home/f1tenth/f1tenth_ws/build/mouse_teleop/build/lib/mouse_teleop
[8.411s] copying mouse_teleop/mouse_teleop.py -> /home/f1tenth/f1tenth_ws/build/mouse_teleop/build/lib/mouse_teleop
[8.412s] copying mouse_teleop/__init__.py -> /home/f1tenth/f1tenth_ws/build/mouse_teleop/build/lib/mouse_teleop
[8.414s] running install
[8.419s] /usr/local/lib/python3.8/dist-packages/setuptools/command/install.py:34: SetuptoolsDeprecationWarning: setup.py install is deprecated. Use build and pip and other standards-based tools.
[8.419s]   warnings.warn(
[8.444s] running install_lib
[8.528s] creating /home/f1tenth/f1tenth_ws/install/mouse_teleop/lib/python3.8/site-packages/mouse_teleop
[8.529s] copying /home/f1tenth/f1tenth_ws/build/mouse_teleop/build/lib/mouse_teleop/mouse_teleop.py -> /home/f1tenth/f1tenth_ws/install/mouse_teleop/lib/python3.8/site-packages/mouse_teleop
[8.531s] copying /home/f1tenth/f1tenth_ws/build/mouse_teleop/build/lib/mouse_teleop/__init__.py -> /home/f1tenth/f1tenth_ws/install/mouse_teleop/lib/python3.8/site-packages/mouse_teleop
[8.537s] byte-compiling /home/f1tenth/f1tenth_ws/install/mouse_teleop/lib/python3.8/site-packages/mouse_teleop/mouse_teleop.py to mouse_teleop.cpython-38.pyc
[8.543s] byte-compiling /home/f1tenth/f1tenth_ws/install/mouse_teleop/lib/python3.8/site-packages/mouse_teleop/__init__.py to __init__.cpython-38.pyc
[8.545s] running install_data
[8.634s] copying package.xml -> /home/f1tenth/f1tenth_ws/install/mouse_teleop/share/mouse_teleop
[8.636s] creating /home/f1tenth/f1tenth_ws/install/mouse_teleop/share/mouse_teleop/config
[8.641s] copying config/mouse_teleop.yaml -> /home/f1tenth/f1tenth_ws/install/mouse_teleop/share/mouse_teleop/config
[8.645s] creating /home/f1tenth/f1tenth_ws/install/mouse_teleop/share/mouse_teleop/launch
[8.646s] copying launch/mouse_teleop.launch.py -> /home/f1tenth/f1tenth_ws/install/mouse_teleop/share/mouse_teleop/launch
[8.648s] creating /home/f1tenth/f1tenth_ws/install/mouse_teleop/share/ament_index
[8.648s] creating /home/f1tenth/f1tenth_ws/install/mouse_teleop/share/ament_index/resource_index
[8.649s] creating /home/f1tenth/f1tenth_ws/install/mouse_teleop/share/ament_index/resource_index/packages
[8.650s] copying resource/mouse_teleop -> /home/f1tenth/f1tenth_ws/install/mouse_teleop/share/ament_index/resource_index/packages
[8.652s] running install_egg_info
[8.831s] Copying ../../../../build/mouse_teleop/mouse_teleop.egg-info to /home/f1tenth/f1tenth_ws/install/mouse_teleop/lib/python3.8/site-packages/mouse_teleop-0.3.0-py3.8.egg-info
[8.841s] running install_scripts
[9.195s] Installing mouse_teleop script to /home/f1tenth/f1tenth_ws/install/mouse_teleop/lib/mouse_teleop
[9.196s] writing list of installed files to '/home/f1tenth/f1tenth_ws/build/mouse_teleop/install.log'
[10.894s] Invoked command in '/home/f1tenth/f1tenth_ws/src/f1tenth_system/teleop_tools/mouse_teleop' returned '0': PYTHONPATH=/home/f1tenth/f1tenth_ws/build/mouse_teleop/prefix_override:/home/f1tenth/f1tenth_ws/install/mouse_teleop/lib/python3.8/site-packages:${PYTHONPATH} /usr/bin/python3 setup.py egg_info --egg-base ../../../../build/mouse_teleop build --build-base /home/f1tenth/f1tenth_ws/build/mouse_teleop/build install --record /home/f1tenth/f1tenth_ws/build/mouse_teleop/install.log --install-scripts $base/lib/mouse_teleop --single-version-externally-managed
