[6.449s] Invoking command in '/home/f1tenth/lab_ws25/src/stanley_avoidance': PYTHONPATH=/home/f1tenth/lab_ws25/build/stanley_avoidance/prefix_override:/usr/lib/python3/dist-packages/colcon_core/task/python/colcon_distutils_commands:/home/f1tenth/lab_ws25/install/stanley_avoidance/lib/python3.8/site-packages:${PYTHONPATH} /usr/bin/python3 -W ignore:setup.py install is deprecated -W ignore:easy_install command is deprecated setup.py egg_info --egg-base ../../build/stanley_avoidance build --build-base /home/f1tenth/lab_ws25/build/stanley_avoidance/build install --record /home/f1tenth/lab_ws25/build/stanley_avoidance/install.log --install-scripts $base/lib/stanley_avoidance --single-version-externally-managed install_data
[7.563s] /usr/local/lib/python3.8/dist-packages/setuptools/dist.py:771: UserWarning: Usage of dash-separated 'script-dir' will not be supported in future versions. Please use the underscore name 'script_dir' instead
[7.563s]   warnings.warn(
[7.904s] running egg_info
[7.944s] writing ../../build/stanley_avoidance/stanley_avoidance.egg-info/PKG-INFO
[7.944s] writing dependency_links to ../../build/stanley_avoidance/stanley_avoidance.egg-info/dependency_links.txt
[7.945s] writing entry points to ../../build/stanley_avoidance/stanley_avoidance.egg-info/entry_points.txt
[7.945s] writing requirements to ../../build/stanley_avoidance/stanley_avoidance.egg-info/requires.txt
[7.946s] writing top-level names to ../../build/stanley_avoidance/stanley_avoidance.egg-info/top_level.txt
[8.055s] reading manifest file '../../build/stanley_avoidance/stanley_avoidance.egg-info/SOURCES.txt'
[8.056s] adding license file 'LICENSE'
[8.058s] writing manifest file '../../build/stanley_avoidance/stanley_avoidance.egg-info/SOURCES.txt'
[8.059s] running build
[8.059s] running build_py
[8.059s] copying stanley_avoidance/stanley_avoidance.py -> /home/f1tenth/lab_ws25/build/stanley_avoidance/build/lib/stanley_avoidance
[8.060s] running install
[8.073s] running install_lib
[8.116s] copying /home/f1tenth/lab_ws25/build/stanley_avoidance/build/lib/stanley_avoidance/stanley_avoidance.py -> /home/f1tenth/lab_ws25/install/stanley_avoidance/lib/python3.8/site-packages/stanley_avoidance
[8.117s] byte-compiling /home/f1tenth/lab_ws25/install/stanley_avoidance/lib/python3.8/site-packages/stanley_avoidance/stanley_avoidance.py to stanley_avoidance.cpython-38.pyc
[8.127s] running install_data
[8.128s] running install_egg_info
[8.171s] removing '/home/f1tenth/lab_ws25/install/stanley_avoidance/lib/python3.8/site-packages/stanley_avoidance-0.0.0-py3.8.egg-info' (and everything under it)
[8.171s] Copying ../../build/stanley_avoidance/stanley_avoidance.egg-info to /home/f1tenth/lab_ws25/install/stanley_avoidance/lib/python3.8/site-packages/stanley_avoidance-0.0.0-py3.8.egg-info
[8.173s] running install_scripts
[8.328s] Installing stanley_avoidance script to /home/f1tenth/lab_ws25/install/stanley_avoidance/lib/stanley_avoidance
[8.329s] writing list of installed files to '/home/f1tenth/lab_ws25/build/stanley_avoidance/install.log'
[8.453s] Invoked command in '/home/f1tenth/lab_ws25/src/stanley_avoidance' returned '0': PYTHONPATH=/home/f1tenth/lab_ws25/build/stanley_avoidance/prefix_override:/usr/lib/python3/dist-packages/colcon_core/task/python/colcon_distutils_commands:/home/f1tenth/lab_ws25/install/stanley_avoidance/lib/python3.8/site-packages:${PYTHONPATH} /usr/bin/python3 -W ignore:setup.py install is deprecated -W ignore:easy_install command is deprecated setup.py egg_info --egg-base ../../build/stanley_avoidance build --build-base /home/f1tenth/lab_ws25/build/stanley_avoidance/build install --record /home/f1tenth/lab_ws25/build/stanley_avoidance/install.log --install-scripts $base/lib/stanley_avoidance --single-version-externally-managed install_data
