/usr/local/lib/python3.8/dist-packages/setuptools/dist.py:771: UserWarning: Usage of dash-separated 'script-dir' will not be supported in future versions. Please use the underscore name 'script_dir' instead
  warnings.warn(
running develop
/usr/local/lib/python3.8/dist-packages/setuptools/command/easy_install.py:144: EasyInstallDeprecationWarning: easy_install command is deprecated. Use build and pip and other standards-based tools.
  warnings.warn(
/usr/local/lib/python3.8/dist-packages/setuptools/command/install.py:34: SetuptoolsDeprecationWarning: setup.py install is deprecated. Use build and pip and other standards-based tools.
  warnings.warn(
running egg_info
writing joy_teleop.egg-info/PKG-INFO
writing dependency_links to joy_teleop.egg-info/dependency_links.txt
writing entry points to joy_teleop.egg-info/entry_points.txt
writing requirements to joy_teleop.egg-info/requires.txt
writing top-level names to joy_teleop.egg-info/top_level.txt
reading manifest file 'joy_teleop.egg-info/SOURCES.txt'
writing manifest file 'joy_teleop.egg-info/SOURCES.txt'
running build_ext
Creating /home/f1tenth/f1tenth_ws/install/joy_teleop/lib/python3.8/site-packages/joy-teleop.egg-link (link to .)
Installing incrementer_server script to /home/f1tenth/f1tenth_ws/install/joy_teleop/lib/joy_teleop
Installing joy_teleop script to /home/f1tenth/f1tenth_ws/install/joy_teleop/lib/joy_teleop

Installed /home/f1tenth/f1tenth_ws/build/joy_teleop
running install_data
