[7.285s] Invoking command in '/home/f1tenth/f1tenth_ws/build/joy_teleop': CMAKE_PREFIX_PATH=/home/f1tenth/f1tenth_ws/install/teleop_tools_msgs:/home/f1tenth/f1tenth_ws/install/vesc:/home/f1tenth/f1tenth_ws/install/vesc_driver:/home/f1tenth/f1tenth_ws/install/vesc_ackermann:/home/f1tenth/f1tenth_ws/install/vesc_msgs:/home/f1tenth/f1tenth_ws/install/teleop_tools:/home/f1tenth/f1tenth_ws/install/mind_stack_localization_test:/home/f1tenth/f1tenth_ws/install/ackermann_mux LD_LIBRARY_PATH=/home/f1tenth/f1tenth_ws/install/teleop_tools_msgs/lib:/home/f1tenth/f1tenth_ws/install/vesc_driver/lib:/home/f1tenth/f1tenth_ws/install/vesc_ackermann/lib:/home/f1tenth/f1tenth_ws/install/vesc_msgs/lib:/opt/ros/foxy/opt/yaml_cpp_vendor/lib:/opt/ros/foxy/opt/rviz_ogre_vendor/lib:/opt/ros/foxy/lib/aarch64-linux-gnu:/opt/ros/foxy/lib:/usr/local/cuda-11.4/lib64 PYTHONPATH=/home/f1tenth/f1tenth_ws/build/joy_teleop/prefix_override:/home/f1tenth/f1tenth_ws/install/joy_teleop/lib/python3.8/site-packages:/home/f1tenth/f1tenth_ws/install/teleop_tools_msgs/lib/python3.8/site-packages:/home/f1tenth/f1tenth_ws/install/f1tenth_stack/lib/python3.8/site-packages:/home/f1tenth/f1tenth_ws/install/vesc_msgs/lib/python3.8/site-packages:/home/f1tenth/f1tenth_ws/install/joy_teleop/lib/python3.8/site-packages:/home/f1tenth/f1tenth_ws/install/safety_node/lib/python3.8/site-packages:/home/f1tenth/f1tenth_ws/install/mouse_teleop/lib/python3.8/site-packages:/home/f1tenth/f1tenth_ws/install/mind_stack_localization_test/lib/python3.8/site-packages:/home/f1tenth/f1tenth_ws/install/key_teleop/lib/python3.8/site-packages:/opt/ros/foxy/lib/python3.8/site-packages /usr/bin/python3 setup.py develop --editable --build-directory /home/f1tenth/f1tenth_ws/build/joy_teleop/build --no-deps install_data
[7.874s] /usr/local/lib/python3.8/dist-packages/setuptools/dist.py:771: UserWarning: Usage of dash-separated 'script-dir' will not be supported in future versions. Please use the underscore name 'script_dir' instead
[7.875s]   warnings.warn(
[8.068s] running develop
[8.068s] /usr/local/lib/python3.8/dist-packages/setuptools/command/easy_install.py:144: EasyInstallDeprecationWarning: easy_install command is deprecated. Use build and pip and other standards-based tools.
[8.068s]   warnings.warn(
[8.160s] /usr/local/lib/python3.8/dist-packages/setuptools/command/install.py:34: SetuptoolsDeprecationWarning: setup.py install is deprecated. Use build and pip and other standards-based tools.
[8.160s]   warnings.warn(
[8.572s] running egg_info
[8.600s] writing joy_teleop.egg-info/PKG-INFO
[8.601s] writing dependency_links to joy_teleop.egg-info/dependency_links.txt
[8.602s] writing entry points to joy_teleop.egg-info/entry_points.txt
[8.602s] writing requirements to joy_teleop.egg-info/requires.txt
[8.603s] writing top-level names to joy_teleop.egg-info/top_level.txt
[8.667s] reading manifest file 'joy_teleop.egg-info/SOURCES.txt'
[8.669s] writing manifest file 'joy_teleop.egg-info/SOURCES.txt'
[8.786s] running build_ext
[8.786s] Creating /home/f1tenth/f1tenth_ws/install/joy_teleop/lib/python3.8/site-packages/joy-teleop.egg-link (link to .)
[8.789s] Installing incrementer_server script to /home/f1tenth/f1tenth_ws/install/joy_teleop/lib/joy_teleop
[8.789s] Installing joy_teleop script to /home/f1tenth/f1tenth_ws/install/joy_teleop/lib/joy_teleop
[8.790s] 
[8.790s] Installed /home/f1tenth/f1tenth_ws/build/joy_teleop
[8.790s] running install_data
[8.997s] Invoked command in '/home/f1tenth/f1tenth_ws/build/joy_teleop' returned '0': CMAKE_PREFIX_PATH=/home/f1tenth/f1tenth_ws/install/teleop_tools_msgs:/home/f1tenth/f1tenth_ws/install/vesc:/home/f1tenth/f1tenth_ws/install/vesc_driver:/home/f1tenth/f1tenth_ws/install/vesc_ackermann:/home/f1tenth/f1tenth_ws/install/vesc_msgs:/home/f1tenth/f1tenth_ws/install/teleop_tools:/home/f1tenth/f1tenth_ws/install/mind_stack_localization_test:/home/f1tenth/f1tenth_ws/install/ackermann_mux LD_LIBRARY_PATH=/home/f1tenth/f1tenth_ws/install/teleop_tools_msgs/lib:/home/f1tenth/f1tenth_ws/install/vesc_driver/lib:/home/f1tenth/f1tenth_ws/install/vesc_ackermann/lib:/home/f1tenth/f1tenth_ws/install/vesc_msgs/lib:/opt/ros/foxy/opt/yaml_cpp_vendor/lib:/opt/ros/foxy/opt/rviz_ogre_vendor/lib:/opt/ros/foxy/lib/aarch64-linux-gnu:/opt/ros/foxy/lib:/usr/local/cuda-11.4/lib64 PYTHONPATH=/home/f1tenth/f1tenth_ws/build/joy_teleop/prefix_override:/home/f1tenth/f1tenth_ws/install/joy_teleop/lib/python3.8/site-packages:/home/f1tenth/f1tenth_ws/install/teleop_tools_msgs/lib/python3.8/site-packages:/home/f1tenth/f1tenth_ws/install/f1tenth_stack/lib/python3.8/site-packages:/home/f1tenth/f1tenth_ws/install/vesc_msgs/lib/python3.8/site-packages:/home/f1tenth/f1tenth_ws/install/joy_teleop/lib/python3.8/site-packages:/home/f1tenth/f1tenth_ws/install/safety_node/lib/python3.8/site-packages:/home/f1tenth/f1tenth_ws/install/mouse_teleop/lib/python3.8/site-packages:/home/f1tenth/f1tenth_ws/install/mind_stack_localization_test/lib/python3.8/site-packages:/home/f1tenth/f1tenth_ws/install/key_teleop/lib/python3.8/site-packages:/opt/ros/foxy/lib/python3.8/site-packages /usr/bin/python3 setup.py develop --editable --build-directory /home/f1tenth/f1tenth_ws/build/joy_teleop/build --no-deps install_data
