/usr/local/lib/python3.8/dist-packages/setuptools/dist.py:771: UserWarning: Usage of dash-separated 'script-dir' will not be supported in future versions. Please use the underscore name 'script_dir' instead
  warnings.warn(
running develop
/usr/local/lib/python3.8/dist-packages/setuptools/command/easy_install.py:144: EasyInstallDeprecationWarning: easy_install command is deprecated. Use build and pip and other standards-based tools.
  warnings.warn(
/usr/local/lib/python3.8/dist-packages/setuptools/command/install.py:34: SetuptoolsDeprecationWarning: setup.py install is deprecated. Use build and pip and other standards-based tools.
  warnings.warn(
running egg_info
writing f1tenth_stack.egg-info/PKG-INFO
writing dependency_links to f1tenth_stack.egg-info/dependency_links.txt
writing entry points to f1tenth_stack.egg-info/entry_points.txt
writing requirements to f1tenth_stack.egg-info/requires.txt
writing top-level names to f1tenth_stack.egg-info/top_level.txt
reading manifest file 'f1tenth_stack.egg-info/SOURCES.txt'
writing manifest file 'f1tenth_stack.egg-info/SOURCES.txt'
running build_ext
Creating /home/f1tenth/f1tenth_ws/install/f1tenth_stack/lib/python3.8/site-packages/f1tenth-stack.egg-link (link to .)
Installing tf_publisher script to /home/f1tenth/f1tenth_ws/install/f1tenth_stack/lib/f1tenth_stack
Installing throttle_interpolator script to /home/f1tenth/f1tenth_ws/install/f1tenth_stack/lib/f1tenth_stack

Installed /home/f1tenth/f1tenth_ws/build/f1tenth_stack
running install_data
