[2.092s] Invoking command in '/home/f1tenth/f1tenth_ws/build/vesc_driver': AMENT_PREFIX_PATH=/home/f1tenth/f1tenth_ws/install/vesc_msgs:${AMENT_PREFIX_PATH} CMAKE_PREFIX_PATH=/home/f1tenth/f1tenth_ws/install/vesc_msgs:/opt/ros/foxy LD_LIBRARY_PATH=/home/f1tenth/f1tenth_ws/install/vesc_msgs/lib:/opt/ros/foxy/opt/yaml_cpp_vendor/lib:/opt/ros/foxy/opt/rviz_ogre_vendor/lib:/opt/ros/foxy/lib/aarch64-linux-gnu:/opt/ros/foxy/lib:/usr/local/cuda-11.4/lib64 PYTHONPATH=/home/f1tenth/f1tenth_ws/install/vesc_msgs/lib/python3.8/site-packages:${PYTHONPATH} /usr/bin/cmake --build /home/f1tenth/f1tenth_ws/build/vesc_driver -- -j6 -l6
[2.244s] [ 20%] Built target vesc_driver_node
[2.261s] [ 70%] Built target vesc_driver
[2.320s] [100%] Built target vesc_device_namer
[3.061s] Invoked command in '/home/f1tenth/f1tenth_ws/build/vesc_driver' returned '0': AMENT_PREFIX_PATH=/home/f1tenth/f1tenth_ws/install/vesc_msgs:${AMENT_PREFIX_PATH} CMAKE_PREFIX_PATH=/home/f1tenth/f1tenth_ws/install/vesc_msgs:/opt/ros/foxy LD_LIBRARY_PATH=/home/f1tenth/f1tenth_ws/install/vesc_msgs/lib:/opt/ros/foxy/opt/yaml_cpp_vendor/lib:/opt/ros/foxy/opt/rviz_ogre_vendor/lib:/opt/ros/foxy/lib/aarch64-linux-gnu:/opt/ros/foxy/lib:/usr/local/cuda-11.4/lib64 PYTHONPATH=/home/f1tenth/f1tenth_ws/install/vesc_msgs/lib/python3.8/site-packages:${PYTHONPATH} /usr/bin/cmake --build /home/f1tenth/f1tenth_ws/build/vesc_driver -- -j6 -l6
[4.179s] Invoking command in '/home/f1tenth/f1tenth_ws/build/vesc_driver': AMENT_PREFIX_PATH=/home/f1tenth/f1tenth_ws/install/vesc_msgs:${AMENT_PREFIX_PATH} CMAKE_PREFIX_PATH=/home/f1tenth/f1tenth_ws/install/vesc_msgs:/opt/ros/foxy LD_LIBRARY_PATH=/home/f1tenth/f1tenth_ws/install/vesc_msgs/lib:/opt/ros/foxy/opt/yaml_cpp_vendor/lib:/opt/ros/foxy/opt/rviz_ogre_vendor/lib:/opt/ros/foxy/lib/aarch64-linux-gnu:/opt/ros/foxy/lib:/usr/local/cuda-11.4/lib64 PYTHONPATH=/home/f1tenth/f1tenth_ws/install/vesc_msgs/lib/python3.8/site-packages:${PYTHONPATH} /usr/bin/cmake --install /home/f1tenth/f1tenth_ws/build/vesc_driver
[4.197s] -- Install configuration: ""
[4.198s] -- Up-to-date: /home/f1tenth/f1tenth_ws/install/vesc_driver/lib/vesc_driver/vesc_driver_node
[4.199s] -- Up-to-date: /home/f1tenth/f1tenth_ws/install/vesc_driver/include
[4.199s] -- Up-to-date: /home/f1tenth/f1tenth_ws/install/vesc_driver/include/vesc_driver
[4.200s] -- Up-to-date: /home/f1tenth/f1tenth_ws/install/vesc_driver/include/vesc_driver/crc.hpp
[4.200s] -- Up-to-date: /home/f1tenth/f1tenth_ws/install/vesc_driver/include/vesc_driver/vesc_packet_factory.hpp
[4.201s] -- Up-to-date: /home/f1tenth/f1tenth_ws/install/vesc_driver/include/vesc_driver/datatypes.hpp
[4.201s] -- Up-to-date: /home/f1tenth/f1tenth_ws/install/vesc_driver/include/vesc_driver/vesc_interface.hpp
[4.201s] -- Up-to-date: /home/f1tenth/f1tenth_ws/install/vesc_driver/include/vesc_driver/vesc_driver.hpp
[4.201s] -- Up-to-date: /home/f1tenth/f1tenth_ws/install/vesc_driver/include/vesc_driver/vesc_packet.hpp
[4.201s] -- Up-to-date: /home/f1tenth/f1tenth_ws/install/vesc_driver/include/vesc_driver/vesc_device_uuid_lookup.hpp
[4.202s] -- Up-to-date: /home/f1tenth/f1tenth_ws/install/vesc_driver/share/vesc_driver/environment/library_path.sh
[4.202s] -- Up-to-date: /home/f1tenth/f1tenth_ws/install/vesc_driver/share/vesc_driver/environment/library_path.dsv
[4.203s] -- Up-to-date: /home/f1tenth/f1tenth_ws/install/vesc_driver/lib/libvesc_driver.so
[4.207s] -- Up-to-date: /home/f1tenth/f1tenth_ws/install/vesc_driver/lib/vesc_driver/vesc_device_namer
[4.208s] -- Up-to-date: /home/f1tenth/f1tenth_ws/install/vesc_driver/share/vesc_driver/launch
[4.209s] -- Up-to-date: /home/f1tenth/f1tenth_ws/install/vesc_driver/share/vesc_driver/launch/vesc_driver_node.launch.py
[4.210s] -- Up-to-date: /home/f1tenth/f1tenth_ws/install/vesc_driver/share/vesc_driver/params
[4.210s] -- Up-to-date: /home/f1tenth/f1tenth_ws/install/vesc_driver/share/vesc_driver/params/vesc_config.yaml
[4.211s] -- Up-to-date: /home/f1tenth/f1tenth_ws/install/vesc_driver/share/ament_index/resource_index/package_run_dependencies/vesc_driver
[4.211s] -- Up-to-date: /home/f1tenth/f1tenth_ws/install/vesc_driver/share/ament_index/resource_index/parent_prefix_path/vesc_driver
[4.212s] -- Up-to-date: /home/f1tenth/f1tenth_ws/install/vesc_driver/share/vesc_driver/environment/ament_prefix_path.sh
[4.212s] -- Up-to-date: /home/f1tenth/f1tenth_ws/install/vesc_driver/share/vesc_driver/environment/ament_prefix_path.dsv
[4.213s] -- Up-to-date: /home/f1tenth/f1tenth_ws/install/vesc_driver/share/vesc_driver/environment/path.sh
[4.213s] -- Up-to-date: /home/f1tenth/f1tenth_ws/install/vesc_driver/share/vesc_driver/environment/path.dsv
[4.214s] -- Up-to-date: /home/f1tenth/f1tenth_ws/install/vesc_driver/share/vesc_driver/local_setup.bash
[4.214s] -- Up-to-date: /home/f1tenth/f1tenth_ws/install/vesc_driver/share/vesc_driver/local_setup.sh
[4.214s] -- Up-to-date: /home/f1tenth/f1tenth_ws/install/vesc_driver/share/vesc_driver/local_setup.zsh
[4.215s] -- Up-to-date: /home/f1tenth/f1tenth_ws/install/vesc_driver/share/vesc_driver/local_setup.dsv
[4.215s] -- Installing: /home/f1tenth/f1tenth_ws/install/vesc_driver/share/vesc_driver/package.dsv
[4.216s] -- Up-to-date: /home/f1tenth/f1tenth_ws/install/vesc_driver/share/ament_index/resource_index/packages/vesc_driver
[4.216s] -- Up-to-date: /home/f1tenth/f1tenth_ws/install/vesc_driver/share/ament_index/resource_index/rclcpp_components/vesc_driver
[4.217s] -- Up-to-date: /home/f1tenth/f1tenth_ws/install/vesc_driver/share/vesc_driver/cmake/ament_cmake_export_dependencies-extras.cmake
[4.217s] -- Up-to-date: /home/f1tenth/f1tenth_ws/install/vesc_driver/share/vesc_driver/cmake/ament_cmake_export_include_directories-extras.cmake
[4.218s] -- Up-to-date: /home/f1tenth/f1tenth_ws/install/vesc_driver/share/vesc_driver/cmake/ament_cmake_export_libraries-extras.cmake
[4.220s] -- Up-to-date: /home/f1tenth/f1tenth_ws/install/vesc_driver/share/vesc_driver/cmake/vesc_driverConfig.cmake
[4.220s] -- Up-to-date: /home/f1tenth/f1tenth_ws/install/vesc_driver/share/vesc_driver/cmake/vesc_driverConfig-version.cmake
[4.220s] -- Up-to-date: /home/f1tenth/f1tenth_ws/install/vesc_driver/share/vesc_driver/package.xml
[5.113s] Invoked command in '/home/f1tenth/f1tenth_ws/build/vesc_driver' returned '0': AMENT_PREFIX_PATH=/home/f1tenth/f1tenth_ws/install/vesc_msgs:${AMENT_PREFIX_PATH} CMAKE_PREFIX_PATH=/home/f1tenth/f1tenth_ws/install/vesc_msgs:/opt/ros/foxy LD_LIBRARY_PATH=/home/f1tenth/f1tenth_ws/install/vesc_msgs/lib:/opt/ros/foxy/opt/yaml_cpp_vendor/lib:/opt/ros/foxy/opt/rviz_ogre_vendor/lib:/opt/ros/foxy/lib/aarch64-linux-gnu:/opt/ros/foxy/lib:/usr/local/cuda-11.4/lib64 PYTHONPATH=/home/f1tenth/f1tenth_ws/install/vesc_msgs/lib/python3.8/site-packages:${PYTHONPATH} /usr/bin/cmake --install /home/f1tenth/f1tenth_ws/build/vesc_driver
