[0.565s] DEBUG:colcon:Command line arguments: ['/usr/bin/colcon', 'build', '--symlink-install']
[0.566s] DEBUG:colcon:Parsed command line arguments: Namespace(allow_overriding=[], ament_cmake_args=None, base_paths=['.'], build_base='build', catkin_cmake_args=None, catkin_skip_building_tests=False, cmake_args=None, cmake_clean_cache=False, cmake_clean_first=False, cmake_force_configure=False, cmake_target=None, cmake_target_skip_unavailable=False, continue_on_error=False, event_handlers=None, executor='parallel', ignore_user_meta=False, install_base='install', log_base=None, log_level=None, main=<bound method BuildVerb.main of <colcon_core.verb.build.BuildVerb object at 0xffffafb6abe0>>, merge_install=False, metas=['./colcon.meta'], mixin=None, mixin_files=None, mixin_verb=('build',), packages_above=None, packages_above_and_dependencies=None, packages_above_depth=None, packages_end=None, packages_ignore=None, packages_ignore_regex=None, packages_select=None, packages_select_build_failed=False, packages_select_by_dep=None, packages_select_regex=None, packages_select_test_failures=False, packages_skip=None, packages_skip_build_finished=False, packages_skip_by_dep=None, packages_skip_regex=None, packages_skip_test_passed=False, packages_skip_up_to=None, packages_start=None, packages_up_to=None, packages_up_to_regex=None, parallel_workers=6, paths=None, symlink_install=True, test_result_base=None, verb_extension=<colcon_core.verb.build.BuildVerb object at 0xffffafb6abe0>, verb_name='build', verb_parser=<colcon_mixin.mixin.mixin_argument.MixinArgumentDecorator object at 0xffffafaf5280>)
[1.191s] Level 1:colcon.colcon_core.package_discovery:discover_packages(colcon_meta) check parameters
[1.192s] Level 1:colcon.colcon_core.package_discovery:discover_packages(recursive) check parameters
[1.192s] Level 1:colcon.colcon_core.package_discovery:discover_packages(ignore) check parameters
[1.192s] Level 1:colcon.colcon_core.package_discovery:discover_packages(path) check parameters
[1.192s] Level 1:colcon.colcon_core.package_discovery:discover_packages(colcon_meta) discover
[1.192s] Level 1:colcon.colcon_core.package_discovery:discover_packages(recursive) discover
[1.192s] INFO:colcon.colcon_core.package_discovery:Crawling recursively for packages in '/home/f1tenth/lab_ws25'
[1.193s] Level 1:colcon.colcon_core.package_identification:_identify(.) by extensions ['ignore', 'ignore_ament_install']
[1.193s] Level 1:colcon.colcon_core.package_identification:_identify(.) by extension 'ignore'
[1.193s] Level 1:colcon.colcon_core.package_identification:_identify(.) by extension 'ignore_ament_install'
[1.193s] Level 1:colcon.colcon_core.package_identification:_identify(.) by extensions ['colcon_pkg']
[1.193s] Level 1:colcon.colcon_core.package_identification:_identify(.) by extension 'colcon_pkg'
[1.193s] Level 1:colcon.colcon_core.package_identification:_identify(.) by extensions ['colcon_meta']
[1.194s] Level 1:colcon.colcon_core.package_identification:_identify(.) by extension 'colcon_meta'
[1.194s] Level 1:colcon.colcon_core.package_identification:_identify(.) by extensions ['ros']
[1.194s] Level 1:colcon.colcon_core.package_identification:_identify(.) by extension 'ros'
[1.222s] Level 1:colcon.colcon_core.package_identification:_identify(.) by extensions ['cmake', 'python']
[1.223s] Level 1:colcon.colcon_core.package_identification:_identify(.) by extension 'cmake'
[1.223s] Level 1:colcon.colcon_core.package_identification:_identify(.) by extension 'python'
[1.223s] Level 1:colcon.colcon_core.package_identification:_identify(.) by extensions ['python_setup_py']
[1.223s] Level 1:colcon.colcon_core.package_identification:_identify(.) by extension 'python_setup_py'
[1.223s] Level 1:colcon.colcon_core.package_identification:_identify(build) by extensions ['ignore', 'ignore_ament_install']
[1.224s] Level 1:colcon.colcon_core.package_identification:_identify(build) by extension 'ignore'
[1.224s] Level 1:colcon.colcon_core.package_identification:_identify(build) ignored
[1.224s] Level 1:colcon.colcon_core.package_identification:_identify(install) by extensions ['ignore', 'ignore_ament_install']
[1.224s] Level 1:colcon.colcon_core.package_identification:_identify(install) by extension 'ignore'
[1.224s] Level 1:colcon.colcon_core.package_identification:_identify(install) ignored
[1.225s] Level 1:colcon.colcon_core.package_identification:_identify(log) by extensions ['ignore', 'ignore_ament_install']
[1.225s] Level 1:colcon.colcon_core.package_identification:_identify(log) by extension 'ignore'
[1.225s] Level 1:colcon.colcon_core.package_identification:_identify(log) ignored
[1.225s] Level 1:colcon.colcon_core.package_identification:_identify(src) by extensions ['ignore', 'ignore_ament_install']
[1.225s] Level 1:colcon.colcon_core.package_identification:_identify(src) by extension 'ignore'
[1.225s] Level 1:colcon.colcon_core.package_identification:_identify(src) by extension 'ignore_ament_install'
[1.225s] Level 1:colcon.colcon_core.package_identification:_identify(src) by extensions ['colcon_pkg']
[1.226s] Level 1:colcon.colcon_core.package_identification:_identify(src) by extension 'colcon_pkg'
[1.226s] Level 1:colcon.colcon_core.package_identification:_identify(src) by extensions ['colcon_meta']
[1.226s] Level 1:colcon.colcon_core.package_identification:_identify(src) by extension 'colcon_meta'
[1.226s] Level 1:colcon.colcon_core.package_identification:_identify(src) by extensions ['ros']
[1.226s] Level 1:colcon.colcon_core.package_identification:_identify(src) by extension 'ros'
[1.226s] Level 1:colcon.colcon_core.package_identification:_identify(src) by extensions ['cmake', 'python']
[1.226s] Level 1:colcon.colcon_core.package_identification:_identify(src) by extension 'cmake'
[1.226s] Level 1:colcon.colcon_core.package_identification:_identify(src) by extension 'python'
[1.226s] Level 1:colcon.colcon_core.package_identification:_identify(src) by extensions ['python_setup_py']
[1.226s] Level 1:colcon.colcon_core.package_identification:_identify(src) by extension 'python_setup_py'
[1.227s] Level 1:colcon.colcon_core.package_identification:_identify(src/follow_the_gap_wrapper) by extensions ['ignore', 'ignore_ament_install']
[1.227s] Level 1:colcon.colcon_core.package_identification:_identify(src/follow_the_gap_wrapper) by extension 'ignore'
[1.227s] Level 1:colcon.colcon_core.package_identification:_identify(src/follow_the_gap_wrapper) by extension 'ignore_ament_install'
[1.227s] Level 1:colcon.colcon_core.package_identification:_identify(src/follow_the_gap_wrapper) by extensions ['colcon_pkg']
[1.227s] Level 1:colcon.colcon_core.package_identification:_identify(src/follow_the_gap_wrapper) by extension 'colcon_pkg'
[1.227s] Level 1:colcon.colcon_core.package_identification:_identify(src/follow_the_gap_wrapper) by extensions ['colcon_meta']
[1.227s] Level 1:colcon.colcon_core.package_identification:_identify(src/follow_the_gap_wrapper) by extension 'colcon_meta'
[1.227s] Level 1:colcon.colcon_core.package_identification:_identify(src/follow_the_gap_wrapper) by extensions ['ros']
[1.227s] Level 1:colcon.colcon_core.package_identification:_identify(src/follow_the_gap_wrapper) by extension 'ros'
[1.228s] Level 1:colcon.colcon_core.package_identification:_identify(src/follow_the_gap_wrapper) by extensions ['cmake', 'python']
[1.228s] Level 1:colcon.colcon_core.package_identification:_identify(src/follow_the_gap_wrapper) by extension 'cmake'
[1.228s] Level 1:colcon.colcon_core.package_identification:_identify(src/follow_the_gap_wrapper) by extension 'python'
[1.228s] Level 1:colcon.colcon_core.package_identification:_identify(src/follow_the_gap_wrapper) by extensions ['python_setup_py']
[1.228s] Level 1:colcon.colcon_core.package_identification:_identify(src/follow_the_gap_wrapper) by extension 'python_setup_py'
[1.228s] Level 1:colcon.colcon_core.package_identification:_identify(src/follow_the_gap_wrapper/follow_the_gap) by extensions ['ignore', 'ignore_ament_install']
[1.228s] Level 1:colcon.colcon_core.package_identification:_identify(src/follow_the_gap_wrapper/follow_the_gap) by extension 'ignore'
[1.228s] Level 1:colcon.colcon_core.package_identification:_identify(src/follow_the_gap_wrapper/follow_the_gap) by extension 'ignore_ament_install'
[1.228s] Level 1:colcon.colcon_core.package_identification:_identify(src/follow_the_gap_wrapper/follow_the_gap) by extensions ['colcon_pkg']
[1.229s] Level 1:colcon.colcon_core.package_identification:_identify(src/follow_the_gap_wrapper/follow_the_gap) by extension 'colcon_pkg'
[1.229s] Level 1:colcon.colcon_core.package_identification:_identify(src/follow_the_gap_wrapper/follow_the_gap) by extensions ['colcon_meta']
[1.229s] Level 1:colcon.colcon_core.package_identification:_identify(src/follow_the_gap_wrapper/follow_the_gap) by extension 'colcon_meta'
[1.229s] Level 1:colcon.colcon_core.package_identification:_identify(src/follow_the_gap_wrapper/follow_the_gap) by extensions ['ros']
[1.229s] Level 1:colcon.colcon_core.package_identification:_identify(src/follow_the_gap_wrapper/follow_the_gap) by extension 'ros'
[1.229s] Level 1:colcon.colcon_core.package_identification:_identify(src/follow_the_gap_wrapper/follow_the_gap) by extensions ['cmake', 'python']
[1.229s] Level 1:colcon.colcon_core.package_identification:_identify(src/follow_the_gap_wrapper/follow_the_gap) by extension 'cmake'
[1.229s] Level 1:colcon.colcon_core.package_identification:_identify(src/follow_the_gap_wrapper/follow_the_gap) by extension 'python'
[1.229s] Level 1:colcon.colcon_core.package_identification:_identify(src/follow_the_gap_wrapper/follow_the_gap) by extensions ['python_setup_py']
[1.229s] Level 1:colcon.colcon_core.package_identification:_identify(src/follow_the_gap_wrapper/follow_the_gap) by extension 'python_setup_py'
[1.230s] Level 1:colcon.colcon_core.package_identification:_identify(src/follow_the_gap_wrapper/follow_the_gap/__MACOSX) by extensions ['ignore', 'ignore_ament_install']
[1.230s] Level 1:colcon.colcon_core.package_identification:_identify(src/follow_the_gap_wrapper/follow_the_gap/__MACOSX) by extension 'ignore'
[1.230s] Level 1:colcon.colcon_core.package_identification:_identify(src/follow_the_gap_wrapper/follow_the_gap/__MACOSX) by extension 'ignore_ament_install'
[1.230s] Level 1:colcon.colcon_core.package_identification:_identify(src/follow_the_gap_wrapper/follow_the_gap/__MACOSX) by extensions ['colcon_pkg']
[1.230s] Level 1:colcon.colcon_core.package_identification:_identify(src/follow_the_gap_wrapper/follow_the_gap/__MACOSX) by extension 'colcon_pkg'
[1.230s] Level 1:colcon.colcon_core.package_identification:_identify(src/follow_the_gap_wrapper/follow_the_gap/__MACOSX) by extensions ['colcon_meta']
[1.230s] Level 1:colcon.colcon_core.package_identification:_identify(src/follow_the_gap_wrapper/follow_the_gap/__MACOSX) by extension 'colcon_meta'
[1.230s] Level 1:colcon.colcon_core.package_identification:_identify(src/follow_the_gap_wrapper/follow_the_gap/__MACOSX) by extensions ['ros']
[1.230s] Level 1:colcon.colcon_core.package_identification:_identify(src/follow_the_gap_wrapper/follow_the_gap/__MACOSX) by extension 'ros'
[1.230s] Level 1:colcon.colcon_core.package_identification:_identify(src/follow_the_gap_wrapper/follow_the_gap/__MACOSX) by extensions ['cmake', 'python']
[1.231s] Level 1:colcon.colcon_core.package_identification:_identify(src/follow_the_gap_wrapper/follow_the_gap/__MACOSX) by extension 'cmake'
[1.231s] Level 1:colcon.colcon_core.package_identification:_identify(src/follow_the_gap_wrapper/follow_the_gap/__MACOSX) by extension 'python'
[1.231s] Level 1:colcon.colcon_core.package_identification:_identify(src/follow_the_gap_wrapper/follow_the_gap/__MACOSX) by extensions ['python_setup_py']
[1.231s] Level 1:colcon.colcon_core.package_identification:_identify(src/follow_the_gap_wrapper/follow_the_gap/__MACOSX) by extension 'python_setup_py'
[1.231s] Level 1:colcon.colcon_core.package_identification:_identify(src/follow_the_gap_wrapper/follow_the_gap/__MACOSX/follow_the_gap) by extensions ['ignore', 'ignore_ament_install']
[1.231s] Level 1:colcon.colcon_core.package_identification:_identify(src/follow_the_gap_wrapper/follow_the_gap/__MACOSX/follow_the_gap) by extension 'ignore'
[1.231s] Level 1:colcon.colcon_core.package_identification:_identify(src/follow_the_gap_wrapper/follow_the_gap/__MACOSX/follow_the_gap) by extension 'ignore_ament_install'
[1.231s] Level 1:colcon.colcon_core.package_identification:_identify(src/follow_the_gap_wrapper/follow_the_gap/__MACOSX/follow_the_gap) by extensions ['colcon_pkg']
[1.232s] Level 1:colcon.colcon_core.package_identification:_identify(src/follow_the_gap_wrapper/follow_the_gap/__MACOSX/follow_the_gap) by extension 'colcon_pkg'
[1.232s] Level 1:colcon.colcon_core.package_identification:_identify(src/follow_the_gap_wrapper/follow_the_gap/__MACOSX/follow_the_gap) by extensions ['colcon_meta']
[1.232s] Level 1:colcon.colcon_core.package_identification:_identify(src/follow_the_gap_wrapper/follow_the_gap/__MACOSX/follow_the_gap) by extension 'colcon_meta'
[1.232s] Level 1:colcon.colcon_core.package_identification:_identify(src/follow_the_gap_wrapper/follow_the_gap/__MACOSX/follow_the_gap) by extensions ['ros']
[1.232s] Level 1:colcon.colcon_core.package_identification:_identify(src/follow_the_gap_wrapper/follow_the_gap/__MACOSX/follow_the_gap) by extension 'ros'
[1.232s] Level 1:colcon.colcon_core.package_identification:_identify(src/follow_the_gap_wrapper/follow_the_gap/__MACOSX/follow_the_gap) by extensions ['cmake', 'python']
[1.232s] Level 1:colcon.colcon_core.package_identification:_identify(src/follow_the_gap_wrapper/follow_the_gap/__MACOSX/follow_the_gap) by extension 'cmake'
[1.232s] Level 1:colcon.colcon_core.package_identification:_identify(src/follow_the_gap_wrapper/follow_the_gap/__MACOSX/follow_the_gap) by extension 'python'
[1.232s] Level 1:colcon.colcon_core.package_identification:_identify(src/follow_the_gap_wrapper/follow_the_gap/__MACOSX/follow_the_gap) by extensions ['python_setup_py']
[1.232s] Level 1:colcon.colcon_core.package_identification:_identify(src/follow_the_gap_wrapper/follow_the_gap/__MACOSX/follow_the_gap) by extension 'python_setup_py'
[1.233s] Level 1:colcon.colcon_core.package_identification:_identify(src/follow_the_gap_wrapper/follow_the_gap/__MACOSX/follow_the_gap/follow_the_gap) by extensions ['ignore', 'ignore_ament_install']
[1.233s] Level 1:colcon.colcon_core.package_identification:_identify(src/follow_the_gap_wrapper/follow_the_gap/__MACOSX/follow_the_gap/follow_the_gap) by extension 'ignore'
[1.233s] Level 1:colcon.colcon_core.package_identification:_identify(src/follow_the_gap_wrapper/follow_the_gap/__MACOSX/follow_the_gap/follow_the_gap) by extension 'ignore_ament_install'
[1.233s] Level 1:colcon.colcon_core.package_identification:_identify(src/follow_the_gap_wrapper/follow_the_gap/__MACOSX/follow_the_gap/follow_the_gap) by extensions ['colcon_pkg']
[1.233s] Level 1:colcon.colcon_core.package_identification:_identify(src/follow_the_gap_wrapper/follow_the_gap/__MACOSX/follow_the_gap/follow_the_gap) by extension 'colcon_pkg'
[1.233s] Level 1:colcon.colcon_core.package_identification:_identify(src/follow_the_gap_wrapper/follow_the_gap/__MACOSX/follow_the_gap/follow_the_gap) by extensions ['colcon_meta']
[1.233s] Level 1:colcon.colcon_core.package_identification:_identify(src/follow_the_gap_wrapper/follow_the_gap/__MACOSX/follow_the_gap/follow_the_gap) by extension 'colcon_meta'
[1.233s] Level 1:colcon.colcon_core.package_identification:_identify(src/follow_the_gap_wrapper/follow_the_gap/__MACOSX/follow_the_gap/follow_the_gap) by extensions ['ros']
[1.233s] Level 1:colcon.colcon_core.package_identification:_identify(src/follow_the_gap_wrapper/follow_the_gap/__MACOSX/follow_the_gap/follow_the_gap) by extension 'ros'
[1.234s] Level 1:colcon.colcon_core.package_identification:_identify(src/follow_the_gap_wrapper/follow_the_gap/__MACOSX/follow_the_gap/follow_the_gap) by extensions ['cmake', 'python']
[1.234s] Level 1:colcon.colcon_core.package_identification:_identify(src/follow_the_gap_wrapper/follow_the_gap/__MACOSX/follow_the_gap/follow_the_gap) by extension 'cmake'
[1.234s] Level 1:colcon.colcon_core.package_identification:_identify(src/follow_the_gap_wrapper/follow_the_gap/__MACOSX/follow_the_gap/follow_the_gap) by extension 'python'
[1.234s] Level 1:colcon.colcon_core.package_identification:_identify(src/follow_the_gap_wrapper/follow_the_gap/__MACOSX/follow_the_gap/follow_the_gap) by extensions ['python_setup_py']
[1.234s] Level 1:colcon.colcon_core.package_identification:_identify(src/follow_the_gap_wrapper/follow_the_gap/__MACOSX/follow_the_gap/follow_the_gap) by extension 'python_setup_py'
[1.234s] Level 1:colcon.colcon_core.package_identification:_identify(src/follow_the_gap_wrapper/follow_the_gap/__MACOSX/follow_the_gap/follow_the_gap/__pycache__) by extensions ['ignore', 'ignore_ament_install']
[1.234s] Level 1:colcon.colcon_core.package_identification:_identify(src/follow_the_gap_wrapper/follow_the_gap/__MACOSX/follow_the_gap/follow_the_gap/__pycache__) by extension 'ignore'
[1.234s] Level 1:colcon.colcon_core.package_identification:_identify(src/follow_the_gap_wrapper/follow_the_gap/__MACOSX/follow_the_gap/follow_the_gap/__pycache__) by extension 'ignore_ament_install'
[1.235s] Level 1:colcon.colcon_core.package_identification:_identify(src/follow_the_gap_wrapper/follow_the_gap/__MACOSX/follow_the_gap/follow_the_gap/__pycache__) by extensions ['colcon_pkg']
[1.235s] Level 1:colcon.colcon_core.package_identification:_identify(src/follow_the_gap_wrapper/follow_the_gap/__MACOSX/follow_the_gap/follow_the_gap/__pycache__) by extension 'colcon_pkg'
[1.235s] Level 1:colcon.colcon_core.package_identification:_identify(src/follow_the_gap_wrapper/follow_the_gap/__MACOSX/follow_the_gap/follow_the_gap/__pycache__) by extensions ['colcon_meta']
[1.235s] Level 1:colcon.colcon_core.package_identification:_identify(src/follow_the_gap_wrapper/follow_the_gap/__MACOSX/follow_the_gap/follow_the_gap/__pycache__) by extension 'colcon_meta'
[1.235s] Level 1:colcon.colcon_core.package_identification:_identify(src/follow_the_gap_wrapper/follow_the_gap/__MACOSX/follow_the_gap/follow_the_gap/__pycache__) by extensions ['ros']
[1.235s] Level 1:colcon.colcon_core.package_identification:_identify(src/follow_the_gap_wrapper/follow_the_gap/__MACOSX/follow_the_gap/follow_the_gap/__pycache__) by extension 'ros'
[1.235s] Level 1:colcon.colcon_core.package_identification:_identify(src/follow_the_gap_wrapper/follow_the_gap/__MACOSX/follow_the_gap/follow_the_gap/__pycache__) by extensions ['cmake', 'python']
[1.235s] Level 1:colcon.colcon_core.package_identification:_identify(src/follow_the_gap_wrapper/follow_the_gap/__MACOSX/follow_the_gap/follow_the_gap/__pycache__) by extension 'cmake'
[1.235s] Level 1:colcon.colcon_core.package_identification:_identify(src/follow_the_gap_wrapper/follow_the_gap/__MACOSX/follow_the_gap/follow_the_gap/__pycache__) by extension 'python'
[1.235s] Level 1:colcon.colcon_core.package_identification:_identify(src/follow_the_gap_wrapper/follow_the_gap/__MACOSX/follow_the_gap/follow_the_gap/__pycache__) by extensions ['python_setup_py']
[1.235s] Level 1:colcon.colcon_core.package_identification:_identify(src/follow_the_gap_wrapper/follow_the_gap/__MACOSX/follow_the_gap/follow_the_gap/__pycache__) by extension 'python_setup_py'
[1.236s] Level 1:colcon.colcon_core.package_identification:_identify(src/follow_the_gap_wrapper/follow_the_gap/__MACOSX/follow_the_gap/resource) by extensions ['ignore', 'ignore_ament_install']
[1.236s] Level 1:colcon.colcon_core.package_identification:_identify(src/follow_the_gap_wrapper/follow_the_gap/__MACOSX/follow_the_gap/resource) by extension 'ignore'
[1.236s] Level 1:colcon.colcon_core.package_identification:_identify(src/follow_the_gap_wrapper/follow_the_gap/__MACOSX/follow_the_gap/resource) by extension 'ignore_ament_install'
[1.236s] Level 1:colcon.colcon_core.package_identification:_identify(src/follow_the_gap_wrapper/follow_the_gap/__MACOSX/follow_the_gap/resource) by extensions ['colcon_pkg']
[1.236s] Level 1:colcon.colcon_core.package_identification:_identify(src/follow_the_gap_wrapper/follow_the_gap/__MACOSX/follow_the_gap/resource) by extension 'colcon_pkg'
[1.236s] Level 1:colcon.colcon_core.package_identification:_identify(src/follow_the_gap_wrapper/follow_the_gap/__MACOSX/follow_the_gap/resource) by extensions ['colcon_meta']
[1.236s] Level 1:colcon.colcon_core.package_identification:_identify(src/follow_the_gap_wrapper/follow_the_gap/__MACOSX/follow_the_gap/resource) by extension 'colcon_meta'
[1.236s] Level 1:colcon.colcon_core.package_identification:_identify(src/follow_the_gap_wrapper/follow_the_gap/__MACOSX/follow_the_gap/resource) by extensions ['ros']
[1.236s] Level 1:colcon.colcon_core.package_identification:_identify(src/follow_the_gap_wrapper/follow_the_gap/__MACOSX/follow_the_gap/resource) by extension 'ros'
[1.237s] Level 1:colcon.colcon_core.package_identification:_identify(src/follow_the_gap_wrapper/follow_the_gap/__MACOSX/follow_the_gap/resource) by extensions ['cmake', 'python']
[1.237s] Level 1:colcon.colcon_core.package_identification:_identify(src/follow_the_gap_wrapper/follow_the_gap/__MACOSX/follow_the_gap/resource) by extension 'cmake'
[1.237s] Level 1:colcon.colcon_core.package_identification:_identify(src/follow_the_gap_wrapper/follow_the_gap/__MACOSX/follow_the_gap/resource) by extension 'python'
[1.237s] Level 1:colcon.colcon_core.package_identification:_identify(src/follow_the_gap_wrapper/follow_the_gap/__MACOSX/follow_the_gap/resource) by extensions ['python_setup_py']
[1.237s] Level 1:colcon.colcon_core.package_identification:_identify(src/follow_the_gap_wrapper/follow_the_gap/__MACOSX/follow_the_gap/resource) by extension 'python_setup_py'
[1.237s] Level 1:colcon.colcon_core.package_identification:_identify(src/follow_the_gap_wrapper/follow_the_gap/__MACOSX/follow_the_gap/test) by extensions ['ignore', 'ignore_ament_install']
[1.237s] Level 1:colcon.colcon_core.package_identification:_identify(src/follow_the_gap_wrapper/follow_the_gap/__MACOSX/follow_the_gap/test) by extension 'ignore'
[1.237s] Level 1:colcon.colcon_core.package_identification:_identify(src/follow_the_gap_wrapper/follow_the_gap/__MACOSX/follow_the_gap/test) by extension 'ignore_ament_install'
[1.238s] Level 1:colcon.colcon_core.package_identification:_identify(src/follow_the_gap_wrapper/follow_the_gap/__MACOSX/follow_the_gap/test) by extensions ['colcon_pkg']
[1.238s] Level 1:colcon.colcon_core.package_identification:_identify(src/follow_the_gap_wrapper/follow_the_gap/__MACOSX/follow_the_gap/test) by extension 'colcon_pkg'
[1.238s] Level 1:colcon.colcon_core.package_identification:_identify(src/follow_the_gap_wrapper/follow_the_gap/__MACOSX/follow_the_gap/test) by extensions ['colcon_meta']
[1.238s] Level 1:colcon.colcon_core.package_identification:_identify(src/follow_the_gap_wrapper/follow_the_gap/__MACOSX/follow_the_gap/test) by extension 'colcon_meta'
[1.238s] Level 1:colcon.colcon_core.package_identification:_identify(src/follow_the_gap_wrapper/follow_the_gap/__MACOSX/follow_the_gap/test) by extensions ['ros']
[1.238s] Level 1:colcon.colcon_core.package_identification:_identify(src/follow_the_gap_wrapper/follow_the_gap/__MACOSX/follow_the_gap/test) by extension 'ros'
[1.238s] Level 1:colcon.colcon_core.package_identification:_identify(src/follow_the_gap_wrapper/follow_the_gap/__MACOSX/follow_the_gap/test) by extensions ['cmake', 'python']
[1.238s] Level 1:colcon.colcon_core.package_identification:_identify(src/follow_the_gap_wrapper/follow_the_gap/__MACOSX/follow_the_gap/test) by extension 'cmake'
[1.238s] Level 1:colcon.colcon_core.package_identification:_identify(src/follow_the_gap_wrapper/follow_the_gap/__MACOSX/follow_the_gap/test) by extension 'python'
[1.238s] Level 1:colcon.colcon_core.package_identification:_identify(src/follow_the_gap_wrapper/follow_the_gap/__MACOSX/follow_the_gap/test) by extensions ['python_setup_py']
[1.238s] Level 1:colcon.colcon_core.package_identification:_identify(src/follow_the_gap_wrapper/follow_the_gap/__MACOSX/follow_the_gap/test) by extension 'python_setup_py'
[1.239s] Level 1:colcon.colcon_core.package_identification:_identify(src/follow_the_gap_wrapper/follow_the_gap/follow_the_gap) by extensions ['ignore', 'ignore_ament_install']
[1.239s] Level 1:colcon.colcon_core.package_identification:_identify(src/follow_the_gap_wrapper/follow_the_gap/follow_the_gap) by extension 'ignore'
[1.239s] Level 1:colcon.colcon_core.package_identification:_identify(src/follow_the_gap_wrapper/follow_the_gap/follow_the_gap) by extension 'ignore_ament_install'
[1.239s] Level 1:colcon.colcon_core.package_identification:_identify(src/follow_the_gap_wrapper/follow_the_gap/follow_the_gap) by extensions ['colcon_pkg']
[1.239s] Level 1:colcon.colcon_core.package_identification:_identify(src/follow_the_gap_wrapper/follow_the_gap/follow_the_gap) by extension 'colcon_pkg'
[1.239s] Level 1:colcon.colcon_core.package_identification:_identify(src/follow_the_gap_wrapper/follow_the_gap/follow_the_gap) by extensions ['colcon_meta']
[1.239s] Level 1:colcon.colcon_core.package_identification:_identify(src/follow_the_gap_wrapper/follow_the_gap/follow_the_gap) by extension 'colcon_meta'
[1.239s] Level 1:colcon.colcon_core.package_identification:_identify(src/follow_the_gap_wrapper/follow_the_gap/follow_the_gap) by extensions ['ros']
[1.240s] Level 1:colcon.colcon_core.package_identification:_identify(src/follow_the_gap_wrapper/follow_the_gap/follow_the_gap) by extension 'ros'
[1.248s] DEBUG:colcon.colcon_core.package_identification:Package 'src/follow_the_gap_wrapper/follow_the_gap/follow_the_gap' with type 'ros.ament_python' and name 'follow_the_gap'
[1.249s] Level 1:colcon.colcon_core.package_identification:_identify(src/safety_node_car_wrapper) by extensions ['ignore', 'ignore_ament_install']
[1.249s] Level 1:colcon.colcon_core.package_identification:_identify(src/safety_node_car_wrapper) by extension 'ignore'
[1.249s] Level 1:colcon.colcon_core.package_identification:_identify(src/safety_node_car_wrapper) by extension 'ignore_ament_install'
[1.249s] Level 1:colcon.colcon_core.package_identification:_identify(src/safety_node_car_wrapper) by extensions ['colcon_pkg']
[1.249s] Level 1:colcon.colcon_core.package_identification:_identify(src/safety_node_car_wrapper) by extension 'colcon_pkg'
[1.249s] Level 1:colcon.colcon_core.package_identification:_identify(src/safety_node_car_wrapper) by extensions ['colcon_meta']
[1.249s] Level 1:colcon.colcon_core.package_identification:_identify(src/safety_node_car_wrapper) by extension 'colcon_meta'
[1.250s] Level 1:colcon.colcon_core.package_identification:_identify(src/safety_node_car_wrapper) by extensions ['ros']
[1.250s] Level 1:colcon.colcon_core.package_identification:_identify(src/safety_node_car_wrapper) by extension 'ros'
[1.250s] Level 1:colcon.colcon_core.package_identification:_identify(src/safety_node_car_wrapper) by extensions ['cmake', 'python']
[1.250s] Level 1:colcon.colcon_core.package_identification:_identify(src/safety_node_car_wrapper) by extension 'cmake'
[1.250s] Level 1:colcon.colcon_core.package_identification:_identify(src/safety_node_car_wrapper) by extension 'python'
[1.250s] Level 1:colcon.colcon_core.package_identification:_identify(src/safety_node_car_wrapper) by extensions ['python_setup_py']
[1.250s] Level 1:colcon.colcon_core.package_identification:_identify(src/safety_node_car_wrapper) by extension 'python_setup_py'
[1.250s] Level 1:colcon.colcon_core.package_identification:_identify(src/safety_node_car_wrapper/__MACOSX) by extensions ['ignore', 'ignore_ament_install']
[1.251s] Level 1:colcon.colcon_core.package_identification:_identify(src/safety_node_car_wrapper/__MACOSX) by extension 'ignore'
[1.251s] Level 1:colcon.colcon_core.package_identification:_identify(src/safety_node_car_wrapper/__MACOSX) by extension 'ignore_ament_install'
[1.251s] Level 1:colcon.colcon_core.package_identification:_identify(src/safety_node_car_wrapper/__MACOSX) by extensions ['colcon_pkg']
[1.251s] Level 1:colcon.colcon_core.package_identification:_identify(src/safety_node_car_wrapper/__MACOSX) by extension 'colcon_pkg'
[1.251s] Level 1:colcon.colcon_core.package_identification:_identify(src/safety_node_car_wrapper/__MACOSX) by extensions ['colcon_meta']
[1.251s] Level 1:colcon.colcon_core.package_identification:_identify(src/safety_node_car_wrapper/__MACOSX) by extension 'colcon_meta'
[1.251s] Level 1:colcon.colcon_core.package_identification:_identify(src/safety_node_car_wrapper/__MACOSX) by extensions ['ros']
[1.251s] Level 1:colcon.colcon_core.package_identification:_identify(src/safety_node_car_wrapper/__MACOSX) by extension 'ros'
[1.251s] Level 1:colcon.colcon_core.package_identification:_identify(src/safety_node_car_wrapper/__MACOSX) by extensions ['cmake', 'python']
[1.251s] Level 1:colcon.colcon_core.package_identification:_identify(src/safety_node_car_wrapper/__MACOSX) by extension 'cmake'
[1.252s] Level 1:colcon.colcon_core.package_identification:_identify(src/safety_node_car_wrapper/__MACOSX) by extension 'python'
[1.252s] Level 1:colcon.colcon_core.package_identification:_identify(src/safety_node_car_wrapper/__MACOSX) by extensions ['python_setup_py']
[1.252s] Level 1:colcon.colcon_core.package_identification:_identify(src/safety_node_car_wrapper/__MACOSX) by extension 'python_setup_py'
[1.252s] Level 1:colcon.colcon_core.package_identification:_identify(src/safety_node_car_wrapper/__MACOSX/safety_node) by extensions ['ignore', 'ignore_ament_install']
[1.252s] Level 1:colcon.colcon_core.package_identification:_identify(src/safety_node_car_wrapper/__MACOSX/safety_node) by extension 'ignore'
[1.252s] Level 1:colcon.colcon_core.package_identification:_identify(src/safety_node_car_wrapper/__MACOSX/safety_node) by extension 'ignore_ament_install'
[1.252s] Level 1:colcon.colcon_core.package_identification:_identify(src/safety_node_car_wrapper/__MACOSX/safety_node) by extensions ['colcon_pkg']
[1.252s] Level 1:colcon.colcon_core.package_identification:_identify(src/safety_node_car_wrapper/__MACOSX/safety_node) by extension 'colcon_pkg'
[1.252s] Level 1:colcon.colcon_core.package_identification:_identify(src/safety_node_car_wrapper/__MACOSX/safety_node) by extensions ['colcon_meta']
[1.253s] Level 1:colcon.colcon_core.package_identification:_identify(src/safety_node_car_wrapper/__MACOSX/safety_node) by extension 'colcon_meta'
[1.253s] Level 1:colcon.colcon_core.package_identification:_identify(src/safety_node_car_wrapper/__MACOSX/safety_node) by extensions ['ros']
[1.253s] Level 1:colcon.colcon_core.package_identification:_identify(src/safety_node_car_wrapper/__MACOSX/safety_node) by extension 'ros'
[1.253s] Level 1:colcon.colcon_core.package_identification:_identify(src/safety_node_car_wrapper/__MACOSX/safety_node) by extensions ['cmake', 'python']
[1.253s] Level 1:colcon.colcon_core.package_identification:_identify(src/safety_node_car_wrapper/__MACOSX/safety_node) by extension 'cmake'
[1.253s] Level 1:colcon.colcon_core.package_identification:_identify(src/safety_node_car_wrapper/__MACOSX/safety_node) by extension 'python'
[1.253s] Level 1:colcon.colcon_core.package_identification:_identify(src/safety_node_car_wrapper/__MACOSX/safety_node) by extensions ['python_setup_py']
[1.253s] Level 1:colcon.colcon_core.package_identification:_identify(src/safety_node_car_wrapper/__MACOSX/safety_node) by extension 'python_setup_py'
[1.253s] Level 1:colcon.colcon_core.package_identification:_identify(src/safety_node_car_wrapper/__MACOSX/safety_node/resource) by extensions ['ignore', 'ignore_ament_install']
[1.254s] Level 1:colcon.colcon_core.package_identification:_identify(src/safety_node_car_wrapper/__MACOSX/safety_node/resource) by extension 'ignore'
[1.254s] Level 1:colcon.colcon_core.package_identification:_identify(src/safety_node_car_wrapper/__MACOSX/safety_node/resource) by extension 'ignore_ament_install'
[1.254s] Level 1:colcon.colcon_core.package_identification:_identify(src/safety_node_car_wrapper/__MACOSX/safety_node/resource) by extensions ['colcon_pkg']
[1.254s] Level 1:colcon.colcon_core.package_identification:_identify(src/safety_node_car_wrapper/__MACOSX/safety_node/resource) by extension 'colcon_pkg'
[1.254s] Level 1:colcon.colcon_core.package_identification:_identify(src/safety_node_car_wrapper/__MACOSX/safety_node/resource) by extensions ['colcon_meta']
[1.254s] Level 1:colcon.colcon_core.package_identification:_identify(src/safety_node_car_wrapper/__MACOSX/safety_node/resource) by extension 'colcon_meta'
[1.254s] Level 1:colcon.colcon_core.package_identification:_identify(src/safety_node_car_wrapper/__MACOSX/safety_node/resource) by extensions ['ros']
[1.254s] Level 1:colcon.colcon_core.package_identification:_identify(src/safety_node_car_wrapper/__MACOSX/safety_node/resource) by extension 'ros'
[1.254s] Level 1:colcon.colcon_core.package_identification:_identify(src/safety_node_car_wrapper/__MACOSX/safety_node/resource) by extensions ['cmake', 'python']
[1.255s] Level 1:colcon.colcon_core.package_identification:_identify(src/safety_node_car_wrapper/__MACOSX/safety_node/resource) by extension 'cmake'
[1.255s] Level 1:colcon.colcon_core.package_identification:_identify(src/safety_node_car_wrapper/__MACOSX/safety_node/resource) by extension 'python'
[1.255s] Level 1:colcon.colcon_core.package_identification:_identify(src/safety_node_car_wrapper/__MACOSX/safety_node/resource) by extensions ['python_setup_py']
[1.255s] Level 1:colcon.colcon_core.package_identification:_identify(src/safety_node_car_wrapper/__MACOSX/safety_node/resource) by extension 'python_setup_py'
[1.255s] Level 1:colcon.colcon_core.package_identification:_identify(src/safety_node_car_wrapper/__MACOSX/safety_node/safety_node) by extensions ['ignore', 'ignore_ament_install']
[1.255s] Level 1:colcon.colcon_core.package_identification:_identify(src/safety_node_car_wrapper/__MACOSX/safety_node/safety_node) by extension 'ignore'
[1.255s] Level 1:colcon.colcon_core.package_identification:_identify(src/safety_node_car_wrapper/__MACOSX/safety_node/safety_node) by extension 'ignore_ament_install'
[1.255s] Level 1:colcon.colcon_core.package_identification:_identify(src/safety_node_car_wrapper/__MACOSX/safety_node/safety_node) by extensions ['colcon_pkg']
[1.256s] Level 1:colcon.colcon_core.package_identification:_identify(src/safety_node_car_wrapper/__MACOSX/safety_node/safety_node) by extension 'colcon_pkg'
[1.256s] Level 1:colcon.colcon_core.package_identification:_identify(src/safety_node_car_wrapper/__MACOSX/safety_node/safety_node) by extensions ['colcon_meta']
[1.256s] Level 1:colcon.colcon_core.package_identification:_identify(src/safety_node_car_wrapper/__MACOSX/safety_node/safety_node) by extension 'colcon_meta'
[1.256s] Level 1:colcon.colcon_core.package_identification:_identify(src/safety_node_car_wrapper/__MACOSX/safety_node/safety_node) by extensions ['ros']
[1.256s] Level 1:colcon.colcon_core.package_identification:_identify(src/safety_node_car_wrapper/__MACOSX/safety_node/safety_node) by extension 'ros'
[1.256s] Level 1:colcon.colcon_core.package_identification:_identify(src/safety_node_car_wrapper/__MACOSX/safety_node/safety_node) by extensions ['cmake', 'python']
[1.256s] Level 1:colcon.colcon_core.package_identification:_identify(src/safety_node_car_wrapper/__MACOSX/safety_node/safety_node) by extension 'cmake'
[1.256s] Level 1:colcon.colcon_core.package_identification:_identify(src/safety_node_car_wrapper/__MACOSX/safety_node/safety_node) by extension 'python'
[1.256s] Level 1:colcon.colcon_core.package_identification:_identify(src/safety_node_car_wrapper/__MACOSX/safety_node/safety_node) by extensions ['python_setup_py']
[1.256s] Level 1:colcon.colcon_core.package_identification:_identify(src/safety_node_car_wrapper/__MACOSX/safety_node/safety_node) by extension 'python_setup_py'
[1.257s] Level 1:colcon.colcon_core.package_identification:_identify(src/safety_node_car_wrapper/__MACOSX/safety_node/test) by extensions ['ignore', 'ignore_ament_install']
[1.257s] Level 1:colcon.colcon_core.package_identification:_identify(src/safety_node_car_wrapper/__MACOSX/safety_node/test) by extension 'ignore'
[1.257s] Level 1:colcon.colcon_core.package_identification:_identify(src/safety_node_car_wrapper/__MACOSX/safety_node/test) by extension 'ignore_ament_install'
[1.257s] Level 1:colcon.colcon_core.package_identification:_identify(src/safety_node_car_wrapper/__MACOSX/safety_node/test) by extensions ['colcon_pkg']
[1.257s] Level 1:colcon.colcon_core.package_identification:_identify(src/safety_node_car_wrapper/__MACOSX/safety_node/test) by extension 'colcon_pkg'
[1.257s] Level 1:colcon.colcon_core.package_identification:_identify(src/safety_node_car_wrapper/__MACOSX/safety_node/test) by extensions ['colcon_meta']
[1.257s] Level 1:colcon.colcon_core.package_identification:_identify(src/safety_node_car_wrapper/__MACOSX/safety_node/test) by extension 'colcon_meta'
[1.258s] Level 1:colcon.colcon_core.package_identification:_identify(src/safety_node_car_wrapper/__MACOSX/safety_node/test) by extensions ['ros']
[1.258s] Level 1:colcon.colcon_core.package_identification:_identify(src/safety_node_car_wrapper/__MACOSX/safety_node/test) by extension 'ros'
[1.258s] Level 1:colcon.colcon_core.package_identification:_identify(src/safety_node_car_wrapper/__MACOSX/safety_node/test) by extensions ['cmake', 'python']
[1.258s] Level 1:colcon.colcon_core.package_identification:_identify(src/safety_node_car_wrapper/__MACOSX/safety_node/test) by extension 'cmake'
[1.258s] Level 1:colcon.colcon_core.package_identification:_identify(src/safety_node_car_wrapper/__MACOSX/safety_node/test) by extension 'python'
[1.258s] Level 1:colcon.colcon_core.package_identification:_identify(src/safety_node_car_wrapper/__MACOSX/safety_node/test) by extensions ['python_setup_py']
[1.258s] Level 1:colcon.colcon_core.package_identification:_identify(src/safety_node_car_wrapper/__MACOSX/safety_node/test) by extension 'python_setup_py'
[1.258s] Level 1:colcon.colcon_core.package_identification:_identify(src/safety_node_car_wrapper/safety_node) by extensions ['ignore', 'ignore_ament_install']
[1.259s] Level 1:colcon.colcon_core.package_identification:_identify(src/safety_node_car_wrapper/safety_node) by extension 'ignore'
[1.259s] Level 1:colcon.colcon_core.package_identification:_identify(src/safety_node_car_wrapper/safety_node) by extension 'ignore_ament_install'
[1.259s] Level 1:colcon.colcon_core.package_identification:_identify(src/safety_node_car_wrapper/safety_node) by extensions ['colcon_pkg']
[1.259s] Level 1:colcon.colcon_core.package_identification:_identify(src/safety_node_car_wrapper/safety_node) by extension 'colcon_pkg'
[1.259s] Level 1:colcon.colcon_core.package_identification:_identify(src/safety_node_car_wrapper/safety_node) by extensions ['colcon_meta']
[1.259s] Level 1:colcon.colcon_core.package_identification:_identify(src/safety_node_car_wrapper/safety_node) by extension 'colcon_meta'
[1.259s] Level 1:colcon.colcon_core.package_identification:_identify(src/safety_node_car_wrapper/safety_node) by extensions ['ros']
[1.259s] Level 1:colcon.colcon_core.package_identification:_identify(src/safety_node_car_wrapper/safety_node) by extension 'ros'
[1.261s] DEBUG:colcon.colcon_core.package_identification:Package 'src/safety_node_car_wrapper/safety_node' with type 'ros.ament_python' and name 'safety_node'
[1.261s] Level 1:colcon.colcon_core.package_discovery:discover_packages(recursive) using defaults
[1.261s] Level 1:colcon.colcon_core.package_discovery:discover_packages(ignore) discover
[1.261s] Level 1:colcon.colcon_core.package_discovery:discover_packages(ignore) using defaults
[1.261s] Level 1:colcon.colcon_core.package_discovery:discover_packages(path) discover
[1.261s] Level 1:colcon.colcon_core.package_discovery:discover_packages(path) using defaults
[1.302s] Level 1:colcon.colcon_core.package_discovery:discover_packages(prefix_path) check parameters
[1.302s] Level 1:colcon.colcon_core.package_discovery:discover_packages(prefix_path) discover
[1.306s] DEBUG:colcon.colcon_installed_package_information.package_discovery:Found 2 installed packages in /home/f1tenth/lab_ws25/install
[1.309s] DEBUG:colcon.colcon_installed_package_information.package_discovery:Found 310 installed packages in /opt/ros/foxy
[1.312s] Level 1:colcon.colcon_core.package_discovery:discover_packages(prefix_path) using defaults
[1.432s] Level 5:colcon.colcon_core.verb:set package 'follow_the_gap' build argument 'cmake_args' from command line to 'None'
[1.432s] Level 5:colcon.colcon_core.verb:set package 'follow_the_gap' build argument 'cmake_target' from command line to 'None'
[1.432s] Level 5:colcon.colcon_core.verb:set package 'follow_the_gap' build argument 'cmake_target_skip_unavailable' from command line to 'False'
[1.432s] Level 5:colcon.colcon_core.verb:set package 'follow_the_gap' build argument 'cmake_clean_cache' from command line to 'False'
[1.432s] Level 5:colcon.colcon_core.verb:set package 'follow_the_gap' build argument 'cmake_clean_first' from command line to 'False'
[1.432s] Level 5:colcon.colcon_core.verb:set package 'follow_the_gap' build argument 'cmake_force_configure' from command line to 'False'
[1.433s] Level 5:colcon.colcon_core.verb:set package 'follow_the_gap' build argument 'ament_cmake_args' from command line to 'None'
[1.433s] Level 5:colcon.colcon_core.verb:set package 'follow_the_gap' build argument 'catkin_cmake_args' from command line to 'None'
[1.433s] Level 5:colcon.colcon_core.verb:set package 'follow_the_gap' build argument 'catkin_skip_building_tests' from command line to 'False'
[1.433s] DEBUG:colcon.colcon_core.verb:Building package 'follow_the_gap' with the following arguments: {'ament_cmake_args': None, 'build_base': '/home/f1tenth/lab_ws25/build/follow_the_gap', 'catkin_cmake_args': None, 'catkin_skip_building_tests': False, 'cmake_args': None, 'cmake_clean_cache': False, 'cmake_clean_first': False, 'cmake_force_configure': False, 'cmake_target': None, 'cmake_target_skip_unavailable': False, 'install_base': '/home/f1tenth/lab_ws25/install/follow_the_gap', 'merge_install': False, 'path': '/home/f1tenth/lab_ws25/src/follow_the_gap_wrapper/follow_the_gap/follow_the_gap', 'symlink_install': True, 'test_result_base': None}
[1.433s] Level 5:colcon.colcon_core.verb:set package 'safety_node' build argument 'cmake_args' from command line to 'None'
[1.434s] Level 5:colcon.colcon_core.verb:set package 'safety_node' build argument 'cmake_target' from command line to 'None'
[1.434s] Level 5:colcon.colcon_core.verb:set package 'safety_node' build argument 'cmake_target_skip_unavailable' from command line to 'False'
[1.434s] Level 5:colcon.colcon_core.verb:set package 'safety_node' build argument 'cmake_clean_cache' from command line to 'False'
[1.434s] Level 5:colcon.colcon_core.verb:set package 'safety_node' build argument 'cmake_clean_first' from command line to 'False'
[1.434s] Level 5:colcon.colcon_core.verb:set package 'safety_node' build argument 'cmake_force_configure' from command line to 'False'
[1.434s] Level 5:colcon.colcon_core.verb:set package 'safety_node' build argument 'ament_cmake_args' from command line to 'None'
[1.434s] Level 5:colcon.colcon_core.verb:set package 'safety_node' build argument 'catkin_cmake_args' from command line to 'None'
[1.434s] Level 5:colcon.colcon_core.verb:set package 'safety_node' build argument 'catkin_skip_building_tests' from command line to 'False'
[1.434s] DEBUG:colcon.colcon_core.verb:Building package 'safety_node' with the following arguments: {'ament_cmake_args': None, 'build_base': '/home/f1tenth/lab_ws25/build/safety_node', 'catkin_cmake_args': None, 'catkin_skip_building_tests': False, 'cmake_args': None, 'cmake_clean_cache': False, 'cmake_clean_first': False, 'cmake_force_configure': False, 'cmake_target': None, 'cmake_target_skip_unavailable': False, 'install_base': '/home/f1tenth/lab_ws25/install/safety_node', 'merge_install': False, 'path': '/home/f1tenth/lab_ws25/src/safety_node_car_wrapper/safety_node', 'symlink_install': True, 'test_result_base': None}
[1.434s] INFO:colcon.colcon_core.executor:Executing jobs using 'parallel' executor
[1.437s] DEBUG:colcon.colcon_parallel_executor.executor.parallel:run_until_complete
[1.438s] INFO:colcon.colcon_ros.task.ament_python.build:Building ROS package in '/home/f1tenth/lab_ws25/src/follow_the_gap_wrapper/follow_the_gap/follow_the_gap' with build type 'ament_python'
[1.438s] Level 1:colcon.colcon_core.shell:create_environment_hook('follow_the_gap', 'ament_prefix_path')
[1.443s] INFO:colcon.colcon_core.plugin_system:Skipping extension 'colcon_core.shell.bat': Not used on non-Windows systems
[1.444s] INFO:colcon.colcon_core.shell:Creating environment hook '/home/f1tenth/lab_ws25/install/follow_the_gap/share/follow_the_gap/hook/ament_prefix_path.ps1'
[1.445s] INFO:colcon.colcon_core.shell:Creating environment descriptor '/home/f1tenth/lab_ws25/install/follow_the_gap/share/follow_the_gap/hook/ament_prefix_path.dsv'
[1.446s] INFO:colcon.colcon_core.shell:Creating environment hook '/home/f1tenth/lab_ws25/install/follow_the_gap/share/follow_the_gap/hook/ament_prefix_path.sh'
[1.448s] INFO:colcon.colcon_core.shell:Skip shell extension 'powershell' for command environment: Not usable outside of PowerShell
[1.448s] DEBUG:colcon.colcon_core.shell:Skip shell extension 'dsv' for command environment
[1.462s] INFO:colcon.colcon_ros.task.ament_python.build:Building ROS package in '/home/f1tenth/lab_ws25/src/safety_node_car_wrapper/safety_node' with build type 'ament_python'
[1.463s] Level 1:colcon.colcon_core.shell:create_environment_hook('safety_node', 'ament_prefix_path')
[1.464s] INFO:colcon.colcon_core.shell:Creating environment hook '/home/f1tenth/lab_ws25/install/safety_node/share/safety_node/hook/ament_prefix_path.ps1'
[1.467s] INFO:colcon.colcon_core.shell:Creating environment descriptor '/home/f1tenth/lab_ws25/install/safety_node/share/safety_node/hook/ament_prefix_path.dsv'
[1.468s] INFO:colcon.colcon_core.shell:Creating environment hook '/home/f1tenth/lab_ws25/install/safety_node/share/safety_node/hook/ament_prefix_path.sh'
[1.469s] INFO:colcon.colcon_core.shell:Skip shell extension 'powershell' for command environment: Not usable outside of PowerShell
[1.469s] DEBUG:colcon.colcon_core.shell:Skip shell extension 'dsv' for command environment
[2.390s] INFO:colcon.colcon_core.task.python.build:Building Python package in '/home/f1tenth/lab_ws25/src/follow_the_gap_wrapper/follow_the_gap/follow_the_gap'
[2.393s] INFO:colcon.colcon_core.shell:Skip shell extension 'powershell' for command environment: Not usable outside of PowerShell
[2.393s] DEBUG:colcon.colcon_core.shell:Skip shell extension 'dsv' for command environment
[3.316s] INFO:colcon.colcon_core.task.python.build:Building Python package in '/home/f1tenth/lab_ws25/src/safety_node_car_wrapper/safety_node'
[3.317s] INFO:colcon.colcon_core.shell:Skip shell extension 'powershell' for command environment: Not usable outside of PowerShell
[3.317s] DEBUG:colcon.colcon_core.shell:Skip shell extension 'dsv' for command environment
[5.062s] DEBUG:colcon.colcon_core.event_handler.log_command:Invoking command in '/home/f1tenth/lab_ws25/build/follow_the_gap': PYTHONPATH=/home/f1tenth/lab_ws25/build/follow_the_gap/prefix_override:/usr/lib/python3/dist-packages/colcon_core/task/python/colcon_distutils_commands:/home/f1tenth/lab_ws25/install/follow_the_gap/lib/python3.8/site-packages:${PYTHONPATH} /usr/bin/python3 -W ignore:setup.py install is deprecated -W ignore:easy_install command is deprecated setup.py develop --editable --build-directory /home/f1tenth/lab_ws25/build/follow_the_gap/build --no-deps symlink_data
[5.077s] DEBUG:colcon.colcon_core.event_handler.log_command:Invoking command in '/home/f1tenth/lab_ws25/build/safety_node': PYTHONPATH=/home/f1tenth/lab_ws25/build/safety_node/prefix_override:/usr/lib/python3/dist-packages/colcon_core/task/python/colcon_distutils_commands:/home/f1tenth/lab_ws25/install/safety_node/lib/python3.8/site-packages:${PYTHONPATH} /usr/bin/python3 -W ignore:setup.py install is deprecated -W ignore:easy_install command is deprecated setup.py develop --editable --build-directory /home/f1tenth/lab_ws25/build/safety_node/build --no-deps symlink_data
[7.091s] Level 1:colcon.colcon_core.shell:create_environment_hook('safety_node', 'pythonpath_develop')
[7.092s] INFO:colcon.colcon_core.shell:Creating environment hook '/home/f1tenth/lab_ws25/build/safety_node/share/safety_node/hook/pythonpath_develop.ps1'
[7.094s] DEBUG:colcon.colcon_core.event_handler.log_command:Invoked command in '/home/f1tenth/lab_ws25/build/safety_node' returned '0': PYTHONPATH=/home/f1tenth/lab_ws25/build/safety_node/prefix_override:/usr/lib/python3/dist-packages/colcon_core/task/python/colcon_distutils_commands:/home/f1tenth/lab_ws25/install/safety_node/lib/python3.8/site-packages:${PYTHONPATH} /usr/bin/python3 -W ignore:setup.py install is deprecated -W ignore:easy_install command is deprecated setup.py develop --editable --build-directory /home/f1tenth/lab_ws25/build/safety_node/build --no-deps symlink_data
[7.097s] INFO:colcon.colcon_core.shell:Creating environment descriptor '/home/f1tenth/lab_ws25/build/safety_node/share/safety_node/hook/pythonpath_develop.dsv'
[7.099s] INFO:colcon.colcon_core.shell:Creating environment hook '/home/f1tenth/lab_ws25/build/safety_node/share/safety_node/hook/pythonpath_develop.sh'
[7.107s] Level 1:colcon.colcon_core.environment:checking '/home/f1tenth/lab_ws25/install/safety_node' for CMake module files
[7.108s] Level 1:colcon.colcon_core.environment:checking '/home/f1tenth/lab_ws25/install/safety_node' for CMake config files
[7.109s] Level 1:colcon.colcon_core.environment:checking '/home/f1tenth/lab_ws25/install/safety_node/lib'
[7.110s] Level 1:colcon.colcon_core.environment:checking '/home/f1tenth/lab_ws25/install/safety_node/bin'
[7.110s] Level 1:colcon.colcon_core.environment:checking '/home/f1tenth/lab_ws25/install/safety_node/lib/pkgconfig/safety_node.pc'
[7.110s] Level 1:colcon.colcon_core.environment:checking '/home/f1tenth/lab_ws25/install/safety_node/lib/python3.8/site-packages'
[7.111s] Level 1:colcon.colcon_core.shell:create_environment_hook('safety_node', 'pythonpath')
[7.111s] INFO:colcon.colcon_core.shell:Creating environment hook '/home/f1tenth/lab_ws25/install/safety_node/share/safety_node/hook/pythonpath.ps1'
[7.112s] INFO:colcon.colcon_core.shell:Creating environment descriptor '/home/f1tenth/lab_ws25/install/safety_node/share/safety_node/hook/pythonpath.dsv'
[7.113s] INFO:colcon.colcon_core.shell:Creating environment hook '/home/f1tenth/lab_ws25/install/safety_node/share/safety_node/hook/pythonpath.sh'
[7.114s] Level 1:colcon.colcon_core.environment:checking '/home/f1tenth/lab_ws25/install/safety_node/bin'
[7.114s] Level 1:colcon.colcon_core.environment:create_environment_scripts_only(safety_node)
[7.115s] INFO:colcon.colcon_core.shell:Creating package script '/home/f1tenth/lab_ws25/install/safety_node/share/safety_node/package.ps1'
[7.117s] INFO:colcon.colcon_core.shell:Creating package descriptor '/home/f1tenth/lab_ws25/install/safety_node/share/safety_node/package.dsv'
[7.119s] INFO:colcon.colcon_core.shell:Creating package script '/home/f1tenth/lab_ws25/install/safety_node/share/safety_node/package.sh'
[7.121s] INFO:colcon.colcon_core.shell:Creating package script '/home/f1tenth/lab_ws25/install/safety_node/share/safety_node/package.bash'
[7.123s] INFO:colcon.colcon_core.shell:Creating package script '/home/f1tenth/lab_ws25/install/safety_node/share/safety_node/package.zsh'
[7.125s] Level 1:colcon.colcon_core.environment:create_file_with_runtime_dependencies(/home/f1tenth/lab_ws25/install/safety_node/share/colcon-core/packages/safety_node)
[7.143s] Level 1:colcon.colcon_core.shell:create_environment_hook('follow_the_gap', 'pythonpath_develop')
[7.144s] INFO:colcon.colcon_core.shell:Creating environment hook '/home/f1tenth/lab_ws25/build/follow_the_gap/share/follow_the_gap/hook/pythonpath_develop.ps1'
[7.145s] DEBUG:colcon.colcon_core.event_handler.log_command:Invoked command in '/home/f1tenth/lab_ws25/build/follow_the_gap' returned '0': PYTHONPATH=/home/f1tenth/lab_ws25/build/follow_the_gap/prefix_override:/usr/lib/python3/dist-packages/colcon_core/task/python/colcon_distutils_commands:/home/f1tenth/lab_ws25/install/follow_the_gap/lib/python3.8/site-packages:${PYTHONPATH} /usr/bin/python3 -W ignore:setup.py install is deprecated -W ignore:easy_install command is deprecated setup.py develop --editable --build-directory /home/f1tenth/lab_ws25/build/follow_the_gap/build --no-deps symlink_data
[7.146s] INFO:colcon.colcon_core.shell:Creating environment descriptor '/home/f1tenth/lab_ws25/build/follow_the_gap/share/follow_the_gap/hook/pythonpath_develop.dsv'
[7.148s] INFO:colcon.colcon_core.shell:Creating environment hook '/home/f1tenth/lab_ws25/build/follow_the_gap/share/follow_the_gap/hook/pythonpath_develop.sh'
[7.149s] Level 1:colcon.colcon_core.environment:checking '/home/f1tenth/lab_ws25/install/follow_the_gap' for CMake module files
[7.150s] Level 1:colcon.colcon_core.environment:checking '/home/f1tenth/lab_ws25/install/follow_the_gap' for CMake config files
[7.151s] Level 1:colcon.colcon_core.environment:checking '/home/f1tenth/lab_ws25/install/follow_the_gap/lib'
[7.151s] Level 1:colcon.colcon_core.environment:checking '/home/f1tenth/lab_ws25/install/follow_the_gap/bin'
[7.152s] Level 1:colcon.colcon_core.environment:checking '/home/f1tenth/lab_ws25/install/follow_the_gap/lib/pkgconfig/follow_the_gap.pc'
[7.152s] Level 1:colcon.colcon_core.environment:checking '/home/f1tenth/lab_ws25/install/follow_the_gap/lib/python3.8/site-packages'
[7.152s] Level 1:colcon.colcon_core.shell:create_environment_hook('follow_the_gap', 'pythonpath')
[7.153s] INFO:colcon.colcon_core.shell:Creating environment hook '/home/f1tenth/lab_ws25/install/follow_the_gap/share/follow_the_gap/hook/pythonpath.ps1'
[7.153s] INFO:colcon.colcon_core.shell:Creating environment descriptor '/home/f1tenth/lab_ws25/install/follow_the_gap/share/follow_the_gap/hook/pythonpath.dsv'
[7.154s] INFO:colcon.colcon_core.shell:Creating environment hook '/home/f1tenth/lab_ws25/install/follow_the_gap/share/follow_the_gap/hook/pythonpath.sh'
[7.155s] Level 1:colcon.colcon_core.environment:checking '/home/f1tenth/lab_ws25/install/follow_the_gap/bin'
[7.155s] Level 1:colcon.colcon_core.environment:create_environment_scripts_only(follow_the_gap)
[7.156s] INFO:colcon.colcon_core.shell:Creating package script '/home/f1tenth/lab_ws25/install/follow_the_gap/share/follow_the_gap/package.ps1'
[7.157s] INFO:colcon.colcon_core.shell:Creating package descriptor '/home/f1tenth/lab_ws25/install/follow_the_gap/share/follow_the_gap/package.dsv'
[7.158s] INFO:colcon.colcon_core.shell:Creating package script '/home/f1tenth/lab_ws25/install/follow_the_gap/share/follow_the_gap/package.sh'
[7.159s] INFO:colcon.colcon_core.shell:Creating package script '/home/f1tenth/lab_ws25/install/follow_the_gap/share/follow_the_gap/package.bash'
[7.160s] INFO:colcon.colcon_core.shell:Creating package script '/home/f1tenth/lab_ws25/install/follow_the_gap/share/follow_the_gap/package.zsh'
[7.161s] Level 1:colcon.colcon_core.environment:create_file_with_runtime_dependencies(/home/f1tenth/lab_ws25/install/follow_the_gap/share/colcon-core/packages/follow_the_gap)
[7.162s] DEBUG:colcon.colcon_parallel_executor.executor.parallel:closing loop
[7.162s] DEBUG:colcon.colcon_parallel_executor.executor.parallel:loop closed
[7.163s] DEBUG:colcon.colcon_parallel_executor.executor.parallel:run_until_complete finished with '0'
[7.164s] DEBUG:colcon.colcon_core.event_reactor:joining thread
[7.175s] INFO:colcon.colcon_core.plugin_system:Skipping extension 'colcon_notification.desktop_notification.terminal_notifier': Not used on non-Darwin systems
[7.175s] INFO:colcon.colcon_core.plugin_system:Skipping extension 'colcon_notification.desktop_notification.win32': Not used on non-Windows systems
[7.175s] INFO:colcon.colcon_notification.desktop_notification:Sending desktop notification using 'notify2'
[7.228s] DEBUG:colcon.colcon_core.event_reactor:joined thread
[7.229s] INFO:colcon.colcon_core.shell:Creating prefix script '/home/f1tenth/lab_ws25/install/local_setup.ps1'
[7.232s] INFO:colcon.colcon_core.shell:Creating prefix util module '/home/f1tenth/lab_ws25/install/_local_setup_util_ps1.py'
[7.235s] INFO:colcon.colcon_core.shell:Creating prefix chain script '/home/f1tenth/lab_ws25/install/setup.ps1'
[7.238s] INFO:colcon.colcon_core.shell:Creating prefix script '/home/f1tenth/lab_ws25/install/local_setup.sh'
[7.239s] INFO:colcon.colcon_core.shell:Creating prefix util module '/home/f1tenth/lab_ws25/install/_local_setup_util_sh.py'
[7.240s] INFO:colcon.colcon_core.shell:Creating prefix chain script '/home/f1tenth/lab_ws25/install/setup.sh'
[7.243s] INFO:colcon.colcon_core.shell:Creating prefix script '/home/f1tenth/lab_ws25/install/local_setup.bash'
[7.245s] INFO:colcon.colcon_core.shell:Creating prefix chain script '/home/f1tenth/lab_ws25/install/setup.bash'
[7.247s] INFO:colcon.colcon_core.shell:Creating prefix script '/home/f1tenth/lab_ws25/install/local_setup.zsh'
[7.248s] INFO:colcon.colcon_core.shell:Creating prefix chain script '/home/f1tenth/lab_ws25/install/setup.zsh'
