[5.905s] Invoking command in '/home/f1tenth/f1tenth_ws/build/vesc_msgs': CMAKE_PREFIX_PATH=${CMAKE_PREFIX_PATH}:/home/f1tenth/f1tenth_ws/install/f1tenth_stack:/home/f1tenth/f1tenth_ws/install/joy_teleop:/home/f1tenth/f1tenth_ws/install/safety_node:/home/f1tenth/f1tenth_ws/install/mouse_teleop:/home/f1tenth/f1tenth_ws/install/key_teleop:/opt/ros/foxy /usr/bin/cmake --build /home/f1tenth/f1tenth_ws/build/vesc_msgs -- -j6 -l6
[10.981s] [  1%] Built target vesc_msgs__cpp
[10.983s] [ 12%] Built target vesc_msgs__rosidl_generator_c
[10.984s] [ 23%] Built target vesc_msgs__rosidl_typesupport_cpp
[10.984s] [ 34%] Built target vesc_msgs__rosidl_typesupport_fastrtps_cpp
[10.985s] [ 45%] Built target vesc_msgs__rosidl_typesupport_introspection_cpp
[10.986s] [ 56%] Built target vesc_msgs__rosidl_typesupport_introspection_c
[10.986s] [ 67%] Built target vesc_msgs__rosidl_typesupport_c
[10.987s] [ 78%] Built target vesc_msgs__rosidl_typesupport_fastrtps_c
[10.990s] [ 78%] Built target vesc_msgs
[10.991s] [ 80%] Built target vesc_msgs__py
[10.991s] [ 89%] Built target vesc_msgs__python
[10.991s] [ 92%] Built target vesc_msgs__rosidl_typesupport_fastrtps_c__pyext
[10.991s] [100%] Built target vesc_msgs__rosidl_typesupport_introspection_c__pyext
[10.991s] [100%] Built target vesc_msgs__rosidl_typesupport_c__pyext
[11.000s] Invoked command in '/home/f1tenth/f1tenth_ws/build/vesc_msgs' returned '0': CMAKE_PREFIX_PATH=${CMAKE_PREFIX_PATH}:/home/f1tenth/f1tenth_ws/install/f1tenth_stack:/home/f1tenth/f1tenth_ws/install/joy_teleop:/home/f1tenth/f1tenth_ws/install/safety_node:/home/f1tenth/f1tenth_ws/install/mouse_teleop:/home/f1tenth/f1tenth_ws/install/key_teleop:/opt/ros/foxy /usr/bin/cmake --build /home/f1tenth/f1tenth_ws/build/vesc_msgs -- -j6 -l6
[12.002s] Invoking command in '/home/f1tenth/f1tenth_ws/build/vesc_msgs': CMAKE_PREFIX_PATH=${CMAKE_PREFIX_PATH}:/home/f1tenth/f1tenth_ws/install/f1tenth_stack:/home/f1tenth/f1tenth_ws/install/joy_teleop:/home/f1tenth/f1tenth_ws/install/safety_node:/home/f1tenth/f1tenth_ws/install/mouse_teleop:/home/f1tenth/f1tenth_ws/install/key_teleop:/opt/ros/foxy /usr/bin/cmake --install /home/f1tenth/f1tenth_ws/build/vesc_msgs
[12.034s] -- Install configuration: ""
[12.034s] -- Up-to-date: /home/f1tenth/f1tenth_ws/install/vesc_msgs/share/ament_index/resource_index/rosidl_interfaces/vesc_msgs
[12.035s] -- Up-to-date: /home/f1tenth/f1tenth_ws/install/vesc_msgs/include/vesc_msgs
[12.035s] -- Up-to-date: /home/f1tenth/f1tenth_ws/install/vesc_msgs/include/vesc_msgs/msg
[12.035s] -- Up-to-date: /home/f1tenth/f1tenth_ws/install/vesc_msgs/include/vesc_msgs/msg/vesc_imu_stamped.h
[12.036s] -- Up-to-date: /home/f1tenth/f1tenth_ws/install/vesc_msgs/include/vesc_msgs/msg/vesc_state_stamped.h
[12.036s] -- Up-to-date: /home/f1tenth/f1tenth_ws/install/vesc_msgs/include/vesc_msgs/msg/vesc_imu.h
[12.037s] -- Up-to-date: /home/f1tenth/f1tenth_ws/install/vesc_msgs/include/vesc_msgs/msg/detail
[12.037s] -- Up-to-date: /home/f1tenth/f1tenth_ws/install/vesc_msgs/include/vesc_msgs/msg/detail/vesc_imu__functions.c
[12.037s] -- Up-to-date: /home/f1tenth/f1tenth_ws/install/vesc_msgs/include/vesc_msgs/msg/detail/vesc_state_stamped__struct.h
[12.037s] -- Up-to-date: /home/f1tenth/f1tenth_ws/install/vesc_msgs/include/vesc_msgs/msg/detail/vesc_imu_stamped__functions.h
[12.037s] -- Up-to-date: /home/f1tenth/f1tenth_ws/install/vesc_msgs/include/vesc_msgs/msg/detail/vesc_imu_stamped__type_support.h
[12.037s] -- Up-to-date: /home/f1tenth/f1tenth_ws/install/vesc_msgs/include/vesc_msgs/msg/detail/vesc_state__functions.h
[12.038s] -- Up-to-date: /home/f1tenth/f1tenth_ws/install/vesc_msgs/include/vesc_msgs/msg/detail/vesc_state__type_support.h
[12.038s] -- Up-to-date: /home/f1tenth/f1tenth_ws/install/vesc_msgs/include/vesc_msgs/msg/detail/vesc_imu_stamped__struct.h
[12.038s] -- Up-to-date: /home/f1tenth/f1tenth_ws/install/vesc_msgs/include/vesc_msgs/msg/detail/vesc_state_stamped__functions.c
[12.038s] -- Up-to-date: /home/f1tenth/f1tenth_ws/install/vesc_msgs/include/vesc_msgs/msg/detail/vesc_state__functions.c
[12.038s] -- Up-to-date: /home/f1tenth/f1tenth_ws/install/vesc_msgs/include/vesc_msgs/msg/detail/vesc_state_stamped__functions.h
[12.038s] -- Up-to-date: /home/f1tenth/f1tenth_ws/install/vesc_msgs/include/vesc_msgs/msg/detail/vesc_imu__type_support.h
[12.038s] -- Up-to-date: /home/f1tenth/f1tenth_ws/install/vesc_msgs/include/vesc_msgs/msg/detail/vesc_state_stamped__type_support.h
[12.039s] -- Up-to-date: /home/f1tenth/f1tenth_ws/install/vesc_msgs/include/vesc_msgs/msg/detail/vesc_imu__functions.h
[12.044s] -- Up-to-date: /home/f1tenth/f1tenth_ws/install/vesc_msgs/include/vesc_msgs/msg/detail/vesc_imu_stamped__functions.c
[12.044s] -- Up-to-date: /home/f1tenth/f1tenth_ws/install/vesc_msgs/include/vesc_msgs/msg/detail/vesc_imu__struct.h
[12.044s] -- Up-to-date: /home/f1tenth/f1tenth_ws/install/vesc_msgs/include/vesc_msgs/msg/detail/vesc_state__struct.h
[12.045s] -- Up-to-date: /home/f1tenth/f1tenth_ws/install/vesc_msgs/include/vesc_msgs/msg/rosidl_generator_c__visibility_control.h
[12.046s] -- Up-to-date: /home/f1tenth/f1tenth_ws/install/vesc_msgs/include/vesc_msgs/msg/vesc_state.h
[12.047s] -- Up-to-date: /home/f1tenth/f1tenth_ws/install/vesc_msgs/share/vesc_msgs/environment/library_path.sh
[12.047s] -- Up-to-date: /home/f1tenth/f1tenth_ws/install/vesc_msgs/share/vesc_msgs/environment/library_path.dsv
[12.047s] -- Up-to-date: /home/f1tenth/f1tenth_ws/install/vesc_msgs/lib/libvesc_msgs__rosidl_generator_c.so
[12.052s] -- Up-to-date: /home/f1tenth/f1tenth_ws/install/vesc_msgs/include/vesc_msgs
[12.052s] -- Up-to-date: /home/f1tenth/f1tenth_ws/install/vesc_msgs/include/vesc_msgs/msg
[12.052s] -- Up-to-date: /home/f1tenth/f1tenth_ws/install/vesc_msgs/include/vesc_msgs/msg/rosidl_typesupport_fastrtps_c__visibility_control.h
[12.052s] -- Up-to-date: /home/f1tenth/f1tenth_ws/install/vesc_msgs/include/vesc_msgs/msg/detail
[12.054s] -- Up-to-date: /home/f1tenth/f1tenth_ws/install/vesc_msgs/include/vesc_msgs/msg/detail/vesc_state__rosidl_typesupport_fastrtps_c.h
[12.055s] -- Up-to-date: /home/f1tenth/f1tenth_ws/install/vesc_msgs/include/vesc_msgs/msg/detail/vesc_imu__rosidl_typesupport_fastrtps_c.h
[12.055s] -- Up-to-date: /home/f1tenth/f1tenth_ws/install/vesc_msgs/include/vesc_msgs/msg/detail/vesc_state_stamped__rosidl_typesupport_fastrtps_c.h
[12.055s] -- Up-to-date: /home/f1tenth/f1tenth_ws/install/vesc_msgs/include/vesc_msgs/msg/detail/vesc_imu_stamped__rosidl_typesupport_fastrtps_c.h
[12.056s] -- Up-to-date: /home/f1tenth/f1tenth_ws/install/vesc_msgs/lib/libvesc_msgs__rosidl_typesupport_fastrtps_c.so
[12.056s] -- Up-to-date: /home/f1tenth/f1tenth_ws/install/vesc_msgs/include/vesc_msgs
[12.057s] -- Up-to-date: /home/f1tenth/f1tenth_ws/install/vesc_msgs/include/vesc_msgs/msg
[12.057s] -- Up-to-date: /home/f1tenth/f1tenth_ws/install/vesc_msgs/include/vesc_msgs/msg/detail
[12.057s] -- Up-to-date: /home/f1tenth/f1tenth_ws/install/vesc_msgs/include/vesc_msgs/msg/detail/vesc_state_stamped__rosidl_typesupport_fastrtps_cpp.hpp
[12.057s] -- Up-to-date: /home/f1tenth/f1tenth_ws/install/vesc_msgs/include/vesc_msgs/msg/detail/vesc_imu__rosidl_typesupport_fastrtps_cpp.hpp
[12.058s] -- Up-to-date: /home/f1tenth/f1tenth_ws/install/vesc_msgs/include/vesc_msgs/msg/detail/vesc_imu_stamped__rosidl_typesupport_fastrtps_cpp.hpp
[12.058s] -- Up-to-date: /home/f1tenth/f1tenth_ws/install/vesc_msgs/include/vesc_msgs/msg/detail/vesc_state__rosidl_typesupport_fastrtps_cpp.hpp
[12.058s] -- Up-to-date: /home/f1tenth/f1tenth_ws/install/vesc_msgs/include/vesc_msgs/msg/detail/dds_fastrtps
[12.058s] -- Up-to-date: /home/f1tenth/f1tenth_ws/install/vesc_msgs/include/vesc_msgs/msg/rosidl_typesupport_fastrtps_cpp__visibility_control.h
[12.058s] -- Up-to-date: /home/f1tenth/f1tenth_ws/install/vesc_msgs/lib/libvesc_msgs__rosidl_typesupport_fastrtps_cpp.so
[12.058s] -- Up-to-date: /home/f1tenth/f1tenth_ws/install/vesc_msgs/include/vesc_msgs
[12.058s] -- Up-to-date: /home/f1tenth/f1tenth_ws/install/vesc_msgs/include/vesc_msgs/msg
[12.058s] -- Up-to-date: /home/f1tenth/f1tenth_ws/install/vesc_msgs/include/vesc_msgs/msg/detail
[12.061s] -- Up-to-date: /home/f1tenth/f1tenth_ws/install/vesc_msgs/include/vesc_msgs/msg/detail/vesc_state_stamped__rosidl_typesupport_introspection_c.h
[12.061s] -- Up-to-date: /home/f1tenth/f1tenth_ws/install/vesc_msgs/include/vesc_msgs/msg/detail/vesc_imu__type_support.c
[12.061s] -- Up-to-date: /home/f1tenth/f1tenth_ws/install/vesc_msgs/include/vesc_msgs/msg/detail/vesc_state__rosidl_typesupport_introspection_c.h
[12.061s] -- Up-to-date: /home/f1tenth/f1tenth_ws/install/vesc_msgs/include/vesc_msgs/msg/detail/vesc_imu__rosidl_typesupport_introspection_c.h
[12.062s] -- Up-to-date: /home/f1tenth/f1tenth_ws/install/vesc_msgs/include/vesc_msgs/msg/detail/vesc_state_stamped__type_support.c
[12.062s] -- Up-to-date: /home/f1tenth/f1tenth_ws/install/vesc_msgs/include/vesc_msgs/msg/detail/vesc_imu_stamped__rosidl_typesupport_introspection_c.h
[12.062s] -- Up-to-date: /home/f1tenth/f1tenth_ws/install/vesc_msgs/include/vesc_msgs/msg/detail/vesc_state__type_support.c
[12.062s] -- Up-to-date: /home/f1tenth/f1tenth_ws/install/vesc_msgs/include/vesc_msgs/msg/detail/vesc_imu_stamped__type_support.c
[12.062s] -- Up-to-date: /home/f1tenth/f1tenth_ws/install/vesc_msgs/include/vesc_msgs/msg/rosidl_typesupport_introspection_c__visibility_control.h
[12.062s] -- Up-to-date: /home/f1tenth/f1tenth_ws/install/vesc_msgs/lib/libvesc_msgs__rosidl_typesupport_introspection_c.so
[12.065s] -- Up-to-date: /home/f1tenth/f1tenth_ws/install/vesc_msgs/lib/libvesc_msgs__rosidl_typesupport_c.so
[12.065s] -- Up-to-date: /home/f1tenth/f1tenth_ws/install/vesc_msgs/include/vesc_msgs
[12.065s] -- Up-to-date: /home/f1tenth/f1tenth_ws/install/vesc_msgs/include/vesc_msgs/msg
[12.065s] -- Up-to-date: /home/f1tenth/f1tenth_ws/install/vesc_msgs/include/vesc_msgs/msg/vesc_imu_stamped.hpp
[12.065s] -- Up-to-date: /home/f1tenth/f1tenth_ws/install/vesc_msgs/include/vesc_msgs/msg/vesc_state.hpp
[12.066s] -- Up-to-date: /home/f1tenth/f1tenth_ws/install/vesc_msgs/include/vesc_msgs/msg/vesc_imu.hpp
[12.066s] -- Up-to-date: /home/f1tenth/f1tenth_ws/install/vesc_msgs/include/vesc_msgs/msg/rosidl_generator_cpp__visibility_control.hpp
[12.066s] -- Up-to-date: /home/f1tenth/f1tenth_ws/install/vesc_msgs/include/vesc_msgs/msg/detail
[12.066s] -- Up-to-date: /home/f1tenth/f1tenth_ws/install/vesc_msgs/include/vesc_msgs/msg/detail/vesc_imu_stamped__struct.hpp
[12.066s] -- Up-to-date: /home/f1tenth/f1tenth_ws/install/vesc_msgs/include/vesc_msgs/msg/detail/vesc_imu__struct.hpp
[12.066s] -- Up-to-date: /home/f1tenth/f1tenth_ws/install/vesc_msgs/include/vesc_msgs/msg/detail/vesc_imu__builder.hpp
[12.066s] -- Up-to-date: /home/f1tenth/f1tenth_ws/install/vesc_msgs/include/vesc_msgs/msg/detail/vesc_imu__traits.hpp
[12.067s] -- Up-to-date: /home/f1tenth/f1tenth_ws/install/vesc_msgs/include/vesc_msgs/msg/detail/vesc_state__struct.hpp
[12.067s] -- Up-to-date: /home/f1tenth/f1tenth_ws/install/vesc_msgs/include/vesc_msgs/msg/detail/vesc_state__builder.hpp
[12.067s] -- Up-to-date: /home/f1tenth/f1tenth_ws/install/vesc_msgs/include/vesc_msgs/msg/detail/vesc_imu_stamped__type_support.hpp
[12.067s] -- Up-to-date: /home/f1tenth/f1tenth_ws/install/vesc_msgs/include/vesc_msgs/msg/detail/vesc_state_stamped__struct.hpp
[12.067s] -- Up-to-date: /home/f1tenth/f1tenth_ws/install/vesc_msgs/include/vesc_msgs/msg/detail/vesc_state_stamped__type_support.hpp
[12.067s] -- Up-to-date: /home/f1tenth/f1tenth_ws/install/vesc_msgs/include/vesc_msgs/msg/detail/vesc_state__traits.hpp
[12.067s] -- Up-to-date: /home/f1tenth/f1tenth_ws/install/vesc_msgs/include/vesc_msgs/msg/detail/vesc_imu_stamped__traits.hpp
[12.068s] -- Up-to-date: /home/f1tenth/f1tenth_ws/install/vesc_msgs/include/vesc_msgs/msg/detail/vesc_imu_stamped__builder.hpp
[12.068s] -- Up-to-date: /home/f1tenth/f1tenth_ws/install/vesc_msgs/include/vesc_msgs/msg/detail/vesc_state_stamped__traits.hpp
[12.068s] -- Up-to-date: /home/f1tenth/f1tenth_ws/install/vesc_msgs/include/vesc_msgs/msg/detail/vesc_state__type_support.hpp
[12.068s] -- Up-to-date: /home/f1tenth/f1tenth_ws/install/vesc_msgs/include/vesc_msgs/msg/detail/vesc_imu__type_support.hpp
[12.068s] -- Up-to-date: /home/f1tenth/f1tenth_ws/install/vesc_msgs/include/vesc_msgs/msg/detail/vesc_state_stamped__builder.hpp
[12.068s] -- Up-to-date: /home/f1tenth/f1tenth_ws/install/vesc_msgs/include/vesc_msgs/msg/vesc_state_stamped.hpp
[12.069s] -- Up-to-date: /home/f1tenth/f1tenth_ws/install/vesc_msgs/include/vesc_msgs
[12.069s] -- Up-to-date: /home/f1tenth/f1tenth_ws/install/vesc_msgs/include/vesc_msgs/msg
[12.069s] -- Up-to-date: /home/f1tenth/f1tenth_ws/install/vesc_msgs/include/vesc_msgs/msg/detail
[12.069s] -- Up-to-date: /home/f1tenth/f1tenth_ws/install/vesc_msgs/include/vesc_msgs/msg/detail/vesc_imu_stamped__type_support.cpp
[12.069s] -- Up-to-date: /home/f1tenth/f1tenth_ws/install/vesc_msgs/include/vesc_msgs/msg/detail/vesc_imu_stamped__rosidl_typesupport_introspection_cpp.hpp
[12.069s] -- Up-to-date: /home/f1tenth/f1tenth_ws/install/vesc_msgs/include/vesc_msgs/msg/detail/vesc_imu__type_support.cpp
[12.069s] -- Up-to-date: /home/f1tenth/f1tenth_ws/install/vesc_msgs/include/vesc_msgs/msg/detail/vesc_state_stamped__rosidl_typesupport_introspection_cpp.hpp
[12.070s] -- Up-to-date: /home/f1tenth/f1tenth_ws/install/vesc_msgs/include/vesc_msgs/msg/detail/vesc_state_stamped__type_support.cpp
[12.070s] -- Up-to-date: /home/f1tenth/f1tenth_ws/install/vesc_msgs/include/vesc_msgs/msg/detail/vesc_state__rosidl_typesupport_introspection_cpp.hpp
[12.070s] -- Up-to-date: /home/f1tenth/f1tenth_ws/install/vesc_msgs/include/vesc_msgs/msg/detail/vesc_imu__rosidl_typesupport_introspection_cpp.hpp
[12.070s] -- Up-to-date: /home/f1tenth/f1tenth_ws/install/vesc_msgs/include/vesc_msgs/msg/detail/vesc_state__type_support.cpp
[12.070s] -- Up-to-date: /home/f1tenth/f1tenth_ws/install/vesc_msgs/lib/libvesc_msgs__rosidl_typesupport_introspection_cpp.so
[12.070s] -- Up-to-date: /home/f1tenth/f1tenth_ws/install/vesc_msgs/lib/libvesc_msgs__rosidl_typesupport_cpp.so
[12.070s] -- Up-to-date: /home/f1tenth/f1tenth_ws/install/vesc_msgs/share/vesc_msgs/environment/pythonpath.sh
[12.070s] -- Up-to-date: /home/f1tenth/f1tenth_ws/install/vesc_msgs/share/vesc_msgs/environment/pythonpath.dsv
[12.071s] -- Up-to-date: /home/f1tenth/f1tenth_ws/install/vesc_msgs/lib/python3.8/site-packages/vesc_msgs/__init__.py
[12.142s] -- Up-to-date: /home/f1tenth/f1tenth_ws/install/vesc_msgs/lib/python3.8/site-packages/vesc_msgs/msg
[12.143s] -- Up-to-date: /home/f1tenth/f1tenth_ws/install/vesc_msgs/lib/python3.8/site-packages/vesc_msgs/msg/_vesc_state_s.c
[12.143s] -- Up-to-date: /home/f1tenth/f1tenth_ws/install/vesc_msgs/lib/python3.8/site-packages/vesc_msgs/msg/_vesc_imu_s.c
[12.143s] -- Up-to-date: /home/f1tenth/f1tenth_ws/install/vesc_msgs/lib/python3.8/site-packages/vesc_msgs/msg/_vesc_state_stamped.py
[12.143s] -- Up-to-date: /home/f1tenth/f1tenth_ws/install/vesc_msgs/lib/python3.8/site-packages/vesc_msgs/msg/_vesc_imu_stamped.py
[12.143s] -- Up-to-date: /home/f1tenth/f1tenth_ws/install/vesc_msgs/lib/python3.8/site-packages/vesc_msgs/msg/_vesc_state.py
[12.144s] -- Up-to-date: /home/f1tenth/f1tenth_ws/install/vesc_msgs/lib/python3.8/site-packages/vesc_msgs/msg/_vesc_imu.py
[12.144s] -- Up-to-date: /home/f1tenth/f1tenth_ws/install/vesc_msgs/lib/python3.8/site-packages/vesc_msgs/msg/_vesc_state_stamped_s.c
[12.144s] -- Up-to-date: /home/f1tenth/f1tenth_ws/install/vesc_msgs/lib/python3.8/site-packages/vesc_msgs/msg/__init__.py
[12.144s] -- Up-to-date: /home/f1tenth/f1tenth_ws/install/vesc_msgs/lib/python3.8/site-packages/vesc_msgs/msg/_vesc_imu_stamped_s.c
[12.144s] -- Up-to-date: /home/f1tenth/f1tenth_ws/install/vesc_msgs/lib/python3.8/site-packages/vesc_msgs/vesc_msgs_s__rosidl_typesupport_fastrtps_c.cpython-38-aarch64-linux-gnu.so
[12.145s] -- Up-to-date: /home/f1tenth/f1tenth_ws/install/vesc_msgs/lib/python3.8/site-packages/vesc_msgs/vesc_msgs_s__rosidl_typesupport_introspection_c.cpython-38-aarch64-linux-gnu.so
[12.151s] -- Up-to-date: /home/f1tenth/f1tenth_ws/install/vesc_msgs/lib/python3.8/site-packages/vesc_msgs/vesc_msgs_s__rosidl_typesupport_c.cpython-38-aarch64-linux-gnu.so
[12.152s] -- Up-to-date: /home/f1tenth/f1tenth_ws/install/vesc_msgs/lib/libvesc_msgs__python.so
[12.152s] -- Up-to-date: /home/f1tenth/f1tenth_ws/install/vesc_msgs/share/vesc_msgs/msg/VescState.idl
[12.153s] -- Up-to-date: /home/f1tenth/f1tenth_ws/install/vesc_msgs/share/vesc_msgs/msg/VescStateStamped.idl
[12.153s] -- Up-to-date: /home/f1tenth/f1tenth_ws/install/vesc_msgs/share/vesc_msgs/msg/VescImu.idl
[12.153s] -- Up-to-date: /home/f1tenth/f1tenth_ws/install/vesc_msgs/share/vesc_msgs/msg/VescImuStamped.idl
[12.153s] -- Up-to-date: /home/f1tenth/f1tenth_ws/install/vesc_msgs/share/vesc_msgs/msg/VescState.msg
[12.153s] -- Up-to-date: /home/f1tenth/f1tenth_ws/install/vesc_msgs/share/vesc_msgs/msg/VescStateStamped.msg
[12.153s] -- Up-to-date: /home/f1tenth/f1tenth_ws/install/vesc_msgs/share/vesc_msgs/msg/VescImu.msg
[12.153s] -- Up-to-date: /home/f1tenth/f1tenth_ws/install/vesc_msgs/share/vesc_msgs/msg/VescImuStamped.msg
[12.153s] -- Up-to-date: /home/f1tenth/f1tenth_ws/install/vesc_msgs/share/ament_index/resource_index/package_run_dependencies/vesc_msgs
[12.154s] -- Up-to-date: /home/f1tenth/f1tenth_ws/install/vesc_msgs/share/ament_index/resource_index/parent_prefix_path/vesc_msgs
[12.154s] -- Up-to-date: /home/f1tenth/f1tenth_ws/install/vesc_msgs/share/vesc_msgs/environment/ament_prefix_path.sh
[12.154s] -- Up-to-date: /home/f1tenth/f1tenth_ws/install/vesc_msgs/share/vesc_msgs/environment/ament_prefix_path.dsv
[12.154s] -- Up-to-date: /home/f1tenth/f1tenth_ws/install/vesc_msgs/share/vesc_msgs/environment/path.sh
[12.155s] -- Up-to-date: /home/f1tenth/f1tenth_ws/install/vesc_msgs/share/vesc_msgs/environment/path.dsv
[12.158s] -- Up-to-date: /home/f1tenth/f1tenth_ws/install/vesc_msgs/share/vesc_msgs/local_setup.bash
[12.158s] -- Up-to-date: /home/f1tenth/f1tenth_ws/install/vesc_msgs/share/vesc_msgs/local_setup.sh
[12.158s] -- Up-to-date: /home/f1tenth/f1tenth_ws/install/vesc_msgs/share/vesc_msgs/local_setup.zsh
[12.160s] -- Up-to-date: /home/f1tenth/f1tenth_ws/install/vesc_msgs/share/vesc_msgs/local_setup.dsv
[12.160s] -- Installing: /home/f1tenth/f1tenth_ws/install/vesc_msgs/share/vesc_msgs/package.dsv
[12.160s] -- Up-to-date: /home/f1tenth/f1tenth_ws/install/vesc_msgs/share/ament_index/resource_index/packages/vesc_msgs
[12.160s] -- Up-to-date: /home/f1tenth/f1tenth_ws/install/vesc_msgs/share/vesc_msgs/cmake/vesc_msgs__rosidl_generator_cExport.cmake
[12.162s] -- Up-to-date: /home/f1tenth/f1tenth_ws/install/vesc_msgs/share/vesc_msgs/cmake/vesc_msgs__rosidl_generator_cExport-noconfig.cmake
[12.167s] -- Up-to-date: /home/f1tenth/f1tenth_ws/install/vesc_msgs/share/vesc_msgs/cmake/vesc_msgs__rosidl_typesupport_introspection_cExport.cmake
[12.168s] -- Up-to-date: /home/f1tenth/f1tenth_ws/install/vesc_msgs/share/vesc_msgs/cmake/vesc_msgs__rosidl_typesupport_introspection_cExport-noconfig.cmake
[12.169s] -- Up-to-date: /home/f1tenth/f1tenth_ws/install/vesc_msgs/share/vesc_msgs/cmake/vesc_msgs__rosidl_typesupport_cExport.cmake
[12.169s] -- Up-to-date: /home/f1tenth/f1tenth_ws/install/vesc_msgs/share/vesc_msgs/cmake/vesc_msgs__rosidl_typesupport_cExport-noconfig.cmake
[12.170s] -- Up-to-date: /home/f1tenth/f1tenth_ws/install/vesc_msgs/share/vesc_msgs/cmake/vesc_msgs__rosidl_generator_cppExport.cmake
[12.170s] -- Up-to-date: /home/f1tenth/f1tenth_ws/install/vesc_msgs/share/vesc_msgs/cmake/vesc_msgs__rosidl_typesupport_introspection_cppExport.cmake
[12.171s] -- Up-to-date: /home/f1tenth/f1tenth_ws/install/vesc_msgs/share/vesc_msgs/cmake/vesc_msgs__rosidl_typesupport_introspection_cppExport-noconfig.cmake
[12.171s] -- Up-to-date: /home/f1tenth/f1tenth_ws/install/vesc_msgs/share/vesc_msgs/cmake/vesc_msgs__rosidl_typesupport_cppExport.cmake
[12.171s] -- Up-to-date: /home/f1tenth/f1tenth_ws/install/vesc_msgs/share/vesc_msgs/cmake/vesc_msgs__rosidl_typesupport_cppExport-noconfig.cmake
[12.172s] -- Up-to-date: /home/f1tenth/f1tenth_ws/install/vesc_msgs/share/vesc_msgs/cmake/rosidl_cmake-extras.cmake
[12.172s] -- Up-to-date: /home/f1tenth/f1tenth_ws/install/vesc_msgs/share/vesc_msgs/cmake/ament_cmake_export_dependencies-extras.cmake
[12.173s] -- Up-to-date: /home/f1tenth/f1tenth_ws/install/vesc_msgs/share/vesc_msgs/cmake/ament_cmake_export_libraries-extras.cmake
[12.173s] -- Up-to-date: /home/f1tenth/f1tenth_ws/install/vesc_msgs/share/vesc_msgs/cmake/ament_cmake_export_targets-extras.cmake
[12.173s] -- Up-to-date: /home/f1tenth/f1tenth_ws/install/vesc_msgs/share/vesc_msgs/cmake/ament_cmake_export_include_directories-extras.cmake
[12.174s] -- Up-to-date: /home/f1tenth/f1tenth_ws/install/vesc_msgs/share/vesc_msgs/cmake/rosidl_cmake_export_typesupport_libraries-extras.cmake
[12.175s] -- Up-to-date: /home/f1tenth/f1tenth_ws/install/vesc_msgs/share/vesc_msgs/cmake/rosidl_cmake_export_typesupport_targets-extras.cmake
[12.176s] -- Up-to-date: /home/f1tenth/f1tenth_ws/install/vesc_msgs/share/vesc_msgs/cmake/vesc_msgsConfig.cmake
[12.177s] -- Up-to-date: /home/f1tenth/f1tenth_ws/install/vesc_msgs/share/vesc_msgs/cmake/vesc_msgsConfig-version.cmake
[12.178s] -- Up-to-date: /home/f1tenth/f1tenth_ws/install/vesc_msgs/share/vesc_msgs/package.xml
[14.116s] Invoked command in '/home/f1tenth/f1tenth_ws/build/vesc_msgs' returned '0': CMAKE_PREFIX_PATH=${CMAKE_PREFIX_PATH}:/home/f1tenth/f1tenth_ws/install/f1tenth_stack:/home/f1tenth/f1tenth_ws/install/joy_teleop:/home/f1tenth/f1tenth_ws/install/safety_node:/home/f1tenth/f1tenth_ws/install/mouse_teleop:/home/f1tenth/f1tenth_ws/install/key_teleop:/opt/ros/foxy /usr/bin/cmake --install /home/f1tenth/f1tenth_ws/build/vesc_msgs
