[1.952s] Invoking command in '/home/f1tenth/lab_ws25/build/ros_deep_learning': CMAKE_PREFIX_PATH=/home/f1tenth/lab_ws25/install/waypoint_visualizer:/home/f1tenth/lab_ws25/install/slam_toolbox:/home/f1tenth/lab_ws25/install/stanley_avoidance:/home/f1tenth/lab_ws25/install/safety_node:/home/f1tenth/lab_ws25/install/rrt:/home/f1tenth/lab_ws25/install/particle_filter:/home/f1tenth/lab_ws25/install/follow_the_gap:/home/f1tenth/f1tenth_ws/install/f1tenth_stack:/home/f1tenth/f1tenth_ws/install/joy_teleop:/home/f1tenth/f1tenth_ws/install/safety_node:/home/f1tenth/f1tenth_ws/install/mouse_teleop:/home/f1tenth/f1tenth_ws/install/key_teleop:/opt/ros/foxy:/home/f1tenth/lab_ws25/install/ros_deep_learning:/home/f1tenth/lab_ws25/install/pure_pursuit:/home/f1tenth/f1tenth_ws/install/vesc:/home/f1tenth/f1tenth_ws/install/vesc_driver:/home/f1tenth/f1tenth_ws/install/vesc_ackermann:/home/f1tenth/f1tenth_ws/install/vesc_msgs:/home/f1tenth/f1tenth_ws/install/teleop_tools:/home/f1tenth/f1tenth_ws/install/teleop_tools_msgs:/home/f1tenth/f1tenth_ws/install/mind_stack_localization_test:/home/f1tenth/f1tenth_ws/install/ackermann_mux:/home/f1tenth/f1tenth_ws_3dlidar/install/scanmatcher_custom:/home/f1tenth/f1tenth_ws_3dlidar/install/lidarslam:/home/f1tenth/f1tenth_ws_3dlidar/install/scanmatcher:/home/f1tenth/f1tenth_ws_3dlidar/install/graph_based_slam:/home/f1tenth/f1tenth_ws_3dlidar/install/ndt_omp_ros2:/home/f1tenth/f1tenth_ws_3dlidar/install/livox_ros_driver2:/home/f1tenth/f1tenth_ws_3dlidar/install/lidarslam_msgs /usr/bin/cmake --build /home/f1tenth/lab_ws25/build/ros_deep_learning -- -j6 -l6
[2.922s] [ 20%] Built target video_source
[2.922s] [ 40%] Built target detectnet
[2.926s] [ 60%] Built target segnet
[2.926s] [ 80%] Built target video_output
[2.927s] [100%] Built target imagenet
[3.883s] Invoked command in '/home/f1tenth/lab_ws25/build/ros_deep_learning' returned '0': CMAKE_PREFIX_PATH=/home/f1tenth/lab_ws25/install/waypoint_visualizer:/home/f1tenth/lab_ws25/install/slam_toolbox:/home/f1tenth/lab_ws25/install/stanley_avoidance:/home/f1tenth/lab_ws25/install/safety_node:/home/f1tenth/lab_ws25/install/rrt:/home/f1tenth/lab_ws25/install/particle_filter:/home/f1tenth/lab_ws25/install/follow_the_gap:/home/f1tenth/f1tenth_ws/install/f1tenth_stack:/home/f1tenth/f1tenth_ws/install/joy_teleop:/home/f1tenth/f1tenth_ws/install/safety_node:/home/f1tenth/f1tenth_ws/install/mouse_teleop:/home/f1tenth/f1tenth_ws/install/key_teleop:/opt/ros/foxy:/home/f1tenth/lab_ws25/install/ros_deep_learning:/home/f1tenth/lab_ws25/install/pure_pursuit:/home/f1tenth/f1tenth_ws/install/vesc:/home/f1tenth/f1tenth_ws/install/vesc_driver:/home/f1tenth/f1tenth_ws/install/vesc_ackermann:/home/f1tenth/f1tenth_ws/install/vesc_msgs:/home/f1tenth/f1tenth_ws/install/teleop_tools:/home/f1tenth/f1tenth_ws/install/teleop_tools_msgs:/home/f1tenth/f1tenth_ws/install/mind_stack_localization_test:/home/f1tenth/f1tenth_ws/install/ackermann_mux:/home/f1tenth/f1tenth_ws_3dlidar/install/scanmatcher_custom:/home/f1tenth/f1tenth_ws_3dlidar/install/lidarslam:/home/f1tenth/f1tenth_ws_3dlidar/install/scanmatcher:/home/f1tenth/f1tenth_ws_3dlidar/install/graph_based_slam:/home/f1tenth/f1tenth_ws_3dlidar/install/ndt_omp_ros2:/home/f1tenth/f1tenth_ws_3dlidar/install/livox_ros_driver2:/home/f1tenth/f1tenth_ws_3dlidar/install/lidarslam_msgs /usr/bin/cmake --build /home/f1tenth/lab_ws25/build/ros_deep_learning -- -j6 -l6
[3.888s] Invoking command in '/home/f1tenth/lab_ws25/build/ros_deep_learning': CMAKE_PREFIX_PATH=/home/f1tenth/lab_ws25/install/waypoint_visualizer:/home/f1tenth/lab_ws25/install/slam_toolbox:/home/f1tenth/lab_ws25/install/stanley_avoidance:/home/f1tenth/lab_ws25/install/safety_node:/home/f1tenth/lab_ws25/install/rrt:/home/f1tenth/lab_ws25/install/particle_filter:/home/f1tenth/lab_ws25/install/follow_the_gap:/home/f1tenth/f1tenth_ws/install/f1tenth_stack:/home/f1tenth/f1tenth_ws/install/joy_teleop:/home/f1tenth/f1tenth_ws/install/safety_node:/home/f1tenth/f1tenth_ws/install/mouse_teleop:/home/f1tenth/f1tenth_ws/install/key_teleop:/opt/ros/foxy:/home/f1tenth/lab_ws25/install/ros_deep_learning:/home/f1tenth/lab_ws25/install/pure_pursuit:/home/f1tenth/f1tenth_ws/install/vesc:/home/f1tenth/f1tenth_ws/install/vesc_driver:/home/f1tenth/f1tenth_ws/install/vesc_ackermann:/home/f1tenth/f1tenth_ws/install/vesc_msgs:/home/f1tenth/f1tenth_ws/install/teleop_tools:/home/f1tenth/f1tenth_ws/install/teleop_tools_msgs:/home/f1tenth/f1tenth_ws/install/mind_stack_localization_test:/home/f1tenth/f1tenth_ws/install/ackermann_mux:/home/f1tenth/f1tenth_ws_3dlidar/install/scanmatcher_custom:/home/f1tenth/f1tenth_ws_3dlidar/install/lidarslam:/home/f1tenth/f1tenth_ws_3dlidar/install/scanmatcher:/home/f1tenth/f1tenth_ws_3dlidar/install/graph_based_slam:/home/f1tenth/f1tenth_ws_3dlidar/install/ndt_omp_ros2:/home/f1tenth/f1tenth_ws_3dlidar/install/livox_ros_driver2:/home/f1tenth/f1tenth_ws_3dlidar/install/lidarslam_msgs /usr/bin/cmake --install /home/f1tenth/lab_ws25/build/ros_deep_learning
[3.917s] -- Install configuration: ""
[3.917s] -- Execute custom install script
[3.917s] -- Up-to-date symlink: /home/f1tenth/lab_ws25/install/ros_deep_learning/lib/ros_deep_learning/imagenet
[3.917s] -- Up-to-date symlink: /home/f1tenth/lab_ws25/install/ros_deep_learning/lib/ros_deep_learning/detectnet
[3.919s] -- Up-to-date symlink: /home/f1tenth/lab_ws25/install/ros_deep_learning/lib/ros_deep_learning/segnet
[3.919s] -- Up-to-date symlink: /home/f1tenth/lab_ws25/install/ros_deep_learning/lib/ros_deep_learning/video_source
[3.922s] -- Up-to-date symlink: /home/f1tenth/lab_ws25/install/ros_deep_learning/lib/ros_deep_learning/video_output
[3.922s] -- Up-to-date symlink: /home/f1tenth/lab_ws25/install/ros_deep_learning/share/ros_deep_learning//launch/detectnet.ros1.launch
[3.922s] -- Up-to-date symlink: /home/f1tenth/lab_ws25/install/ros_deep_learning/share/ros_deep_learning//launch/detectnet.ros2.launch
[3.923s] -- Up-to-date symlink: /home/f1tenth/lab_ws25/install/ros_deep_learning/share/ros_deep_learning//launch/imagenet.ros1.launch
[3.923s] -- Up-to-date symlink: /home/f1tenth/lab_ws25/install/ros_deep_learning/share/ros_deep_learning//launch/imagenet.ros2.launch
[3.924s] -- Up-to-date symlink: /home/f1tenth/lab_ws25/install/ros_deep_learning/share/ros_deep_learning//launch/segnet.ros1.launch
[3.924s] -- Up-to-date symlink: /home/f1tenth/lab_ws25/install/ros_deep_learning/share/ros_deep_learning//launch/segnet.ros2.launch
[3.924s] -- Up-to-date symlink: /home/f1tenth/lab_ws25/install/ros_deep_learning/share/ros_deep_learning//launch/video_output.ros1.launch
[3.925s] -- Up-to-date symlink: /home/f1tenth/lab_ws25/install/ros_deep_learning/share/ros_deep_learning//launch/video_output.ros2.launch
[3.928s] -- Up-to-date symlink: /home/f1tenth/lab_ws25/install/ros_deep_learning/share/ros_deep_learning//launch/video_source.ros1.launch
[3.928s] -- Up-to-date symlink: /home/f1tenth/lab_ws25/install/ros_deep_learning/share/ros_deep_learning//launch/video_source.ros2.launch
[3.929s] -- Up-to-date symlink: /home/f1tenth/lab_ws25/install/ros_deep_learning/share/ros_deep_learning//launch/video_viewer.ros1.launch
[3.929s] -- Up-to-date symlink: /home/f1tenth/lab_ws25/install/ros_deep_learning/share/ros_deep_learning//launch/video_viewer.ros2.launch
[3.929s] -- Up-to-date symlink: /home/f1tenth/lab_ws25/install/ros_deep_learning/share/ament_index/resource_index/package_run_dependencies/ros_deep_learning
[3.929s] -- Up-to-date symlink: /home/f1tenth/lab_ws25/install/ros_deep_learning/share/ament_index/resource_index/parent_prefix_path/ros_deep_learning
[3.929s] -- Up-to-date symlink: /home/f1tenth/lab_ws25/install/ros_deep_learning/share/ros_deep_learning/environment/ament_prefix_path.sh
[3.930s] -- Up-to-date symlink: /home/f1tenth/lab_ws25/install/ros_deep_learning/share/ros_deep_learning/environment/ament_prefix_path.dsv
[3.930s] -- Up-to-date symlink: /home/f1tenth/lab_ws25/install/ros_deep_learning/share/ros_deep_learning/environment/path.sh
[3.930s] -- Up-to-date symlink: /home/f1tenth/lab_ws25/install/ros_deep_learning/share/ros_deep_learning/environment/path.dsv
[3.930s] -- Up-to-date symlink: /home/f1tenth/lab_ws25/install/ros_deep_learning/share/ros_deep_learning/local_setup.bash
[3.930s] -- Up-to-date symlink: /home/f1tenth/lab_ws25/install/ros_deep_learning/share/ros_deep_learning/local_setup.sh
[3.931s] -- Up-to-date symlink: /home/f1tenth/lab_ws25/install/ros_deep_learning/share/ros_deep_learning/local_setup.zsh
[3.931s] -- Up-to-date symlink: /home/f1tenth/lab_ws25/install/ros_deep_learning/share/ros_deep_learning/local_setup.dsv
[3.931s] -- Symlinking: /home/f1tenth/lab_ws25/install/ros_deep_learning/share/ros_deep_learning/package.dsv
[3.965s] -- Up-to-date symlink: /home/f1tenth/lab_ws25/install/ros_deep_learning/share/ament_index/resource_index/packages/ros_deep_learning
[3.966s] -- Up-to-date symlink: /home/f1tenth/lab_ws25/install/ros_deep_learning/share/ros_deep_learning/cmake/ros_deep_learningConfig.cmake
[3.966s] -- Up-to-date symlink: /home/f1tenth/lab_ws25/install/ros_deep_learning/share/ros_deep_learning/cmake/ros_deep_learningConfig-version.cmake
[3.966s] -- Up-to-date symlink: /home/f1tenth/lab_ws25/install/ros_deep_learning/share/ros_deep_learning/package.xml
[4.043s] Invoked command in '/home/f1tenth/lab_ws25/build/ros_deep_learning' returned '0': CMAKE_PREFIX_PATH=/home/f1tenth/lab_ws25/install/waypoint_visualizer:/home/f1tenth/lab_ws25/install/slam_toolbox:/home/f1tenth/lab_ws25/install/stanley_avoidance:/home/f1tenth/lab_ws25/install/safety_node:/home/f1tenth/lab_ws25/install/rrt:/home/f1tenth/lab_ws25/install/particle_filter:/home/f1tenth/lab_ws25/install/follow_the_gap:/home/f1tenth/f1tenth_ws/install/f1tenth_stack:/home/f1tenth/f1tenth_ws/install/joy_teleop:/home/f1tenth/f1tenth_ws/install/safety_node:/home/f1tenth/f1tenth_ws/install/mouse_teleop:/home/f1tenth/f1tenth_ws/install/key_teleop:/opt/ros/foxy:/home/f1tenth/lab_ws25/install/ros_deep_learning:/home/f1tenth/lab_ws25/install/pure_pursuit:/home/f1tenth/f1tenth_ws/install/vesc:/home/f1tenth/f1tenth_ws/install/vesc_driver:/home/f1tenth/f1tenth_ws/install/vesc_ackermann:/home/f1tenth/f1tenth_ws/install/vesc_msgs:/home/f1tenth/f1tenth_ws/install/teleop_tools:/home/f1tenth/f1tenth_ws/install/teleop_tools_msgs:/home/f1tenth/f1tenth_ws/install/mind_stack_localization_test:/home/f1tenth/f1tenth_ws/install/ackermann_mux:/home/f1tenth/f1tenth_ws_3dlidar/install/scanmatcher_custom:/home/f1tenth/f1tenth_ws_3dlidar/install/lidarslam:/home/f1tenth/f1tenth_ws_3dlidar/install/scanmatcher:/home/f1tenth/f1tenth_ws_3dlidar/install/graph_based_slam:/home/f1tenth/f1tenth_ws_3dlidar/install/ndt_omp_ros2:/home/f1tenth/f1tenth_ws_3dlidar/install/livox_ros_driver2:/home/f1tenth/f1tenth_ws_3dlidar/install/lidarslam_msgs /usr/bin/cmake --install /home/f1tenth/lab_ws25/build/ros_deep_learning
