[0.670s] Invoking command in '/home/f1tenth/f1tenth_ws/build/vesc': AMENT_PREFIX_PATH=/home/f1tenth/f1tenth_ws/install/vesc_driver:/home/f1tenth/f1tenth_ws/install/vesc_ackermann:/home/f1tenth/f1tenth_ws/install/vesc_msgs:${AMENT_PREFIX_PATH} CMAKE_PREFIX_PATH=/home/f1tenth/f1tenth_ws/install/vesc_driver:/home/f1tenth/f1tenth_ws/install/vesc_ackermann:/home/f1tenth/f1tenth_ws/install/vesc_msgs:/opt/ros/foxy LD_LIBRARY_PATH=/home/f1tenth/f1tenth_ws/install/vesc_driver/lib:/home/f1tenth/f1tenth_ws/install/vesc_ackermann/lib:/home/f1tenth/f1tenth_ws/install/vesc_msgs/lib:/opt/ros/foxy/opt/yaml_cpp_vendor/lib:/opt/ros/foxy/opt/rviz_ogre_vendor/lib:/opt/ros/foxy/lib/aarch64-linux-gnu:/opt/ros/foxy/lib:/usr/local/cuda-11.4/lib64 PYTHONPATH=/home/f1tenth/f1tenth_ws/install/vesc_msgs/lib/python3.8/site-packages:${PYTHONPATH} /usr/bin/cmake --build /home/f1tenth/f1tenth_ws/build/vesc -- -j6 -l6
[0.751s] Invoked command in '/home/f1tenth/f1tenth_ws/build/vesc' returned '0': AMENT_PREFIX_PATH=/home/f1tenth/f1tenth_ws/install/vesc_driver:/home/f1tenth/f1tenth_ws/install/vesc_ackermann:/home/f1tenth/f1tenth_ws/install/vesc_msgs:${AMENT_PREFIX_PATH} CMAKE_PREFIX_PATH=/home/f1tenth/f1tenth_ws/install/vesc_driver:/home/f1tenth/f1tenth_ws/install/vesc_ackermann:/home/f1tenth/f1tenth_ws/install/vesc_msgs:/opt/ros/foxy LD_LIBRARY_PATH=/home/f1tenth/f1tenth_ws/install/vesc_driver/lib:/home/f1tenth/f1tenth_ws/install/vesc_ackermann/lib:/home/f1tenth/f1tenth_ws/install/vesc_msgs/lib:/opt/ros/foxy/opt/yaml_cpp_vendor/lib:/opt/ros/foxy/opt/rviz_ogre_vendor/lib:/opt/ros/foxy/lib/aarch64-linux-gnu:/opt/ros/foxy/lib:/usr/local/cuda-11.4/lib64 PYTHONPATH=/home/f1tenth/f1tenth_ws/install/vesc_msgs/lib/python3.8/site-packages:${PYTHONPATH} /usr/bin/cmake --build /home/f1tenth/f1tenth_ws/build/vesc -- -j6 -l6
[0.797s] Invoking command in '/home/f1tenth/f1tenth_ws/build/vesc': AMENT_PREFIX_PATH=/home/f1tenth/f1tenth_ws/install/vesc_driver:/home/f1tenth/f1tenth_ws/install/vesc_ackermann:/home/f1tenth/f1tenth_ws/install/vesc_msgs:${AMENT_PREFIX_PATH} CMAKE_PREFIX_PATH=/home/f1tenth/f1tenth_ws/install/vesc_driver:/home/f1tenth/f1tenth_ws/install/vesc_ackermann:/home/f1tenth/f1tenth_ws/install/vesc_msgs:/opt/ros/foxy LD_LIBRARY_PATH=/home/f1tenth/f1tenth_ws/install/vesc_driver/lib:/home/f1tenth/f1tenth_ws/install/vesc_ackermann/lib:/home/f1tenth/f1tenth_ws/install/vesc_msgs/lib:/opt/ros/foxy/opt/yaml_cpp_vendor/lib:/opt/ros/foxy/opt/rviz_ogre_vendor/lib:/opt/ros/foxy/lib/aarch64-linux-gnu:/opt/ros/foxy/lib:/usr/local/cuda-11.4/lib64 PYTHONPATH=/home/f1tenth/f1tenth_ws/install/vesc_msgs/lib/python3.8/site-packages:${PYTHONPATH} /usr/bin/cmake --install /home/f1tenth/f1tenth_ws/build/vesc
[0.818s] -- Install configuration: ""
[0.818s] -- Up-to-date: /home/f1tenth/f1tenth_ws/install/vesc/share/ament_index/resource_index/package_run_dependencies/vesc
[0.819s] -- Up-to-date: /home/f1tenth/f1tenth_ws/install/vesc/share/ament_index/resource_index/parent_prefix_path/vesc
[0.819s] -- Up-to-date: /home/f1tenth/f1tenth_ws/install/vesc/share/vesc/environment/ament_prefix_path.sh
[0.820s] -- Up-to-date: /home/f1tenth/f1tenth_ws/install/vesc/share/vesc/environment/ament_prefix_path.dsv
[0.821s] -- Up-to-date: /home/f1tenth/f1tenth_ws/install/vesc/share/vesc/environment/path.sh
[0.821s] -- Up-to-date: /home/f1tenth/f1tenth_ws/install/vesc/share/vesc/environment/path.dsv
[0.822s] -- Up-to-date: /home/f1tenth/f1tenth_ws/install/vesc/share/vesc/local_setup.bash
[0.822s] -- Up-to-date: /home/f1tenth/f1tenth_ws/install/vesc/share/vesc/local_setup.sh
[0.822s] -- Up-to-date: /home/f1tenth/f1tenth_ws/install/vesc/share/vesc/local_setup.zsh
[0.823s] -- Up-to-date: /home/f1tenth/f1tenth_ws/install/vesc/share/vesc/local_setup.dsv
[0.824s] -- Installing: /home/f1tenth/f1tenth_ws/install/vesc/share/vesc/package.dsv
[0.824s] -- Up-to-date: /home/f1tenth/f1tenth_ws/install/vesc/share/ament_index/resource_index/packages/vesc
[0.824s] -- Up-to-date: /home/f1tenth/f1tenth_ws/install/vesc/share/vesc/cmake/vescConfig.cmake
[0.825s] -- Up-to-date: /home/f1tenth/f1tenth_ws/install/vesc/share/vesc/cmake/vescConfig-version.cmake
[0.826s] -- Up-to-date: /home/f1tenth/f1tenth_ws/install/vesc/share/vesc/package.xml
[1.477s] Invoked command in '/home/f1tenth/f1tenth_ws/build/vesc' returned '0': AMENT_PREFIX_PATH=/home/f1tenth/f1tenth_ws/install/vesc_driver:/home/f1tenth/f1tenth_ws/install/vesc_ackermann:/home/f1tenth/f1tenth_ws/install/vesc_msgs:${AMENT_PREFIX_PATH} CMAKE_PREFIX_PATH=/home/f1tenth/f1tenth_ws/install/vesc_driver:/home/f1tenth/f1tenth_ws/install/vesc_ackermann:/home/f1tenth/f1tenth_ws/install/vesc_msgs:/opt/ros/foxy LD_LIBRARY_PATH=/home/f1tenth/f1tenth_ws/install/vesc_driver/lib:/home/f1tenth/f1tenth_ws/install/vesc_ackermann/lib:/home/f1tenth/f1tenth_ws/install/vesc_msgs/lib:/opt/ros/foxy/opt/yaml_cpp_vendor/lib:/opt/ros/foxy/opt/rviz_ogre_vendor/lib:/opt/ros/foxy/lib/aarch64-linux-gnu:/opt/ros/foxy/lib:/usr/local/cuda-11.4/lib64 PYTHONPATH=/home/f1tenth/f1tenth_ws/install/vesc_msgs/lib/python3.8/site-packages:${PYTHONPATH} /usr/bin/cmake --install /home/f1tenth/f1tenth_ws/build/vesc
