running egg_info
creating ../../build/rrt/rrt.egg-info
writing ../../build/rrt/rrt.egg-info/PKG-INFO
writing dependency_links to ../../build/rrt/rrt.egg-info/dependency_links.txt
writing entry points to ../../build/rrt/rrt.egg-info/entry_points.txt
writing requirements to ../../build/rrt/rrt.egg-info/requires.txt
writing top-level names to ../../build/rrt/rrt.egg-info/top_level.txt
writing manifest file '../../build/rrt/rrt.egg-info/SOURCES.txt'
reading manifest file '../../build/rrt/rrt.egg-info/SOURCES.txt'
adding license file 'LICENSE'
writing manifest file '../../build/rrt/rrt.egg-info/SOURCES.txt'
running build
running build_py
creating /home/f1tenth/lab_ws25/build/rrt/build
creating /home/f1tenth/lab_ws25/build/rrt/build/lib
creating /home/f1tenth/lab_ws25/build/rrt/build/lib/rrt
copying rrt/rrt.py -> /home/f1tenth/lab_ws25/build/rrt/build/lib/rrt
copying rrt/__init__.py -> /home/f1tenth/lab_ws25/build/rrt/build/lib/rrt
running install
running install_lib
creating /home/f1tenth/lab_ws25/install/rrt/lib/python3.8/site-packages/rrt
copying /home/f1tenth/lab_ws25/build/rrt/build/lib/rrt/rrt.py -> /home/f1tenth/lab_ws25/install/rrt/lib/python3.8/site-packages/rrt
copying /home/f1tenth/lab_ws25/build/rrt/build/lib/rrt/__init__.py -> /home/f1tenth/lab_ws25/install/rrt/lib/python3.8/site-packages/rrt
byte-compiling /home/f1tenth/lab_ws25/install/rrt/lib/python3.8/site-packages/rrt/rrt.py to rrt.cpython-38.pyc
byte-compiling /home/f1tenth/lab_ws25/install/rrt/lib/python3.8/site-packages/rrt/__init__.py to __init__.cpython-38.pyc
running install_data
creating /home/f1tenth/lab_ws25/install/rrt/share/ament_index
creating /home/f1tenth/lab_ws25/install/rrt/share/ament_index/resource_index
creating /home/f1tenth/lab_ws25/install/rrt/share/ament_index/resource_index/packages
copying resource/rrt -> /home/f1tenth/lab_ws25/install/rrt/share/ament_index/resource_index/packages
copying package.xml -> /home/f1tenth/lab_ws25/install/rrt/share/rrt
creating /home/f1tenth/lab_ws25/install/rrt/share/rrt/racelines
copying racelines/traj_race_cl_shortest_path_left.csv -> /home/f1tenth/lab_ws25/install/rrt/share/rrt/racelines
copying racelines/traj_race_cl_shortest_path_right.csv -> /home/f1tenth/lab_ws25/install/rrt/share/rrt/racelines
copying racelines/e7_floor5.csv -> /home/f1tenth/lab_ws25/install/rrt/share/rrt/racelines
copying racelines/FTMHalle_clean.csv -> /home/f1tenth/lab_ws25/install/rrt/share/rrt/racelines
creating /home/f1tenth/lab_ws25/install/rrt/share/rrt/launch
copying launch/rrt.rviz -> /home/f1tenth/lab_ws25/install/rrt/share/rrt/launch
copying launch/sim_rrt_launch.py -> /home/f1tenth/lab_ws25/install/rrt/share/rrt/launch
copying launch/rrt_launch.py -> /home/f1tenth/lab_ws25/install/rrt/share/rrt/launch
creating /home/f1tenth/lab_ws25/install/rrt/share/rrt/config
copying config/config.yaml -> /home/f1tenth/lab_ws25/install/rrt/share/rrt/config
copying config/sim_config.yaml -> /home/f1tenth/lab_ws25/install/rrt/share/rrt/config
running install_egg_info
Copying ../../build/rrt/rrt.egg-info to /home/f1tenth/lab_ws25/install/rrt/lib/python3.8/site-packages/rrt-0.0.0-py3.8.egg-info
running install_scripts
Installing rrt script to /home/f1tenth/lab_ws25/install/rrt/lib/rrt
writing list of installed files to '/home/f1tenth/lab_ws25/build/rrt/install.log'
