[2.009s] Invoking command in '/home/f1tenth/f1tenth_ws/build/vesc_driver': AMENT_PREFIX_PATH=/home/f1tenth/f1tenth_ws/install/vesc_msgs:${AMENT_PREFIX_PATH} CMAKE_PREFIX_PATH=/home/f1tenth/f1tenth_ws/install/vesc_msgs:/opt/ros/foxy LD_LIBRARY_PATH=/home/f1tenth/f1tenth_ws/install/vesc_msgs/lib:/opt/ros/foxy/opt/yaml_cpp_vendor/lib:/opt/ros/foxy/opt/rviz_ogre_vendor/lib:/opt/ros/foxy/lib/aarch64-linux-gnu:/opt/ros/foxy/lib:/usr/local/cuda-11.4/lib64 PYTHONPATH=/home/f1tenth/f1tenth_ws/install/vesc_msgs/lib/python3.8/site-packages:${PYTHONPATH} /usr/bin/cmake /home/f1tenth/f1tenth_ws/src/f1tenth_system/vesc/vesc_driver -DCMAKE_INSTALL_PREFIX=/home/f1tenth/f1tenth_ws/install/vesc_driver
[2.116s] -- The C compiler identification is GNU 9.4.0
[2.227s] -- The CXX compiler identification is GNU 9.4.0
[2.236s] -- Check for working C compiler: /usr/bin/cc
[2.384s] -- Check for working C compiler: /usr/bin/cc -- works
[2.385s] -- Detecting C compiler ABI info
[2.533s] -- Detecting C compiler ABI info - done
[2.551s] -- Detecting C compile features
[2.552s] -- Detecting C compile features - done
[2.557s] -- Check for working CXX compiler: /usr/bin/c++
[2.736s] -- Check for working CXX compiler: /usr/bin/c++ -- works
[2.737s] -- Detecting CXX compiler ABI info
[2.892s] -- Detecting CXX compiler ABI info - done
[2.910s] -- Detecting CXX compile features
[2.910s] -- Detecting CXX compile features - done
[2.914s] -- Found ament_cmake_auto: 0.9.12 (/opt/ros/foxy/share/ament_cmake_auto/cmake)
[2.970s] -- Found PythonInterp: /usr/bin/python3 (found suitable version "3.8.10", minimum required is "3") 
[2.970s] -- Using PYTHON_EXECUTABLE: /usr/bin/python3
[3.705s] -- Using all available rosidl_typesupport_c: rosidl_typesupport_fastrtps_c;rosidl_typesupport_introspection_c
[3.720s] -- Found rosidl_adapter: 1.3.1 (/opt/ros/foxy/share/rosidl_adapter/cmake)
[3.888s] -- Found OpenSSL: /usr/lib/aarch64-linux-gnu/libcrypto.so (found version "1.1.1f")  
[3.953s] -- Found FastRTPS: /opt/ros/foxy/include  
[4.111s] -- Using all available rosidl_typesupport_cpp: rosidl_typesupport_fastrtps_cpp;rosidl_typesupport_introspection_cpp
[4.225s] -- Found rmw_implementation_cmake: 1.0.4 (/opt/ros/foxy/share/rmw_implementation_cmake/cmake)
[4.226s] -- Using RMW implementation 'rmw_fastrtps_cpp' as default
[4.226s] -- Looking for pthread.h
[4.371s] -- Looking for pthread.h - found
[4.371s] -- Performing Test CMAKE_HAVE_LIBC_PTHREAD
[4.529s] -- Performing Test CMAKE_HAVE_LIBC_PTHREAD - Failed
[4.530s] -- Looking for pthread_create in pthreads
[4.650s] -- Looking for pthread_create in pthreads - not found
[4.650s] -- Looking for pthread_create in pthread
[4.798s] -- Looking for pthread_create in pthread - found
[4.800s] -- Found Threads: TRUE  
[6.308s] -- Found ament_lint_auto: 0.9.8 (/opt/ros/foxy/share/ament_lint_auto/cmake)
[6.351s] -- Added test 'copyright' to check source files copyright and LICENSE
[6.355s] -- Added test 'cppcheck' to perform static code analysis on C / C++ code
[6.358s] -- Configured cppcheck include dirs: /home/f1tenth/f1tenth_ws/src/f1tenth_system/vesc/vesc_driver/include
[6.358s] -- Configured cppcheck exclude dirs and/or files: 
[6.360s] -- Added test 'cpplint' to check C / C++ code against the Google style
[6.360s] -- Configured cpplint exclude dirs and/or files: 
[6.361s] -- Added test 'flake8' to check Python code syntax and style conventions
[6.362s] -- Added test 'lint_cmake' to check CMake code style
[6.363s] -- Added test 'pep257' to check Python code against some of the style conventions in PEP 257
[6.366s] -- Added test 'uncrustify' to check C / C++ code style
[6.367s] -- Configured uncrustify additional arguments: 
[6.368s] -- Added test 'xmllint' to check XML markup files
[6.381s] -- Configuring done
[6.501s] -- Generating done
[6.513s] -- Build files have been written to: /home/f1tenth/f1tenth_ws/build/vesc_driver
[6.564s] Invoked command in '/home/f1tenth/f1tenth_ws/build/vesc_driver' returned '0': AMENT_PREFIX_PATH=/home/f1tenth/f1tenth_ws/install/vesc_msgs:${AMENT_PREFIX_PATH} CMAKE_PREFIX_PATH=/home/f1tenth/f1tenth_ws/install/vesc_msgs:/opt/ros/foxy LD_LIBRARY_PATH=/home/f1tenth/f1tenth_ws/install/vesc_msgs/lib:/opt/ros/foxy/opt/yaml_cpp_vendor/lib:/opt/ros/foxy/opt/rviz_ogre_vendor/lib:/opt/ros/foxy/lib/aarch64-linux-gnu:/opt/ros/foxy/lib:/usr/local/cuda-11.4/lib64 PYTHONPATH=/home/f1tenth/f1tenth_ws/install/vesc_msgs/lib/python3.8/site-packages:${PYTHONPATH} /usr/bin/cmake /home/f1tenth/f1tenth_ws/src/f1tenth_system/vesc/vesc_driver -DCMAKE_INSTALL_PREFIX=/home/f1tenth/f1tenth_ws/install/vesc_driver
[6.568s] Invoking command in '/home/f1tenth/f1tenth_ws/build/vesc_driver': AMENT_PREFIX_PATH=/home/f1tenth/f1tenth_ws/install/vesc_msgs:${AMENT_PREFIX_PATH} CMAKE_PREFIX_PATH=/home/f1tenth/f1tenth_ws/install/vesc_msgs:/opt/ros/foxy LD_LIBRARY_PATH=/home/f1tenth/f1tenth_ws/install/vesc_msgs/lib:/opt/ros/foxy/opt/yaml_cpp_vendor/lib:/opt/ros/foxy/opt/rviz_ogre_vendor/lib:/opt/ros/foxy/lib/aarch64-linux-gnu:/opt/ros/foxy/lib:/usr/local/cuda-11.4/lib64 PYTHONPATH=/home/f1tenth/f1tenth_ws/install/vesc_msgs/lib/python3.8/site-packages:${PYTHONPATH} /usr/bin/cmake --build /home/f1tenth/f1tenth_ws/build/vesc_driver -- -j6 -l6
[6.707s] [35m[1mScanning dependencies of target vesc_driver[0m
[6.731s] [35m[1mScanning dependencies of target vesc_driver_node[0m
[6.876s] [ 10%] [32mBuilding CXX object CMakeFiles/vesc_driver_node.dir/rclcpp_components/node_main_vesc_driver_node.cpp.o[0m
[6.912s] [ 20%] [32mBuilding CXX object CMakeFiles/vesc_driver.dir/src/vesc_driver.cpp.o[0m
[6.933s] [ 30%] [32mBuilding CXX object CMakeFiles/vesc_driver.dir/src/vesc_packet.cpp.o[0m
[6.943s] [ 40%] [32mBuilding CXX object CMakeFiles/vesc_driver.dir/src/vesc_interface.cpp.o[0m
[6.952s] [ 50%] [32mBuilding CXX object CMakeFiles/vesc_driver.dir/src/vesc_packet_factory.cpp.o[0m
[14.581s] [ 60%] [32m[1mLinking CXX executable vesc_driver_node[0m
[14.957s] [ 60%] Built target vesc_driver_node
[25.123s] [ 70%] [32m[1mLinking CXX shared library libvesc_driver.so[0m
[26.090s] [ 70%] Built target vesc_driver
[26.113s] [35m[1mScanning dependencies of target vesc_device_namer[0m
[26.138s] [ 90%] [32mBuilding CXX object CMakeFiles/vesc_device_namer.dir/src/vesc_device_uuid_lookup.cpp.o[0m
[26.138s] [ 90%] [32mBuilding CXX object CMakeFiles/vesc_device_namer.dir/src/vesc_device_namer.cpp.o[0m
[27.472s] [100%] [32m[1mLinking CXX executable vesc_device_namer[0m
[27.934s] [100%] Built target vesc_device_namer
[28.023s] Invoked command in '/home/f1tenth/f1tenth_ws/build/vesc_driver' returned '0': AMENT_PREFIX_PATH=/home/f1tenth/f1tenth_ws/install/vesc_msgs:${AMENT_PREFIX_PATH} CMAKE_PREFIX_PATH=/home/f1tenth/f1tenth_ws/install/vesc_msgs:/opt/ros/foxy LD_LIBRARY_PATH=/home/f1tenth/f1tenth_ws/install/vesc_msgs/lib:/opt/ros/foxy/opt/yaml_cpp_vendor/lib:/opt/ros/foxy/opt/rviz_ogre_vendor/lib:/opt/ros/foxy/lib/aarch64-linux-gnu:/opt/ros/foxy/lib:/usr/local/cuda-11.4/lib64 PYTHONPATH=/home/f1tenth/f1tenth_ws/install/vesc_msgs/lib/python3.8/site-packages:${PYTHONPATH} /usr/bin/cmake --build /home/f1tenth/f1tenth_ws/build/vesc_driver -- -j6 -l6
[28.094s] Invoking command in '/home/f1tenth/f1tenth_ws/build/vesc_driver': AMENT_PREFIX_PATH=/home/f1tenth/f1tenth_ws/install/vesc_msgs:${AMENT_PREFIX_PATH} CMAKE_PREFIX_PATH=/home/f1tenth/f1tenth_ws/install/vesc_msgs:/opt/ros/foxy LD_LIBRARY_PATH=/home/f1tenth/f1tenth_ws/install/vesc_msgs/lib:/opt/ros/foxy/opt/yaml_cpp_vendor/lib:/opt/ros/foxy/opt/rviz_ogre_vendor/lib:/opt/ros/foxy/lib/aarch64-linux-gnu:/opt/ros/foxy/lib:/usr/local/cuda-11.4/lib64 PYTHONPATH=/home/f1tenth/f1tenth_ws/install/vesc_msgs/lib/python3.8/site-packages:${PYTHONPATH} /usr/bin/cmake --install /home/f1tenth/f1tenth_ws/build/vesc_driver
[28.114s] -- Install configuration: ""
[28.115s] -- Installing: /home/f1tenth/f1tenth_ws/install/vesc_driver/lib/vesc_driver/vesc_driver_node
[28.116s] -- Set runtime path of "/home/f1tenth/f1tenth_ws/install/vesc_driver/lib/vesc_driver/vesc_driver_node" to ""
[28.116s] -- Installing: /home/f1tenth/f1tenth_ws/install/vesc_driver/include
[28.116s] -- Installing: /home/f1tenth/f1tenth_ws/install/vesc_driver/include/vesc_driver
[28.117s] -- Installing: /home/f1tenth/f1tenth_ws/install/vesc_driver/include/vesc_driver/crc.hpp
[28.117s] -- Installing: /home/f1tenth/f1tenth_ws/install/vesc_driver/include/vesc_driver/vesc_packet_factory.hpp
[28.117s] -- Installing: /home/f1tenth/f1tenth_ws/install/vesc_driver/include/vesc_driver/datatypes.hpp
[28.117s] -- Installing: /home/f1tenth/f1tenth_ws/install/vesc_driver/include/vesc_driver/vesc_interface.hpp
[28.117s] -- Installing: /home/f1tenth/f1tenth_ws/install/vesc_driver/include/vesc_driver/vesc_driver.hpp
[28.117s] -- Installing: /home/f1tenth/f1tenth_ws/install/vesc_driver/include/vesc_driver/vesc_packet.hpp
[28.118s] -- Installing: /home/f1tenth/f1tenth_ws/install/vesc_driver/include/vesc_driver/vesc_device_uuid_lookup.hpp
[28.118s] -- Installing: /home/f1tenth/f1tenth_ws/install/vesc_driver/share/vesc_driver/environment/library_path.sh
[28.118s] -- Installing: /home/f1tenth/f1tenth_ws/install/vesc_driver/share/vesc_driver/environment/library_path.dsv
[28.119s] -- Installing: /home/f1tenth/f1tenth_ws/install/vesc_driver/lib/libvesc_driver.so
[28.129s] -- Set runtime path of "/home/f1tenth/f1tenth_ws/install/vesc_driver/lib/libvesc_driver.so" to ""
[28.129s] -- Installing: /home/f1tenth/f1tenth_ws/install/vesc_driver/lib/vesc_driver/vesc_device_namer
[28.130s] -- Set runtime path of "/home/f1tenth/f1tenth_ws/install/vesc_driver/lib/vesc_driver/vesc_device_namer" to ""
[28.130s] -- Installing: /home/f1tenth/f1tenth_ws/install/vesc_driver/share/vesc_driver/launch
[28.130s] -- Installing: /home/f1tenth/f1tenth_ws/install/vesc_driver/share/vesc_driver/launch/vesc_driver_node.launch.py
[28.131s] -- Installing: /home/f1tenth/f1tenth_ws/install/vesc_driver/share/vesc_driver/params
[28.131s] -- Installing: /home/f1tenth/f1tenth_ws/install/vesc_driver/share/vesc_driver/params/vesc_config.yaml
[28.132s] -- Installing: /home/f1tenth/f1tenth_ws/install/vesc_driver/share/ament_index/resource_index/package_run_dependencies/vesc_driver
[28.132s] -- Installing: /home/f1tenth/f1tenth_ws/install/vesc_driver/share/ament_index/resource_index/parent_prefix_path/vesc_driver
[28.132s] -- Installing: /home/f1tenth/f1tenth_ws/install/vesc_driver/share/vesc_driver/environment/ament_prefix_path.sh
[28.132s] -- Installing: /home/f1tenth/f1tenth_ws/install/vesc_driver/share/vesc_driver/environment/ament_prefix_path.dsv
[28.133s] -- Installing: /home/f1tenth/f1tenth_ws/install/vesc_driver/share/vesc_driver/environment/path.sh
[28.133s] -- Installing: /home/f1tenth/f1tenth_ws/install/vesc_driver/share/vesc_driver/environment/path.dsv
[28.133s] -- Installing: /home/f1tenth/f1tenth_ws/install/vesc_driver/share/vesc_driver/local_setup.bash
[28.133s] -- Installing: /home/f1tenth/f1tenth_ws/install/vesc_driver/share/vesc_driver/local_setup.sh
[28.134s] -- Installing: /home/f1tenth/f1tenth_ws/install/vesc_driver/share/vesc_driver/local_setup.zsh
[28.134s] -- Installing: /home/f1tenth/f1tenth_ws/install/vesc_driver/share/vesc_driver/local_setup.dsv
[28.134s] -- Installing: /home/f1tenth/f1tenth_ws/install/vesc_driver/share/vesc_driver/package.dsv
[28.135s] -- Installing: /home/f1tenth/f1tenth_ws/install/vesc_driver/share/ament_index/resource_index/packages/vesc_driver
[28.135s] -- Installing: /home/f1tenth/f1tenth_ws/install/vesc_driver/share/ament_index/resource_index/rclcpp_components/vesc_driver
[28.135s] -- Installing: /home/f1tenth/f1tenth_ws/install/vesc_driver/share/vesc_driver/cmake/ament_cmake_export_dependencies-extras.cmake
[28.136s] -- Installing: /home/f1tenth/f1tenth_ws/install/vesc_driver/share/vesc_driver/cmake/ament_cmake_export_include_directories-extras.cmake
[28.136s] -- Installing: /home/f1tenth/f1tenth_ws/install/vesc_driver/share/vesc_driver/cmake/ament_cmake_export_libraries-extras.cmake
[28.136s] -- Installing: /home/f1tenth/f1tenth_ws/install/vesc_driver/share/vesc_driver/cmake/vesc_driverConfig.cmake
[28.136s] -- Installing: /home/f1tenth/f1tenth_ws/install/vesc_driver/share/vesc_driver/cmake/vesc_driverConfig-version.cmake
[28.137s] -- Installing: /home/f1tenth/f1tenth_ws/install/vesc_driver/share/vesc_driver/package.xml
[28.142s] Invoked command in '/home/f1tenth/f1tenth_ws/build/vesc_driver' returned '0': AMENT_PREFIX_PATH=/home/f1tenth/f1tenth_ws/install/vesc_msgs:${AMENT_PREFIX_PATH} CMAKE_PREFIX_PATH=/home/f1tenth/f1tenth_ws/install/vesc_msgs:/opt/ros/foxy LD_LIBRARY_PATH=/home/f1tenth/f1tenth_ws/install/vesc_msgs/lib:/opt/ros/foxy/opt/yaml_cpp_vendor/lib:/opt/ros/foxy/opt/rviz_ogre_vendor/lib:/opt/ros/foxy/lib/aarch64-linux-gnu:/opt/ros/foxy/lib:/usr/local/cuda-11.4/lib64 PYTHONPATH=/home/f1tenth/f1tenth_ws/install/vesc_msgs/lib/python3.8/site-packages:${PYTHONPATH} /usr/bin/cmake --install /home/f1tenth/f1tenth_ws/build/vesc_driver
