detected ROS_DISTRO=ROS_FOXY
detected ROS2 (ament_cmake)
CMake Warning:
  Manually-specified variables were not used by the project:

    CATKIN_INSTALL_INTO_PREFIX_ROOT


[01m[K/home/f1tenth/lab_ws25/src/ros_deep_learning/src/node_imagenet.cpp:[m[K In function ‘[01m[Kbool publish_overlay(int, float)[m[K’:
[01m[K/home/f1tenth/lab_ws25/src/ros_deep_learning/src/node_imagenet.cpp:93:1:[m[K [01;35m[Kwarning: [m[Kcontrol reaches end of non-void function [[01;35m[K-Wreturn-type[m[K]
   93 | [01;35m[K}[m[K
      | [01;35m[K^[m[K
[01m[K/home/f1tenth/lab_ws25/src/ros_deep_learning/src/node_segnet.cpp:[m[K In function ‘[01m[Kbool publish_overlay(uint32_t, uint32_t)[m[K’:
[01m[K/home/f1tenth/lab_ws25/src/ros_deep_learning/src/node_segnet.cpp:80:1:[m[K [01;35m[Kwarning: [m[Kcontrol reaches end of non-void function [[01;35m[K-Wreturn-type[m[K]
   80 | [01;35m[K}[m[K
      | [01;35m[K^[m[K
[01m[K/home/f1tenth/lab_ws25/src/ros_deep_learning/src/node_segnet.cpp:[m[K In function ‘[01m[Kbool publish_mask_color(uint32_t, uint32_t)[m[K’:
[01m[K/home/f1tenth/lab_ws25/src/ros_deep_learning/src/node_segnet.cpp:105:1:[m[K [01;35m[Kwarning: [m[Kcontrol reaches end of non-void function [[01;35m[K-Wreturn-type[m[K]
  105 | [01;35m[K}[m[K
      | [01;35m[K^[m[K
[01m[K/home/f1tenth/lab_ws25/src/ros_deep_learning/src/node_segnet.cpp:[m[K In function ‘[01m[Kbool publish_mask_class(uint32_t, uint32_t)[m[K’:
[01m[K/home/f1tenth/lab_ws25/src/ros_deep_learning/src/node_segnet.cpp:130:1:[m[K [01;35m[Kwarning: [m[Kcontrol reaches end of non-void function [[01;35m[K-Wreturn-type[m[K]
  130 | [01;35m[K}[m[K
      | [01;35m[K^[m[K
[01m[K/home/f1tenth/lab_ws25/src/ros_deep_learning/src/node_detectnet.cpp:[m[K In function ‘[01m[Kbool publish_overlay(detectNet::Detection*, int)[m[K’:
[01m[K/home/f1tenth/lab_ws25/src/ros_deep_learning/src/node_detectnet.cpp:83:1:[m[K [01;35m[Kwarning: [m[Kcontrol reaches end of non-void function [[01;35m[K-Wreturn-type[m[K]
   83 | [01;35m[K}[m[K
      | [01;35m[K^[m[K
