[7.152s] Invoking command in '/home/f1tenth/lab_ws25/build/rrt': PYTHONPATH=/home/f1tenth/lab_ws25/build/rrt/prefix_override:/usr/lib/python3/dist-packages/colcon_core/task/python/colcon_distutils_commands:/home/f1tenth/lab_ws25/install/rrt/lib/python3.8/site-packages:${PYTHONPATH} /usr/bin/python3 -W ignore:setup.py install is deprecated -W ignore:easy_install command is deprecated setup.py develop --editable --build-directory /home/f1tenth/lab_ws25/build/rrt/build --no-deps symlink_data --force
[8.046s] /usr/local/lib/python3.8/dist-packages/setuptools/dist.py:771: UserWarning: Usage of dash-separated 'script-dir' will not be supported in future versions. Please use the underscore name 'script_dir' instead
[8.046s]   warnings.warn(
[8.453s] running develop
[9.239s] running egg_info
[9.282s] writing rrt.egg-info/PKG-INFO
[9.283s] writing dependency_links to rrt.egg-info/dependency_links.txt
[9.284s] writing entry points to rrt.egg-info/entry_points.txt
[9.284s] writing requirements to rrt.egg-info/requires.txt
[9.285s] writing top-level names to rrt.egg-info/top_level.txt
[9.389s] reading manifest file 'rrt.egg-info/SOURCES.txt'
[9.392s] writing manifest file 'rrt.egg-info/SOURCES.txt'
[9.585s] running build_ext
[9.586s] Creating /home/f1tenth/lab_ws25/install/rrt/lib/python3.8/site-packages/rrt.egg-link (link to .)
[9.586s] Installing rrt script to /home/f1tenth/lab_ws25/install/rrt/lib/rrt
[9.587s] 
[9.587s] Installed /home/f1tenth/lab_ws25/build/rrt
[9.587s] running symlink_data
[9.592s] symbolically linking /home/f1tenth/lab_ws25/build/rrt/resource/rrt -> /home/f1tenth/lab_ws25/install/rrt/share/ament_index/resource_index/packages
[9.595s] symbolically linking /home/f1tenth/lab_ws25/build/rrt/package.xml -> /home/f1tenth/lab_ws25/install/rrt/share/rrt
[9.596s] error: can't copy '/home/f1tenth/lab_ws25/build/rrt/racelines/traj_race_cl_shortest_path_left.csv': doesn't exist or not a regular file
[9.882s] Invoked command in '/home/f1tenth/lab_ws25/build/rrt' returned '1': PYTHONPATH=/home/f1tenth/lab_ws25/build/rrt/prefix_override:/usr/lib/python3/dist-packages/colcon_core/task/python/colcon_distutils_commands:/home/f1tenth/lab_ws25/install/rrt/lib/python3.8/site-packages:${PYTHONPATH} /usr/bin/python3 -W ignore:setup.py install is deprecated -W ignore:easy_install command is deprecated setup.py develop --editable --build-directory /home/f1tenth/lab_ws25/build/rrt/build --no-deps symlink_data --force
