[9.919s] Invoking command in '/home/f1tenth/lab_ws25/src/rrt': PYTHONPATH=/home/f1tenth/lab_ws25/build/rrt/prefix_override:/usr/lib/python3/dist-packages/colcon_core/task/python/colcon_distutils_commands:/home/f1tenth/lab_ws25/install/rrt/lib/python3.8/site-packages:${PYTHONPATH} /usr/bin/python3 -W ignore:setup.py install is deprecated -W ignore:easy_install command is deprecated setup.py egg_info --egg-base ../../build/rrt build --build-base /home/f1tenth/lab_ws25/build/rrt/build install --record /home/f1tenth/lab_ws25/build/rrt/install.log --install-scripts $base/lib/rrt --single-version-externally-managed install_data
[10.662s] /usr/local/lib/python3.8/dist-packages/setuptools/dist.py:771: UserWarning: Usage of dash-separated 'script-dir' will not be supported in future versions. Please use the underscore name 'script_dir' instead
[10.663s]   warnings.warn(
[10.940s] running egg_info
[10.979s] writing ../../build/rrt/rrt.egg-info/PKG-INFO
[10.979s] writing dependency_links to ../../build/rrt/rrt.egg-info/dependency_links.txt
[10.980s] writing entry points to ../../build/rrt/rrt.egg-info/entry_points.txt
[10.980s] writing requirements to ../../build/rrt/rrt.egg-info/requires.txt
[10.981s] writing top-level names to ../../build/rrt/rrt.egg-info/top_level.txt
[11.167s] reading manifest file '../../build/rrt/rrt.egg-info/SOURCES.txt'
[11.168s] adding license file 'LICENSE'
[11.171s] writing manifest file '../../build/rrt/rrt.egg-info/SOURCES.txt'
[11.172s] running build
[11.172s] running build_py
[11.173s] running install
[11.210s] running install_lib
[11.380s] running install_data
[11.384s] running install_egg_info
[11.535s] removing '/home/f1tenth/lab_ws25/install/rrt/lib/python3.8/site-packages/rrt-0.0.0-py3.8.egg-info' (and everything under it)
[11.536s] Copying ../../build/rrt/rrt.egg-info to /home/f1tenth/lab_ws25/install/rrt/lib/python3.8/site-packages/rrt-0.0.0-py3.8.egg-info
[11.538s] running install_scripts
[12.129s] Installing rrt script to /home/f1tenth/lab_ws25/install/rrt/lib/rrt
[12.140s] writing list of installed files to '/home/f1tenth/lab_ws25/build/rrt/install.log'
[12.636s] Invoked command in '/home/f1tenth/lab_ws25/src/rrt' returned '0': PYTHONPATH=/home/f1tenth/lab_ws25/build/rrt/prefix_override:/usr/lib/python3/dist-packages/colcon_core/task/python/colcon_distutils_commands:/home/f1tenth/lab_ws25/install/rrt/lib/python3.8/site-packages:${PYTHONPATH} /usr/bin/python3 -W ignore:setup.py install is deprecated -W ignore:easy_install command is deprecated setup.py egg_info --egg-base ../../build/rrt build --build-base /home/f1tenth/lab_ws25/build/rrt/build install --record /home/f1tenth/lab_ws25/build/rrt/install.log --install-scripts $base/lib/rrt --single-version-externally-managed install_data
