[10.966s] Invoking command in '/home/f1tenth/lab_ws25/src/rrt': PYTHONPATH=/home/f1tenth/lab_ws25/build/rrt/prefix_override:/usr/lib/python3/dist-packages/colcon_core/task/python/colcon_distutils_commands:/home/f1tenth/lab_ws25/install/rrt/lib/python3.8/site-packages:${PYTHONPATH} /usr/bin/python3 -W ignore:setup.py install is deprecated -W ignore:easy_install command is deprecated setup.py egg_info --egg-base ../../build/rrt build --build-base /home/f1tenth/lab_ws25/build/rrt/build install --record /home/f1tenth/lab_ws25/build/rrt/install.log --install-scripts $base/lib/rrt --single-version-externally-managed install_data
[13.160s] /usr/local/lib/python3.8/dist-packages/setuptools/dist.py:771: UserWarning: Usage of dash-separated 'script-dir' will not be supported in future versions. Please use the underscore name 'script_dir' instead
[13.160s]   warnings.warn(
[14.013s] running egg_info
[14.192s] writing ../../build/rrt/rrt.egg-info/PKG-INFO
[14.202s] writing dependency_links to ../../build/rrt/rrt.egg-info/dependency_links.txt
[14.202s] writing entry points to ../../build/rrt/rrt.egg-info/entry_points.txt
[14.211s] writing requirements to ../../build/rrt/rrt.egg-info/requires.txt
[14.216s] writing top-level names to ../../build/rrt/rrt.egg-info/top_level.txt
[14.577s] reading manifest file '../../build/rrt/rrt.egg-info/SOURCES.txt'
[14.582s] adding license file 'LICENSE'
[14.583s] writing manifest file '../../build/rrt/rrt.egg-info/SOURCES.txt'
[14.583s] running build
[14.584s] running build_py
[14.584s] running install
[14.636s] running install_lib
[14.682s] running install_data
[14.682s] running install_egg_info
[14.762s] removing '/home/f1tenth/lab_ws25/install/rrt/lib/python3.8/site-packages/rrt-0.0.0-py3.8.egg-info' (and everything under it)
[14.763s] Copying ../../build/rrt/rrt.egg-info to /home/f1tenth/lab_ws25/install/rrt/lib/python3.8/site-packages/rrt-0.0.0-py3.8.egg-info
[14.765s] running install_scripts
[15.189s] Installing rrt script to /home/f1tenth/lab_ws25/install/rrt/lib/rrt
[15.190s] writing list of installed files to '/home/f1tenth/lab_ws25/build/rrt/install.log'
[15.500s] Invoked command in '/home/f1tenth/lab_ws25/src/rrt' returned '0': PYTHONPATH=/home/f1tenth/lab_ws25/build/rrt/prefix_override:/usr/lib/python3/dist-packages/colcon_core/task/python/colcon_distutils_commands:/home/f1tenth/lab_ws25/install/rrt/lib/python3.8/site-packages:${PYTHONPATH} /usr/bin/python3 -W ignore:setup.py install is deprecated -W ignore:easy_install command is deprecated setup.py egg_info --egg-base ../../build/rrt build --build-base /home/f1tenth/lab_ws25/build/rrt/build install --record /home/f1tenth/lab_ws25/build/rrt/install.log --install-scripts $base/lib/rrt --single-version-externally-managed install_data
