[10.850s] Invoking command in '/home/f1tenth/lab_ws25/src/rrt': PYTHONPATH=/home/f1tenth/lab_ws25/build/rrt/prefix_override:/usr/lib/python3/dist-packages/colcon_core/task/python/colcon_distutils_commands:/home/f1tenth/lab_ws25/install/rrt/lib/python3.8/site-packages:${PYTHONPATH} /usr/bin/python3 -W ignore:setup.py install is deprecated -W ignore:easy_install command is deprecated setup.py egg_info --egg-base ../../build/rrt build --build-base /home/f1tenth/lab_ws25/build/rrt/build install --record /home/f1tenth/lab_ws25/build/rrt/install.log --install-scripts $base/lib/rrt --single-version-externally-managed install_data
[13.128s] /usr/local/lib/python3.8/dist-packages/setuptools/dist.py:771: UserWarning: Usage of dash-separated 'script-dir' will not be supported in future versions. Please use the underscore name 'script_dir' instead
[13.129s]   warnings.warn(
[13.821s] running egg_info
[13.913s] writing ../../build/rrt/rrt.egg-info/PKG-INFO
[13.914s] writing dependency_links to ../../build/rrt/rrt.egg-info/dependency_links.txt
[13.914s] writing entry points to ../../build/rrt/rrt.egg-info/entry_points.txt
[13.921s] writing requirements to ../../build/rrt/rrt.egg-info/requires.txt
[13.921s] writing top-level names to ../../build/rrt/rrt.egg-info/top_level.txt
[14.178s] reading manifest file '../../build/rrt/rrt.egg-info/SOURCES.txt'
[14.179s] adding license file 'LICENSE'
[14.184s] writing manifest file '../../build/rrt/rrt.egg-info/SOURCES.txt'
[14.185s] running build
[14.185s] running build_py
[14.185s] running install
[14.214s] running install_lib
[14.320s] running install_data
[14.320s] running install_egg_info
[14.412s] removing '/home/f1tenth/lab_ws25/install/rrt/lib/python3.8/site-packages/rrt-0.0.0-py3.8.egg-info' (and everything under it)
[14.413s] Copying ../../build/rrt/rrt.egg-info to /home/f1tenth/lab_ws25/install/rrt/lib/python3.8/site-packages/rrt-0.0.0-py3.8.egg-info
[14.415s] running install_scripts
[14.779s] Installing rrt script to /home/f1tenth/lab_ws25/install/rrt/lib/rrt
[14.782s] writing list of installed files to '/home/f1tenth/lab_ws25/build/rrt/install.log'
[14.956s] Invoked command in '/home/f1tenth/lab_ws25/src/rrt' returned '0': PYTHONPATH=/home/f1tenth/lab_ws25/build/rrt/prefix_override:/usr/lib/python3/dist-packages/colcon_core/task/python/colcon_distutils_commands:/home/f1tenth/lab_ws25/install/rrt/lib/python3.8/site-packages:${PYTHONPATH} /usr/bin/python3 -W ignore:setup.py install is deprecated -W ignore:easy_install command is deprecated setup.py egg_info --egg-base ../../build/rrt build --build-base /home/f1tenth/lab_ws25/build/rrt/build install --record /home/f1tenth/lab_ws25/build/rrt/install.log --install-scripts $base/lib/rrt --single-version-externally-managed install_data
