[9.394s] Invoking command in '/home/f1tenth/f1tenth_ws/build/mouse_teleop': PYTHONPATH=/home/f1tenth/f1tenth_ws/build/mouse_teleop/prefix_override:/home/f1tenth/f1tenth_ws/install/mouse_teleop/lib/python3.8/site-packages:${PYTHONPATH} /usr/bin/python3 setup.py develop --editable --build-directory /home/f1tenth/f1tenth_ws/build/mouse_teleop/build --no-deps install_data
[10.062s] /usr/local/lib/python3.8/dist-packages/setuptools/dist.py:771: UserWarning: Usage of dash-separated 'script-dir' will not be supported in future versions. Please use the underscore name 'script_dir' instead
[10.062s]   warnings.warn(
[10.271s] running develop
[10.272s] /usr/local/lib/python3.8/dist-packages/setuptools/command/easy_install.py:144: EasyInstallDeprecationWarning: easy_install command is deprecated. Use build and pip and other standards-based tools.
[10.272s]   warnings.warn(
[10.373s] /usr/local/lib/python3.8/dist-packages/setuptools/command/install.py:34: SetuptoolsDeprecationWarning: setup.py install is deprecated. Use build and pip and other standards-based tools.
[10.373s]   warnings.warn(
[10.800s] running egg_info
[10.830s] writing mouse_teleop.egg-info/PKG-INFO
[10.831s] writing dependency_links to mouse_teleop.egg-info/dependency_links.txt
[10.832s] writing entry points to mouse_teleop.egg-info/entry_points.txt
[10.832s] writing requirements to mouse_teleop.egg-info/requires.txt
[10.833s] writing top-level names to mouse_teleop.egg-info/top_level.txt
[10.900s] reading manifest file 'mouse_teleop.egg-info/SOURCES.txt'
[10.903s] writing manifest file 'mouse_teleop.egg-info/SOURCES.txt'
[11.028s] running build_ext
[11.028s] Creating /home/f1tenth/f1tenth_ws/install/mouse_teleop/lib/python3.8/site-packages/mouse-teleop.egg-link (link to .)
[11.028s] Installing mouse_teleop script to /home/f1tenth/f1tenth_ws/install/mouse_teleop/lib/mouse_teleop
[11.028s] 
[11.028s] Installed /home/f1tenth/f1tenth_ws/build/mouse_teleop
[11.028s] running install_data
[14.711s] Invoked command in '/home/f1tenth/f1tenth_ws/build/mouse_teleop' returned '0': PYTHONPATH=/home/f1tenth/f1tenth_ws/build/mouse_teleop/prefix_override:/home/f1tenth/f1tenth_ws/install/mouse_teleop/lib/python3.8/site-packages:${PYTHONPATH} /usr/bin/python3 setup.py develop --editable --build-directory /home/f1tenth/f1tenth_ws/build/mouse_teleop/build --no-deps install_data
