[9.685s] Invoking command in '/home/f1tenth/lab_ws25/src/rrt': PYTHONPATH=/home/f1tenth/lab_ws25/build/rrt/prefix_override:/usr/lib/python3/dist-packages/colcon_core/task/python/colcon_distutils_commands:/home/f1tenth/lab_ws25/install/rrt/lib/python3.8/site-packages:${PYTHONPATH} /usr/bin/python3 -W ignore:setup.py install is deprecated -W ignore:easy_install command is deprecated setup.py egg_info --egg-base ../../build/rrt build --build-base /home/f1tenth/lab_ws25/build/rrt/build install --record /home/f1tenth/lab_ws25/build/rrt/install.log --install-scripts $base/lib/rrt --single-version-externally-managed install_data
[11.036s] /usr/local/lib/python3.8/dist-packages/setuptools/dist.py:771: UserWarning: Usage of dash-separated 'script-dir' will not be supported in future versions. Please use the underscore name 'script_dir' instead
[11.036s]   warnings.warn(
[11.344s] running egg_info
[11.384s] writing ../../build/rrt/rrt.egg-info/PKG-INFO
[11.385s] writing dependency_links to ../../build/rrt/rrt.egg-info/dependency_links.txt
[11.385s] writing entry points to ../../build/rrt/rrt.egg-info/entry_points.txt
[11.386s] writing requirements to ../../build/rrt/rrt.egg-info/requires.txt
[11.386s] writing top-level names to ../../build/rrt/rrt.egg-info/top_level.txt
[11.499s] reading manifest file '../../build/rrt/rrt.egg-info/SOURCES.txt'
[11.500s] adding license file 'LICENSE'
[11.501s] writing manifest file '../../build/rrt/rrt.egg-info/SOURCES.txt'
[11.502s] running build
[11.502s] running build_py
[11.502s] running install
[11.518s] running install_lib
[11.558s] running install_data
[11.558s] running install_egg_info
[11.598s] removing '/home/f1tenth/lab_ws25/install/rrt/lib/python3.8/site-packages/rrt-0.0.0-py3.8.egg-info' (and everything under it)
[11.599s] Copying ../../build/rrt/rrt.egg-info to /home/f1tenth/lab_ws25/install/rrt/lib/python3.8/site-packages/rrt-0.0.0-py3.8.egg-info
[11.601s] running install_scripts
[11.758s] Installing rrt script to /home/f1tenth/lab_ws25/install/rrt/lib/rrt
[11.759s] writing list of installed files to '/home/f1tenth/lab_ws25/build/rrt/install.log'
[11.898s] Invoked command in '/home/f1tenth/lab_ws25/src/rrt' returned '0': PYTHONPATH=/home/f1tenth/lab_ws25/build/rrt/prefix_override:/usr/lib/python3/dist-packages/colcon_core/task/python/colcon_distutils_commands:/home/f1tenth/lab_ws25/install/rrt/lib/python3.8/site-packages:${PYTHONPATH} /usr/bin/python3 -W ignore:setup.py install is deprecated -W ignore:easy_install command is deprecated setup.py egg_info --egg-base ../../build/rrt build --build-base /home/f1tenth/lab_ws25/build/rrt/build install --record /home/f1tenth/lab_ws25/build/rrt/install.log --install-scripts $base/lib/rrt --single-version-externally-managed install_data
