[2.542s] Invoking command in '/home/f1tenth/f1tenth_ws/build/vesc_driver': AMENT_PREFIX_PATH=/home/f1tenth/f1tenth_ws/install/vesc_msgs:${AMENT_PREFIX_PATH} CMAKE_PREFIX_PATH=/home/f1tenth/f1tenth_ws/install/vesc_msgs:/home/f1tenth/f1tenth_TUM_practical_course/install/zed_ros2:/home/f1tenth/f1tenth_TUM_practical_course/install/zed_wrapper:/home/f1tenth/f1tenth_TUM_practical_course/install/zed_components:/home/f1tenth/f1tenth_TUM_practical_course/install/zed_interfaces:/home/f1tenth/f1tenth_TUM_practical_course/install/waypoint_visualizer:/home/f1tenth/f1tenth_TUM_practical_course/install/waypoint_generator:/home/f1tenth/f1tenth_TUM_practical_course/install/wall_follow:/home/f1tenth/f1tenth_TUM_practical_course/install/slam_toolbox:/home/f1tenth/f1tenth_TUM_practical_course/install/ros_deep_learning:/home/f1tenth/f1tenth_TUM_practical_course/install/pure_pursuit:/home/f1tenth/f1tenth_TUM_practical_course/install/stanley_avoidance:/home/f1tenth/f1tenth_TUM_practical_course/install/safety_node:/home/f1tenth/f1tenth_TUM_practical_course/install/rrt:/home/f1tenth/f1tenth_TUM_practical_course/install/particle_filter:/home/f1tenth/f1tenth_TUM_practical_course/install/follow_the_gap:/opt/ros/foxy LD_LIBRARY_PATH=/home/f1tenth/f1tenth_ws/install/vesc_msgs/lib:/home/f1tenth/f1tenth_TUM_practical_course/install/zed_components/lib:/home/f1tenth/f1tenth_TUM_practical_course/install/zed_interfaces/lib:/home/f1tenth/f1tenth_TUM_practical_course/install/slam_toolbox/lib:/opt/ros/foxy/opt/yaml_cpp_vendor/lib:/opt/ros/foxy/opt/rviz_ogre_vendor/lib:/opt/ros/foxy/lib/aarch64-linux-gnu:/opt/ros/foxy/lib:/usr/local/cuda-11.4/lib64 PYTHONPATH=/home/f1tenth/f1tenth_ws/install/vesc_msgs/lib/python3.8/site-packages:${PYTHONPATH} /usr/bin/cmake --build /home/f1tenth/f1tenth_ws/build/vesc_driver -- -j6 -l6
[2.678s] [ 20%] Built target vesc_driver_node
[2.691s] [ 70%] Built target vesc_driver
[2.745s] [100%] Built target vesc_device_namer
[2.777s] Invoked command in '/home/f1tenth/f1tenth_ws/build/vesc_driver' returned '0': AMENT_PREFIX_PATH=/home/f1tenth/f1tenth_ws/install/vesc_msgs:${AMENT_PREFIX_PATH} CMAKE_PREFIX_PATH=/home/f1tenth/f1tenth_ws/install/vesc_msgs:/home/f1tenth/f1tenth_TUM_practical_course/install/zed_ros2:/home/f1tenth/f1tenth_TUM_practical_course/install/zed_wrapper:/home/f1tenth/f1tenth_TUM_practical_course/install/zed_components:/home/f1tenth/f1tenth_TUM_practical_course/install/zed_interfaces:/home/f1tenth/f1tenth_TUM_practical_course/install/waypoint_visualizer:/home/f1tenth/f1tenth_TUM_practical_course/install/waypoint_generator:/home/f1tenth/f1tenth_TUM_practical_course/install/wall_follow:/home/f1tenth/f1tenth_TUM_practical_course/install/slam_toolbox:/home/f1tenth/f1tenth_TUM_practical_course/install/ros_deep_learning:/home/f1tenth/f1tenth_TUM_practical_course/install/pure_pursuit:/home/f1tenth/f1tenth_TUM_practical_course/install/stanley_avoidance:/home/f1tenth/f1tenth_TUM_practical_course/install/safety_node:/home/f1tenth/f1tenth_TUM_practical_course/install/rrt:/home/f1tenth/f1tenth_TUM_practical_course/install/particle_filter:/home/f1tenth/f1tenth_TUM_practical_course/install/follow_the_gap:/opt/ros/foxy LD_LIBRARY_PATH=/home/f1tenth/f1tenth_ws/install/vesc_msgs/lib:/home/f1tenth/f1tenth_TUM_practical_course/install/zed_components/lib:/home/f1tenth/f1tenth_TUM_practical_course/install/zed_interfaces/lib:/home/f1tenth/f1tenth_TUM_practical_course/install/slam_toolbox/lib:/opt/ros/foxy/opt/yaml_cpp_vendor/lib:/opt/ros/foxy/opt/rviz_ogre_vendor/lib:/opt/ros/foxy/lib/aarch64-linux-gnu:/opt/ros/foxy/lib:/usr/local/cuda-11.4/lib64 PYTHONPATH=/home/f1tenth/f1tenth_ws/install/vesc_msgs/lib/python3.8/site-packages:${PYTHONPATH} /usr/bin/cmake --build /home/f1tenth/f1tenth_ws/build/vesc_driver -- -j6 -l6
[3.690s] Invoking command in '/home/f1tenth/f1tenth_ws/build/vesc_driver': AMENT_PREFIX_PATH=/home/f1tenth/f1tenth_ws/install/vesc_msgs:${AMENT_PREFIX_PATH} CMAKE_PREFIX_PATH=/home/f1tenth/f1tenth_ws/install/vesc_msgs:/home/f1tenth/f1tenth_TUM_practical_course/install/zed_ros2:/home/f1tenth/f1tenth_TUM_practical_course/install/zed_wrapper:/home/f1tenth/f1tenth_TUM_practical_course/install/zed_components:/home/f1tenth/f1tenth_TUM_practical_course/install/zed_interfaces:/home/f1tenth/f1tenth_TUM_practical_course/install/waypoint_visualizer:/home/f1tenth/f1tenth_TUM_practical_course/install/waypoint_generator:/home/f1tenth/f1tenth_TUM_practical_course/install/wall_follow:/home/f1tenth/f1tenth_TUM_practical_course/install/slam_toolbox:/home/f1tenth/f1tenth_TUM_practical_course/install/ros_deep_learning:/home/f1tenth/f1tenth_TUM_practical_course/install/pure_pursuit:/home/f1tenth/f1tenth_TUM_practical_course/install/stanley_avoidance:/home/f1tenth/f1tenth_TUM_practical_course/install/safety_node:/home/f1tenth/f1tenth_TUM_practical_course/install/rrt:/home/f1tenth/f1tenth_TUM_practical_course/install/particle_filter:/home/f1tenth/f1tenth_TUM_practical_course/install/follow_the_gap:/opt/ros/foxy LD_LIBRARY_PATH=/home/f1tenth/f1tenth_ws/install/vesc_msgs/lib:/home/f1tenth/f1tenth_TUM_practical_course/install/zed_components/lib:/home/f1tenth/f1tenth_TUM_practical_course/install/zed_interfaces/lib:/home/f1tenth/f1tenth_TUM_practical_course/install/slam_toolbox/lib:/opt/ros/foxy/opt/yaml_cpp_vendor/lib:/opt/ros/foxy/opt/rviz_ogre_vendor/lib:/opt/ros/foxy/lib/aarch64-linux-gnu:/opt/ros/foxy/lib:/usr/local/cuda-11.4/lib64 PYTHONPATH=/home/f1tenth/f1tenth_ws/install/vesc_msgs/lib/python3.8/site-packages:${PYTHONPATH} /usr/bin/cmake --install /home/f1tenth/f1tenth_ws/build/vesc_driver
[3.709s] -- Install configuration: ""
[3.710s] -- Up-to-date: /home/f1tenth/f1tenth_ws/install/vesc_driver/lib/vesc_driver/vesc_driver_node
[3.711s] -- Up-to-date: /home/f1tenth/f1tenth_ws/install/vesc_driver/include
[3.711s] -- Up-to-date: /home/f1tenth/f1tenth_ws/install/vesc_driver/include/vesc_driver
[3.712s] -- Up-to-date: /home/f1tenth/f1tenth_ws/install/vesc_driver/include/vesc_driver/crc.hpp
[3.712s] -- Up-to-date: /home/f1tenth/f1tenth_ws/install/vesc_driver/include/vesc_driver/vesc_packet_factory.hpp
[3.712s] -- Up-to-date: /home/f1tenth/f1tenth_ws/install/vesc_driver/include/vesc_driver/datatypes.hpp
[3.713s] -- Up-to-date: /home/f1tenth/f1tenth_ws/install/vesc_driver/include/vesc_driver/vesc_interface.hpp
[3.713s] -- Up-to-date: /home/f1tenth/f1tenth_ws/install/vesc_driver/include/vesc_driver/vesc_driver.hpp
[3.713s] -- Up-to-date: /home/f1tenth/f1tenth_ws/install/vesc_driver/include/vesc_driver/vesc_packet.hpp
[3.713s] -- Up-to-date: /home/f1tenth/f1tenth_ws/install/vesc_driver/include/vesc_driver/vesc_device_uuid_lookup.hpp
[3.713s] -- Up-to-date: /home/f1tenth/f1tenth_ws/install/vesc_driver/share/vesc_driver/environment/library_path.sh
[3.713s] -- Up-to-date: /home/f1tenth/f1tenth_ws/install/vesc_driver/share/vesc_driver/environment/library_path.dsv
[3.714s] -- Up-to-date: /home/f1tenth/f1tenth_ws/install/vesc_driver/lib/libvesc_driver.so
[3.714s] -- Up-to-date: /home/f1tenth/f1tenth_ws/install/vesc_driver/lib/vesc_driver/vesc_device_namer
[3.714s] -- Up-to-date: /home/f1tenth/f1tenth_ws/install/vesc_driver/share/vesc_driver/launch
[3.715s] -- Up-to-date: /home/f1tenth/f1tenth_ws/install/vesc_driver/share/vesc_driver/launch/vesc_driver_node.launch.py
[3.715s] -- Up-to-date: /home/f1tenth/f1tenth_ws/install/vesc_driver/share/vesc_driver/params
[3.715s] -- Up-to-date: /home/f1tenth/f1tenth_ws/install/vesc_driver/share/vesc_driver/params/vesc_config.yaml
[3.715s] -- Up-to-date: /home/f1tenth/f1tenth_ws/install/vesc_driver/share/ament_index/resource_index/package_run_dependencies/vesc_driver
[3.715s] -- Up-to-date: /home/f1tenth/f1tenth_ws/install/vesc_driver/share/ament_index/resource_index/parent_prefix_path/vesc_driver
[3.716s] -- Up-to-date: /home/f1tenth/f1tenth_ws/install/vesc_driver/share/vesc_driver/environment/ament_prefix_path.sh
[3.716s] -- Up-to-date: /home/f1tenth/f1tenth_ws/install/vesc_driver/share/vesc_driver/environment/ament_prefix_path.dsv
[3.716s] -- Up-to-date: /home/f1tenth/f1tenth_ws/install/vesc_driver/share/vesc_driver/environment/path.sh
[3.716s] -- Up-to-date: /home/f1tenth/f1tenth_ws/install/vesc_driver/share/vesc_driver/environment/path.dsv
[3.717s] -- Up-to-date: /home/f1tenth/f1tenth_ws/install/vesc_driver/share/vesc_driver/local_setup.bash
[3.717s] -- Up-to-date: /home/f1tenth/f1tenth_ws/install/vesc_driver/share/vesc_driver/local_setup.sh
[3.717s] -- Up-to-date: /home/f1tenth/f1tenth_ws/install/vesc_driver/share/vesc_driver/local_setup.zsh
[3.717s] -- Up-to-date: /home/f1tenth/f1tenth_ws/install/vesc_driver/share/vesc_driver/local_setup.dsv
[3.718s] -- Installing: /home/f1tenth/f1tenth_ws/install/vesc_driver/share/vesc_driver/package.dsv
[3.718s] -- Up-to-date: /home/f1tenth/f1tenth_ws/install/vesc_driver/share/ament_index/resource_index/packages/vesc_driver
[3.718s] -- Up-to-date: /home/f1tenth/f1tenth_ws/install/vesc_driver/share/ament_index/resource_index/rclcpp_components/vesc_driver
[3.719s] -- Up-to-date: /home/f1tenth/f1tenth_ws/install/vesc_driver/share/vesc_driver/cmake/ament_cmake_export_dependencies-extras.cmake
[3.719s] -- Up-to-date: /home/f1tenth/f1tenth_ws/install/vesc_driver/share/vesc_driver/cmake/ament_cmake_export_include_directories-extras.cmake
[3.719s] -- Up-to-date: /home/f1tenth/f1tenth_ws/install/vesc_driver/share/vesc_driver/cmake/ament_cmake_export_libraries-extras.cmake
[3.719s] -- Up-to-date: /home/f1tenth/f1tenth_ws/install/vesc_driver/share/vesc_driver/cmake/vesc_driverConfig.cmake
[3.720s] -- Up-to-date: /home/f1tenth/f1tenth_ws/install/vesc_driver/share/vesc_driver/cmake/vesc_driverConfig-version.cmake
[3.720s] -- Up-to-date: /home/f1tenth/f1tenth_ws/install/vesc_driver/share/vesc_driver/package.xml
[3.724s] Invoked command in '/home/f1tenth/f1tenth_ws/build/vesc_driver' returned '0': AMENT_PREFIX_PATH=/home/f1tenth/f1tenth_ws/install/vesc_msgs:${AMENT_PREFIX_PATH} CMAKE_PREFIX_PATH=/home/f1tenth/f1tenth_ws/install/vesc_msgs:/home/f1tenth/f1tenth_TUM_practical_course/install/zed_ros2:/home/f1tenth/f1tenth_TUM_practical_course/install/zed_wrapper:/home/f1tenth/f1tenth_TUM_practical_course/install/zed_components:/home/f1tenth/f1tenth_TUM_practical_course/install/zed_interfaces:/home/f1tenth/f1tenth_TUM_practical_course/install/waypoint_visualizer:/home/f1tenth/f1tenth_TUM_practical_course/install/waypoint_generator:/home/f1tenth/f1tenth_TUM_practical_course/install/wall_follow:/home/f1tenth/f1tenth_TUM_practical_course/install/slam_toolbox:/home/f1tenth/f1tenth_TUM_practical_course/install/ros_deep_learning:/home/f1tenth/f1tenth_TUM_practical_course/install/pure_pursuit:/home/f1tenth/f1tenth_TUM_practical_course/install/stanley_avoidance:/home/f1tenth/f1tenth_TUM_practical_course/install/safety_node:/home/f1tenth/f1tenth_TUM_practical_course/install/rrt:/home/f1tenth/f1tenth_TUM_practical_course/install/particle_filter:/home/f1tenth/f1tenth_TUM_practical_course/install/follow_the_gap:/opt/ros/foxy LD_LIBRARY_PATH=/home/f1tenth/f1tenth_ws/install/vesc_msgs/lib:/home/f1tenth/f1tenth_TUM_practical_course/install/zed_components/lib:/home/f1tenth/f1tenth_TUM_practical_course/install/zed_interfaces/lib:/home/f1tenth/f1tenth_TUM_practical_course/install/slam_toolbox/lib:/opt/ros/foxy/opt/yaml_cpp_vendor/lib:/opt/ros/foxy/opt/rviz_ogre_vendor/lib:/opt/ros/foxy/lib/aarch64-linux-gnu:/opt/ros/foxy/lib:/usr/local/cuda-11.4/lib64 PYTHONPATH=/home/f1tenth/f1tenth_ws/install/vesc_msgs/lib/python3.8/site-packages:${PYTHONPATH} /usr/bin/cmake --install /home/f1tenth/f1tenth_ws/build/vesc_driver
