[4.592s] Invoking command in '/home/f1tenth/lab_ws25/src/safety_node_car_wrapper/safety_node': PYTHONPATH=/home/f1tenth/lab_ws25/build/safety_node/prefix_override:/usr/lib/python3/dist-packages/colcon_core/task/python/colcon_distutils_commands:/home/f1tenth/lab_ws25/install/safety_node/lib/python3.8/site-packages:${PYTHONPATH} /usr/bin/python3 -W ignore:setup.py install is deprecated -W ignore:easy_install command is deprecated setup.py egg_info --egg-base ../../../build/safety_node build --build-base /home/f1tenth/lab_ws25/build/safety_node/build install --record /home/f1tenth/lab_ws25/build/safety_node/install.log --install-scripts $base/lib/safety_node --single-version-externally-managed install_data
[5.252s] /usr/local/lib/python3.8/dist-packages/setuptools/dist.py:771: UserWarning: Usage of dash-separated 'script-dir' will not be supported in future versions. Please use the underscore name 'script_dir' instead
[5.252s]   warnings.warn(
[5.523s] running egg_info
[5.561s] writing ../../../build/safety_node/safety_node.egg-info/PKG-INFO
[5.562s] writing dependency_links to ../../../build/safety_node/safety_node.egg-info/dependency_links.txt
[5.562s] writing entry points to ../../../build/safety_node/safety_node.egg-info/entry_points.txt
[5.563s] writing requirements to ../../../build/safety_node/safety_node.egg-info/requires.txt
[5.563s] writing top-level names to ../../../build/safety_node/safety_node.egg-info/top_level.txt
[5.675s] reading manifest file '../../../build/safety_node/safety_node.egg-info/SOURCES.txt'
[5.677s] writing manifest file '../../../build/safety_node/safety_node.egg-info/SOURCES.txt'
[5.677s] running build
[5.678s] running build_py
[5.678s] running install
[5.690s] running install_lib
[5.729s] running install_data
[5.729s] running install_egg_info
[5.769s] removing '/home/f1tenth/lab_ws25/install/safety_node/lib/python3.8/site-packages/safety_node-0.0.0-py3.8.egg-info' (and everything under it)
[5.769s] Copying ../../../build/safety_node/safety_node.egg-info to /home/f1tenth/lab_ws25/install/safety_node/lib/python3.8/site-packages/safety_node-0.0.0-py3.8.egg-info
[5.771s] running install_scripts
[5.920s] Installing safety_node script to /home/f1tenth/lab_ws25/install/safety_node/lib/safety_node
[5.921s] writing list of installed files to '/home/f1tenth/lab_ws25/build/safety_node/install.log'
[6.090s] Invoked command in '/home/f1tenth/lab_ws25/src/safety_node_car_wrapper/safety_node' returned '0': PYTHONPATH=/home/f1tenth/lab_ws25/build/safety_node/prefix_override:/usr/lib/python3/dist-packages/colcon_core/task/python/colcon_distutils_commands:/home/f1tenth/lab_ws25/install/safety_node/lib/python3.8/site-packages:${PYTHONPATH} /usr/bin/python3 -W ignore:setup.py install is deprecated -W ignore:easy_install command is deprecated setup.py egg_info --egg-base ../../../build/safety_node build --build-base /home/f1tenth/lab_ws25/build/safety_node/build install --record /home/f1tenth/lab_ws25/build/safety_node/install.log --install-scripts $base/lib/safety_node --single-version-externally-managed install_data
